Log file open, 05/14/22 10:52:17
LogWindows: Failed to load 'aqProf.dll' (GetLastError=126)
LogWindows: File 'aqProf.dll' does not exist
LogWindows: Failed to load 'VtuneApi.dll' (GetLastError=126)
LogWindows: File 'VtuneApi.dll' does not exist
LogWindows: Failed to load 'VtuneApi32e.dll' (GetLastError=126)
LogWindows: File 'VtuneApi32e.dll' does not exist
LogConsoleResponse: Display: Failed to find resolution value strings in scalability ini. Falling back to default.
LogInit: Display: Running engine for game: TanksMiniGame
LogPakFile: Registered encryption key '00000000000000000000000000000000': 0 pak files mounted, 0 remain pending
LogPlatformFile: Not using cached read wrapper
LogTaskGraph: Started task graph with 5 named threads and 11 total threads with 3 sets of task threads.
LogStats: Stats thread started at 0.198302
LogD3D11RHI: Loaded GFSDK_Aftermath_Lib.x64.dll
LogWindows: Failed to load '../../../Engine/Binaries/ThirdParty/libsndfile/Win64/libsndfile-1.dll' (GetLastError=126)
LogWindows: File '../../../Engine/Binaries/ThirdParty/libsndfile/Win64/libsndfile-1.dll' does not exist
LogAudioMixer: Display: Failed to load Sound File dll
LogAudioEditor: Display: LibSoundFile failed to load. Importing audio will not work correctly.
LogICUInternationalization: ICU TimeZone Detection - Raw Offset: +1:00, Platform Override: ''
LogPluginManager: Mounting plugin Paper2D
LogPluginManager: Mounting plugin AISupport
LogPluginManager: Mounting plugin LightPropagationVolume
LogPluginManager: Mounting plugin ActorLayerUtilities
LogPluginManager: Mounting plugin AnimationSharing
LogPluginManager: Mounting plugin CLionSourceCodeAccess
LogPluginManager: Mounting plugin CodeLiteSourceCodeAccess
LogPluginManager: Mounting plugin GitSourceControl
LogPluginManager: Mounting plugin KDevelopSourceCodeAccess
LogPluginManager: Mounting plugin NullSourceCodeAccess
LogPluginManager: Mounting plugin PerforceSourceControl
LogPluginManager: Mounting plugin SubversionSourceControl
LogPluginManager: Mounting plugin UObjectPlugin
LogPluginManager: Mounting plugin VisualStudioCodeSourceCodeAccess
LogPluginManager: Mounting plugin VisualStudioSourceCodeAccess
LogPluginManager: Mounting plugin XCodeSourceCodeAccess
LogPluginManager: Mounting plugin AssetManagerEditor
LogPluginManager: Mounting plugin CryptoKeys
LogPluginManager: Mounting plugin DataValidation
LogPluginManager: Mounting plugin EditorScriptingUtilities
LogPluginManager: Mounting plugin FacialAnimation
LogPluginManager: Mounting plugin GameplayTagsEditor
LogPluginManager: Mounting plugin GLTFImporter
LogPluginManager: Mounting plugin MacGraphicsSwitching
LogPluginManager: Mounting plugin MaterialAnalyzer
LogPluginManager: Mounting plugin MeshEditor
LogPluginManager: Mounting plugin MobileLauncherProfileWizard
LogPluginManager: Mounting plugin PluginBrowser
LogPluginManager: Mounting plugin SpeedTreeImporter
LogPluginManager: Mounting plugin DatasmithContent
LogPluginManager: Mounting plugin VariantManagerContent
LogPluginManager: Mounting plugin AlembicImporter
LogPluginManager: Mounting plugin AppleImageUtils
LogPluginManager: Mounting plugin AppleVision
LogPluginManager: Mounting plugin BackChannel
LogPluginManager: Mounting plugin BlastPlugin
LogPluginManager: Mounting plugin ChaosSolverPlugin
LogPluginManager: Mounting plugin CharacterAI
LogPluginManager: Mounting plugin GeometryCache
LogPluginManager: Mounting plugin GeometryCollectionPlugin
LogPluginManager: Mounting plugin HTML5Networking
LogPluginManager: Mounting plugin ProxyLODPlugin
LogPluginManager: Mounting plugin SkeletalReduction
LogPluginManager: Mounting plugin MagicLeap
LogPluginManager: Mounting plugin MagicLeapMedia
LogPluginManager: Mounting plugin AndroidMedia
LogPluginManager: Mounting plugin AvfMedia
LogPluginManager: Mounting plugin ImgMedia
LogPluginManager: Mounting plugin LinearTimecode
LogPluginManager: Mounting plugin MediaCompositing
LogPluginManager: Mounting plugin MediaPlayerEditor
LogPluginManager: Mounting plugin WebMMedia
LogPluginManager: Mounting plugin WmfMedia
LogPluginManager: Mounting plugin TcpMessaging
LogPluginManager: Mounting plugin UdpMessaging
LogPluginManager: Mounting plugin ActorSequence
LogPluginManager: Mounting plugin LevelSequenceEditor
LogPluginManager: Mounting plugin MatineeToLevelSequence
LogPluginManager: Mounting plugin NetcodeUnitTest
LogPluginManager: Mounting plugin NUTUnrealEngine4
LogPluginManager: Mounting plugin OnlineSubsystemGooglePlay
LogPluginManager: Mounting plugin OnlineSubsystemIOS
LogPluginManager: Mounting plugin OnlineSubsystem
LogPluginManager: Mounting plugin OnlineSubsystemNull
LogPluginManager: Mounting plugin OnlineSubsystemUtils
LogPluginManager: Mounting plugin LauncherChunkInstaller
LogPluginManager: Mounting plugin AndroidDeviceProfileSelector
LogPluginManager: Mounting plugin AndroidMoviePlayer
LogPluginManager: Mounting plugin AndroidPermission
LogPluginManager: Mounting plugin AppleMoviePlayer
LogPluginManager: Mounting plugin ArchVisCharacter
LogPluginManager: Mounting plugin AudioCapture
LogPluginManager: Mounting plugin CableComponent
LogPluginManager: Mounting plugin CustomMeshComponent
LogPluginManager: Mounting plugin EditableMesh
LogPluginManager: Mounting plugin ExampleDeviceProfileSelector
LogPluginManager: Mounting plugin Firebase
LogPluginManager: Mounting plugin GoogleCloudMessaging
LogPluginManager: Mounting plugin IOSDeviceProfileSelector
LogPluginManager: Mounting plugin LinuxDeviceProfileSelector
LogPluginManager: Mounting plugin LocationServicesBPLibrary
LogPluginManager: Mounting plugin MobilePatchingUtils
LogPluginManager: Mounting plugin OculusVR
LogPluginManager: Mounting plugin PhysXVehicles
LogPluginManager: Mounting plugin ProceduralMeshComponent
LogPluginManager: Mounting plugin RuntimePhysXCooking
LogPluginManager: Mounting plugin SignificanceManager
LogPluginManager: Mounting plugin SteamVR
LogPluginManager: Mounting plugin WebMMoviePlayer
LogPluginManager: Mounting plugin WindowsMoviePlayer
LogPluginManager: Mounting plugin DatasmithCADImporter
LogPluginManager: Mounting plugin DatasmithDataPrepEditor
LogPluginManager: Mounting plugin DatasmithFBXImporter
LogPluginManager: Mounting plugin DatasmithGLTFImporter
LogPluginManager: Mounting plugin DatasmithImporter
LogPluginManager: Mounting plugin MDLImporter
LogPluginManager: Mounting plugin StaticMeshEditorExtension
LogPluginManager: Mounting plugin VariantManager
LogInit: Using libcurl 7.55.1-DEV
LogInit:  - built for x86_64-pc-win32
LogInit:  - supports SSL with OpenSSL/1.1.1
LogInit:  - supports HTTP deflate (compression) using libz 1.2.8
LogInit:  - other features:
LogInit:      CURL_VERSION_SSL
LogInit:      CURL_VERSION_LIBZ
LogInit:      CURL_VERSION_IPV6
LogInit:      CURL_VERSION_ASYNCHDNS
LogInit:      CURL_VERSION_LARGEFILE
LogInit:      CURL_VERSION_IDN
LogInit:  CurlRequestOptions (configurable via config and command line):
LogInit:  - bVerifyPeer = true  - Libcurl will verify peer certificate
LogInit:  - bUseHttpProxy = false  - Libcurl will NOT use HTTP proxy
LogInit:  - bDontReuseConnections = false  - Libcurl will reuse connections
LogInit:  - MaxHostConnections = 16  - Libcurl will limit the number of connections to a host
LogInit:  - LocalHostAddr = Default
LogInit:  - BufferSize = 65536
LogInit: WinSock: version 1.1 (2.2), MaxSocks=32767, MaxUdp=65467
LogInit: Build: ++UE4+Release-4.22-CL-5660361
LogInit: Engine Version: 4.22.0-5660361+++UE4+Release-4.22
LogInit: Compatible Engine Version: 4.22.0-5660361+++UE4+Release-4.22
LogInit: Net CL: 5660361
LogInit: OS: Windows 8.1 (), CPU:        Intel(R) Core(TM) i3-3227U CPU @ 1.90GHz, GPU: Intel(R) HD Graphics 4000
LogInit: Compiled (64-bit): Mar 31 2019 02:05:09
LogInit: Compiled with Visual C++: 19.16.27025.01
LogInit: Build Configuration: Development
LogInit: Branch Name: ++UE4+Release-4.22
LogInit: Command Line: 
LogInit: Base Directory: E:/UE_4.22/Engine/Binaries/Win64/
LogInit: Installed Engine Build: 1
LogDevObjectVersion: Number of dev versions registered: 23
LogDevObjectVersion:   Dev-Blueprints (B0D832E4-1F89-4F0D-ACCF-7EB736FD4AA2): 10
LogDevObjectVersion:   Dev-Build (E1C64328-A22C-4D53-A36C-8E866417BD8C): 0
LogDevObjectVersion:   Dev-Core (375EC13C-06E4-48FB-B500-84F0262A717E): 3
LogDevObjectVersion:   Dev-Editor (E4B068ED-F494-42E9-A231-DA0B2E46BB41): 30
LogDevObjectVersion:   Dev-Framework (CFFC743F-43B0-4480-9391-14DF171D2073): 35
LogDevObjectVersion:   Dev-Mobile (B02B49B5-BB20-44E9-A304-32B752E40360): 2
LogDevObjectVersion:   Dev-Networking (A4E4105C-59A1-49B5-A7C5-40C4547EDFEE): 0
LogDevObjectVersion:   Dev-Online (39C831C9-5AE6-47DC-9A44-9C173E1C8E7C): 0
LogDevObjectVersion:   Dev-Physics (78F01B33-EBEA-4F98-B9B4-84EACCB95AA2): 0
LogDevObjectVersion:   Dev-Platform (6631380F-2D4D-43E0-8009-CF276956A95A): 0
LogDevObjectVersion:   Dev-Rendering (12F88B9F-8875-4AFC-A67C-D90C383ABD29): 28
LogDevObjectVersion:   Dev-Sequencer (7B5AE74C-D270-4C10-A958-57980B212A5A): 11
LogDevObjectVersion:   Dev-VR (D7296918-1DD6-4BDD-9DE2-64A83CC13884): 2
LogDevObjectVersion:   Dev-LoadTimes (C2A15278-BFE7-4AFE-6C17-90FF531DF755): 1
LogDevObjectVersion:   Private-Geometry (6EACA3D4-40EC-4CC1-B786-8BED09428FC5): 3
LogDevObjectVersion:   Dev-AnimPhys (29E575DD-E0A3-4627-9D10-D276232CDCEA): 17
LogDevObjectVersion:   Dev-Anim (AF43A65D-7FD3-4947-9873-3E8ED9C1BB05): 2
LogDevObjectVersion:   Dev-ReflectionCapture (6B266CEC-1EC7-4B8F-A30B-E4D90942FC07): 1
LogDevObjectVersion:   Dev-Automation (0DF73D61-A23F-47EA-B727-89E90C41499A): 1
LogDevObjectVersion:   FortniteMain (601D1886-AC64-4F84-AA16-D3DE0DEAC7D6): 25
LogDevObjectVersion:   Dev-Enterprise (9DFFBCD6-494F-0158-E221-12823C92A888): 6
LogDevObjectVersion:   Dev-Niagara (F2AED0AC-9AFE-416F-8664-AA7FFA26D6FC): 1
LogDevObjectVersion:   Dev-Destruction (174F1F0B-B4C6-45A5-B13F-2EE8D0FB917D): 2
LogInit: Presizing for max 16777216 objects, including 0 objects not considered by GC, pre-allocating 0 bytes for permanent pool.
LogInit: Object subsystem initialized
LogConfig: Setting CVar [[con.DebugEarlyDefault:1]]
LogConfig: Setting CVar [[r.setres:1280x720]]
[2022.05.14-08.52.18:481][  0]LogConfig: Setting CVar [[r.VSync:0]]
[2022.05.14-08.52.18:481][  0]LogConfig: Setting CVar [[r.RHICmdBypass:0]]
[2022.05.14-08.52.18:481][  0]LogConfig: Applying CVar settings from Section [/Script/Engine.RendererSettings] File [E:/GitHub/UnrealProjects/Tanks/TanksGame/TanksMiniGame/Saved/Config/Windows/Engine.ini]
[2022.05.14-08.52.18:481][  0]LogConfig: Setting CVar [[r.GPUCrashDebugging:0]]
[2022.05.14-08.52.18:481][  0]LogConfig: Setting CVar [[r.DefaultFeature.AutoExposure.ExtendDefaultLuminanceRange:1]]
[2022.05.14-08.52.18:481][  0]LogConfig: Applying CVar settings from Section [/Script/Engine.RendererOverrideSettings] File [E:/GitHub/UnrealProjects/Tanks/TanksGame/TanksMiniGame/Saved/Config/Windows/Engine.ini]
[2022.05.14-08.52.18:481][  0]LogConfig: Applying CVar settings from Section [/Script/Engine.StreamingSettings] File [E:/GitHub/UnrealProjects/Tanks/TanksGame/TanksMiniGame/Saved/Config/Windows/Engine.ini]
[2022.05.14-08.52.18:481][  0]LogConfig: Setting CVar [[s.MinBulkDataSizeForAsyncLoading:131072]]
[2022.05.14-08.52.18:482][  0]LogConfig: Setting CVar [[s.AsyncLoadingThreadEnabled:0]]
[2022.05.14-08.52.18:482][  0]LogConfig: Setting CVar [[s.EventDrivenLoaderEnabled:1]]
[2022.05.14-08.52.18:482][  0]LogConfig: Setting CVar [[s.WarnIfTimeLimitExceeded:0]]
[2022.05.14-08.52.18:482][  0]LogConfig: Setting CVar [[s.TimeLimitExceededMultiplier:1.5]]
[2022.05.14-08.52.18:482][  0]LogConfig: Setting CVar [[s.TimeLimitExceededMinTime:0.005]]
[2022.05.14-08.52.18:482][  0]LogConfig: Setting CVar [[s.UseBackgroundLevelStreaming:1]]
[2022.05.14-08.52.18:482][  0]LogConfig: Setting CVar [[s.PriorityAsyncLoadingExtraTime:15.0]]
[2022.05.14-08.52.18:482][  0]LogConfig: Setting CVar [[s.LevelStreamingActorsUpdateTimeLimit:5.0]]
[2022.05.14-08.52.18:482][  0]LogConfig: Setting CVar [[s.PriorityLevelStreamingActorsUpdateExtraTime:5.0]]
[2022.05.14-08.52.18:482][  0]LogConfig: Setting CVar [[s.LevelStreamingComponentsRegistrationGranularity:10]]
[2022.05.14-08.52.18:482][  0]LogConfig: Setting CVar [[s.UnregisterComponentsTimeLimit:1.0]]
[2022.05.14-08.52.18:482][  0]LogConfig: Setting CVar [[s.LevelStreamingComponentsUnregistrationGranularity:5]]
[2022.05.14-08.52.18:482][  0]LogConfig: Applying CVar settings from Section [/Script/Engine.GarbageCollectionSettings] File [E:/GitHub/UnrealProjects/Tanks/TanksGame/TanksMiniGame/Saved/Config/Windows/Engine.ini]
[2022.05.14-08.52.18:482][  0]LogConfig: Setting CVar [[gc.MaxObjectsNotConsideredByGC:1]]
[2022.05.14-08.52.18:482][  0]LogConfig: Setting CVar [[gc.SizeOfPermanentObjectPool:0]]
[2022.05.14-08.52.18:482][  0]LogConfig: Setting CVar [[gc.FlushStreamingOnGC:0]]
[2022.05.14-08.52.18:482][  0]LogConfig: Setting CVar [[gc.NumRetriesBeforeForcingGC:10]]
[2022.05.14-08.52.18:482][  0]LogConfig: Setting CVar [[gc.AllowParallelGC:1]]
[2022.05.14-08.52.18:482][  0]LogConfig: Setting CVar [[gc.TimeBetweenPurgingPendingKillObjects:61.1]]
[2022.05.14-08.52.18:482][  0]LogConfig: Setting CVar [[gc.MaxObjectsInEditor:16777216]]
[2022.05.14-08.52.18:482][  0]LogConfig: Setting CVar [[gc.IncrementalBeginDestroyEnabled:1]]
[2022.05.14-08.52.18:482][  0]LogConfig: Setting CVar [[gc.CreateGCClusters:1]]
[2022.05.14-08.52.18:482][  0]LogConfig: Setting CVar [[gc.MinGCClusterSize:5]]
[2022.05.14-08.52.18:482][  0]LogConfig: Setting CVar [[gc.ActorClusteringEnabled:0]]
[2022.05.14-08.52.18:482][  0]LogConfig: Setting CVar [[gc.BlueprintClusteringEnabled:0]]
[2022.05.14-08.52.18:482][  0]LogConfig: Setting CVar [[gc.UseDisregardForGCOnDedicatedServers:0]]
[2022.05.14-08.52.18:482][  0]LogConfig: Applying CVar settings from Section [/Script/Engine.NetworkSettings] File [E:/GitHub/UnrealProjects/Tanks/TanksGame/TanksMiniGame/Saved/Config/Windows/Engine.ini]
[2022.05.14-08.52.18:482][  0]LogConfig: Applying CVar settings from Section [/Script/UnrealEd.CookerSettings] File [E:/GitHub/UnrealProjects/Tanks/TanksGame/TanksMiniGame/Saved/Config/Windows/Engine.ini]
[2022.05.14-08.52.18:485][  0]LogConfig: Applying CVar settings from Section [ViewDistanceQuality@3] File [E:/GitHub/UnrealProjects/Tanks/TanksGame/TanksMiniGame/Saved/Config/Windows/Scalability.ini]
[2022.05.14-08.52.18:485][  0]LogConfig: Setting CVar [[r.SkeletalMeshLODBias:0]]
[2022.05.14-08.52.18:485][  0]LogConfig: Setting CVar [[r.ViewDistanceScale:1.0]]
[2022.05.14-08.52.18:485][  0]LogConfig: Applying CVar settings from Section [AntiAliasingQuality@3] File [E:/GitHub/UnrealProjects/Tanks/TanksGame/TanksMiniGame/Saved/Config/Windows/Scalability.ini]
[2022.05.14-08.52.18:485][  0]LogConfig: Setting CVar [[r.PostProcessAAQuality:4]]
[2022.05.14-08.52.18:485][  0]LogConfig: Applying CVar settings from Section [ShadowQuality@3] File [E:/GitHub/UnrealProjects/Tanks/TanksGame/TanksMiniGame/Saved/Config/Windows/Scalability.ini]
[2022.05.14-08.52.18:485][  0]LogConfig: Setting CVar [[r.LightFunctionQuality:1]]
[2022.05.14-08.52.18:485][  0]LogConfig: Setting CVar [[r.ShadowQuality:5]]
[2022.05.14-08.52.18:485][  0]LogConfig: Setting CVar [[r.Shadow.CSM.MaxCascades:10]]
[2022.05.14-08.52.18:485][  0]LogConfig: Setting CVar [[r.Shadow.MaxResolution:2048]]
[2022.05.14-08.52.18:485][  0]LogConfig: Setting CVar [[r.Shadow.MaxCSMResolution:2048]]
[2022.05.14-08.52.18:485][  0]LogConfig: Setting CVar [[r.Shadow.RadiusThreshold:0.01]]
[2022.05.14-08.52.18:485][  0]LogConfig: Setting CVar [[r.Shadow.DistanceScale:1.0]]
[2022.05.14-08.52.18:485][  0]LogConfig: Setting CVar [[r.Shadow.CSM.TransitionScale:1.0]]
[2022.05.14-08.52.18:485][  0]LogConfig: Setting CVar [[r.Shadow.PreShadowResolutionFactor:1.0]]
[2022.05.14-08.52.18:485][  0]LogConfig: Setting CVar [[r.DistanceFieldShadowing:1]]
[2022.05.14-08.52.18:485][  0]LogConfig: Setting CVar [[r.DistanceFieldAO:1]]
[2022.05.14-08.52.18:485][  0]LogConfig: Setting CVar [[r.AOQuality:2]]
[2022.05.14-08.52.18:485][  0]LogConfig: Setting CVar [[r.VolumetricFog:1]]
[2022.05.14-08.52.18:485][  0]LogConfig: Setting CVar [[r.VolumetricFog.GridPixelSize:8]]
[2022.05.14-08.52.18:485][  0]LogConfig: Setting CVar [[r.VolumetricFog.GridSizeZ:128]]
[2022.05.14-08.52.18:485][  0]LogConfig: Setting CVar [[r.VolumetricFog.HistoryMissSupersampleCount:4]]
[2022.05.14-08.52.18:485][  0]LogConfig: Setting CVar [[r.LightMaxDrawDistanceScale:1]]
[2022.05.14-08.52.18:485][  0]LogConfig: Setting CVar [[r.CapsuleShadows:1]]
[2022.05.14-08.52.18:485][  0]LogConfig: Applying CVar settings from Section [PostProcessQuality@3] File [E:/GitHub/UnrealProjects/Tanks/TanksGame/TanksMiniGame/Saved/Config/Windows/Scalability.ini]
[2022.05.14-08.52.18:485][  0]LogConfig: Setting CVar [[r.MotionBlurQuality:4]]
[2022.05.14-08.52.18:485][  0]LogConfig: Setting CVar [[r.AmbientOcclusionMipLevelFactor:0.4]]
[2022.05.14-08.52.18:485][  0]LogConfig: Setting CVar [[r.AmbientOcclusionMaxQuality:100]]
[2022.05.14-08.52.18:485][  0]LogConfig: Setting CVar [[r.AmbientOcclusionLevels:-1]]
[2022.05.14-08.52.18:485][  0]LogConfig: Setting CVar [[r.AmbientOcclusionRadiusScale:1.0]]
[2022.05.14-08.52.18:485][  0]LogConfig: Setting CVar [[r.DepthOfFieldQuality:2]]
[2022.05.14-08.52.18:485][  0]LogConfig: Setting CVar [[r.RenderTargetPoolMin:400]]
[2022.05.14-08.52.18:485][  0]LogConfig: Setting CVar [[r.LensFlareQuality:2]]
[2022.05.14-08.52.18:485][  0]LogConfig: Setting CVar [[r.SceneColorFringeQuality:1]]
[2022.05.14-08.52.18:485][  0]LogConfig: Setting CVar [[r.EyeAdaptationQuality:2]]
[2022.05.14-08.52.18:485][  0]LogConfig: Setting CVar [[r.BloomQuality:5]]
[2022.05.14-08.52.18:485][  0]LogConfig: Setting CVar [[r.FastBlurThreshold:100]]
[2022.05.14-08.52.18:485][  0]LogConfig: Setting CVar [[r.Upscale.Quality:3]]
[2022.05.14-08.52.18:485][  0]LogConfig: Setting CVar [[r.Tonemapper.GrainQuantization:1]]
[2022.05.14-08.52.18:486][  0]LogConfig: Setting CVar [[r.LightShaftQuality:1]]
[2022.05.14-08.52.18:486][  0]LogConfig: Setting CVar [[r.Filter.SizeScale:1]]
[2022.05.14-08.52.18:486][  0]LogConfig: Setting CVar [[r.Tonemapper.Quality:5]]
[2022.05.14-08.52.18:486][  0]LogConfig: Setting CVar [[r.DOF.Gather.AccumulatorQuality:1        ; higher gathering accumulator quality]]
[2022.05.14-08.52.18:486][  0]LogConfig: Setting CVar [[r.DOF.Gather.PostfilterMethod:1          ; Median3x3 postfilering method]]
[2022.05.14-08.52.18:486][  0]LogConfig: Setting CVar [[r.DOF.Gather.EnableBokehSettings:0       ; no bokeh simulation when gathering]]
[2022.05.14-08.52.18:486][  0]LogConfig: Setting CVar [[r.DOF.Gather.RingCount:4                 ; medium number of samples when gathering]]
[2022.05.14-08.52.18:486][  0]LogConfig: Setting CVar [[r.DOF.Scatter.ForegroundCompositing:1    ; additive foreground scattering]]
[2022.05.14-08.52.18:486][  0]LogConfig: Setting CVar [[r.DOF.Scatter.BackgroundCompositing:2    ; additive background scattering]]
[2022.05.14-08.52.18:486][  0]LogConfig: Setting CVar [[r.DOF.Scatter.EnableBokehSettings:1      ; bokeh simulation when scattering]]
[2022.05.14-08.52.18:486][  0]LogConfig: Setting CVar [[r.DOF.Scatter.MaxSpriteRatio:0.1         ; only a maximum of 10% of scattered bokeh]]
[2022.05.14-08.52.18:486][  0]LogConfig: Setting CVar [[r.DOF.Recombine.Quality:1                ; cheap slight out of focus]]
[2022.05.14-08.52.18:486][  0]LogConfig: Setting CVar [[r.DOF.Recombine.EnableBokehSettings:0    ; no bokeh simulation on slight out of focus]]
[2022.05.14-08.52.18:486][  0]LogConfig: Setting CVar [[r.DOF.TemporalAAQuality:1                ; more stable temporal accumulation]]
[2022.05.14-08.52.18:486][  0]LogConfig: Setting CVar [[r.DOF.Kernel.MaxForegroundRadius:0.025]]
[2022.05.14-08.52.18:486][  0]LogConfig: Setting CVar [[r.DOF.Kernel.MaxBackgroundRadius:0.025]]
[2022.05.14-08.52.18:486][  0]LogConfig: Applying CVar settings from Section [TextureQuality@3] File [E:/GitHub/UnrealProjects/Tanks/TanksGame/TanksMiniGame/Saved/Config/Windows/Scalability.ini]
[2022.05.14-08.52.18:486][  0]LogConfig: Setting CVar [[r.Streaming.MipBias:0]]
[2022.05.14-08.52.18:486][  0]LogConfig: Setting CVar [[r.Streaming.AmortizeCPUToGPUCopy:0]]
[2022.05.14-08.52.18:486][  0]LogConfig: Setting CVar [[r.Streaming.MaxNumTexturesToStreamPerFrame:0]]
[2022.05.14-08.52.18:486][  0]LogConfig: Setting CVar [[r.Streaming.Boost:1]]
[2022.05.14-08.52.18:486][  0]LogConfig: Setting CVar [[r.MaxAnisotropy:8]]
[2022.05.14-08.52.18:486][  0]LogConfig: Setting CVar [[r.Streaming.LimitPoolSizeToVRAM:0]]
[2022.05.14-08.52.18:486][  0]LogConfig: Setting CVar [[r.Streaming.PoolSize:1000]]
[2022.05.14-08.52.18:486][  0]LogConfig: Setting CVar [[r.Streaming.MaxEffectiveScreenSize:0]]
[2022.05.14-08.52.18:486][  0]LogConfig: Applying CVar settings from Section [EffectsQuality@3] File [E:/GitHub/UnrealProjects/Tanks/TanksGame/TanksMiniGame/Saved/Config/Windows/Scalability.ini]
[2022.05.14-08.52.18:486][  0]LogConfig: Setting CVar [[r.TranslucencyLightingVolumeDim:64]]
[2022.05.14-08.52.18:486][  0]LogConfig: Setting CVar [[r.RefractionQuality:2]]
[2022.05.14-08.52.18:486][  0]LogConfig: Setting CVar [[r.SSR.Quality:3]]
[2022.05.14-08.52.18:486][  0]LogConfig: Setting CVar [[r.SceneColorFormat:4]]
[2022.05.14-08.52.18:486][  0]LogConfig: Setting CVar [[r.DetailMode:2]]
[2022.05.14-08.52.18:486][  0]LogConfig: Setting CVar [[r.TranslucencyVolumeBlur:1]]
[2022.05.14-08.52.18:486][  0]LogConfig: Setting CVar [[r.MaterialQualityLevel:1 ; High quality]]
[2022.05.14-08.52.18:486][  0]LogConfig: Setting CVar [[r.SSS.Scale:1]]
[2022.05.14-08.52.18:486][  0]LogConfig: Setting CVar [[r.SSS.SampleSet:2]]
[2022.05.14-08.52.18:486][  0]LogConfig: Setting CVar [[r.SSS.Quality:1]]
[2022.05.14-08.52.18:486][  0]LogConfig: Setting CVar [[r.SSS.HalfRes:1]]
[2022.05.14-08.52.18:486][  0]LogConfig: Setting CVar [[r.EmitterSpawnRateScale:1.0]]
[2022.05.14-08.52.18:486][  0]LogConfig: Setting CVar [[r.ParticleLightQuality:2]]
[2022.05.14-08.52.18:486][  0]LogConfig: Applying CVar settings from Section [FoliageQuality@3] File [E:/GitHub/UnrealProjects/Tanks/TanksGame/TanksMiniGame/Saved/Config/Windows/Scalability.ini]
[2022.05.14-08.52.18:486][  0]LogConfig: Setting CVar [[foliage.DensityScale:1.0]]
[2022.05.14-08.52.18:487][  0]LogConfig: Setting CVar [[grass.DensityScale:1.0]]
[2022.05.14-08.52.18:487][  0]LogInit: Selected Device Profile: [Windows]
[2022.05.14-08.52.18:487][  0]LogInit: Applying CVar settings loaded from the selected device profile: [Windows]
[2022.05.14-08.52.18:521][  0]LogHAL: Display: Platform has ~ 4 GB [4080635904 / 4294967296 / 4], which maps to Smallest [LargestMinGB=32, LargerMinGB=12, DefaultMinGB=8, SmallerMinGB=6, SmallestMinGB=0)
[2022.05.14-08.52.18:521][  0]LogConfig: Setting CVar [[r.Vulkan.UseRealUBs:0		; Required until we fix HLR fall-out]]
[2022.05.14-08.52.18:521][  0]LogInit: Going up to parent DeviceProfile []
[2022.05.14-08.52.18:521][  0]LogConfig: Applying CVar settings from Section [ViewDistanceQuality@0] File [E:/GitHub/UnrealProjects/Tanks/TanksGame/TanksMiniGame/Saved/Config/Windows/Scalability.ini]
[2022.05.14-08.52.18:521][  0]LogConfig: Setting CVar [[r.SkeletalMeshLODBias:2]]
[2022.05.14-08.52.18:521][  0]LogConfig: Setting CVar [[r.ViewDistanceScale:0.4]]
[2022.05.14-08.52.18:521][  0]LogConfig: Applying CVar settings from Section [AntiAliasingQuality@0] File [E:/GitHub/UnrealProjects/Tanks/TanksGame/TanksMiniGame/Saved/Config/Windows/Scalability.ini]
[2022.05.14-08.52.18:521][  0]LogConfig: Setting CVar [[r.PostProcessAAQuality:0]]
[2022.05.14-08.52.18:521][  0]LogConfig: Applying CVar settings from Section [ShadowQuality@0] File [E:/GitHub/UnrealProjects/Tanks/TanksGame/TanksMiniGame/Saved/Config/Windows/Scalability.ini]
[2022.05.14-08.52.18:521][  0]LogConfig: Setting CVar [[r.LightFunctionQuality:0]]
[2022.05.14-08.52.18:521][  0]LogConfig: Setting CVar [[r.ShadowQuality:0]]
[2022.05.14-08.52.18:521][  0]LogConfig: Setting CVar [[r.Shadow.CSM.MaxCascades:1]]
[2022.05.14-08.52.18:521][  0]LogConfig: Setting CVar [[r.Shadow.MaxResolution:512]]
[2022.05.14-08.52.18:522][  0]LogConfig: Setting CVar [[r.Shadow.MaxCSMResolution:512]]
[2022.05.14-08.52.18:522][  0]LogConfig: Setting CVar [[r.Shadow.RadiusThreshold:0.06]]
[2022.05.14-08.52.18:522][  0]LogConfig: Setting CVar [[r.Shadow.DistanceScale:0.6]]
[2022.05.14-08.52.18:522][  0]LogConfig: Setting CVar [[r.Shadow.CSM.TransitionScale:0]]
[2022.05.14-08.52.18:522][  0]LogConfig: Setting CVar [[r.Shadow.PreShadowResolutionFactor:0.5]]
[2022.05.14-08.52.18:522][  0]LogConfig: Setting CVar [[r.DistanceFieldShadowing:0]]
[2022.05.14-08.52.18:522][  0]LogConfig: Setting CVar [[r.DistanceFieldAO:0]]
[2022.05.14-08.52.18:522][  0]LogConfig: Setting CVar [[r.VolumetricFog:0]]
[2022.05.14-08.52.18:522][  0]LogConfig: Setting CVar [[r.LightMaxDrawDistanceScale:0]]
[2022.05.14-08.52.18:522][  0]LogConfig: Setting CVar [[r.CapsuleShadows:0]]
[2022.05.14-08.52.18:522][  0]LogConfig: Applying CVar settings from Section [PostProcessQuality@0] File [E:/GitHub/UnrealProjects/Tanks/TanksGame/TanksMiniGame/Saved/Config/Windows/Scalability.ini]
[2022.05.14-08.52.18:522][  0]LogConfig: Setting CVar [[r.MotionBlurQuality:0]]
[2022.05.14-08.52.18:522][  0]LogConfig: Setting CVar [[r.AmbientOcclusionMipLevelFactor:1.0]]
[2022.05.14-08.52.18:522][  0]LogConfig: Setting CVar [[r.AmbientOcclusionMaxQuality:0]]
[2022.05.14-08.52.18:522][  0]LogConfig: Setting CVar [[r.AmbientOcclusionLevels:0]]
[2022.05.14-08.52.18:522][  0]LogConfig: Setting CVar [[r.AmbientOcclusionRadiusScale:1.2]]
[2022.05.14-08.52.18:523][  0]LogConfig: Setting CVar [[r.DepthOfFieldQuality:0]]
[2022.05.14-08.52.18:523][  0]LogConfig: Setting CVar [[r.RenderTargetPoolMin:300]]
[2022.05.14-08.52.18:523][  0]LogConfig: Setting CVar [[r.LensFlareQuality:0]]
[2022.05.14-08.52.18:523][  0]LogConfig: Setting CVar [[r.SceneColorFringeQuality:0]]
[2022.05.14-08.52.18:523][  0]LogConfig: Setting CVar [[r.EyeAdaptationQuality:0]]
[2022.05.14-08.52.18:523][  0]LogConfig: Setting CVar [[r.BloomQuality:4]]
[2022.05.14-08.52.18:523][  0]LogConfig: Setting CVar [[r.FastBlurThreshold:0]]
[2022.05.14-08.52.18:523][  0]LogConfig: Setting CVar [[r.Upscale.Quality:1]]
[2022.05.14-08.52.18:523][  0]LogConfig: Setting CVar [[r.Tonemapper.GrainQuantization:0]]
[2022.05.14-08.52.18:523][  0]LogConfig: Setting CVar [[r.LightShaftQuality:0]]
[2022.05.14-08.52.18:523][  0]LogConfig: Setting CVar [[r.Filter.SizeScale:0.6]]
[2022.05.14-08.52.18:523][  0]LogConfig: Setting CVar [[r.Tonemapper.Quality:0]]
[2022.05.14-08.52.18:523][  0]LogConfig: Applying CVar settings from Section [TextureQuality@0] File [E:/GitHub/UnrealProjects/Tanks/TanksGame/TanksMiniGame/Saved/Config/Windows/Scalability.ini]
[2022.05.14-08.52.18:523][  0]LogConfig: Setting CVar [[r.Streaming.MipBias:16]]
[2022.05.14-08.52.18:523][  0]LogConfig: Setting CVar [[r.Streaming.AmortizeCPUToGPUCopy:1]]
[2022.05.14-08.52.18:523][  0]LogConfig: Setting CVar [[r.Streaming.MaxNumTexturesToStreamPerFrame:1]]
[2022.05.14-08.52.18:523][  0]LogConfig: Setting CVar [[r.Streaming.Boost:0.3]]
[2022.05.14-08.52.18:523][  0]LogConfig: Setting CVar [[r.MaxAnisotropy:0]]
[2022.05.14-08.52.18:524][  0]LogConfig: Setting CVar [[r.Streaming.LimitPoolSizeToVRAM:1]]
[2022.05.14-08.52.18:524][  0]LogConfig: Setting CVar [[r.Streaming.PoolSize:400]]
[2022.05.14-08.52.18:524][  0]LogConfig: Setting CVar [[r.Streaming.MaxEffectiveScreenSize:0]]
[2022.05.14-08.52.18:524][  0]LogConfig: Applying CVar settings from Section [EffectsQuality@0] File [E:/GitHub/UnrealProjects/Tanks/TanksGame/TanksMiniGame/Saved/Config/Windows/Scalability.ini]
[2022.05.14-08.52.18:524][  0]LogConfig: Setting CVar [[r.TranslucencyLightingVolumeDim:24]]
[2022.05.14-08.52.18:524][  0]LogConfig: Setting CVar [[r.RefractionQuality:0]]
[2022.05.14-08.52.18:524][  0]LogConfig: Setting CVar [[r.SSR.Quality:0]]
[2022.05.14-08.52.18:524][  0]LogConfig: Setting CVar [[r.SceneColorFormat:3]]
[2022.05.14-08.52.18:524][  0]LogConfig: Setting CVar [[r.DetailMode:0]]
[2022.05.14-08.52.18:524][  0]LogConfig: Setting CVar [[r.TranslucencyVolumeBlur:0]]
[2022.05.14-08.52.18:524][  0]LogConfig: Setting CVar [[r.MaterialQualityLevel:0 ; Low quality]]
[2022.05.14-08.52.18:524][  0]LogConfig: Setting CVar [[r.SSS.Scale:0]]
[2022.05.14-08.52.18:524][  0]LogConfig: Setting CVar [[r.SSS.SampleSet:0]]
[2022.05.14-08.52.18:524][  0]LogConfig: Setting CVar [[r.SSS.Quality:0]]
[2022.05.14-08.52.18:524][  0]LogConfig: Setting CVar [[r.SSS.HalfRes:1]]
[2022.05.14-08.52.18:524][  0]LogConfig: Setting CVar [[r.EmitterSpawnRateScale:0.125]]
[2022.05.14-08.52.18:525][  0]LogConfig: Setting CVar [[r.ParticleLightQuality:0]]
[2022.05.14-08.52.18:525][  0]LogConfig: Applying CVar settings from Section [FoliageQuality@0] File [E:/GitHub/UnrealProjects/Tanks/TanksGame/TanksMiniGame/Saved/Config/Windows/Scalability.ini]
[2022.05.14-08.52.18:525][  0]LogConfig: Setting CVar [[foliage.DensityScale:0]]
[2022.05.14-08.52.18:525][  0]LogConfig: Setting CVar [[grass.DensityScale:0]]
[2022.05.14-08.52.18:525][  0]LogConfig: Applying CVar settings from Section [Startup] File [../../../Engine/Config/ConsoleVariables.ini]
[2022.05.14-08.52.18:526][  0]LogConfig: Setting CVar [[net.UseAdaptiveNetUpdateFrequency:0]]
[2022.05.14-08.52.18:526][  0]LogConfig: Setting CVar [[p.chaos.AllowCreatePhysxBodies:1]]
[2022.05.14-08.52.18:526][  0]LogConfig: Applying CVar settings from Section [ConsoleVariables] File [E:/GitHub/UnrealProjects/Tanks/TanksGame/TanksMiniGame/Saved/Config/Windows/Engine.ini]
[2022.05.14-08.52.18:526][  0]LogInit: Computer: SONNY
[2022.05.14-08.52.18:526][  0]LogInit: User: SonnyFixit
[2022.05.14-08.52.18:526][  0]LogInit: CPU Page size=4096, Cores=2
[2022.05.14-08.52.18:526][  0]LogInit: High frequency timer resolution =1.851267 MHz
[2022.05.14-08.52.18:527][  0]LogMemory: Memory total: Physical=3.8GB (4GB approx)
[2022.05.14-08.52.18:527][  0]LogMemory: Platform Memory Stats for Windows
[2022.05.14-08.52.18:527][  0]LogMemory: Process Physical Memory: 94.80 MB used, 94.80 MB peak
[2022.05.14-08.52.18:527][  0]LogMemory: Process Virtual Memory: 84.07 MB used, 84.07 MB peak
[2022.05.14-08.52.18:527][  0]LogMemory: Physical Memory: 2455.80 MB used,  1435.80 MB free, 3891.60 MB total
[2022.05.14-08.52.18:527][  0]LogMemory: Virtual Memory: 486.00 MB used,  134217240.00 MB free, 134217728.00 MB total
[2022.05.14-08.52.18:572][  0]LogInit: Using OS detected language (pl-PL).
[2022.05.14-08.52.18:572][  0]LogInit: Using OS detected locale (pl-PL).
[2022.05.14-08.52.18:573][  0]LogTextLocalizationManager: No specific localization for 'pl-PL' exists, so the 'pl' localization will be used.
[2022.05.14-08.52.18:574][  0]LogTextLocalizationResource: LocRes '../../../Engine/Content/Localization/Editor/pl/Editor.locres' could not be opened for reading!
[2022.05.14-08.52.18:574][  0]LogTextLocalizationResource: LocRes '../../../Engine/Content/Localization/EditorTutorials/pl/EditorTutorials.locres' could not be opened for reading!
[2022.05.14-08.52.18:574][  0]LogTextLocalizationResource: LocRes '../../../Engine/Content/Localization/Keywords/pl/Keywords.locres' could not be opened for reading!
[2022.05.14-08.52.18:575][  0]LogTextLocalizationResource: LocRes '../../../Engine/Content/Localization/Category/pl/Category.locres' could not be opened for reading!
[2022.05.14-08.52.18:575][  0]LogTextLocalizationResource: LocRes '../../../Engine/Content/Localization/ToolTips/pl/ToolTips.locres' could not be opened for reading!
[2022.05.14-08.52.18:575][  0]LogTextLocalizationResource: LocRes '../../../Engine/Content/Localization/PropertyNames/pl/PropertyNames.locres' could not be opened for reading!
[2022.05.14-08.52.18:575][  0]LogTextLocalizationResource: LocRes '../../../Engine/Content/Localization/Engine/pl/Engine.locres' could not be opened for reading!
[2022.05.14-08.52.18:577][  0]LogInit: Setting process to per monitor DPI aware
[2022.05.14-08.52.18:615][  0]LogSlate: New Slate User Created.  User Index 0, Is Virtual User: 0
[2022.05.14-08.52.18:615][  0]LogSlate: Slate User Registered.  User Index 0, Is Virtual User: 0
[2022.05.14-08.52.18:925][  0]LogHMD: Failed to initialize OpenVR with code 110
[2022.05.14-08.52.18:925][  0]LogD3D11RHI: D3D11 adapters:
[2022.05.14-08.52.18:970][  0]LogD3D11RHI:    0. 'NVIDIA GeForce 710M' (Feature Level 11_0)
[2022.05.14-08.52.18:970][  0]LogD3D11RHI:       963/0/1945 MB DedicatedVideo/DedicatedSystem/SharedSystem, Outputs:1, VendorId:0x10de
[2022.05.14-08.52.18:996][  0]LogD3D11RHI:    1. 'NVIDIA GeForce 710M' (Feature Level 11_0)
[2022.05.14-08.52.18:996][  0]LogD3D11RHI:       963/0/1945 MB DedicatedVideo/DedicatedSystem/SharedSystem, Outputs:0, VendorId:0x10de
[2022.05.14-08.52.18:998][  0]LogD3D11RHI:    2. 'Microsoft Basic Render Driver' (Feature Level 11_0)
[2022.05.14-08.52.18:998][  0]LogD3D11RHI:       963/0/1945 MB DedicatedVideo/DedicatedSystem/SharedSystem, Outputs:0, VendorId:0x1414
[2022.05.14-08.52.18:998][  0]LogD3D11RHI: Chosen D3D11 Adapter: 0
[2022.05.14-08.52.19:008][  0]LogD3D11RHI: Creating new Direct3DDevice
[2022.05.14-08.52.19:009][  0]LogD3D11RHI:     GPU DeviceId: 0x1140 (for the marketing name, search the web for "GPU Device Id")
[2022.05.14-08.52.19:009][  0]LogWindows: EnumDisplayDevices:
[2022.05.14-08.52.19:009][  0]LogWindows:    0. 'Intel(R) HD Graphics 4000' (P:1 D:1)
[2022.05.14-08.52.19:009][  0]LogWindows:    1. 'Intel(R) HD Graphics 4000' (P:0 D:0)
[2022.05.14-08.52.19:010][  0]LogWindows:    2. 'Intel(R) HD Graphics 4000' (P:0 D:0)
[2022.05.14-08.52.19:010][  0]LogWindows:    3. 'NVIDIA GeForce 710M' (P:0 D:0)
[2022.05.14-08.52.19:010][  0]LogWindows: DebugString: PrimaryIsNotTheChoosenAdapter PrimaryIsNotTheChoosenAdapter PrimaryIsNotTheChoosenAdapter 
[2022.05.14-08.52.19:010][  0]LogD3D11RHI:     Adapter Name: NVIDIA GeForce 710M
[2022.05.14-08.52.19:010][  0]LogD3D11RHI:   Driver Version: 391.35 (internal:23.21.13.9135, unified:391.35)
[2022.05.14-08.52.19:011][  0]LogD3D11RHI:      Driver Date: 3-23-2018
[2022.05.14-08.52.19:011][  0]LogRHI: Texture pool is 674 MB (70% of 963 MB)
[2022.05.14-08.52.19:033][  0]LogD3D11RHI: Display: Timestamp queries are currently disabled on this hardware due to instability. Realtime GPU stats will not be available. You can override this behaviour by setting r.NVIDIATimestampWorkaround to 0
[2022.05.14-08.52.19:033][  0]LogD3D11RHI: Async texture creation enabled
[2022.05.14-08.52.19:041][  0]LogRendererCore: FGlobalReadBuffer::InitRHI
[2022.05.14-08.52.19:041][  0]LogRendererCore: FGlobalReadBuffer::InitRHI
[2022.05.14-08.52.19:042][  0]LogRendererCore: FGlobalReadBuffer::InitRHI
[2022.05.14-08.52.19:057][  0]LogD3D11RHI: GPU Timing Frequency: 1000.000000 (Debug: 2 2)
[2022.05.14-08.52.19:591][  0]LogTemp: Display: Module 'AllDesktopTargetPlatform' loaded TargetPlatform 'AllDesktop'
[2022.05.14-08.52.19:628][  0]LogTemp: Display: Module 'MacClientTargetPlatform' loaded TargetPlatform 'MacClient'
[2022.05.14-08.52.19:657][  0]LogTemp: Display: Module 'MacNoEditorTargetPlatform' loaded TargetPlatform 'MacNoEditor'
[2022.05.14-08.52.19:684][  0]LogTemp: Display: Module 'MacServerTargetPlatform' loaded TargetPlatform 'MacServer'
[2022.05.14-08.52.19:711][  0]LogTemp: Display: Module 'MacTargetPlatform' loaded TargetPlatform 'Mac'
[2022.05.14-08.52.19:737][  0]LogTemp: Display: Module 'WindowsClientTargetPlatform' loaded TargetPlatform 'WindowsClient'
[2022.05.14-08.52.19:764][  0]LogTemp: Display: Module 'WindowsNoEditorTargetPlatform' loaded TargetPlatform 'WindowsNoEditor'
[2022.05.14-08.52.19:790][  0]LogTemp: Display: Module 'WindowsServerTargetPlatform' loaded TargetPlatform 'WindowsServer'
[2022.05.14-08.52.19:810][  0]LogTemp: Display: Module 'WindowsTargetPlatform' loaded TargetPlatform 'Windows'
[2022.05.14-08.52.19:981][  0]LogTemp: Display: Module 'AndroidTargetPlatform' loaded TargetPlatform 'Android'
[2022.05.14-08.52.19:981][  0]LogTemp: Display: Module 'AndroidTargetPlatform' loaded TargetPlatform 'Android_ASTC'
[2022.05.14-08.52.19:981][  0]LogTemp: Display: Module 'AndroidTargetPlatform' loaded TargetPlatform 'Android_ATC'
[2022.05.14-08.52.19:981][  0]LogTemp: Display: Module 'AndroidTargetPlatform' loaded TargetPlatform 'Android_DXT'
[2022.05.14-08.52.19:981][  0]LogTemp: Display: Module 'AndroidTargetPlatform' loaded TargetPlatform 'Android_ETC1'
[2022.05.14-08.52.19:981][  0]LogTemp: Display: Module 'AndroidTargetPlatform' loaded TargetPlatform 'Android_ETC1a'
[2022.05.14-08.52.19:981][  0]LogTemp: Display: Module 'AndroidTargetPlatform' loaded TargetPlatform 'Android_ETC2'
[2022.05.14-08.52.19:981][  0]LogTemp: Display: Module 'AndroidTargetPlatform' loaded TargetPlatform 'Android_PVRTC'
[2022.05.14-08.52.19:981][  0]LogTemp: Display: Module 'AndroidTargetPlatform' loaded TargetPlatform 'AndroidClient'
[2022.05.14-08.52.19:981][  0]LogTemp: Display: Module 'AndroidTargetPlatform' loaded TargetPlatform 'Android_ASTCClient'
[2022.05.14-08.52.19:981][  0]LogTemp: Display: Module 'AndroidTargetPlatform' loaded TargetPlatform 'Android_ATCClient'
[2022.05.14-08.52.19:981][  0]LogTemp: Display: Module 'AndroidTargetPlatform' loaded TargetPlatform 'Android_DXTClient'
[2022.05.14-08.52.19:981][  0]LogTemp: Display: Module 'AndroidTargetPlatform' loaded TargetPlatform 'Android_ETC1Client'
[2022.05.14-08.52.19:981][  0]LogTemp: Display: Module 'AndroidTargetPlatform' loaded TargetPlatform 'Android_ETC1aClient'
[2022.05.14-08.52.19:981][  0]LogTemp: Display: Module 'AndroidTargetPlatform' loaded TargetPlatform 'Android_ETC2Client'
[2022.05.14-08.52.19:981][  0]LogTemp: Display: Module 'AndroidTargetPlatform' loaded TargetPlatform 'Android_PVRTCClient'
[2022.05.14-08.52.19:981][  0]LogTemp: Display: Module 'AndroidTargetPlatform' loaded TargetPlatform 'Android_Multi'
[2022.05.14-08.52.19:981][  0]LogTemp: Display: Module 'AndroidTargetPlatform' loaded TargetPlatform 'Android_MultiClient'
[2022.05.14-08.52.19:983][  0]LogTemp: Display: Module 'HTML5TargetPlatform' loaded TargetPlatform 'HTML5'
[2022.05.14-08.52.20:059][  0]LogTemp: Display: Module 'IOSTargetPlatform' loaded TargetPlatform 'IOSClient'
[2022.05.14-08.52.20:059][  0]LogTemp: Display: Module 'IOSTargetPlatform' loaded TargetPlatform 'IOS'
[2022.05.14-08.52.20:107][  0]LogTemp: Display: Module 'TVOSTargetPlatform' loaded TargetPlatform 'TVOSClient'
[2022.05.14-08.52.20:107][  0]LogTemp: Display: Module 'TVOSTargetPlatform' loaded TargetPlatform 'TVOS'
[2022.05.14-08.52.20:132][  0]LogTemp: Display: Module 'LinuxClientTargetPlatform' loaded TargetPlatform 'LinuxClient'
[2022.05.14-08.52.20:162][  0]LogTemp: Display: Module 'LinuxNoEditorTargetPlatform' loaded TargetPlatform 'LinuxNoEditor'
[2022.05.14-08.52.20:192][  0]LogTemp: Display: Module 'LinuxServerTargetPlatform' loaded TargetPlatform 'LinuxServer'
[2022.05.14-08.52.20:246][  0]LogTemp: Display: Module 'LinuxTargetPlatform' loaded TargetPlatform 'Linux'
[2022.05.14-08.52.20:351][  0]LogTemp: Display: Module 'LuminTargetPlatform' loaded TargetPlatform 'Lumin'
[2022.05.14-08.52.20:351][  0]LogTemp: Display: Module 'LuminTargetPlatform' loaded TargetPlatform 'LuminClient'
[2022.05.14-08.52.20:351][  0]LogTargetPlatformManager: Display: Building Assets For Windows
[2022.05.14-08.52.20:364][  0]LogAudioDebug: Display: Lib vorbis DLL was dynamically loaded.
[2022.05.14-08.52.20:440][  0]LogShaderCompilers: Guid format shader working directory is -12 characters bigger than the processId version (../../../../GitHub/UnrealProjects/Tanks/TanksGame/TanksMiniGame/Intermediate/Shaders/WorkingDirectory/3284/).
[2022.05.14-08.52.20:440][  0]LogShaderCompilers: Cleaned the shader compiler working directory 'C:/Users/SonnyFixit/AppData/Local/Temp/UnrealShaderWorkingDir/A3265E04431DF2A6BEEB1AB9406611AE/'.
[2022.05.14-08.52.20:443][  0]LogXGEController: Cannot use XGE Controller as Incredibuild is not installed on this machine.
[2022.05.14-08.52.20:443][  0]LogShaderCompilers: Cannot use XGE Shader Compiler as Incredibuild is not installed on this machine.
[2022.05.14-08.52.20:443][  0]LogShaderCompilers: Display: Using Local Shader Compiler.
[2022.05.14-08.52.28:730][  0]LogDerivedDataCache: Display: Max Cache Size: 512 MB
[2022.05.14-08.52.28:873][  0]LogDerivedDataCache: Loaded boot cache 0.14s 72MB C:/Users/SonnyFixit/AppData/Local/UnrealEngine/4.22/DerivedDataCache/Boot.ddc.
[2022.05.14-08.52.28:873][  0]LogDerivedDataCache: Display: Loaded Boot cache: C:/Users/SonnyFixit/AppData/Local/UnrealEngine/4.22/DerivedDataCache/Boot.ddc
[2022.05.14-08.52.28:873][  0]LogDerivedDataCache: FDerivedDataBackendGraph:  Pak pak cache file ../../../../GitHub/UnrealProjects/Tanks/TanksGame/TanksMiniGame/DerivedDataCache/DDC.ddp not found, will not use a pak cache.
[2022.05.14-08.52.28:873][  0]LogDerivedDataCache: Unable to find inner node Pak for hierarchical cache Hierarchy.
[2022.05.14-08.52.28:874][  0]LogDerivedDataCache: FDerivedDataBackendGraph:  CompressedPak pak cache file ../../../../GitHub/UnrealProjects/Tanks/TanksGame/TanksMiniGame/DerivedDataCache/Compressed.ddp not found, will not use a pak cache.
[2022.05.14-08.52.28:874][  0]LogDerivedDataCache: Unable to find inner node CompressedPak for hierarchical cache Hierarchy.
[2022.05.14-08.52.28:897][  0]LogDerivedDataCache: Display: Pak cache opened for reading ../../../Engine/DerivedDataCache/Compressed.ddp.
[2022.05.14-08.52.28:903][  0]LogDerivedDataCache: Display: Pak cache opened for reading ../../../Enterprise/DerivedDataCache/Compressed.ddp.
[2022.05.14-08.52.28:916][  0]LogDerivedDataCache: Using Local data cache path C:/Users/SonnyFixit/AppData/Local/UnrealEngine/Common/DerivedDataCache: Writable
[2022.05.14-08.52.28:916][  0]LogDerivedDataCache: Shared data cache path not found in *engine.ini, will not use an Shared cache.
[2022.05.14-08.52.28:916][  0]LogDerivedDataCache: Unable to find inner node Shared for hierarchical cache Hierarchy.
[2022.05.14-08.52.28:963][  0]LogMaterial: Verifying Global Shaders for PCD3D_SM5
[2022.05.14-08.52.28:965][  0]LogSlate: Using FreeType 2.6.0
[2022.05.14-08.52.28:966][  0]LogSlate: SlateFontServices - WITH_FREETYPE: 1, WITH_HARFBUZZ: 1
[2022.05.14-08.52.33:069][  0]LogAssetRegistry: FAssetRegistry took 0.0469 seconds to start up
[2022.05.14-08.52.33:777][  0]LogInit: Selected Device Profile: [Windows]
[2022.05.14-08.52.34:054][  0]LogMeshReduction: Using QuadricMeshReduction for automatic static mesh reduction
[2022.05.14-08.52.34:054][  0]LogMeshReduction: Using SimplygonMeshReduction for automatic skeletal mesh reduction
[2022.05.14-08.52.34:054][  0]LogMeshReduction: Using ProxyLODMeshReduction for automatic mesh merging
[2022.05.14-08.52.34:054][  0]LogMeshReduction: No distributed automatic mesh merging module available
[2022.05.14-08.52.34:054][  0]LogMeshMerging: No distributed automatic mesh merging module available
[2022.05.14-08.52.34:082][  0]LogNetVersion: TanksMiniGame 1.0.0, NetCL: 5660361, EngineNetVer: 10, GameNetVer: 0 (Checksum: 1412442164)
[2022.05.14-08.52.35:349][  0]LogPackageLocalizationCache: Processed 16 localized package path(s) for 1 prioritized culture(s) in 0.534049 seconds
[2022.05.14-08.52.35:360][  0]LogUObjectArray: 42205 objects as part of root set at end of initial load.
[2022.05.14-08.52.35:360][  0]LogUObjectAllocator: 7325032 out of 0 bytes used by permanent object pool.
[2022.05.14-08.52.35:360][  0]LogUObjectArray: CloseDisregardForGC: 0/0 objects in disregard for GC pool
[2022.05.14-08.52.55:185][  0]LogTcpMessaging: Initializing TcpMessaging bridge
[2022.05.14-08.52.55:200][  0]LogUdpMessaging: Initializing bridge on interface 0.0.0.0:0 to multicast group 230.0.0.1:6666.
[2022.05.14-08.52.55:524][  0]SourceControl: Source control is disabled
[2022.05.14-08.52.55:524][  0]SourceControl: Source control is disabled
[2022.05.14-08.52.55:528][  0]SourceControl: Source control is disabled
[2022.05.14-08.52.55:530][  0]SourceControl: Source control is disabled
[2022.05.14-08.52.57:476][  0]LogAndroidPermission: UAndroidPermissionCallbackProxy::GetInstance
[2022.05.14-08.52.57:531][  0]LogOcInput: OculusInput pre-init called
[2022.05.14-08.53.08:411][  0]LogEngine: Initializing Engine...
[2022.05.14-08.53.08:412][  0]LogHMD: Failed to initialize OpenVR with code 110
[2022.05.14-08.53.08:415][  0]LogStats: UGameplayTagsManager::InitializeManager -  0.000 s
[2022.05.14-08.53.08:943][  0]LogInit: Initializing FReadOnlyCVARCache
[2022.05.14-08.53.09:159][  0]LogAIModule: Creating AISystem for world Untitled
[2022.05.14-08.53.09:166][  0]LogInit: XAudio2 using 'Speakers (Realtek High Definition Audio)' : 2 channels at 48 kHz using 32 bits per sample (channel mask 0x3)
[2022.05.14-08.53.09:348][  0]LogInit: FAudioDevice initialized.
[2022.05.14-08.53.09:349][  0]LogNetVersion: Set ProjectVersion to 1.0.0.0. Version Checksum will be recalculated on next use.
[2022.05.14-08.53.09:723][  0]LogDerivedDataCache: Saved boot cache 0.37s 72MB C:/Users/SonnyFixit/AppData/Local/UnrealEngine/4.22/DerivedDataCache/Boot.ddc.
[2022.05.14-08.53.09:745][  0]LogInit: Texture streaming: Enabled
[2022.05.14-08.53.09:858][  0]LogEngineSessionManager: EngineSessionManager initialized
[2022.05.14-08.53.10:030][  0]LogInit: Transaction tracking system initialized
[2022.05.14-08.53.10:533][  0]BlueprintLog: New page: Editor Load
[2022.05.14-08.53.11:174][  0]LocalizationService: Localization service is disabled
[2022.05.14-08.53.13:173][  0]LogFileCache: Scanning file cache for directory 'E:/GitHub/UnrealProjects/Tanks/TanksGame/TanksMiniGame/Content/' took 0.02s
[2022.05.14-08.53.13:173][  0]LogCook: Display: Max memory allowance for cook 16384mb min free memory 0mb
[2022.05.14-08.53.13:173][  0]LogCook: Display: Mobile HDR setting 1
[2022.05.14-08.53.35:193][  0]SourceControl: Source control is disabled
[2022.05.14-08.53.35:193][  0]Cmd: MAP LOAD FILE="../../../Engine/Content/Maps/Templates/Template_Default.umap" TEMPLATE=1 SHOWPROGRESS=1 FEATURELEVEL=3
[2022.05.14-08.53.35:194][  0]LightingResults: New page: Lighting Build
[2022.05.14-08.53.35:232][  0]MapCheck: New page: Map Check
[2022.05.14-08.53.35:232][  0]LightingResults: New page: Lighting Build
[2022.05.14-08.53.35:332][  0]LogUObjectHash: Compacting FUObjectHashTables data took   3.49ms
[2022.05.14-08.53.35:563][  0]LogAIModule: Creating AISystem for world Untitled_1
[2022.05.14-08.53.35:580][  0]LogEditorServer: Finished looking for orphan Actors (0.000 secs)
[2022.05.14-08.53.35:624][  0]LogUObjectHash: Compacting FUObjectHashTables data took   4.35ms
[2022.05.14-08.53.35:624][  0]Cmd: MAP CHECKDEP NOCLEARLOG
[2022.05.14-08.53.35:625][  0]MapCheck: Map check complete: 0 Error(s), 0 Warning(s), took 0,17ms to complete.
[2022.05.14-08.53.35:625][  0]LogFileHelpers: Loading map 'Template_Default' took 0.431
[2022.05.14-08.53.36:822][  0]LogSlate: Updating window title bar state: overlay mode, drag disabled, window buttons hidden, title bar hidden
[2022.05.14-08.53.36:866][  0]LogSlate: Updating window title bar state: overlay mode, drag disabled, window buttons hidden, title bar hidden
[2022.05.14-08.53.36:881][  0]LogSlate: Updating window title bar state: overlay mode, drag disabled, window buttons hidden, title bar hidden
[2022.05.14-08.53.36:898][  0]LogSlate: Updating window title bar state: overlay mode, drag disabled, window buttons hidden, title bar hidden
[2022.05.14-08.53.37:036][  0]LogCollectionManager: Loaded 0 collections in 0.002079 seconds
[2022.05.14-08.53.37:310][  0]LogFileCache: Scanning file cache for directory 'E:/GitHub/UnrealProjects/Tanks/TanksGame/TanksMiniGame/Saved/Collections/' took 0.01s
[2022.05.14-08.53.37:310][  0]LogFileCache: Scanning file cache for directory 'E:/GitHub/UnrealProjects/Tanks/TanksGame/TanksMiniGame/Content/Developers/SonnyFixit/Collections/' took 0.01s
[2022.05.14-08.53.37:310][  0]LogFileCache: Scanning file cache for directory 'E:/GitHub/UnrealProjects/Tanks/TanksGame/TanksMiniGame/Content/Collections/' took 0.01s
[2022.05.14-08.53.37:310][  0]LogCollectionManager: Rebuilt the GUID cache for 0 collections in 0.000001 seconds
[2022.05.14-08.53.37:357][  0]LogContentBrowser: Native class hierarchy populated in 0.0189 seconds. Added 2867 classes and 728 folders.
[2022.05.14-08.53.37:452][  0]LogContentBrowser: Native class hierarchy updated for 'WidgetCarousel' in 0.0006 seconds. Added 0 classes and 0 folders.
[2022.05.14-08.53.37:606][  0]LogPakFile: Registered encryption key '00000000000000000000000000000000': 0 pak files mounted, 0 remain pending
[2022.05.14-08.53.37:664][  0]LogPakFile: Registered encryption key '00000000000000000000000000000000': 0 pak files mounted, 0 remain pending
[2022.05.14-08.53.37:721][  0]LogPakFile: Registered encryption key '00000000000000000000000000000000': 0 pak files mounted, 0 remain pending
[2022.05.14-08.53.37:836][  0]LogPakFile: Registered encryption key '00000000000000000000000000000000': 0 pak files mounted, 0 remain pending
[2022.05.14-08.53.37:859][  0]LogPakFile: Registered encryption key '00000000000000000000000000000000': 0 pak files mounted, 0 remain pending
[2022.05.14-08.53.37:879][  0]LogPakFile: Registered encryption key '00000000000000000000000000000000': 0 pak files mounted, 0 remain pending
[2022.05.14-08.53.37:888][  0]LogPakFile: Registered encryption key '00000000000000000000000000000000': 0 pak files mounted, 0 remain pending
[2022.05.14-08.53.37:918][  0]LogPakFile: Registered encryption key '00000000000000000000000000000000': 0 pak files mounted, 0 remain pending
[2022.05.14-08.53.37:938][  0]LogPakFile: Registered encryption key '00000000000000000000000000000000': 0 pak files mounted, 0 remain pending
[2022.05.14-08.53.37:989][  0]LogPakFile: Registered encryption key '00000000000000000000000000000000': 0 pak files mounted, 0 remain pending
[2022.05.14-08.53.38:018][  0]LogPakFile: Registered encryption key '00000000000000000000000000000000': 0 pak files mounted, 0 remain pending
[2022.05.14-08.53.38:033][  0]LogPakFile: Registered encryption key '00000000000000000000000000000000': 0 pak files mounted, 0 remain pending
[2022.05.14-08.53.38:070][  0]LogPakFile: Registered encryption key '00000000000000000000000000000000': 0 pak files mounted, 0 remain pending
[2022.05.14-08.53.38:118][  0]LogPakFile: Registered encryption key '00000000000000000000000000000000': 0 pak files mounted, 0 remain pending
[2022.05.14-08.53.38:143][  0]LogPakFile: Registered encryption key '00000000000000000000000000000000': 0 pak files mounted, 0 remain pending
[2022.05.14-08.53.38:159][  0]LogPakFile: Registered encryption key '00000000000000000000000000000000': 0 pak files mounted, 0 remain pending
[2022.05.14-08.53.38:236][  0]LogPakFile: Registered encryption key '00000000000000000000000000000000': 0 pak files mounted, 0 remain pending
[2022.05.14-08.53.38:369][  0]LogPakFile: Registered encryption key '00000000000000000000000000000000': 0 pak files mounted, 0 remain pending
[2022.05.14-08.53.38:395][  0]LogPakFile: Registered encryption key '00000000000000000000000000000000': 0 pak files mounted, 0 remain pending
[2022.05.14-08.53.38:417][  0]LogPakFile: Registered encryption key '00000000000000000000000000000000': 0 pak files mounted, 0 remain pending
[2022.05.14-08.53.38:462][  0]LogPakFile: Registered encryption key '00000000000000000000000000000000': 0 pak files mounted, 0 remain pending
[2022.05.14-08.53.38:489][  0]LogPakFile: Registered encryption key '00000000000000000000000000000000': 0 pak files mounted, 0 remain pending
[2022.05.14-08.53.38:515][  0]LogPakFile: Registered encryption key '00000000000000000000000000000000': 0 pak files mounted, 0 remain pending
[2022.05.14-08.53.38:542][  0]LogPakFile: Registered encryption key '00000000000000000000000000000000': 0 pak files mounted, 0 remain pending
[2022.05.14-08.53.38:613][  0]LogPakFile: Registered encryption key '00000000000000000000000000000000': 0 pak files mounted, 0 remain pending
[2022.05.14-08.53.38:643][  0]LogPakFile: Registered encryption key '00000000000000000000000000000000': 0 pak files mounted, 0 remain pending
[2022.05.14-08.53.38:677][  0]LogPakFile: Registered encryption key '00000000000000000000000000000000': 0 pak files mounted, 0 remain pending
[2022.05.14-08.53.38:698][  0]LogPakFile: Registered encryption key '00000000000000000000000000000000': 0 pak files mounted, 0 remain pending
[2022.05.14-08.53.40:198][  0]LogContentBrowser: Native class hierarchy updated for 'AddContentDialog' in 0.0007 seconds. Added 0 classes and 0 folders.
[2022.05.14-08.53.40:337][  0]LogContentBrowser: Native class hierarchy updated for 'SceneOutliner' in 0.0007 seconds. Added 1 classes and 0 folders.
[2022.05.14-08.53.40:861][  0]LogSlate: Took 0.000270 seconds to synchronously load lazily loaded font '../../../Engine/Content/Slate/Fonts/Roboto-Regular.ttf' (155K)
[2022.05.14-08.53.40:870][  0]LogSlate: Took 0.000368 seconds to synchronously load lazily loaded font '../../../Engine/Content/Slate/Fonts/Roboto-Bold.ttf' (160K)
[2022.05.14-08.53.40:934][  0]LogSlate: Took 0.025568 seconds to synchronously load lazily loaded font '../../../Engine/Content/Editor/Slate/Fonts/FontAwesome.ttf' (139K)
[2022.05.14-08.53.41:015][  0]LogSlate: Took 0.059351 seconds to synchronously load lazily loaded font '../../../Engine/Content/Slate/Fonts/DroidSansMono.ttf' (77K)
[2022.05.14-08.53.41:709][  0]LogRenderer: Reallocating scene render targets to support 856x372 Format 9 NumSamples 1 (Frame:1).
[2022.05.14-08.53.42:331][  0]LogContentBrowser: Native class hierarchy updated for 'HierarchicalLODOutliner' in 0.0006 seconds. Added 0 classes and 0 folders.
[2022.05.14-08.53.42:332][  0]LogLoad: (Engine Initialization) Total time: 87.60 seconds
[2022.05.14-08.53.42:332][  0]LogLoad: (Engine Initialization) Total Blueprint compile time: 0.01 seconds
[2022.05.14-08.53.42:439][  0]LogContentStreaming: Texture pool size now 400 MB
[2022.05.14-08.53.42:645][  1]LogAssetRegistry: Asset discovery search completed in 69.5984 seconds
[2022.05.14-08.53.42:677][  1]LogCollectionManager: Rebuilt the object cache for 0 collections in 0.000001 seconds (found 0 objects)
[2022.05.14-08.53.42:677][  1]LogCollectionManager: Fixed up redirectors for 0 collections in 0.000486 seconds (updated 0 objects)
[2022.05.14-08.55.12:188][284]LogSlate: FSceneViewport::OnFocusLost() reason 0
[2022.05.14-08.55.12:296][284]LogSlate: Took 0.039701 seconds to synchronously load lazily loaded font '../../../Engine/Content/Slate/Fonts/Roboto-Light.ttf' (167K)
[2022.05.14-08.55.14:647][419]LogSlate: Took 0.000266 seconds to synchronously load lazily loaded font '../../../Engine/Content/Slate/Fonts/Roboto-Light.ttf' (167K)
[2022.05.14-08.55.16:341][419]LogAIModule: Creating AISystem for world Main
[2022.05.14-08.55.16:517][419]LogAssetEditorManager: Opening Asset editor for World /Game/Maps/Main.Main
[2022.05.14-08.55.16:621][419]LogUObjectHash: Compacting FUObjectHashTables data took   2.75ms
[2022.05.14-08.55.16:623][419]Cmd: MAP LOAD FILE="../../../../GitHub/UnrealProjects/Tanks/TanksGame/TanksMiniGame/Content/Maps/Main.umap" TEMPLATE=0 SHOWPROGRESS=1 FEATURELEVEL=3
[2022.05.14-08.55.16:624][419]LightingResults: New page: Lighting Build
[2022.05.14-08.55.16:625][419]LoadErrors: New page: Loading map: Main.umap
[2022.05.14-08.55.16:626][419]MapCheck: New page: Map Check
[2022.05.14-08.55.16:626][419]LightingResults: New page: Lighting Build
[2022.05.14-08.55.16:672][419]LogUObjectHash: Compacting FUObjectHashTables data took   3.64ms
[2022.05.14-08.55.16:720][419]LogEditorServer: Finished looking for orphan Actors (0.000 secs)
[2022.05.14-08.55.16:764][419]LogUObjectHash: Compacting FUObjectHashTables data took   3.23ms
[2022.05.14-08.55.16:810][419]Cmd: MAP CHECKDEP NOCLEARLOG
[2022.05.14-08.55.16:811][419]MapCheck: Map check complete: 0 Error(s), 0 Warning(s), took 0,13ms to complete.
[2022.05.14-08.55.16:811][419]LogFileHelpers: Loading map 'Main' took 0.189
[2022.05.14-08.59.13:768][610]Cmd: STAT FPS
[2022.05.14-08.59.16:041][727]LogEditorViewport: Clicking on Actor (LMB): StaticMeshActor (Floor)
[2022.05.14-09.02.38:059][672]LogSlate: FSceneViewport::OnFocusLost() reason 0
[2022.05.14-09.02.42:578][846]LogAssetEditorManager: Opening Asset editor for Class /Script/TanksMiniGame.TanksMiniGameGameModeBase
[2022.05.14-09.08.36:845][289]LogUnrealEdMisc: Warning: Heartbeat event firing too frequently (0.000 sec). This should never happen. Something is wrong with the timer delegate!
[2022.05.14-09.08.36:845][289]LogUnrealEdMisc: Warning: Heartbeat event firing too frequently (0.001 sec). This should never happen. Something is wrong with the timer delegate!
[2022.05.14-09.08.36:846][289]LogUnrealEdMisc: Warning: Heartbeat event firing too frequently (0.001 sec). This should never happen. Something is wrong with the timer delegate!
[2022.05.14-09.08.36:846][289]LogUnrealEdMisc: Warning: Heartbeat event firing too frequently (0.001 sec). This should never happen. Something is wrong with the timer delegate!
[2022.05.14-09.08.42:536][306]LogUnrealEdMisc: Warning: Heartbeat event firing too frequently (5.691 sec). This should never happen. Something is wrong with the timer delegate!
[2022.05.14-09.28.52:112][985]LogAssetEditorManager: Opening Asset editor for Blueprint /Game/Blueprints/Pawns/BP_PawnTank.BP_PawnTank
[2022.05.14-09.28.57:445][985]LogContentBrowser: Native class hierarchy updated for 'BlueprintGraph' in 0.0141 seconds. Added 121 classes and 0 folders.
[2022.05.14-09.29.07:720][ 59]LogSlate: Window 'BP_PawnTank' being destroyed
[2022.05.14-09.29.08:453][ 59]LogAssetEditorManager: Opening Asset editor for Blueprint /Game/Blueprints/Pawns/BP_PawnTank.BP_PawnTank
[2022.05.14-09.29.10:086][ 59]LogSlate: Took 0.073440 seconds to synchronously load lazily loaded font '../../../Engine/Content/Slate/Fonts/Roboto-BoldCondensed.ttf' (158K)
[2022.05.14-09.29.13:550][127]LogSlate: Took 0.057251 seconds to synchronously load lazily loaded font '../../../Engine/Content/Slate/Fonts/Roboto-Italic.ttf' (157K)
[2022.05.14-09.29.15:934][175]LogRenderer: Reallocating scene render targets to support 856x460 Format 9 NumSamples 1 (Frame:1).
[2022.05.14-09.30.23:934][734]Cmd: OBJ SAVEPACKAGE PACKAGE="/Game/Blueprints/Pawns/BP_PawnTank" FILE="../../../../GitHub/UnrealProjects/Tanks/TanksGame/TanksMiniGame/Content/Blueprints/Pawns/BP_PawnTank.uasset" SILENT=true
[2022.05.14-09.30.24:697][734]LogSavePackage: Moving '../../../../GitHub/UnrealProjects/Tanks/TanksGame/TanksMiniGame/Saved/BP_PawnTank01D370B74894494E845CF2AFDF9245B4.tmp' to '../../../../GitHub/UnrealProjects/Tanks/TanksGame/TanksMiniGame/Content/Blueprints/Pawns/BP_PawnTank.uasset'
[2022.05.14-09.31.30:113][242]LogSlate: FSceneViewport::OnFocusLost() reason 2
[2022.05.14-09.31.30:165][242]Cmd: OBJ SAVEPACKAGE PACKAGE="/Game/Blueprints/Pawns/BP_PawnTank" FILE="../../../../GitHub/UnrealProjects/Tanks/TanksGame/TanksMiniGame/Content/Blueprints/Pawns/BP_PawnTank.uasset" SILENT=true
[2022.05.14-09.31.30:365][242]LogSavePackage: Moving '../../../../GitHub/UnrealProjects/Tanks/TanksGame/TanksMiniGame/Saved/BP_PawnTankB2B1A3E54EEB3509C2A35292EA00417C.tmp' to '../../../../GitHub/UnrealProjects/Tanks/TanksGame/TanksMiniGame/Content/Blueprints/Pawns/BP_PawnTank.uasset'
[2022.05.14-09.32.02:847][662]LogSlate: Only BGRA pngs, bmps or icos are supported in by External Image Picker
[2022.05.14-09.33.53:477][223]LogSlate: Window 'Project Settings' being destroyed
[2022.05.14-09.33.53:496][223]LogSlate: Window 'Project Settings' being destroyed
[2022.05.14-09.39.46:815][152]LogUObjectHash: Compacting FUObjectHashTables data took  13.49ms
[2022.05.14-09.39.47:673][152]Cmd: OBJ SAVEPACKAGE PACKAGE="/Game/Maps/Main" FILE="../../../../GitHub/UnrealProjects/Tanks/TanksGame/TanksMiniGame/Saved/Autosaves/Game/Maps/Main_Auto1.umap" SILENT=true AUTOSAVING=true KEEPDIRTY=false
[2022.05.14-09.39.58:857][152]LogSavePackage: Moving '../../../../GitHub/UnrealProjects/Tanks/TanksGame/TanksMiniGame/Saved/Main_Auto14FCB44B246ABE6E07534D3816AC8D71B.tmp' to '../../../../GitHub/UnrealProjects/Tanks/TanksGame/TanksMiniGame/Saved/Autosaves/Game/Maps/Main_Auto1.umap'
[2022.05.14-09.39.59:309][152]LogFileHelpers: Editor autosave (incl. sublevels) for '/Game/Maps/Main' took 18.528
[2022.05.14-09.39.59:309][152]LogFileHelpers: Editor autosave (incl. sublevels) for all levels took 18.528
[2022.05.14-09.40.42:393][280]LogUnrealEdMisc: Warning: Heartbeat event firing too frequently (42.619 sec). This should never happen. Something is wrong with the timer delegate!
[2022.05.14-09.41.31:335][425]LogHotReload: New module detected: UE4Editor-TanksMiniGame-0010.dll
[2022.05.14-09.41.48:417][477]LogHotReload: Starting Hot-Reload from IDE
[2022.05.14-09.41.49:040][477]LogUObjectHash: Compacting FUObjectHashTables data took   6.64ms
[2022.05.14-09.41.56:159][477]LogClass: Could not find existing class Tank in package /Script/TanksMiniGame for HotReload, assuming new class
[2022.05.14-09.41.56:674][477]LogHotReload: Re-instancing Tank after hot-reload.
[2022.05.14-09.41.58:464][477]LogContentBrowser: Native class hierarchy updated for 'TanksMiniGame' in 0.0007 seconds. Added 3 classes and 2 folders.
[2022.05.14-09.41.58:472][477]Display: HotReload successful (0 functions remapped  0 scriptstructs remapped)
[2022.05.14-09.41.58:835][477]LogUObjectHash: Compacting FUObjectHashTables data took   7.40ms
[2022.05.14-09.41.59:402][477]LogContentBrowser: Native class hierarchy populated in 0.0192 seconds. Added 2867 classes and 728 folders.
[2022.05.14-09.42.00:974][477]Display: HotReload took 12.6s.
[2022.05.14-11.04.45:078][171]LogHttp: Warning: 000000290233D580: request failed, libcurl error: 6 (Couldn't resolve host name)
[2022.05.14-11.04.50:046][171]LogHttp: Warning: 000000290233D580: libcurl info message cache 0 (Connection 46 seems to be dead!)
[2022.05.14-11.04.50:068][171]LogHttp: Warning: 000000290233D580: libcurl info message cache 1 (Closing connection 46)
[2022.05.14-11.04.50:797][171]LogHttp: Warning: 000000290233D580: libcurl info message cache 2 (TLSv1.2 (OUT), TLS alert, Client hello (1):)
[2022.05.14-11.04.51:081][171]LogHttp: Warning: 000000290233D580: libcurl info message cache 3 (Could not resolve host: datarouter.ol.epicgames.com)
[2022.05.14-11.04.51:218][171]LogHttp: Warning: 000000290233D580: libcurl info message cache 4 (Closing connection 47)
[2022.05.14-11.04.51:237][172]LogHttp: Warning: Retry exhausted on https://datarouter.ol.epicgames.com/datarouter/api/v1/public/data?SessionID=%7BCFEFAEBA-4CFD-9B3D-D43A-2590342CD59C%7D&AppID=UEEditor.Rocket.Release&AppVersion=4.22.0-5660361%2B%2B%2BUE4%2BRelease-4.22&UserID=c7f6e53a46d6f42f2b11e7bfc89925ce%7Cd1e8de5257fd4791841550c52874b473%7C51ed53e2-c7bf-49e5-b5df-38ef365f1d22&AppEnvironment=datacollector-binary&UploadType=eteventstream
[2022.05.14-11.45.42:938][385]LogHotReload: New module detected: UE4Editor-TanksMiniGame-0011.dll
[2022.05.14-11.45.44:091][386]LogHotReload: Starting Hot-Reload from IDE
[2022.05.14-11.47.00:672][386]LogUObjectHash: Compacting FUObjectHashTables data took 2093.10ms
[2022.05.14-11.47.02:590][386]LogClass: Could not find existing class Tank in package /Script/TanksMiniGame for HotReload, assuming new class
[2022.05.14-11.47.04:024][386]LogHotReload: Re-instancing Tank after hot-reload.
[2022.05.14-11.47.29:877][386]LogContentBrowser: Native class hierarchy updated for 'TanksMiniGame' in 0.4439 seconds. Added 3 classes and 2 folders.
[2022.05.14-11.47.29:950][386]Display: HotReload successful (0 functions remapped  0 scriptstructs remapped)
[2022.05.14-11.47.32:740][386]LogUObjectHash: Compacting FUObjectHashTables data took 148.90ms
[2022.05.14-11.47.35:145][386]LogContentBrowser: Native class hierarchy populated in 0.7992 seconds. Added 2867 classes and 728 folders.
[2022.05.14-11.47.35:500][386]Display: HotReload took 111.4s.
[2022.05.14-11.47.37:201][386]LogUnrealEdMisc: Warning: Heartbeat event firing too frequently (0.000 sec). This should never happen. Something is wrong with the timer delegate!
[2022.05.14-11.47.46:809][387]LogUnrealEdMisc: Warning: Heartbeat event firing too frequently (9.614 sec). This should never happen. Something is wrong with the timer delegate!
[2022.05.14-12.01.24:198][891]LogSlate: FSceneViewport::OnFocusLost() reason 0
[2022.05.14-12.01.32:039][978]LogTemp: Repeating last play command: Selected Viewport
[2022.05.14-12.01.33:895][978]LogBlueprintUserMessages: Early PlayInEditor Detection: Level '/Game/Maps/Main.Main:PersistentLevel' has LevelScriptBlueprint '/Game/Maps/Main.Main:PersistentLevel.Main' with GeneratedClass '/Game/Maps/Main.Main_C' with ClassGeneratedBy '/Game/Maps/Main.Main:PersistentLevel.Main'
[2022.05.14-12.01.34:021][978]LogPlayLevel: PlayLevel: No blueprints needed recompiling
[2022.05.14-12.01.34:610][978]PIE: New page: PIE session: Main (14 maj 2022, 16:01:34)
[2022.05.14-12.01.35:909][978]LogPlayLevel: Creating play world package: /Game/Maps/UEDPIE_0_Main
[2022.05.14-12.01.38:139][978]LogPlayLevel: PIE: StaticDuplicateObject took: (1.958408s)
[2022.05.14-12.01.39:338][978]LogAIModule: Creating AISystem for world Main
[2022.05.14-12.01.39:858][978]LogPlayLevel: PIE: World Init took: (1.714465s)
[2022.05.14-12.01.39:878][978]LogPlayLevel: PIE: Created PIE world by copying editor world from /Game/Maps/Main.Main to /Game/Maps/UEDPIE_0_Main.Main (4.024694s)
[2022.05.14-12.01.54:063][978]LogUObjectHash: Compacting FUObjectHashTables data took 102.12ms
[2022.05.14-12.01.55:596][978]LogInit: XAudio2 using 'Speakers (Realtek High Definition Audio)' : 2 channels at 48 kHz using 32 bits per sample (channel mask 0x3)
[2022.05.14-12.01.57:904][978]LogInit: FAudioDevice initialized.
[2022.05.14-12.01.59:697][978]LogLoad: Game class is 'GameModeBase'
[2022.05.14-12.02.00:907][978]LogWorld: Bringing World /Game/Maps/UEDPIE_0_Main.Main up for play (max tick rate 60) at 2022.05.14-14.02.00
[2022.05.14-12.02.01:266][978]LogWorld: Bringing up level for play took: 0.877218
[2022.05.14-12.02.02:664][978]LogContentBrowser: Native class hierarchy updated for 'MovieSceneCapture' in 0.0069 seconds. Added 20 classes and 0 folders.
[2022.05.14-12.02.03:214][978]PIE: Play in editor start time for /Game/Maps/UEDPIE_0_Main 30,119
[2022.05.14-12.02.03:254][978]LogBlueprintUserMessages: Late PlayInEditor Detection: Level '/Game/Maps/Main.Main:PersistentLevel' has LevelScriptBlueprint '/Game/Maps/Main.Main:PersistentLevel.Main' with GeneratedClass '/Game/Maps/Main.Main_C' with ClassGeneratedBy '/Game/Maps/Main.Main:PersistentLevel.Main'
[2022.05.14-12.02.18:949][162]LogBlueprintUserMessages: Early EndPlayMap Detection: Level '/Game/Maps/Main.Main:PersistentLevel' has LevelScriptBlueprint '/Game/Maps/Main.Main:PersistentLevel.Main' with GeneratedClass '/Game/Maps/Main.Main_C' with ClassGeneratedBy '/Game/Maps/Main.Main:PersistentLevel.Main'
[2022.05.14-12.02.19:154][162]LogSlate: Updating window title bar state: overlay mode, drag disabled, window buttons hidden, title bar hidden
[2022.05.14-12.02.19:685][162]LogPlayLevel: Display: Shutting down PIE online subsystems
[2022.05.14-12.02.19:686][162]LogBlueprintUserMessages: Late EndPlayMap Detection: Level '/Game/Maps/Main.Main:PersistentLevel' has LevelScriptBlueprint '/Game/Maps/Main.Main:PersistentLevel.Main' with GeneratedClass '/Game/Maps/Main.Main_C' with ClassGeneratedBy '/Game/Maps/Main.Main:PersistentLevel.Main'
[2022.05.14-12.02.20:613][162]LogSlate: Updating window title bar state: overlay mode, drag disabled, window buttons hidden, title bar hidden
[2022.05.14-12.02.24:183][162]LogUObjectHash: Compacting FUObjectHashTables data took  68.37ms
[2022.05.14-12.02.26:347][163]LogPlayLevel: Display: Destroying online subsystem :Context_7
[2022.05.14-12.02.42:355][528]LogUnrealEdMisc: Warning: Heartbeat event firing too frequently (34.313 sec). This should never happen. Something is wrong with the timer delegate!
[2022.05.14-12.10.23:628][273]LogUObjectHash: Compacting FUObjectHashTables data took   7.43ms
[2022.05.14-12.10.39:754][273]LogSlate: Window 'BP_PawnTank' being destroyed
[2022.05.14-12.10.39:891][273]LogSlate: Window 'BP_PawnTank' being destroyed
[2022.05.14-12.19.17:553][273]LogSlate: Window 'Save Content' being destroyed
[2022.05.14-12.19.17:744][273]Cmd: OBJ SAVEPACKAGE PACKAGE="/Game/Maps/Main" FILE="../../../../GitHub/UnrealProjects/Tanks/TanksGame/TanksMiniGame/Content/Maps/Main.umap" SILENT=true AUTOSAVING=false KEEPDIRTY=false
[2022.05.14-12.19.20:550][273]LogUObjectHash: Compacting FUObjectHashTables data took   7.92ms
[2022.05.14-12.19.21:729][273]LogSavePackage: Moving '../../../../GitHub/UnrealProjects/Tanks/TanksGame/TanksMiniGame/Saved/Main9001F0F6449C6AC5E88C1D9CF70D587E.tmp' to '../../../../GitHub/UnrealProjects/Tanks/TanksGame/TanksMiniGame/Content/Maps/Main.umap'
[2022.05.14-12.19.22:511][273]LogFileHelpers: Saving map 'Main' took 4.831
[2022.05.14-12.19.23:052][273]LogSlate: Window 'TanksMiniGame - Unreal Editor' being destroyed
[2022.05.14-12.19.23:085][273]LogWindowsTextInputMethodSystem: Display: IME system now deactivated.
[2022.05.14-12.19.25:277][273]LogUnrealEdMisc: Warning: Heartbeat event firing too frequently (0.000 sec). This should never happen. Something is wrong with the timer delegate!
[2022.05.14-12.19.25:277][273]LogUnrealEdMisc: Warning: Heartbeat event firing too frequently (0.000 sec). This should never happen. Something is wrong with the timer delegate!
[2022.05.14-12.19.25:277][273]LogUnrealEdMisc: Warning: Heartbeat event firing too frequently (0.000 sec). This should never happen. Something is wrong with the timer delegate!
[2022.05.14-12.19.25:277][273]LogUnrealEdMisc: Warning: Heartbeat event firing too frequently (0.000 sec). This should never happen. Something is wrong with the timer delegate!
[2022.05.14-12.19.25:277][273]LogUnrealEdMisc: Warning: Heartbeat event firing too frequently (0.000 sec). This should never happen. Something is wrong with the timer delegate!
[2022.05.14-12.19.25:277][273]LogUnrealEdMisc: Warning: Heartbeat event firing too frequently (0.000 sec). This should never happen. Something is wrong with the timer delegate!
[2022.05.14-12.19.25:277][273]LogUnrealEdMisc: Warning: Heartbeat event firing too frequently (0.000 sec). This should never happen. Something is wrong with the timer delegate!
[2022.05.14-12.19.25:277][273]LogUnrealEdMisc: Warning: Heartbeat event firing too frequently (0.000 sec). This should never happen. Something is wrong with the timer delegate!
[2022.05.14-12.19.25:400][274]Cmd: QUIT_EDITOR
[2022.05.14-12.19.28:470][274]LogExit: Preparing to exit.
[2022.05.14-12.19.35:408][274]LogExit: Editor shut down
[2022.05.14-12.19.35:409][274]LogExit: Transaction tracking system shut down
[2022.05.14-12.19.44:810][274]LogExit: Object subsystem successfully closed.
[2022.05.14-12.19.48:884][274]LogShaderCompilers: Display: Shaders left to compile 0
[2022.05.14-12.19.49:474][274]LogD3D11RHI: Shutdown
[2022.05.14-12.19.49:474][274]LogD3D11RHI: CleanupD3DDevice
[2022.05.14-12.19.58:285][274]LogRendererCore: FGlobalReadBuffer::ReleaseRHI
[2022.05.14-12.19.58:285][274]LogRendererCore: FGlobalDynamicReadBuffer::Cleanup()
[2022.05.14-12.19.58:410][274]LogRendererCore: FGlobalReadBuffer::ReleaseRHI
[2022.05.14-12.19.58:410][274]LogRendererCore: FGlobalDynamicReadBuffer::Cleanup()
[2022.05.14-12.19.58:410][274]LogRendererCore: FGlobalReadBuffer::ReleaseRHI
[2022.05.14-12.19.58:410][274]LogRendererCore: FGlobalDynamicReadBuffer::Cleanup()
