Log file open, 05/20/22 19:15:49
LogWindows: Failed to load 'aqProf.dll' (GetLastError=126)
LogWindows: File 'aqProf.dll' does not exist
LogWindows: Failed to load 'VtuneApi.dll' (GetLastError=126)
LogWindows: File 'VtuneApi.dll' does not exist
LogWindows: Failed to load 'VtuneApi32e.dll' (GetLastError=126)
LogWindows: File 'VtuneApi32e.dll' does not exist
LogConsoleResponse: Display: Failed to find resolution value strings in scalability ini. Falling back to default.
LogInit: Display: Running engine for game: TanksMiniGame
LogPakFile: Registered encryption key '00000000000000000000000000000000': 0 pak files mounted, 0 remain pending
LogPlatformFile: Not using cached read wrapper
LogTaskGraph: Started task graph with 5 named threads and 11 total threads with 3 sets of task threads.
LogStats: Stats thread started at 1.096840
LogD3D11RHI: Loaded GFSDK_Aftermath_Lib.x64.dll
LogWindows: Failed to load '../../../Engine/Binaries/ThirdParty/libsndfile/Win64/libsndfile-1.dll' (GetLastError=126)
LogWindows: File '../../../Engine/Binaries/ThirdParty/libsndfile/Win64/libsndfile-1.dll' does not exist
LogAudioMixer: Display: Failed to load Sound File dll
LogAudioEditor: Display: LibSoundFile failed to load. Importing audio will not work correctly.
LogICUInternationalization: ICU TimeZone Detection - Raw Offset: +1:00, Platform Override: ''
LogPluginManager: Mounting plugin Paper2D
LogPluginManager: Mounting plugin AISupport
LogPluginManager: Mounting plugin LightPropagationVolume
LogPluginManager: Mounting plugin ActorLayerUtilities
LogPluginManager: Mounting plugin AnimationSharing
LogPluginManager: Mounting plugin CLionSourceCodeAccess
LogPluginManager: Mounting plugin CodeLiteSourceCodeAccess
LogPluginManager: Mounting plugin GitSourceControl
LogPluginManager: Mounting plugin KDevelopSourceCodeAccess
LogPluginManager: Mounting plugin NullSourceCodeAccess
LogPluginManager: Mounting plugin PerforceSourceControl
LogPluginManager: Mounting plugin SubversionSourceControl
LogPluginManager: Mounting plugin UObjectPlugin
LogPluginManager: Mounting plugin VisualStudioCodeSourceCodeAccess
LogPluginManager: Mounting plugin VisualStudioSourceCodeAccess
LogPluginManager: Mounting plugin XCodeSourceCodeAccess
LogPluginManager: Mounting plugin AssetManagerEditor
LogPluginManager: Mounting plugin CryptoKeys
LogPluginManager: Mounting plugin DataValidation
LogPluginManager: Mounting plugin EditorScriptingUtilities
LogPluginManager: Mounting plugin FacialAnimation
LogPluginManager: Mounting plugin GameplayTagsEditor
LogPluginManager: Mounting plugin GLTFImporter
LogPluginManager: Mounting plugin MacGraphicsSwitching
LogPluginManager: Mounting plugin MaterialAnalyzer
LogPluginManager: Mounting plugin MeshEditor
LogPluginManager: Mounting plugin MobileLauncherProfileWizard
LogPluginManager: Mounting plugin PluginBrowser
LogPluginManager: Mounting plugin SpeedTreeImporter
LogPluginManager: Mounting plugin DatasmithContent
LogPluginManager: Mounting plugin VariantManagerContent
LogPluginManager: Mounting plugin AlembicImporter
LogPluginManager: Mounting plugin AppleImageUtils
LogPluginManager: Mounting plugin AppleVision
LogPluginManager: Mounting plugin BackChannel
LogPluginManager: Mounting plugin BlastPlugin
LogPluginManager: Mounting plugin ChaosSolverPlugin
LogPluginManager: Mounting plugin CharacterAI
LogPluginManager: Mounting plugin GeometryCache
LogPluginManager: Mounting plugin GeometryCollectionPlugin
LogPluginManager: Mounting plugin HTML5Networking
LogPluginManager: Mounting plugin ProxyLODPlugin
LogPluginManager: Mounting plugin SkeletalReduction
LogPluginManager: Mounting plugin MagicLeap
LogPluginManager: Mounting plugin MagicLeapMedia
LogPluginManager: Mounting plugin AndroidMedia
LogPluginManager: Mounting plugin AvfMedia
LogPluginManager: Mounting plugin ImgMedia
LogPluginManager: Mounting plugin LinearTimecode
LogPluginManager: Mounting plugin MediaCompositing
LogPluginManager: Mounting plugin MediaPlayerEditor
LogPluginManager: Mounting plugin WebMMedia
LogPluginManager: Mounting plugin WmfMedia
LogPluginManager: Mounting plugin TcpMessaging
LogPluginManager: Mounting plugin UdpMessaging
LogPluginManager: Mounting plugin ActorSequence
LogPluginManager: Mounting plugin LevelSequenceEditor
LogPluginManager: Mounting plugin MatineeToLevelSequence
LogPluginManager: Mounting plugin NetcodeUnitTest
LogPluginManager: Mounting plugin NUTUnrealEngine4
LogPluginManager: Mounting plugin OnlineSubsystemGooglePlay
LogPluginManager: Mounting plugin OnlineSubsystemIOS
LogPluginManager: Mounting plugin OnlineSubsystem
LogPluginManager: Mounting plugin OnlineSubsystemNull
LogPluginManager: Mounting plugin OnlineSubsystemUtils
LogPluginManager: Mounting plugin LauncherChunkInstaller
LogPluginManager: Mounting plugin AndroidDeviceProfileSelector
LogPluginManager: Mounting plugin AndroidMoviePlayer
LogPluginManager: Mounting plugin AndroidPermission
LogPluginManager: Mounting plugin AppleMoviePlayer
LogPluginManager: Mounting plugin ArchVisCharacter
LogPluginManager: Mounting plugin AudioCapture
LogPluginManager: Mounting plugin CableComponent
LogPluginManager: Mounting plugin CustomMeshComponent
LogPluginManager: Mounting plugin EditableMesh
LogPluginManager: Mounting plugin ExampleDeviceProfileSelector
LogPluginManager: Mounting plugin Firebase
LogPluginManager: Mounting plugin GoogleCloudMessaging
LogPluginManager: Mounting plugin IOSDeviceProfileSelector
LogPluginManager: Mounting plugin LinuxDeviceProfileSelector
LogPluginManager: Mounting plugin LocationServicesBPLibrary
LogPluginManager: Mounting plugin MobilePatchingUtils
LogPluginManager: Mounting plugin OculusVR
LogPluginManager: Mounting plugin PhysXVehicles
LogPluginManager: Mounting plugin ProceduralMeshComponent
LogPluginManager: Mounting plugin RuntimePhysXCooking
LogPluginManager: Mounting plugin SignificanceManager
LogPluginManager: Mounting plugin SteamVR
LogPluginManager: Mounting plugin WebMMoviePlayer
LogPluginManager: Mounting plugin WindowsMoviePlayer
LogPluginManager: Mounting plugin DatasmithCADImporter
LogPluginManager: Mounting plugin DatasmithDataPrepEditor
LogPluginManager: Mounting plugin DatasmithFBXImporter
LogPluginManager: Mounting plugin DatasmithGLTFImporter
LogPluginManager: Mounting plugin DatasmithImporter
LogPluginManager: Mounting plugin MDLImporter
LogPluginManager: Mounting plugin StaticMeshEditorExtension
LogPluginManager: Mounting plugin VariantManager
LogInit: Using libcurl 7.55.1-DEV
LogInit:  - built for x86_64-pc-win32
LogInit:  - supports SSL with OpenSSL/1.1.1
LogInit:  - supports HTTP deflate (compression) using libz 1.2.8
LogInit:  - other features:
LogInit:      CURL_VERSION_SSL
LogInit:      CURL_VERSION_LIBZ
LogInit:      CURL_VERSION_IPV6
LogInit:      CURL_VERSION_ASYNCHDNS
LogInit:      CURL_VERSION_LARGEFILE
LogInit:      CURL_VERSION_IDN
LogInit:  CurlRequestOptions (configurable via config and command line):
LogInit:  - bVerifyPeer = true  - Libcurl will verify peer certificate
LogInit:  - bUseHttpProxy = false  - Libcurl will NOT use HTTP proxy
LogInit:  - bDontReuseConnections = false  - Libcurl will reuse connections
LogInit:  - MaxHostConnections = 16  - Libcurl will limit the number of connections to a host
LogInit:  - LocalHostAddr = Default
LogInit:  - BufferSize = 65536
LogInit: WinSock: version 1.1 (2.2), MaxSocks=32767, MaxUdp=65467
LogInit: Build: ++UE4+Release-4.22-CL-5660361
LogInit: Engine Version: 4.22.0-5660361+++UE4+Release-4.22
LogInit: Compatible Engine Version: 4.22.0-5660361+++UE4+Release-4.22
LogInit: Net CL: 5660361
LogInit: OS: Windows 8.1 (), CPU:        Intel(R) Core(TM) i3-3227U CPU @ 1.90GHz, GPU: Intel(R) HD Graphics 4000
LogInit: Compiled (64-bit): Mar 31 2019 02:05:09
LogInit: Compiled with Visual C++: 19.16.27025.01
LogInit: Build Configuration: Development
LogInit: Branch Name: ++UE4+Release-4.22
LogInit: Command Line:  /Game/Maps/Main -game -PIEVIACONSOLE -ResX=1280 -ResY=720 -Multiprocess -messaging -SessionName="Play in Standalone Game" -windowed
LogInit: Base Directory: E:/UE_4.22/Engine/Binaries/Win64/
LogInit: Installed Engine Build: 1
LogDevObjectVersion: Number of dev versions registered: 23
LogDevObjectVersion:   Dev-Blueprints (B0D832E4-1F89-4F0D-ACCF-7EB736FD4AA2): 10
LogDevObjectVersion:   Dev-Build (E1C64328-A22C-4D53-A36C-8E866417BD8C): 0
LogDevObjectVersion:   Dev-Core (375EC13C-06E4-48FB-B500-84F0262A717E): 3
LogDevObjectVersion:   Dev-Editor (E4B068ED-F494-42E9-A231-DA0B2E46BB41): 30
LogDevObjectVersion:   Dev-Framework (CFFC743F-43B0-4480-9391-14DF171D2073): 35
LogDevObjectVersion:   Dev-Mobile (B02B49B5-BB20-44E9-A304-32B752E40360): 2
LogDevObjectVersion:   Dev-Networking (A4E4105C-59A1-49B5-A7C5-40C4547EDFEE): 0
LogDevObjectVersion:   Dev-Online (39C831C9-5AE6-47DC-9A44-9C173E1C8E7C): 0
LogDevObjectVersion:   Dev-Physics (78F01B33-EBEA-4F98-B9B4-84EACCB95AA2): 0
LogDevObjectVersion:   Dev-Platform (6631380F-2D4D-43E0-8009-CF276956A95A): 0
LogDevObjectVersion:   Dev-Rendering (12F88B9F-8875-4AFC-A67C-D90C383ABD29): 28
LogDevObjectVersion:   Dev-Sequencer (7B5AE74C-D270-4C10-A958-57980B212A5A): 11
LogDevObjectVersion:   Dev-VR (D7296918-1DD6-4BDD-9DE2-64A83CC13884): 2
LogDevObjectVersion:   Dev-LoadTimes (C2A15278-BFE7-4AFE-6C17-90FF531DF755): 1
LogDevObjectVersion:   Private-Geometry (6EACA3D4-40EC-4CC1-B786-8BED09428FC5): 3
LogDevObjectVersion:   Dev-AnimPhys (29E575DD-E0A3-4627-9D10-D276232CDCEA): 17
LogDevObjectVersion:   Dev-Anim (AF43A65D-7FD3-4947-9873-3E8ED9C1BB05): 2
LogDevObjectVersion:   Dev-ReflectionCapture (6B266CEC-1EC7-4B8F-A30B-E4D90942FC07): 1
LogDevObjectVersion:   Dev-Automation (0DF73D61-A23F-47EA-B727-89E90C41499A): 1
LogDevObjectVersion:   FortniteMain (601D1886-AC64-4F84-AA16-D3DE0DEAC7D6): 25
LogDevObjectVersion:   Dev-Enterprise (9DFFBCD6-494F-0158-E221-12823C92A888): 6
LogDevObjectVersion:   Dev-Niagara (F2AED0AC-9AFE-416F-8664-AA7FFA26D6FC): 1
LogDevObjectVersion:   Dev-Destruction (174F1F0B-B4C6-45A5-B13F-2EE8D0FB917D): 2
LogInit: Presizing for max 16777216 objects, including 0 objects not considered by GC, pre-allocating 0 bytes for permanent pool.
LogInit: Object subsystem initialized
LogConfig: Setting CVar [[con.DebugEarlyDefault:1]]
LogConfig: Setting CVar [[r.setres:1280x720]]
[2022.05.20-17.15.54:260][  0]LogConfig: Setting CVar [[con.DebugEarlyDefault:1]]
[2022.05.20-17.15.54:260][  0]LogConfig: Setting CVar [[r.setres:1280x720]]
[2022.05.20-17.15.54:260][  0]LogConfig: Applying CVar settings from Section [/Script/Engine.RendererSettings] File [E:/GitHub/UnrealProjects/Tanks/TanksGame/TanksMiniGame/Saved/Config/Windows/Engine.ini]
[2022.05.20-17.15.54:260][  0]LogConfig: Setting CVar [[r.GPUCrashDebugging:0]]
[2022.05.20-17.15.54:260][  0]LogConfig: Setting CVar [[r.DefaultFeature.AutoExposure.ExtendDefaultLuminanceRange:1]]
[2022.05.20-17.15.54:260][  0]LogConfig: Applying CVar settings from Section [/Script/Engine.RendererOverrideSettings] File [E:/GitHub/UnrealProjects/Tanks/TanksGame/TanksMiniGame/Saved/Config/Windows/Engine.ini]
[2022.05.20-17.15.54:260][  0]LogConfig: Applying CVar settings from Section [/Script/Engine.StreamingSettings] File [E:/GitHub/UnrealProjects/Tanks/TanksGame/TanksMiniGame/Saved/Config/Windows/Engine.ini]
[2022.05.20-17.15.54:260][  0]LogConfig: Setting CVar [[s.MinBulkDataSizeForAsyncLoading:131072]]
[2022.05.20-17.15.54:260][  0]LogConfig: Setting CVar [[s.AsyncLoadingThreadEnabled:0]]
[2022.05.20-17.15.54:260][  0]LogConfig: Setting CVar [[s.EventDrivenLoaderEnabled:1]]
[2022.05.20-17.15.54:260][  0]LogConfig: Setting CVar [[s.WarnIfTimeLimitExceeded:0]]
[2022.05.20-17.15.54:260][  0]LogConfig: Setting CVar [[s.TimeLimitExceededMultiplier:1.5]]
[2022.05.20-17.15.54:260][  0]LogConfig: Setting CVar [[s.TimeLimitExceededMinTime:0.005]]
[2022.05.20-17.15.54:260][  0]LogConfig: Setting CVar [[s.UseBackgroundLevelStreaming:1]]
[2022.05.20-17.15.54:260][  0]LogConfig: Setting CVar [[s.PriorityAsyncLoadingExtraTime:15.0]]
[2022.05.20-17.15.54:260][  0]LogConfig: Setting CVar [[s.LevelStreamingActorsUpdateTimeLimit:5.0]]
[2022.05.20-17.15.54:260][  0]LogConfig: Setting CVar [[s.PriorityLevelStreamingActorsUpdateExtraTime:5.0]]
[2022.05.20-17.15.54:260][  0]LogConfig: Setting CVar [[s.LevelStreamingComponentsRegistrationGranularity:10]]
[2022.05.20-17.15.54:260][  0]LogConfig: Setting CVar [[s.UnregisterComponentsTimeLimit:1.0]]
[2022.05.20-17.15.54:260][  0]LogConfig: Setting CVar [[s.LevelStreamingComponentsUnregistrationGranularity:5]]
[2022.05.20-17.15.54:261][  0]LogConfig: Applying CVar settings from Section [/Script/Engine.GarbageCollectionSettings] File [E:/GitHub/UnrealProjects/Tanks/TanksGame/TanksMiniGame/Saved/Config/Windows/Engine.ini]
[2022.05.20-17.15.54:261][  0]LogConfig: Setting CVar [[gc.MaxObjectsNotConsideredByGC:1]]
[2022.05.20-17.15.54:261][  0]LogConfig: Setting CVar [[gc.SizeOfPermanentObjectPool:0]]
[2022.05.20-17.15.54:261][  0]LogConfig: Setting CVar [[gc.FlushStreamingOnGC:0]]
[2022.05.20-17.15.54:261][  0]LogConfig: Setting CVar [[gc.NumRetriesBeforeForcingGC:10]]
[2022.05.20-17.15.54:261][  0]LogConfig: Setting CVar [[gc.AllowParallelGC:1]]
[2022.05.20-17.15.54:261][  0]LogConfig: Setting CVar [[gc.TimeBetweenPurgingPendingKillObjects:61.1]]
[2022.05.20-17.15.54:261][  0]LogConfig: Setting CVar [[gc.MaxObjectsInEditor:16777216]]
[2022.05.20-17.15.54:261][  0]LogConfig: Setting CVar [[gc.IncrementalBeginDestroyEnabled:1]]
[2022.05.20-17.15.54:261][  0]LogConfig: Setting CVar [[gc.CreateGCClusters:1]]
[2022.05.20-17.15.54:261][  0]LogConfig: Setting CVar [[gc.MinGCClusterSize:5]]
[2022.05.20-17.15.54:261][  0]LogConfig: Setting CVar [[gc.ActorClusteringEnabled:0]]
[2022.05.20-17.15.54:261][  0]LogConfig: Setting CVar [[gc.BlueprintClusteringEnabled:0]]
[2022.05.20-17.15.54:261][  0]LogConfig: Setting CVar [[gc.UseDisregardForGCOnDedicatedServers:0]]
[2022.05.20-17.15.54:261][  0]LogConfig: Applying CVar settings from Section [/Script/Engine.NetworkSettings] File [E:/GitHub/UnrealProjects/Tanks/TanksGame/TanksMiniGame/Saved/Config/Windows/Engine.ini]
[2022.05.20-17.15.54:261][  0]LogConfig: Applying CVar settings from Section [/Script/UnrealEd.CookerSettings] File [E:/GitHub/UnrealProjects/Tanks/TanksGame/TanksMiniGame/Saved/Config/Windows/Engine.ini]
[2022.05.20-17.15.54:297][  0]LogConfig: Applying CVar settings from Section [ViewDistanceQuality@3] File [E:/GitHub/UnrealProjects/Tanks/TanksGame/TanksMiniGame/Saved/Config/Windows/Scalability.ini]
[2022.05.20-17.15.54:297][  0]LogConfig: Setting CVar [[r.SkeletalMeshLODBias:0]]
[2022.05.20-17.15.54:297][  0]LogConfig: Setting CVar [[r.ViewDistanceScale:1.0]]
[2022.05.20-17.15.54:297][  0]LogConfig: Applying CVar settings from Section [AntiAliasingQuality@3] File [E:/GitHub/UnrealProjects/Tanks/TanksGame/TanksMiniGame/Saved/Config/Windows/Scalability.ini]
[2022.05.20-17.15.54:297][  0]LogConfig: Setting CVar [[r.PostProcessAAQuality:4]]
[2022.05.20-17.15.54:297][  0]LogConfig: Applying CVar settings from Section [ShadowQuality@3] File [E:/GitHub/UnrealProjects/Tanks/TanksGame/TanksMiniGame/Saved/Config/Windows/Scalability.ini]
[2022.05.20-17.15.54:297][  0]LogConfig: Setting CVar [[r.LightFunctionQuality:1]]
[2022.05.20-17.15.54:297][  0]LogConfig: Setting CVar [[r.ShadowQuality:5]]
[2022.05.20-17.15.54:297][  0]LogConfig: Setting CVar [[r.Shadow.CSM.MaxCascades:10]]
[2022.05.20-17.15.54:297][  0]LogConfig: Setting CVar [[r.Shadow.MaxResolution:2048]]
[2022.05.20-17.15.54:297][  0]LogConfig: Setting CVar [[r.Shadow.MaxCSMResolution:2048]]
[2022.05.20-17.15.54:297][  0]LogConfig: Setting CVar [[r.Shadow.RadiusThreshold:0.01]]
[2022.05.20-17.15.54:298][  0]LogConfig: Setting CVar [[r.Shadow.DistanceScale:1.0]]
[2022.05.20-17.15.54:298][  0]LogConfig: Setting CVar [[r.Shadow.CSM.TransitionScale:1.0]]
[2022.05.20-17.15.54:298][  0]LogConfig: Setting CVar [[r.Shadow.PreShadowResolutionFactor:1.0]]
[2022.05.20-17.15.54:298][  0]LogConfig: Setting CVar [[r.DistanceFieldShadowing:1]]
[2022.05.20-17.15.54:298][  0]LogConfig: Setting CVar [[r.DistanceFieldAO:1]]
[2022.05.20-17.15.54:298][  0]LogConfig: Setting CVar [[r.AOQuality:2]]
[2022.05.20-17.15.54:298][  0]LogConfig: Setting CVar [[r.VolumetricFog:1]]
[2022.05.20-17.15.54:298][  0]LogConfig: Setting CVar [[r.VolumetricFog.GridPixelSize:8]]
[2022.05.20-17.15.54:298][  0]LogConfig: Setting CVar [[r.VolumetricFog.GridSizeZ:128]]
[2022.05.20-17.15.54:298][  0]LogConfig: Setting CVar [[r.VolumetricFog.HistoryMissSupersampleCount:4]]
[2022.05.20-17.15.54:298][  0]LogConfig: Setting CVar [[r.LightMaxDrawDistanceScale:1]]
[2022.05.20-17.15.54:298][  0]LogConfig: Setting CVar [[r.CapsuleShadows:1]]
[2022.05.20-17.15.54:298][  0]LogConfig: Applying CVar settings from Section [PostProcessQuality@3] File [E:/GitHub/UnrealProjects/Tanks/TanksGame/TanksMiniGame/Saved/Config/Windows/Scalability.ini]
[2022.05.20-17.15.54:298][  0]LogConfig: Setting CVar [[r.MotionBlurQuality:4]]
[2022.05.20-17.15.54:299][  0]LogConfig: Setting CVar [[r.AmbientOcclusionMipLevelFactor:0.4]]
[2022.05.20-17.15.54:299][  0]LogConfig: Setting CVar [[r.AmbientOcclusionMaxQuality:100]]
[2022.05.20-17.15.54:299][  0]LogConfig: Setting CVar [[r.AmbientOcclusionLevels:-1]]
[2022.05.20-17.15.54:299][  0]LogConfig: Setting CVar [[r.AmbientOcclusionRadiusScale:1.0]]
[2022.05.20-17.15.54:299][  0]LogConfig: Setting CVar [[r.DepthOfFieldQuality:2]]
[2022.05.20-17.15.54:299][  0]LogConfig: Setting CVar [[r.RenderTargetPoolMin:400]]
[2022.05.20-17.15.54:299][  0]LogConfig: Setting CVar [[r.LensFlareQuality:2]]
[2022.05.20-17.15.54:299][  0]LogConfig: Setting CVar [[r.SceneColorFringeQuality:1]]
[2022.05.20-17.15.54:299][  0]LogConfig: Setting CVar [[r.EyeAdaptationQuality:2]]
[2022.05.20-17.15.54:299][  0]LogConfig: Setting CVar [[r.BloomQuality:5]]
[2022.05.20-17.15.54:299][  0]LogConfig: Setting CVar [[r.FastBlurThreshold:100]]
[2022.05.20-17.15.54:299][  0]LogConfig: Setting CVar [[r.Upscale.Quality:3]]
[2022.05.20-17.15.54:299][  0]LogConfig: Setting CVar [[r.Tonemapper.GrainQuantization:1]]
[2022.05.20-17.15.54:299][  0]LogConfig: Setting CVar [[r.LightShaftQuality:1]]
[2022.05.20-17.15.54:299][  0]LogConfig: Setting CVar [[r.Filter.SizeScale:1]]
[2022.05.20-17.15.54:300][  0]LogConfig: Setting CVar [[r.Tonemapper.Quality:5]]
[2022.05.20-17.15.54:300][  0]LogConfig: Setting CVar [[r.DOF.Gather.AccumulatorQuality:1        ; higher gathering accumulator quality]]
[2022.05.20-17.15.54:300][  0]LogConfig: Setting CVar [[r.DOF.Gather.PostfilterMethod:1          ; Median3x3 postfilering method]]
[2022.05.20-17.15.54:300][  0]LogConfig: Setting CVar [[r.DOF.Gather.EnableBokehSettings:0       ; no bokeh simulation when gathering]]
[2022.05.20-17.15.54:300][  0]LogConfig: Setting CVar [[r.DOF.Gather.RingCount:4                 ; medium number of samples when gathering]]
[2022.05.20-17.15.54:300][  0]LogConfig: Setting CVar [[r.DOF.Scatter.ForegroundCompositing:1    ; additive foreground scattering]]
[2022.05.20-17.15.54:300][  0]LogConfig: Setting CVar [[r.DOF.Scatter.BackgroundCompositing:2    ; additive background scattering]]
[2022.05.20-17.15.54:300][  0]LogConfig: Setting CVar [[r.DOF.Scatter.EnableBokehSettings:1      ; bokeh simulation when scattering]]
[2022.05.20-17.15.54:300][  0]LogConfig: Setting CVar [[r.DOF.Scatter.MaxSpriteRatio:0.1         ; only a maximum of 10% of scattered bokeh]]
[2022.05.20-17.15.54:300][  0]LogConfig: Setting CVar [[r.DOF.Recombine.Quality:1                ; cheap slight out of focus]]
[2022.05.20-17.15.54:300][  0]LogConfig: Setting CVar [[r.DOF.Recombine.EnableBokehSettings:0    ; no bokeh simulation on slight out of focus]]
[2022.05.20-17.15.54:300][  0]LogConfig: Setting CVar [[r.DOF.TemporalAAQuality:1                ; more stable temporal accumulation]]
[2022.05.20-17.15.54:300][  0]LogConfig: Setting CVar [[r.DOF.Kernel.MaxForegroundRadius:0.025]]
[2022.05.20-17.15.54:300][  0]LogConfig: Setting CVar [[r.DOF.Kernel.MaxBackgroundRadius:0.025]]
[2022.05.20-17.15.54:300][  0]LogConfig: Applying CVar settings from Section [TextureQuality@3] File [E:/GitHub/UnrealProjects/Tanks/TanksGame/TanksMiniGame/Saved/Config/Windows/Scalability.ini]
[2022.05.20-17.15.54:301][  0]LogConfig: Setting CVar [[r.Streaming.MipBias:0]]
[2022.05.20-17.15.54:301][  0]LogConfig: Setting CVar [[r.Streaming.AmortizeCPUToGPUCopy:0]]
[2022.05.20-17.15.54:301][  0]LogConfig: Setting CVar [[r.Streaming.MaxNumTexturesToStreamPerFrame:0]]
[2022.05.20-17.15.54:301][  0]LogConfig: Setting CVar [[r.Streaming.Boost:1]]
[2022.05.20-17.15.54:301][  0]LogConfig: Setting CVar [[r.MaxAnisotropy:8]]
[2022.05.20-17.15.54:301][  0]LogConfig: Setting CVar [[r.Streaming.LimitPoolSizeToVRAM:0]]
[2022.05.20-17.15.54:301][  0]LogConfig: Setting CVar [[r.Streaming.PoolSize:1000]]
[2022.05.20-17.15.54:301][  0]LogConfig: Setting CVar [[r.Streaming.MaxEffectiveScreenSize:0]]
[2022.05.20-17.15.54:301][  0]LogConfig: Applying CVar settings from Section [EffectsQuality@3] File [E:/GitHub/UnrealProjects/Tanks/TanksGame/TanksMiniGame/Saved/Config/Windows/Scalability.ini]
[2022.05.20-17.15.54:301][  0]LogConfig: Setting CVar [[r.TranslucencyLightingVolumeDim:64]]
[2022.05.20-17.15.54:301][  0]LogConfig: Setting CVar [[r.RefractionQuality:2]]
[2022.05.20-17.15.54:301][  0]LogConfig: Setting CVar [[r.SSR.Quality:3]]
[2022.05.20-17.15.54:301][  0]LogConfig: Setting CVar [[r.SceneColorFormat:4]]
[2022.05.20-17.15.54:301][  0]LogConfig: Setting CVar [[r.DetailMode:2]]
[2022.05.20-17.15.54:301][  0]LogConfig: Setting CVar [[r.TranslucencyVolumeBlur:1]]
[2022.05.20-17.15.54:301][  0]LogConfig: Setting CVar [[r.MaterialQualityLevel:1 ; High quality]]
[2022.05.20-17.15.54:301][  0]LogConfig: Setting CVar [[r.SSS.Scale:1]]
[2022.05.20-17.15.54:301][  0]LogConfig: Setting CVar [[r.SSS.SampleSet:2]]
[2022.05.20-17.15.54:301][  0]LogConfig: Setting CVar [[r.SSS.Quality:1]]
[2022.05.20-17.15.54:301][  0]LogConfig: Setting CVar [[r.SSS.HalfRes:1]]
[2022.05.20-17.15.54:301][  0]LogConfig: Setting CVar [[r.EmitterSpawnRateScale:1.0]]
[2022.05.20-17.15.54:302][  0]LogConfig: Setting CVar [[r.ParticleLightQuality:2]]
[2022.05.20-17.15.54:302][  0]LogConfig: Applying CVar settings from Section [FoliageQuality@3] File [E:/GitHub/UnrealProjects/Tanks/TanksGame/TanksMiniGame/Saved/Config/Windows/Scalability.ini]
[2022.05.20-17.15.54:302][  0]LogConfig: Setting CVar [[foliage.DensityScale:1.0]]
[2022.05.20-17.15.54:302][  0]LogConfig: Setting CVar [[grass.DensityScale:1.0]]
[2022.05.20-17.15.54:305][  0]LogInit: Selected Device Profile: [Windows]
[2022.05.20-17.15.54:305][  0]LogInit: Applying CVar settings loaded from the selected device profile: [Windows]
[2022.05.20-17.15.54:369][  0]LogHAL: Display: Platform has ~ 4 GB [4080635904 / 4294967296 / 4], which maps to Smallest [LargestMinGB=32, LargerMinGB=12, DefaultMinGB=8, SmallerMinGB=6, SmallestMinGB=0)
[2022.05.20-17.15.54:369][  0]LogConfig: Setting CVar [[r.Vulkan.UseRealUBs:0		; Required until we fix HLR fall-out]]
[2022.05.20-17.15.54:369][  0]LogInit: Going up to parent DeviceProfile []
[2022.05.20-17.15.54:380][  0]LogConfig: Applying CVar settings from Section [ViewDistanceQuality@3] File [E:/GitHub/UnrealProjects/Tanks/TanksGame/TanksMiniGame/Saved/Config/Windows/Scalability.ini]
[2022.05.20-17.15.54:380][  0]LogConfig: Setting CVar [[r.SkeletalMeshLODBias:0]]
[2022.05.20-17.15.54:380][  0]LogConfig: Setting CVar [[r.ViewDistanceScale:1.0]]
[2022.05.20-17.15.54:380][  0]LogConfig: Applying CVar settings from Section [AntiAliasingQuality@3] File [E:/GitHub/UnrealProjects/Tanks/TanksGame/TanksMiniGame/Saved/Config/Windows/Scalability.ini]
[2022.05.20-17.15.54:380][  0]LogConfig: Setting CVar [[r.PostProcessAAQuality:4]]
[2022.05.20-17.15.54:380][  0]LogConfig: Applying CVar settings from Section [ShadowQuality@3] File [E:/GitHub/UnrealProjects/Tanks/TanksGame/TanksMiniGame/Saved/Config/Windows/Scalability.ini]
[2022.05.20-17.15.54:380][  0]LogConfig: Setting CVar [[r.LightFunctionQuality:1]]
[2022.05.20-17.15.54:380][  0]LogConfig: Setting CVar [[r.ShadowQuality:5]]
[2022.05.20-17.15.54:380][  0]LogConfig: Setting CVar [[r.Shadow.CSM.MaxCascades:10]]
[2022.05.20-17.15.54:380][  0]LogConfig: Setting CVar [[r.Shadow.MaxResolution:2048]]
[2022.05.20-17.15.54:380][  0]LogConfig: Setting CVar [[r.Shadow.MaxCSMResolution:2048]]
[2022.05.20-17.15.54:380][  0]LogConfig: Setting CVar [[r.Shadow.RadiusThreshold:0.01]]
[2022.05.20-17.15.54:380][  0]LogConfig: Setting CVar [[r.Shadow.DistanceScale:1.0]]
[2022.05.20-17.15.54:380][  0]LogConfig: Setting CVar [[r.Shadow.CSM.TransitionScale:1.0]]
[2022.05.20-17.15.54:381][  0]LogConfig: Setting CVar [[r.Shadow.PreShadowResolutionFactor:1.0]]
[2022.05.20-17.15.54:381][  0]LogConfig: Setting CVar [[r.DistanceFieldShadowing:1]]
[2022.05.20-17.15.54:381][  0]LogConfig: Setting CVar [[r.DistanceFieldAO:1]]
[2022.05.20-17.15.54:381][  0]LogConfig: Setting CVar [[r.AOQuality:2]]
[2022.05.20-17.15.54:381][  0]LogConfig: Setting CVar [[r.VolumetricFog:1]]
[2022.05.20-17.15.54:381][  0]LogConfig: Setting CVar [[r.VolumetricFog.GridPixelSize:8]]
[2022.05.20-17.15.54:381][  0]LogConfig: Setting CVar [[r.VolumetricFog.GridSizeZ:128]]
[2022.05.20-17.15.54:381][  0]LogConfig: Setting CVar [[r.VolumetricFog.HistoryMissSupersampleCount:4]]
[2022.05.20-17.15.54:381][  0]LogConfig: Setting CVar [[r.LightMaxDrawDistanceScale:1]]
[2022.05.20-17.15.54:381][  0]LogConfig: Setting CVar [[r.CapsuleShadows:1]]
[2022.05.20-17.15.54:381][  0]LogConfig: Applying CVar settings from Section [PostProcessQuality@3] File [E:/GitHub/UnrealProjects/Tanks/TanksGame/TanksMiniGame/Saved/Config/Windows/Scalability.ini]
[2022.05.20-17.15.54:381][  0]LogConfig: Setting CVar [[r.MotionBlurQuality:4]]
[2022.05.20-17.15.54:381][  0]LogConfig: Setting CVar [[r.AmbientOcclusionMipLevelFactor:0.4]]
[2022.05.20-17.15.54:381][  0]LogConfig: Setting CVar [[r.AmbientOcclusionMaxQuality:100]]
[2022.05.20-17.15.54:381][  0]LogConfig: Setting CVar [[r.AmbientOcclusionLevels:-1]]
[2022.05.20-17.15.54:382][  0]LogConfig: Setting CVar [[r.AmbientOcclusionRadiusScale:1.0]]
[2022.05.20-17.15.54:382][  0]LogConfig: Setting CVar [[r.DepthOfFieldQuality:2]]
[2022.05.20-17.15.54:382][  0]LogConfig: Setting CVar [[r.RenderTargetPoolMin:400]]
[2022.05.20-17.15.54:382][  0]LogConfig: Setting CVar [[r.LensFlareQuality:2]]
[2022.05.20-17.15.54:382][  0]LogConfig: Setting CVar [[r.SceneColorFringeQuality:1]]
[2022.05.20-17.15.54:382][  0]LogConfig: Setting CVar [[r.EyeAdaptationQuality:2]]
[2022.05.20-17.15.54:382][  0]LogConfig: Setting CVar [[r.BloomQuality:5]]
[2022.05.20-17.15.54:382][  0]LogConfig: Setting CVar [[r.FastBlurThreshold:100]]
[2022.05.20-17.15.54:382][  0]LogConfig: Setting CVar [[r.Upscale.Quality:3]]
[2022.05.20-17.15.54:382][  0]LogConfig: Setting CVar [[r.Tonemapper.GrainQuantization:1]]
[2022.05.20-17.15.54:382][  0]LogConfig: Setting CVar [[r.LightShaftQuality:1]]
[2022.05.20-17.15.54:382][  0]LogConfig: Setting CVar [[r.Filter.SizeScale:1]]
[2022.05.20-17.15.54:382][  0]LogConfig: Setting CVar [[r.Tonemapper.Quality:5]]
[2022.05.20-17.15.54:382][  0]LogConfig: Setting CVar [[r.DOF.Gather.AccumulatorQuality:1        ; higher gathering accumulator quality]]
[2022.05.20-17.15.54:382][  0]LogConfig: Setting CVar [[r.DOF.Gather.PostfilterMethod:1          ; Median3x3 postfilering method]]
[2022.05.20-17.15.54:382][  0]LogConfig: Setting CVar [[r.DOF.Gather.EnableBokehSettings:0       ; no bokeh simulation when gathering]]
[2022.05.20-17.15.54:382][  0]LogConfig: Setting CVar [[r.DOF.Gather.RingCount:4                 ; medium number of samples when gathering]]
[2022.05.20-17.15.54:382][  0]LogConfig: Setting CVar [[r.DOF.Scatter.ForegroundCompositing:1    ; additive foreground scattering]]
[2022.05.20-17.15.54:382][  0]LogConfig: Setting CVar [[r.DOF.Scatter.BackgroundCompositing:2    ; additive background scattering]]
[2022.05.20-17.15.54:382][  0]LogConfig: Setting CVar [[r.DOF.Scatter.EnableBokehSettings:1      ; bokeh simulation when scattering]]
[2022.05.20-17.15.54:382][  0]LogConfig: Setting CVar [[r.DOF.Scatter.MaxSpriteRatio:0.1         ; only a maximum of 10% of scattered bokeh]]
[2022.05.20-17.15.54:382][  0]LogConfig: Setting CVar [[r.DOF.Recombine.Quality:1                ; cheap slight out of focus]]
[2022.05.20-17.15.54:382][  0]LogConfig: Setting CVar [[r.DOF.Recombine.EnableBokehSettings:0    ; no bokeh simulation on slight out of focus]]
[2022.05.20-17.15.54:382][  0]LogConfig: Setting CVar [[r.DOF.TemporalAAQuality:1                ; more stable temporal accumulation]]
[2022.05.20-17.15.54:382][  0]LogConfig: Setting CVar [[r.DOF.Kernel.MaxForegroundRadius:0.025]]
[2022.05.20-17.15.54:383][  0]LogConfig: Setting CVar [[r.DOF.Kernel.MaxBackgroundRadius:0.025]]
[2022.05.20-17.15.54:383][  0]LogConfig: Applying CVar settings from Section [TextureQuality@3] File [E:/GitHub/UnrealProjects/Tanks/TanksGame/TanksMiniGame/Saved/Config/Windows/Scalability.ini]
[2022.05.20-17.15.54:383][  0]LogConfig: Setting CVar [[r.Streaming.MipBias:0]]
[2022.05.20-17.15.54:383][  0]LogConfig: Setting CVar [[r.Streaming.AmortizeCPUToGPUCopy:0]]
[2022.05.20-17.15.54:383][  0]LogConfig: Setting CVar [[r.Streaming.MaxNumTexturesToStreamPerFrame:0]]
[2022.05.20-17.15.54:383][  0]LogConfig: Setting CVar [[r.Streaming.Boost:1]]
[2022.05.20-17.15.54:383][  0]LogConfig: Setting CVar [[r.MaxAnisotropy:8]]
[2022.05.20-17.15.54:383][  0]LogConfig: Setting CVar [[r.Streaming.LimitPoolSizeToVRAM:0]]
[2022.05.20-17.15.54:383][  0]LogConfig: Setting CVar [[r.Streaming.PoolSize:1000]]
[2022.05.20-17.15.54:383][  0]LogConfig: Setting CVar [[r.Streaming.MaxEffectiveScreenSize:0]]
[2022.05.20-17.15.54:383][  0]LogConfig: Applying CVar settings from Section [EffectsQuality@3] File [E:/GitHub/UnrealProjects/Tanks/TanksGame/TanksMiniGame/Saved/Config/Windows/Scalability.ini]
[2022.05.20-17.15.54:383][  0]LogConfig: Setting CVar [[r.TranslucencyLightingVolumeDim:64]]
[2022.05.20-17.15.54:383][  0]LogConfig: Setting CVar [[r.RefractionQuality:2]]
[2022.05.20-17.15.54:383][  0]LogConfig: Setting CVar [[r.SSR.Quality:3]]
[2022.05.20-17.15.54:383][  0]LogConfig: Setting CVar [[r.SceneColorFormat:4]]
[2022.05.20-17.15.54:383][  0]LogConfig: Setting CVar [[r.DetailMode:2]]
[2022.05.20-17.15.54:383][  0]LogConfig: Setting CVar [[r.TranslucencyVolumeBlur:1]]
[2022.05.20-17.15.54:383][  0]LogConfig: Setting CVar [[r.MaterialQualityLevel:1 ; High quality]]
[2022.05.20-17.15.54:383][  0]LogConfig: Setting CVar [[r.SSS.Scale:1]]
[2022.05.20-17.15.54:383][  0]LogConfig: Setting CVar [[r.SSS.SampleSet:2]]
[2022.05.20-17.15.54:383][  0]LogConfig: Setting CVar [[r.SSS.Quality:1]]
[2022.05.20-17.15.54:383][  0]LogConfig: Setting CVar [[r.SSS.HalfRes:1]]
[2022.05.20-17.15.54:383][  0]LogConfig: Setting CVar [[r.EmitterSpawnRateScale:1.0]]
[2022.05.20-17.15.54:383][  0]LogConfig: Setting CVar [[r.ParticleLightQuality:2]]
[2022.05.20-17.15.54:384][  0]LogConfig: Applying CVar settings from Section [FoliageQuality@3] File [E:/GitHub/UnrealProjects/Tanks/TanksGame/TanksMiniGame/Saved/Config/Windows/Scalability.ini]
[2022.05.20-17.15.54:384][  0]LogConfig: Setting CVar [[foliage.DensityScale:1.0]]
[2022.05.20-17.15.54:384][  0]LogConfig: Setting CVar [[grass.DensityScale:1.0]]
[2022.05.20-17.15.54:384][  0]LogConfig: Applying CVar settings from Section [Startup] File [../../../Engine/Config/ConsoleVariables.ini]
[2022.05.20-17.15.54:384][  0]LogConfig: Setting CVar [[net.UseAdaptiveNetUpdateFrequency:0]]
[2022.05.20-17.15.54:384][  0]LogConfig: Setting CVar [[p.chaos.AllowCreatePhysxBodies:1]]
[2022.05.20-17.15.54:384][  0]LogConfig: Applying CVar settings from Section [ConsoleVariables] File [E:/GitHub/UnrealProjects/Tanks/TanksGame/TanksMiniGame/Saved/Config/Windows/Engine.ini]
[2022.05.20-17.15.54:432][  0]LogInit: Computer: SONNY
[2022.05.20-17.15.54:432][  0]LogInit: User: SonnyFixit
[2022.05.20-17.15.54:432][  0]LogInit: CPU Page size=4096, Cores=2
[2022.05.20-17.15.54:432][  0]LogInit: High frequency timer resolution =1.851267 MHz
[2022.05.20-17.15.54:440][  0]LogMemory: Memory total: Physical=3.8GB (4GB approx)
[2022.05.20-17.15.54:445][  0]LogMemory: Platform Memory Stats for Windows
[2022.05.20-17.15.54:445][  0]LogMemory: Process Physical Memory: 95.29 MB used, 95.29 MB peak
[2022.05.20-17.15.54:445][  0]LogMemory: Process Virtual Memory: 91.85 MB used, 91.85 MB peak
[2022.05.20-17.15.54:445][  0]LogMemory: Physical Memory: 3012.27 MB used,  879.33 MB free, 3891.60 MB total
[2022.05.20-17.15.54:445][  0]LogMemory: Virtual Memory: 490.52 MB used,  134217240.00 MB free, 134217728.00 MB total
[2022.05.20-17.15.56:807][  0]LogInit: Using OS detected language (pl-PL).
[2022.05.20-17.15.56:807][  0]LogInit: Using OS detected locale (pl-PL).
[2022.05.20-17.15.56:823][  0]LogTextLocalizationManager: No specific localization for 'pl-PL' exists, so the 'pl' localization will be used.
[2022.05.20-17.15.56:896][  0]LogTextLocalizationResource: LocRes '../../../Engine/Content/Localization/Editor/pl/Editor.locres' could not be opened for reading!
[2022.05.20-17.15.56:897][  0]LogTextLocalizationResource: LocRes '../../../Engine/Content/Localization/EditorTutorials/pl/EditorTutorials.locres' could not be opened for reading!
[2022.05.20-17.15.56:910][  0]LogTextLocalizationResource: LocRes '../../../Engine/Content/Localization/Keywords/pl/Keywords.locres' could not be opened for reading!
[2022.05.20-17.15.56:910][  0]LogTextLocalizationResource: LocRes '../../../Engine/Content/Localization/Category/pl/Category.locres' could not be opened for reading!
[2022.05.20-17.15.56:941][  0]LogTextLocalizationResource: LocRes '../../../Engine/Content/Localization/ToolTips/pl/ToolTips.locres' could not be opened for reading!
[2022.05.20-17.15.56:945][  0]LogTextLocalizationResource: LocRes '../../../Engine/Content/Localization/PropertyNames/pl/PropertyNames.locres' could not be opened for reading!
[2022.05.20-17.15.56:952][  0]LogTextLocalizationResource: LocRes '../../../Engine/Content/Localization/Engine/pl/Engine.locres' could not be opened for reading!
[2022.05.20-17.15.58:650][  0]LogSlate: New Slate User Created.  User Index 0, Is Virtual User: 0
[2022.05.20-17.15.58:651][  0]LogSlate: Slate User Registered.  User Index 0, Is Virtual User: 0
[2022.05.20-17.15.58:753][  0]LogHMD: Failed to initialize OpenVR with code 110
[2022.05.20-17.15.58:753][  0]LogD3D11RHI: D3D11 adapters:
[2022.05.20-17.16.00:343][  0]LogD3D11RHI:    0. 'NVIDIA GeForce 710M' (Feature Level 11_0)
[2022.05.20-17.16.00:343][  0]LogD3D11RHI:       963/0/1945 MB DedicatedVideo/DedicatedSystem/SharedSystem, Outputs:1, VendorId:0x10de
[2022.05.20-17.16.00:415][  0]LogD3D11RHI:    1. 'NVIDIA GeForce 710M' (Feature Level 11_0)
[2022.05.20-17.16.00:416][  0]LogD3D11RHI:       963/0/1945 MB DedicatedVideo/DedicatedSystem/SharedSystem, Outputs:0, VendorId:0x10de
[2022.05.20-17.16.00:479][  0]LogD3D11RHI:    2. 'Microsoft Basic Render Driver' (Feature Level 11_0)
[2022.05.20-17.16.00:479][  0]LogD3D11RHI:       963/0/1945 MB DedicatedVideo/DedicatedSystem/SharedSystem, Outputs:0, VendorId:0x1414
[2022.05.20-17.16.00:479][  0]LogD3D11RHI: Chosen D3D11 Adapter: 0
[2022.05.20-17.16.00:527][  0]LogD3D11RHI: Creating new Direct3DDevice
[2022.05.20-17.16.00:527][  0]LogD3D11RHI:     GPU DeviceId: 0x1140 (for the marketing name, search the web for "GPU Device Id")
[2022.05.20-17.16.00:546][  0]LogWindows: EnumDisplayDevices:
[2022.05.20-17.16.00:567][  0]LogWindows:    0. 'Intel(R) HD Graphics 4000' (P:1 D:1)
[2022.05.20-17.16.00:569][  0]LogWindows:    1. 'Intel(R) HD Graphics 4000' (P:0 D:0)
[2022.05.20-17.16.00:570][  0]LogWindows:    2. 'Intel(R) HD Graphics 4000' (P:0 D:0)
[2022.05.20-17.16.00:584][  0]LogWindows:    3. 'NVIDIA GeForce 710M' (P:0 D:0)
[2022.05.20-17.16.00:585][  0]LogWindows: DebugString: PrimaryIsNotTheChoosenAdapter PrimaryIsNotTheChoosenAdapter PrimaryIsNotTheChoosenAdapter 
[2022.05.20-17.16.00:585][  0]LogD3D11RHI:     Adapter Name: NVIDIA GeForce 710M
[2022.05.20-17.16.00:585][  0]LogD3D11RHI:   Driver Version: 391.35 (internal:23.21.13.9135, unified:391.35)
[2022.05.20-17.16.00:585][  0]LogD3D11RHI:      Driver Date: 3-23-2018
[2022.05.20-17.16.00:585][  0]LogRHI: Texture pool is 674 MB (70% of 963 MB)
[2022.05.20-17.16.00:713][  0]LogD3D11RHI: Display: Timestamp queries are currently disabled on this hardware due to instability. Realtime GPU stats will not be available. You can override this behaviour by setting r.NVIDIATimestampWorkaround to 0
[2022.05.20-17.16.00:721][  0]LogD3D11RHI: Async texture creation enabled
[2022.05.20-17.16.00:936][  0]LogRendererCore: FGlobalReadBuffer::InitRHI
[2022.05.20-17.16.00:960][  0]LogRendererCore: FGlobalReadBuffer::InitRHI
[2022.05.20-17.16.00:960][  0]LogRendererCore: FGlobalReadBuffer::InitRHI
[2022.05.20-17.16.01:059][  0]LogD3D11RHI: GPU Timing Frequency: 1000.000000 (Debug: 2 3)
[2022.05.20-17.16.02:646][  0]LogTemp: Display: Module 'WindowsClientTargetPlatform' loaded TargetPlatform 'WindowsClient'
[2022.05.20-17.16.02:697][  0]LogTemp: Display: Module 'WindowsNoEditorTargetPlatform' loaded TargetPlatform 'WindowsNoEditor'
[2022.05.20-17.16.02:770][  0]LogTemp: Display: Module 'WindowsServerTargetPlatform' loaded TargetPlatform 'WindowsServer'
[2022.05.20-17.16.02:816][  0]LogTemp: Display: Module 'WindowsTargetPlatform' loaded TargetPlatform 'Windows'
[2022.05.20-17.16.02:816][  0]LogTargetPlatformManager: Display: Building Assets For Windows
[2022.05.20-17.16.03:089][  0]LogAudioDebug: Display: Lib vorbis DLL was dynamically loaded.
[2022.05.20-17.16.04:628][  0]LogShaderCompilers: Guid format shader working directory is -13 characters bigger than the processId version (../../../../GitHub/UnrealProjects/Tanks/TanksGame/TanksMiniGame/Intermediate/Shaders/WorkingDirectory/10040/).
[2022.05.20-17.16.04:628][  0]LogShaderCompilers: Cleaned the shader compiler working directory 'C:/Users/SonnyFixit/AppData/Local/Temp/UnrealShaderWorkingDir/C7C407574B69531D6A7144B42EF96A09/'.
[2022.05.20-17.16.04:660][  0]LogXGEController: Cannot use XGE Controller as Incredibuild is not installed on this machine.
[2022.05.20-17.16.04:660][  0]LogShaderCompilers: Cannot use XGE Shader Compiler as Incredibuild is not installed on this machine.
[2022.05.20-17.16.04:676][  0]LogShaderCompilers: Display: Using Local Shader Compiler.
[2022.05.20-17.16.17:002][  0]LogDerivedDataCache: Display: Max Cache Size: 512 MB
[2022.05.20-17.16.18:643][  0]LogDerivedDataCache: Loaded boot cache 1.62s 72MB C:/Users/SonnyFixit/AppData/Local/UnrealEngine/4.22/DerivedDataCache/Boot.ddc.
[2022.05.20-17.16.18:643][  0]LogDerivedDataCache: Display: Loaded Boot cache: C:/Users/SonnyFixit/AppData/Local/UnrealEngine/4.22/DerivedDataCache/Boot.ddc
[2022.05.20-17.16.18:644][  0]LogDerivedDataCache: FDerivedDataBackendGraph:  Pak pak cache file ../../../../GitHub/UnrealProjects/Tanks/TanksGame/TanksMiniGame/DerivedDataCache/DDC.ddp not found, will not use a pak cache.
[2022.05.20-17.16.18:644][  0]LogDerivedDataCache: Unable to find inner node Pak for hierarchical cache Hierarchy.
[2022.05.20-17.16.18:644][  0]LogDerivedDataCache: FDerivedDataBackendGraph:  CompressedPak pak cache file ../../../../GitHub/UnrealProjects/Tanks/TanksGame/TanksMiniGame/DerivedDataCache/Compressed.ddp not found, will not use a pak cache.
[2022.05.20-17.16.18:644][  0]LogDerivedDataCache: Unable to find inner node CompressedPak for hierarchical cache Hierarchy.
[2022.05.20-17.16.18:827][  0]LogDerivedDataCache: Display: Pak cache opened for reading ../../../Engine/DerivedDataCache/Compressed.ddp.
[2022.05.20-17.16.18:870][  0]LogDerivedDataCache: Display: Pak cache opened for reading ../../../Enterprise/DerivedDataCache/Compressed.ddp.
[2022.05.20-17.16.18:883][  0]LogDerivedDataCache: Using Local data cache path C:/Users/SonnyFixit/AppData/Local/UnrealEngine/Common/DerivedDataCache: Writable
[2022.05.20-17.16.18:883][  0]LogDerivedDataCache: Shared data cache path not found in *engine.ini, will not use an Shared cache.
[2022.05.20-17.16.18:883][  0]LogDerivedDataCache: Unable to find inner node Shared for hierarchical cache Hierarchy.
[2022.05.20-17.16.19:078][  0]LogMaterial: Verifying Global Shaders for PCD3D_SM5
[2022.05.20-17.16.19:667][  0]LogSlate: Using FreeType 2.6.0
[2022.05.20-17.16.20:223][  0]LogSlate: SlateFontServices - WITH_FREETYPE: 1, WITH_HARFBUZZ: 1
[2022.05.20-17.16.25:741][  0]LogInit: Using OS detected language (pl-PL).
[2022.05.20-17.16.25:741][  0]LogInit: Using OS detected locale (pl-PL).
[2022.05.20-17.16.25:741][  0]LogTextLocalizationManager: No localization for 'pl-PL' exists, so 'en' will be used for the language.
[2022.05.20-17.16.25:741][  0]LogTextLocalizationManager: No localization for 'pl-PL' exists, so 'en' will be used for the locale.
[2022.05.20-17.16.25:741][  0]LogSlate: FontCache flush requested. Reason: Culture for localization was changed
[2022.05.20-17.16.25:741][  0]LogSlate: FontCache flush requested. Reason: Culture for localization was changed
[2022.05.20-17.16.25:753][  0]LogTextLocalizationManager: Compacting localization data took   1.88ms
[2022.05.20-17.16.25:795][  0]LogAssetRegistry: FAssetRegistry took 0.0102 seconds to start up
[2022.05.20-17.16.29:742][  0]LogPackageLocalizationCache: Processed 16 localized package path(s) for 1 prioritized culture(s) in 0.013984 seconds
[2022.05.20-17.16.30:179][  0]LogInit: Selected Device Profile: [Windows]
[2022.05.20-17.16.32:572][  0]LogMeshReduction: Using QuadricMeshReduction for automatic static mesh reduction
[2022.05.20-17.16.32:572][  0]LogMeshReduction: Using SimplygonMeshReduction for automatic skeletal mesh reduction
[2022.05.20-17.16.32:572][  0]LogMeshReduction: Using ProxyLODMeshReduction for automatic mesh merging
[2022.05.20-17.16.32:572][  0]LogMeshReduction: No distributed automatic mesh merging module available
[2022.05.20-17.16.32:815][  0]LogMeshMerging: No distributed automatic mesh merging module available
[2022.05.20-17.16.35:754][  0]LogNetVersion: TanksMiniGame 1.0.0, NetCL: 5660361, EngineNetVer: 10, GameNetVer: 0 (Checksum: 1412442164)
[2022.05.20-17.17.06:605][  0]LogMoviePlayer: Initializing movie player
[2022.05.20-17.17.08:137][  0]LogTcpMessaging: Initializing TcpMessaging bridge
[2022.05.20-17.17.08:189][  0]LogUdpMessaging: Initializing bridge on interface 0.0.0.0:0 to multicast group 230.0.0.1:6666.
[2022.05.20-17.17.09:185][  0]SourceControl: Source control is disabled
[2022.05.20-17.17.09:185][  0]SourceControl: Source control is disabled
[2022.05.20-17.17.09:222][  0]SourceControl: Source control is disabled
[2022.05.20-17.17.11:124][  0]LogAndroidPermission: UAndroidPermissionCallbackProxy::GetInstance
[2022.05.20-17.17.12:845][  0]LogOcInput: OculusInput pre-init called
[2022.05.20-17.17.12:999][  0]LogUObjectArray: 46520 objects as part of root set at end of initial load.
[2022.05.20-17.17.12:999][  0]LogUObjectAllocator: 8199960 out of 0 bytes used by permanent object pool.
[2022.05.20-17.17.12:999][  0]LogUObjectArray: CloseDisregardForGC: 0/0 objects in disregard for GC pool
[2022.05.20-17.17.15:113][  0]LogEngine: Initializing Engine...
[2022.05.20-17.17.15:164][  0]LogHMD: Failed to initialize OpenVR with code 110
[2022.05.20-17.17.15:263][  0]LogStats: UGameplayTagsManager::InitializeManager -  0.010 s
[2022.05.20-17.17.16:498][  0]LogInit: Initializing FReadOnlyCVARCache
[2022.05.20-17.17.16:600][  0]LogInit: XAudio2 using 'Speakers (Realtek High Definition Audio)' : 2 channels at 48 kHz using 32 bits per sample (channel mask 0x3)
[2022.05.20-17.17.16:957][  0]LogInit: FAudioDevice initialized.
[2022.05.20-17.17.16:969][  0]LogNetVersion: Set ProjectVersion to 1.0.0.0. Version Checksum will be recalculated on next use.
[2022.05.20-17.17.16:979][  0]LogInit: Texture streaming: Enabled
[2022.05.20-17.17.18:770][  0]LogSlate: Updating window title bar state: overlay mode, drag disabled, window buttons hidden, title bar hidden
[2022.05.20-17.17.18:771][  0]LogInit: Display: Game Engine Initialized.
[2022.05.20-17.17.19:360][  0]LogInit: Display: Starting Game.
[2022.05.20-17.17.19:373][  0]LogNet: Browse: /Game/Maps/Main?Name=Player
[2022.05.20-17.17.19:373][  0]LogLoad: LoadMap: /Game/Maps/Main?Name=Player
[2022.05.20-17.17.19:451][  0]LogUObjectHash: Compacting FUObjectHashTables data took   3.54ms
[2022.05.20-17.17.23:461][  0]LogAIModule: Creating AISystem for world Main
[2022.05.20-17.17.23:960][  0]LogLoad: Game class is 'BP_TanksMiniGameMode_C'
[2022.05.20-17.17.24:439][  0]LogWorld: Bringing World /Game/Maps/Main.Main up for play (max tick rate 0) at 2022.05.20-19.17.24
[2022.05.20-17.17.24:440][  0]LogWorld: Bringing up level for play took: 0.462711
[2022.05.20-17.17.24:649][  0]LogLoad: Took 5.276319 seconds to LoadMap(/Game/Maps/Main)
[2022.05.20-17.17.26:408][  0]LogRenderer: Reallocating scene render targets to support 1280x720 Format 10 NumSamples 1 (Frame:1).
[2022.05.20-17.17.26:408][  0]LogLoad: (Engine Initialization) Total time: 103.07 seconds
[2022.05.20-17.17.26:408][  0]LogLoad: (Engine Initialization) Total Blueprint compile time: 0.00 seconds
[2022.05.20-17.17.26:795][  0]LogContentStreaming: Texture pool size now 1000 MB
[2022.05.20-17.17.28:475][  0]LogRenderer: Reallocating scene render targets to support 128x128 Format 10 NumSamples 1 (Frame:1).
[2022.05.20-17.17.29:580][  0]LogRenderer: Reallocating scene render targets to support 1280x720 Format 10 NumSamples 1 (Frame:2).
