Log file open, 06/08/22 21:54:32
LogWindows: Failed to load 'aqProf.dll' (GetLastError=126)
LogWindows: File 'aqProf.dll' does not exist
LogWindows: Failed to load 'VtuneApi.dll' (GetLastError=126)
LogWindows: File 'VtuneApi.dll' does not exist
LogWindows: Failed to load 'VtuneApi32e.dll' (GetLastError=126)
LogWindows: File 'VtuneApi32e.dll' does not exist
LogConsoleResponse: Display: Failed to find resolution value strings in scalability ini. Falling back to default.
LogInit: Display: Running engine for game: TanksMiniGame
LogPakFile: Registered encryption key '00000000000000000000000000000000': 0 pak files mounted, 0 remain pending
LogPlatformFile: Not using cached read wrapper
LogTaskGraph: Started task graph with 5 named threads and 11 total threads with 3 sets of task threads.
LogStats: Stats thread started at 0.219727
LogD3D11RHI: Loaded GFSDK_Aftermath_Lib.x64.dll
LogWindows: Failed to load '../../../Engine/Binaries/ThirdParty/libsndfile/Win64/libsndfile-1.dll' (GetLastError=126)
LogWindows: File '../../../Engine/Binaries/ThirdParty/libsndfile/Win64/libsndfile-1.dll' does not exist
LogAudioMixer: Display: Failed to load Sound File dll
LogAudioEditor: Display: LibSoundFile failed to load. Importing audio will not work correctly.
LogICUInternationalization: ICU TimeZone Detection - Raw Offset: +1:00, Platform Override: ''
LogPluginManager: Mounting plugin Paper2D
LogPluginManager: Mounting plugin AISupport
LogPluginManager: Mounting plugin LightPropagationVolume
LogPluginManager: Mounting plugin ActorLayerUtilities
LogPluginManager: Mounting plugin AnimationSharing
LogPluginManager: Mounting plugin CLionSourceCodeAccess
LogPluginManager: Mounting plugin CodeLiteSourceCodeAccess
LogPluginManager: Mounting plugin GitSourceControl
LogPluginManager: Mounting plugin KDevelopSourceCodeAccess
LogPluginManager: Mounting plugin NullSourceCodeAccess
LogPluginManager: Mounting plugin PerforceSourceControl
LogPluginManager: Mounting plugin SubversionSourceControl
LogPluginManager: Mounting plugin UObjectPlugin
LogPluginManager: Mounting plugin VisualStudioCodeSourceCodeAccess
LogPluginManager: Mounting plugin VisualStudioSourceCodeAccess
LogPluginManager: Mounting plugin XCodeSourceCodeAccess
LogPluginManager: Mounting plugin AssetManagerEditor
LogPluginManager: Mounting plugin CryptoKeys
LogPluginManager: Mounting plugin DataValidation
LogPluginManager: Mounting plugin EditorScriptingUtilities
LogPluginManager: Mounting plugin FacialAnimation
LogPluginManager: Mounting plugin GameplayTagsEditor
LogPluginManager: Mounting plugin GLTFImporter
LogPluginManager: Mounting plugin MacGraphicsSwitching
LogPluginManager: Mounting plugin MaterialAnalyzer
LogPluginManager: Mounting plugin MeshEditor
LogPluginManager: Mounting plugin MobileLauncherProfileWizard
LogPluginManager: Mounting plugin PluginBrowser
LogPluginManager: Mounting plugin SpeedTreeImporter
LogPluginManager: Mounting plugin DatasmithContent
LogPluginManager: Mounting plugin VariantManagerContent
LogPluginManager: Mounting plugin AlembicImporter
LogPluginManager: Mounting plugin AppleImageUtils
LogPluginManager: Mounting plugin AppleVision
LogPluginManager: Mounting plugin BackChannel
LogPluginManager: Mounting plugin BlastPlugin
LogPluginManager: Mounting plugin ChaosSolverPlugin
LogPluginManager: Mounting plugin CharacterAI
LogPluginManager: Mounting plugin GeometryCache
LogPluginManager: Mounting plugin GeometryCollectionPlugin
LogPluginManager: Mounting plugin HTML5Networking
LogPluginManager: Mounting plugin ProxyLODPlugin
LogPluginManager: Mounting plugin SkeletalReduction
LogPluginManager: Mounting plugin MagicLeap
LogPluginManager: Mounting plugin MagicLeapMedia
LogPluginManager: Mounting plugin AndroidMedia
LogPluginManager: Mounting plugin AvfMedia
LogPluginManager: Mounting plugin ImgMedia
LogPluginManager: Mounting plugin LinearTimecode
LogPluginManager: Mounting plugin MediaCompositing
LogPluginManager: Mounting plugin MediaPlayerEditor
LogPluginManager: Mounting plugin WebMMedia
LogPluginManager: Mounting plugin WmfMedia
LogPluginManager: Mounting plugin TcpMessaging
LogPluginManager: Mounting plugin UdpMessaging
LogPluginManager: Mounting plugin ActorSequence
LogPluginManager: Mounting plugin LevelSequenceEditor
LogPluginManager: Mounting plugin MatineeToLevelSequence
LogPluginManager: Mounting plugin NetcodeUnitTest
LogPluginManager: Mounting plugin NUTUnrealEngine4
LogPluginManager: Mounting plugin OnlineSubsystemGooglePlay
LogPluginManager: Mounting plugin OnlineSubsystemIOS
LogPluginManager: Mounting plugin OnlineSubsystem
LogPluginManager: Mounting plugin OnlineSubsystemNull
LogPluginManager: Mounting plugin OnlineSubsystemUtils
LogPluginManager: Mounting plugin LauncherChunkInstaller
LogPluginManager: Mounting plugin AndroidDeviceProfileSelector
LogPluginManager: Mounting plugin AndroidMoviePlayer
LogPluginManager: Mounting plugin AndroidPermission
LogPluginManager: Mounting plugin AppleMoviePlayer
LogPluginManager: Mounting plugin ArchVisCharacter
LogPluginManager: Mounting plugin AudioCapture
LogPluginManager: Mounting plugin CableComponent
LogPluginManager: Mounting plugin CustomMeshComponent
LogPluginManager: Mounting plugin EditableMesh
LogPluginManager: Mounting plugin ExampleDeviceProfileSelector
LogPluginManager: Mounting plugin Firebase
LogPluginManager: Mounting plugin GoogleCloudMessaging
LogPluginManager: Mounting plugin IOSDeviceProfileSelector
LogPluginManager: Mounting plugin LinuxDeviceProfileSelector
LogPluginManager: Mounting plugin LocationServicesBPLibrary
LogPluginManager: Mounting plugin MobilePatchingUtils
LogPluginManager: Mounting plugin OculusVR
LogPluginManager: Mounting plugin PhysXVehicles
LogPluginManager: Mounting plugin ProceduralMeshComponent
LogPluginManager: Mounting plugin RuntimePhysXCooking
LogPluginManager: Mounting plugin SignificanceManager
LogPluginManager: Mounting plugin SteamVR
LogPluginManager: Mounting plugin WebMMoviePlayer
LogPluginManager: Mounting plugin WindowsMoviePlayer
LogPluginManager: Mounting plugin DatasmithCADImporter
LogPluginManager: Mounting plugin DatasmithDataPrepEditor
LogPluginManager: Mounting plugin DatasmithFBXImporter
LogPluginManager: Mounting plugin DatasmithGLTFImporter
LogPluginManager: Mounting plugin DatasmithImporter
LogPluginManager: Mounting plugin MDLImporter
LogPluginManager: Mounting plugin StaticMeshEditorExtension
LogPluginManager: Mounting plugin VariantManager
LogInit: Using libcurl 7.55.1-DEV
LogInit:  - built for x86_64-pc-win32
LogInit:  - supports SSL with OpenSSL/1.1.1
LogInit:  - supports HTTP deflate (compression) using libz 1.2.8
LogInit:  - other features:
LogInit:      CURL_VERSION_SSL
LogInit:      CURL_VERSION_LIBZ
LogInit:      CURL_VERSION_IPV6
LogInit:      CURL_VERSION_ASYNCHDNS
LogInit:      CURL_VERSION_LARGEFILE
LogInit:      CURL_VERSION_IDN
LogInit:  CurlRequestOptions (configurable via config and command line):
LogInit:  - bVerifyPeer = true  - Libcurl will verify peer certificate
LogInit:  - bUseHttpProxy = false  - Libcurl will NOT use HTTP proxy
LogInit:  - bDontReuseConnections = false  - Libcurl will reuse connections
LogInit:  - MaxHostConnections = 16  - Libcurl will limit the number of connections to a host
LogInit:  - LocalHostAddr = Default
LogInit:  - BufferSize = 65536
LogInit: WinSock: version 1.1 (2.2), MaxSocks=32767, MaxUdp=65467
LogInit: Build: ++UE4+Release-4.22-CL-5660361
LogInit: Engine Version: 4.22.0-5660361+++UE4+Release-4.22
LogInit: Compatible Engine Version: 4.22.0-5660361+++UE4+Release-4.22
LogInit: Net CL: 5660361
LogInit: OS: Windows 8.1 (), CPU:        Intel(R) Core(TM) i3-3227U CPU @ 1.90GHz, GPU: Intel(R) HD Graphics 4000
LogInit: Compiled (64-bit): Mar 31 2019 02:05:09
LogInit: Compiled with Visual C++: 19.16.27025.01
LogInit: Build Configuration: Development
LogInit: Branch Name: ++UE4+Release-4.22
LogInit: Command Line: 
LogInit: Base Directory: E:/UE_4.22/Engine/Binaries/Win64/
LogInit: Installed Engine Build: 1
LogDevObjectVersion: Number of dev versions registered: 23
LogDevObjectVersion:   Dev-Blueprints (B0D832E4-1F89-4F0D-ACCF-7EB736FD4AA2): 10
LogDevObjectVersion:   Dev-Build (E1C64328-A22C-4D53-A36C-8E866417BD8C): 0
LogDevObjectVersion:   Dev-Core (375EC13C-06E4-48FB-B500-84F0262A717E): 3
LogDevObjectVersion:   Dev-Editor (E4B068ED-F494-42E9-A231-DA0B2E46BB41): 30
LogDevObjectVersion:   Dev-Framework (CFFC743F-43B0-4480-9391-14DF171D2073): 35
LogDevObjectVersion:   Dev-Mobile (B02B49B5-BB20-44E9-A304-32B752E40360): 2
LogDevObjectVersion:   Dev-Networking (A4E4105C-59A1-49B5-A7C5-40C4547EDFEE): 0
LogDevObjectVersion:   Dev-Online (39C831C9-5AE6-47DC-9A44-9C173E1C8E7C): 0
LogDevObjectVersion:   Dev-Physics (78F01B33-EBEA-4F98-B9B4-84EACCB95AA2): 0
LogDevObjectVersion:   Dev-Platform (6631380F-2D4D-43E0-8009-CF276956A95A): 0
LogDevObjectVersion:   Dev-Rendering (12F88B9F-8875-4AFC-A67C-D90C383ABD29): 28
LogDevObjectVersion:   Dev-Sequencer (7B5AE74C-D270-4C10-A958-57980B212A5A): 11
LogDevObjectVersion:   Dev-VR (D7296918-1DD6-4BDD-9DE2-64A83CC13884): 2
LogDevObjectVersion:   Dev-LoadTimes (C2A15278-BFE7-4AFE-6C17-90FF531DF755): 1
LogDevObjectVersion:   Private-Geometry (6EACA3D4-40EC-4CC1-B786-8BED09428FC5): 3
LogDevObjectVersion:   Dev-AnimPhys (29E575DD-E0A3-4627-9D10-D276232CDCEA): 17
LogDevObjectVersion:   Dev-Anim (AF43A65D-7FD3-4947-9873-3E8ED9C1BB05): 2
LogDevObjectVersion:   Dev-ReflectionCapture (6B266CEC-1EC7-4B8F-A30B-E4D90942FC07): 1
LogDevObjectVersion:   Dev-Automation (0DF73D61-A23F-47EA-B727-89E90C41499A): 1
LogDevObjectVersion:   FortniteMain (601D1886-AC64-4F84-AA16-D3DE0DEAC7D6): 25
LogDevObjectVersion:   Dev-Enterprise (9DFFBCD6-494F-0158-E221-12823C92A888): 6
LogDevObjectVersion:   Dev-Niagara (F2AED0AC-9AFE-416F-8664-AA7FFA26D6FC): 1
LogDevObjectVersion:   Dev-Destruction (174F1F0B-B4C6-45A5-B13F-2EE8D0FB917D): 2
LogInit: Presizing for max 16777216 objects, including 0 objects not considered by GC, pre-allocating 0 bytes for permanent pool.
LogInit: Object subsystem initialized
LogConfig: Setting CVar [[con.DebugEarlyDefault:1]]
LogConfig: Setting CVar [[r.setres:1280x720]]
[2022.06.08-19.54.36:107][  0]LogConfig: Setting CVar [[r.VSync:0]]
[2022.06.08-19.54.36:107][  0]LogConfig: Setting CVar [[r.RHICmdBypass:0]]
[2022.06.08-19.54.36:107][  0]LogConfig: Applying CVar settings from Section [/Script/Engine.RendererSettings] File [E:/GitHub/UnrealProjects/Tanks/TanksGame/TanksMiniGame/Saved/Config/Windows/Engine.ini]
[2022.06.08-19.54.36:107][  0]LogConfig: Setting CVar [[r.GPUCrashDebugging:0]]
[2022.06.08-19.54.36:107][  0]LogConfig: Setting CVar [[r.DefaultFeature.AutoExposure.ExtendDefaultLuminanceRange:1]]
[2022.06.08-19.54.36:107][  0]LogConfig: Applying CVar settings from Section [/Script/Engine.RendererOverrideSettings] File [E:/GitHub/UnrealProjects/Tanks/TanksGame/TanksMiniGame/Saved/Config/Windows/Engine.ini]
[2022.06.08-19.54.36:107][  0]LogConfig: Applying CVar settings from Section [/Script/Engine.StreamingSettings] File [E:/GitHub/UnrealProjects/Tanks/TanksGame/TanksMiniGame/Saved/Config/Windows/Engine.ini]
[2022.06.08-19.54.36:107][  0]LogConfig: Setting CVar [[s.MinBulkDataSizeForAsyncLoading:131072]]
[2022.06.08-19.54.36:107][  0]LogConfig: Setting CVar [[s.AsyncLoadingThreadEnabled:0]]
[2022.06.08-19.54.36:107][  0]LogConfig: Setting CVar [[s.EventDrivenLoaderEnabled:1]]
[2022.06.08-19.54.36:107][  0]LogConfig: Setting CVar [[s.WarnIfTimeLimitExceeded:0]]
[2022.06.08-19.54.36:107][  0]LogConfig: Setting CVar [[s.TimeLimitExceededMultiplier:1.5]]
[2022.06.08-19.54.36:107][  0]LogConfig: Setting CVar [[s.TimeLimitExceededMinTime:0.005]]
[2022.06.08-19.54.36:107][  0]LogConfig: Setting CVar [[s.UseBackgroundLevelStreaming:1]]
[2022.06.08-19.54.36:107][  0]LogConfig: Setting CVar [[s.PriorityAsyncLoadingExtraTime:15.0]]
[2022.06.08-19.54.36:107][  0]LogConfig: Setting CVar [[s.LevelStreamingActorsUpdateTimeLimit:5.0]]
[2022.06.08-19.54.36:107][  0]LogConfig: Setting CVar [[s.PriorityLevelStreamingActorsUpdateExtraTime:5.0]]
[2022.06.08-19.54.36:107][  0]LogConfig: Setting CVar [[s.LevelStreamingComponentsRegistrationGranularity:10]]
[2022.06.08-19.54.36:107][  0]LogConfig: Setting CVar [[s.UnregisterComponentsTimeLimit:1.0]]
[2022.06.08-19.54.36:107][  0]LogConfig: Setting CVar [[s.LevelStreamingComponentsUnregistrationGranularity:5]]
[2022.06.08-19.54.36:107][  0]LogConfig: Applying CVar settings from Section [/Script/Engine.GarbageCollectionSettings] File [E:/GitHub/UnrealProjects/Tanks/TanksGame/TanksMiniGame/Saved/Config/Windows/Engine.ini]
[2022.06.08-19.54.36:107][  0]LogConfig: Setting CVar [[gc.MaxObjectsNotConsideredByGC:1]]
[2022.06.08-19.54.36:107][  0]LogConfig: Setting CVar [[gc.SizeOfPermanentObjectPool:0]]
[2022.06.08-19.54.36:107][  0]LogConfig: Setting CVar [[gc.FlushStreamingOnGC:0]]
[2022.06.08-19.54.36:107][  0]LogConfig: Setting CVar [[gc.NumRetriesBeforeForcingGC:10]]
[2022.06.08-19.54.36:107][  0]LogConfig: Setting CVar [[gc.AllowParallelGC:1]]
[2022.06.08-19.54.36:107][  0]LogConfig: Setting CVar [[gc.TimeBetweenPurgingPendingKillObjects:61.1]]
[2022.06.08-19.54.36:107][  0]LogConfig: Setting CVar [[gc.MaxObjectsInEditor:16777216]]
[2022.06.08-19.54.36:107][  0]LogConfig: Setting CVar [[gc.IncrementalBeginDestroyEnabled:1]]
[2022.06.08-19.54.36:107][  0]LogConfig: Setting CVar [[gc.CreateGCClusters:1]]
[2022.06.08-19.54.36:107][  0]LogConfig: Setting CVar [[gc.MinGCClusterSize:5]]
[2022.06.08-19.54.36:107][  0]LogConfig: Setting CVar [[gc.ActorClusteringEnabled:0]]
[2022.06.08-19.54.36:107][  0]LogConfig: Setting CVar [[gc.BlueprintClusteringEnabled:0]]
[2022.06.08-19.54.36:107][  0]LogConfig: Setting CVar [[gc.UseDisregardForGCOnDedicatedServers:0]]
[2022.06.08-19.54.36:107][  0]LogConfig: Applying CVar settings from Section [/Script/Engine.NetworkSettings] File [E:/GitHub/UnrealProjects/Tanks/TanksGame/TanksMiniGame/Saved/Config/Windows/Engine.ini]
[2022.06.08-19.54.36:107][  0]LogConfig: Applying CVar settings from Section [/Script/UnrealEd.CookerSettings] File [E:/GitHub/UnrealProjects/Tanks/TanksGame/TanksMiniGame/Saved/Config/Windows/Engine.ini]
[2022.06.08-19.54.36:107][  0]LogConfig: Applying CVar settings from Section [ViewDistanceQuality@3] File [E:/GitHub/UnrealProjects/Tanks/TanksGame/TanksMiniGame/Saved/Config/Windows/Scalability.ini]
[2022.06.08-19.54.36:107][  0]LogConfig: Setting CVar [[r.SkeletalMeshLODBias:0]]
[2022.06.08-19.54.36:107][  0]LogConfig: Setting CVar [[r.ViewDistanceScale:1.0]]
[2022.06.08-19.54.36:107][  0]LogConfig: Applying CVar settings from Section [AntiAliasingQuality@3] File [E:/GitHub/UnrealProjects/Tanks/TanksGame/TanksMiniGame/Saved/Config/Windows/Scalability.ini]
[2022.06.08-19.54.36:107][  0]LogConfig: Setting CVar [[r.PostProcessAAQuality:4]]
[2022.06.08-19.54.36:107][  0]LogConfig: Applying CVar settings from Section [ShadowQuality@3] File [E:/GitHub/UnrealProjects/Tanks/TanksGame/TanksMiniGame/Saved/Config/Windows/Scalability.ini]
[2022.06.08-19.54.36:107][  0]LogConfig: Setting CVar [[r.LightFunctionQuality:1]]
[2022.06.08-19.54.36:107][  0]LogConfig: Setting CVar [[r.ShadowQuality:5]]
[2022.06.08-19.54.36:107][  0]LogConfig: Setting CVar [[r.Shadow.CSM.MaxCascades:10]]
[2022.06.08-19.54.36:107][  0]LogConfig: Setting CVar [[r.Shadow.MaxResolution:2048]]
[2022.06.08-19.54.36:107][  0]LogConfig: Setting CVar [[r.Shadow.MaxCSMResolution:2048]]
[2022.06.08-19.54.36:107][  0]LogConfig: Setting CVar [[r.Shadow.RadiusThreshold:0.01]]
[2022.06.08-19.54.36:107][  0]LogConfig: Setting CVar [[r.Shadow.DistanceScale:1.0]]
[2022.06.08-19.54.36:107][  0]LogConfig: Setting CVar [[r.Shadow.CSM.TransitionScale:1.0]]
[2022.06.08-19.54.36:107][  0]LogConfig: Setting CVar [[r.Shadow.PreShadowResolutionFactor:1.0]]
[2022.06.08-19.54.36:107][  0]LogConfig: Setting CVar [[r.DistanceFieldShadowing:1]]
[2022.06.08-19.54.36:107][  0]LogConfig: Setting CVar [[r.DistanceFieldAO:1]]
[2022.06.08-19.54.36:107][  0]LogConfig: Setting CVar [[r.AOQuality:2]]
[2022.06.08-19.54.36:107][  0]LogConfig: Setting CVar [[r.VolumetricFog:1]]
[2022.06.08-19.54.36:107][  0]LogConfig: Setting CVar [[r.VolumetricFog.GridPixelSize:8]]
[2022.06.08-19.54.36:107][  0]LogConfig: Setting CVar [[r.VolumetricFog.GridSizeZ:128]]
[2022.06.08-19.54.36:107][  0]LogConfig: Setting CVar [[r.VolumetricFog.HistoryMissSupersampleCount:4]]
[2022.06.08-19.54.36:107][  0]LogConfig: Setting CVar [[r.LightMaxDrawDistanceScale:1]]
[2022.06.08-19.54.36:107][  0]LogConfig: Setting CVar [[r.CapsuleShadows:1]]
[2022.06.08-19.54.36:107][  0]LogConfig: Applying CVar settings from Section [PostProcessQuality@3] File [E:/GitHub/UnrealProjects/Tanks/TanksGame/TanksMiniGame/Saved/Config/Windows/Scalability.ini]
[2022.06.08-19.54.36:107][  0]LogConfig: Setting CVar [[r.MotionBlurQuality:4]]
[2022.06.08-19.54.36:107][  0]LogConfig: Setting CVar [[r.AmbientOcclusionMipLevelFactor:0.4]]
[2022.06.08-19.54.36:107][  0]LogConfig: Setting CVar [[r.AmbientOcclusionMaxQuality:100]]
[2022.06.08-19.54.36:107][  0]LogConfig: Setting CVar [[r.AmbientOcclusionLevels:-1]]
[2022.06.08-19.54.36:107][  0]LogConfig: Setting CVar [[r.AmbientOcclusionRadiusScale:1.0]]
[2022.06.08-19.54.36:107][  0]LogConfig: Setting CVar [[r.DepthOfFieldQuality:2]]
[2022.06.08-19.54.36:107][  0]LogConfig: Setting CVar [[r.RenderTargetPoolMin:400]]
[2022.06.08-19.54.36:107][  0]LogConfig: Setting CVar [[r.LensFlareQuality:2]]
[2022.06.08-19.54.36:107][  0]LogConfig: Setting CVar [[r.SceneColorFringeQuality:1]]
[2022.06.08-19.54.36:107][  0]LogConfig: Setting CVar [[r.EyeAdaptationQuality:2]]
[2022.06.08-19.54.36:107][  0]LogConfig: Setting CVar [[r.BloomQuality:5]]
[2022.06.08-19.54.36:107][  0]LogConfig: Setting CVar [[r.FastBlurThreshold:100]]
[2022.06.08-19.54.36:107][  0]LogConfig: Setting CVar [[r.Upscale.Quality:3]]
[2022.06.08-19.54.36:107][  0]LogConfig: Setting CVar [[r.Tonemapper.GrainQuantization:1]]
[2022.06.08-19.54.36:107][  0]LogConfig: Setting CVar [[r.LightShaftQuality:1]]
[2022.06.08-19.54.36:107][  0]LogConfig: Setting CVar [[r.Filter.SizeScale:1]]
[2022.06.08-19.54.36:107][  0]LogConfig: Setting CVar [[r.Tonemapper.Quality:5]]
[2022.06.08-19.54.36:107][  0]LogConfig: Setting CVar [[r.DOF.Gather.AccumulatorQuality:1        ; higher gathering accumulator quality]]
[2022.06.08-19.54.36:107][  0]LogConfig: Setting CVar [[r.DOF.Gather.PostfilterMethod:1          ; Median3x3 postfilering method]]
[2022.06.08-19.54.36:107][  0]LogConfig: Setting CVar [[r.DOF.Gather.EnableBokehSettings:0       ; no bokeh simulation when gathering]]
[2022.06.08-19.54.36:107][  0]LogConfig: Setting CVar [[r.DOF.Gather.RingCount:4                 ; medium number of samples when gathering]]
[2022.06.08-19.54.36:107][  0]LogConfig: Setting CVar [[r.DOF.Scatter.ForegroundCompositing:1    ; additive foreground scattering]]
[2022.06.08-19.54.36:107][  0]LogConfig: Setting CVar [[r.DOF.Scatter.BackgroundCompositing:2    ; additive background scattering]]
[2022.06.08-19.54.36:107][  0]LogConfig: Setting CVar [[r.DOF.Scatter.EnableBokehSettings:1      ; bokeh simulation when scattering]]
[2022.06.08-19.54.36:107][  0]LogConfig: Setting CVar [[r.DOF.Scatter.MaxSpriteRatio:0.1         ; only a maximum of 10% of scattered bokeh]]
[2022.06.08-19.54.36:107][  0]LogConfig: Setting CVar [[r.DOF.Recombine.Quality:1                ; cheap slight out of focus]]
[2022.06.08-19.54.36:107][  0]LogConfig: Setting CVar [[r.DOF.Recombine.EnableBokehSettings:0    ; no bokeh simulation on slight out of focus]]
[2022.06.08-19.54.36:107][  0]LogConfig: Setting CVar [[r.DOF.TemporalAAQuality:1                ; more stable temporal accumulation]]
[2022.06.08-19.54.36:107][  0]LogConfig: Setting CVar [[r.DOF.Kernel.MaxForegroundRadius:0.025]]
[2022.06.08-19.54.36:107][  0]LogConfig: Setting CVar [[r.DOF.Kernel.MaxBackgroundRadius:0.025]]
[2022.06.08-19.54.36:107][  0]LogConfig: Applying CVar settings from Section [TextureQuality@3] File [E:/GitHub/UnrealProjects/Tanks/TanksGame/TanksMiniGame/Saved/Config/Windows/Scalability.ini]
[2022.06.08-19.54.36:107][  0]LogConfig: Setting CVar [[r.Streaming.MipBias:0]]
[2022.06.08-19.54.36:107][  0]LogConfig: Setting CVar [[r.Streaming.AmortizeCPUToGPUCopy:0]]
[2022.06.08-19.54.36:107][  0]LogConfig: Setting CVar [[r.Streaming.MaxNumTexturesToStreamPerFrame:0]]
[2022.06.08-19.54.36:107][  0]LogConfig: Setting CVar [[r.Streaming.Boost:1]]
[2022.06.08-19.54.36:107][  0]LogConfig: Setting CVar [[r.MaxAnisotropy:8]]
[2022.06.08-19.54.36:107][  0]LogConfig: Setting CVar [[r.Streaming.LimitPoolSizeToVRAM:0]]
[2022.06.08-19.54.36:107][  0]LogConfig: Setting CVar [[r.Streaming.PoolSize:1000]]
[2022.06.08-19.54.36:107][  0]LogConfig: Setting CVar [[r.Streaming.MaxEffectiveScreenSize:0]]
[2022.06.08-19.54.36:107][  0]LogConfig: Applying CVar settings from Section [EffectsQuality@3] File [E:/GitHub/UnrealProjects/Tanks/TanksGame/TanksMiniGame/Saved/Config/Windows/Scalability.ini]
[2022.06.08-19.54.36:107][  0]LogConfig: Setting CVar [[r.TranslucencyLightingVolumeDim:64]]
[2022.06.08-19.54.36:107][  0]LogConfig: Setting CVar [[r.RefractionQuality:2]]
[2022.06.08-19.54.36:107][  0]LogConfig: Setting CVar [[r.SSR.Quality:3]]
[2022.06.08-19.54.36:107][  0]LogConfig: Setting CVar [[r.SceneColorFormat:4]]
[2022.06.08-19.54.36:107][  0]LogConfig: Setting CVar [[r.DetailMode:2]]
[2022.06.08-19.54.36:107][  0]LogConfig: Setting CVar [[r.TranslucencyVolumeBlur:1]]
[2022.06.08-19.54.36:107][  0]LogConfig: Setting CVar [[r.MaterialQualityLevel:1 ; High quality]]
[2022.06.08-19.54.36:107][  0]LogConfig: Setting CVar [[r.SSS.Scale:1]]
[2022.06.08-19.54.36:107][  0]LogConfig: Setting CVar [[r.SSS.SampleSet:2]]
[2022.06.08-19.54.36:107][  0]LogConfig: Setting CVar [[r.SSS.Quality:1]]
[2022.06.08-19.54.36:107][  0]LogConfig: Setting CVar [[r.SSS.HalfRes:1]]
[2022.06.08-19.54.36:107][  0]LogConfig: Setting CVar [[r.EmitterSpawnRateScale:1.0]]
[2022.06.08-19.54.36:107][  0]LogConfig: Setting CVar [[r.ParticleLightQuality:2]]
[2022.06.08-19.54.36:107][  0]LogConfig: Applying CVar settings from Section [FoliageQuality@3] File [E:/GitHub/UnrealProjects/Tanks/TanksGame/TanksMiniGame/Saved/Config/Windows/Scalability.ini]
[2022.06.08-19.54.36:107][  0]LogConfig: Setting CVar [[foliage.DensityScale:1.0]]
[2022.06.08-19.54.36:107][  0]LogConfig: Setting CVar [[grass.DensityScale:1.0]]
[2022.06.08-19.54.36:107][  0]LogInit: Selected Device Profile: [Windows]
[2022.06.08-19.54.36:107][  0]LogInit: Applying CVar settings loaded from the selected device profile: [Windows]
[2022.06.08-19.54.36:138][  0]LogHAL: Display: Platform has ~ 4 GB [4080635904 / 4294967296 / 4], which maps to Smallest [LargestMinGB=32, LargerMinGB=12, DefaultMinGB=8, SmallerMinGB=6, SmallestMinGB=0)
[2022.06.08-19.54.36:138][  0]LogConfig: Setting CVar [[r.Vulkan.UseRealUBs:0		; Required until we fix HLR fall-out]]
[2022.06.08-19.54.36:138][  0]LogInit: Going up to parent DeviceProfile []
[2022.06.08-19.54.36:138][  0]LogConfig: Applying CVar settings from Section [ViewDistanceQuality@0] File [E:/GitHub/UnrealProjects/Tanks/TanksGame/TanksMiniGame/Saved/Config/Windows/Scalability.ini]
[2022.06.08-19.54.36:138][  0]LogConfig: Setting CVar [[r.SkeletalMeshLODBias:2]]
[2022.06.08-19.54.36:138][  0]LogConfig: Setting CVar [[r.ViewDistanceScale:0.4]]
[2022.06.08-19.54.36:138][  0]LogConfig: Applying CVar settings from Section [AntiAliasingQuality@0] File [E:/GitHub/UnrealProjects/Tanks/TanksGame/TanksMiniGame/Saved/Config/Windows/Scalability.ini]
[2022.06.08-19.54.36:138][  0]LogConfig: Setting CVar [[r.PostProcessAAQuality:0]]
[2022.06.08-19.54.36:138][  0]LogConfig: Applying CVar settings from Section [ShadowQuality@0] File [E:/GitHub/UnrealProjects/Tanks/TanksGame/TanksMiniGame/Saved/Config/Windows/Scalability.ini]
[2022.06.08-19.54.36:138][  0]LogConfig: Setting CVar [[r.LightFunctionQuality:0]]
[2022.06.08-19.54.36:138][  0]LogConfig: Setting CVar [[r.ShadowQuality:0]]
[2022.06.08-19.54.36:138][  0]LogConfig: Setting CVar [[r.Shadow.CSM.MaxCascades:1]]
[2022.06.08-19.54.36:138][  0]LogConfig: Setting CVar [[r.Shadow.MaxResolution:512]]
[2022.06.08-19.54.36:138][  0]LogConfig: Setting CVar [[r.Shadow.MaxCSMResolution:512]]
[2022.06.08-19.54.36:138][  0]LogConfig: Setting CVar [[r.Shadow.RadiusThreshold:0.06]]
[2022.06.08-19.54.36:138][  0]LogConfig: Setting CVar [[r.Shadow.DistanceScale:0.6]]
[2022.06.08-19.54.36:138][  0]LogConfig: Setting CVar [[r.Shadow.CSM.TransitionScale:0]]
[2022.06.08-19.54.36:138][  0]LogConfig: Setting CVar [[r.Shadow.PreShadowResolutionFactor:0.5]]
[2022.06.08-19.54.36:138][  0]LogConfig: Setting CVar [[r.DistanceFieldShadowing:0]]
[2022.06.08-19.54.36:138][  0]LogConfig: Setting CVar [[r.DistanceFieldAO:0]]
[2022.06.08-19.54.36:138][  0]LogConfig: Setting CVar [[r.VolumetricFog:0]]
[2022.06.08-19.54.36:138][  0]LogConfig: Setting CVar [[r.LightMaxDrawDistanceScale:0]]
[2022.06.08-19.54.36:138][  0]LogConfig: Setting CVar [[r.CapsuleShadows:0]]
[2022.06.08-19.54.36:138][  0]LogConfig: Applying CVar settings from Section [PostProcessQuality@0] File [E:/GitHub/UnrealProjects/Tanks/TanksGame/TanksMiniGame/Saved/Config/Windows/Scalability.ini]
[2022.06.08-19.54.36:138][  0]LogConfig: Setting CVar [[r.MotionBlurQuality:0]]
[2022.06.08-19.54.36:138][  0]LogConfig: Setting CVar [[r.AmbientOcclusionMipLevelFactor:1.0]]
[2022.06.08-19.54.36:138][  0]LogConfig: Setting CVar [[r.AmbientOcclusionMaxQuality:0]]
[2022.06.08-19.54.36:138][  0]LogConfig: Setting CVar [[r.AmbientOcclusionLevels:0]]
[2022.06.08-19.54.36:138][  0]LogConfig: Setting CVar [[r.AmbientOcclusionRadiusScale:1.2]]
[2022.06.08-19.54.36:138][  0]LogConfig: Setting CVar [[r.DepthOfFieldQuality:0]]
[2022.06.08-19.54.36:138][  0]LogConfig: Setting CVar [[r.RenderTargetPoolMin:300]]
[2022.06.08-19.54.36:138][  0]LogConfig: Setting CVar [[r.LensFlareQuality:0]]
[2022.06.08-19.54.36:138][  0]LogConfig: Setting CVar [[r.SceneColorFringeQuality:0]]
[2022.06.08-19.54.36:138][  0]LogConfig: Setting CVar [[r.EyeAdaptationQuality:0]]
[2022.06.08-19.54.36:138][  0]LogConfig: Setting CVar [[r.BloomQuality:4]]
[2022.06.08-19.54.36:138][  0]LogConfig: Setting CVar [[r.FastBlurThreshold:0]]
[2022.06.08-19.54.36:138][  0]LogConfig: Setting CVar [[r.Upscale.Quality:1]]
[2022.06.08-19.54.36:138][  0]LogConfig: Setting CVar [[r.Tonemapper.GrainQuantization:0]]
[2022.06.08-19.54.36:138][  0]LogConfig: Setting CVar [[r.LightShaftQuality:0]]
[2022.06.08-19.54.36:138][  0]LogConfig: Setting CVar [[r.Filter.SizeScale:0.6]]
[2022.06.08-19.54.36:138][  0]LogConfig: Setting CVar [[r.Tonemapper.Quality:0]]
[2022.06.08-19.54.36:138][  0]LogConfig: Applying CVar settings from Section [TextureQuality@0] File [E:/GitHub/UnrealProjects/Tanks/TanksGame/TanksMiniGame/Saved/Config/Windows/Scalability.ini]
[2022.06.08-19.54.36:138][  0]LogConfig: Setting CVar [[r.Streaming.MipBias:16]]
[2022.06.08-19.54.36:138][  0]LogConfig: Setting CVar [[r.Streaming.AmortizeCPUToGPUCopy:1]]
[2022.06.08-19.54.36:138][  0]LogConfig: Setting CVar [[r.Streaming.MaxNumTexturesToStreamPerFrame:1]]
[2022.06.08-19.54.36:138][  0]LogConfig: Setting CVar [[r.Streaming.Boost:0.3]]
[2022.06.08-19.54.36:138][  0]LogConfig: Setting CVar [[r.MaxAnisotropy:0]]
[2022.06.08-19.54.36:138][  0]LogConfig: Setting CVar [[r.Streaming.LimitPoolSizeToVRAM:1]]
[2022.06.08-19.54.36:138][  0]LogConfig: Setting CVar [[r.Streaming.PoolSize:400]]
[2022.06.08-19.54.36:138][  0]LogConfig: Setting CVar [[r.Streaming.MaxEffectiveScreenSize:0]]
[2022.06.08-19.54.36:138][  0]LogConfig: Applying CVar settings from Section [EffectsQuality@0] File [E:/GitHub/UnrealProjects/Tanks/TanksGame/TanksMiniGame/Saved/Config/Windows/Scalability.ini]
[2022.06.08-19.54.36:138][  0]LogConfig: Setting CVar [[r.TranslucencyLightingVolumeDim:24]]
[2022.06.08-19.54.36:138][  0]LogConfig: Setting CVar [[r.RefractionQuality:0]]
[2022.06.08-19.54.36:138][  0]LogConfig: Setting CVar [[r.SSR.Quality:0]]
[2022.06.08-19.54.36:138][  0]LogConfig: Setting CVar [[r.SceneColorFormat:3]]
[2022.06.08-19.54.36:138][  0]LogConfig: Setting CVar [[r.DetailMode:0]]
[2022.06.08-19.54.36:138][  0]LogConfig: Setting CVar [[r.TranslucencyVolumeBlur:0]]
[2022.06.08-19.54.36:138][  0]LogConfig: Setting CVar [[r.MaterialQualityLevel:0 ; Low quality]]
[2022.06.08-19.54.36:138][  0]LogConfig: Setting CVar [[r.SSS.Scale:0]]
[2022.06.08-19.54.36:138][  0]LogConfig: Setting CVar [[r.SSS.SampleSet:0]]
[2022.06.08-19.54.36:138][  0]LogConfig: Setting CVar [[r.SSS.Quality:0]]
[2022.06.08-19.54.36:138][  0]LogConfig: Setting CVar [[r.SSS.HalfRes:1]]
[2022.06.08-19.54.36:138][  0]LogConfig: Setting CVar [[r.EmitterSpawnRateScale:0.125]]
[2022.06.08-19.54.36:138][  0]LogConfig: Setting CVar [[r.ParticleLightQuality:0]]
[2022.06.08-19.54.36:138][  0]LogConfig: Applying CVar settings from Section [FoliageQuality@0] File [E:/GitHub/UnrealProjects/Tanks/TanksGame/TanksMiniGame/Saved/Config/Windows/Scalability.ini]
[2022.06.08-19.54.36:138][  0]LogConfig: Setting CVar [[foliage.DensityScale:0]]
[2022.06.08-19.54.36:138][  0]LogConfig: Setting CVar [[grass.DensityScale:0]]
[2022.06.08-19.54.36:138][  0]LogConfig: Applying CVar settings from Section [Startup] File [../../../Engine/Config/ConsoleVariables.ini]
[2022.06.08-19.54.36:201][  0]LogConfig: Setting CVar [[net.UseAdaptiveNetUpdateFrequency:0]]
[2022.06.08-19.54.36:201][  0]LogConfig: Setting CVar [[p.chaos.AllowCreatePhysxBodies:1]]
[2022.06.08-19.54.36:201][  0]LogConfig: Applying CVar settings from Section [ConsoleVariables] File [E:/GitHub/UnrealProjects/Tanks/TanksGame/TanksMiniGame/Saved/Config/Windows/Engine.ini]
[2022.06.08-19.54.36:215][  0]LogInit: Computer: SONNY
[2022.06.08-19.54.36:215][  0]LogInit: User: SonnyFixit
[2022.06.08-19.54.36:215][  0]LogInit: CPU Page size=4096, Cores=2
[2022.06.08-19.54.36:215][  0]LogInit: High frequency timer resolution =1.851267 MHz
[2022.06.08-19.54.36:215][  0]LogMemory: Memory total: Physical=3.8GB (4GB approx)
[2022.06.08-19.54.36:215][  0]LogMemory: Platform Memory Stats for Windows
[2022.06.08-19.54.36:215][  0]LogMemory: Process Physical Memory: 94.59 MB used, 94.59 MB peak
[2022.06.08-19.54.36:215][  0]LogMemory: Process Virtual Memory: 83.84 MB used, 83.84 MB peak
[2022.06.08-19.54.36:215][  0]LogMemory: Physical Memory: 1944.94 MB used,  1946.66 MB free, 3891.60 MB total
[2022.06.08-19.54.36:215][  0]LogMemory: Virtual Memory: 482.52 MB used,  134217248.00 MB free, 134217728.00 MB total
[2022.06.08-19.54.37:569][  0]LogInit: Using OS detected language (pl-PL).
[2022.06.08-19.54.37:569][  0]LogInit: Using OS detected locale (pl-PL).
[2022.06.08-19.54.37:729][  0]LogTextLocalizationManager: No specific localization for 'pl-PL' exists, so the 'pl' localization will be used.
[2022.06.08-19.54.37:730][  0]LogTextLocalizationResource: LocRes '../../../Engine/Content/Localization/Editor/pl/Editor.locres' could not be opened for reading!
[2022.06.08-19.54.37:730][  0]LogTextLocalizationResource: LocRes '../../../Engine/Content/Localization/EditorTutorials/pl/EditorTutorials.locres' could not be opened for reading!
[2022.06.08-19.54.37:730][  0]LogTextLocalizationResource: LocRes '../../../Engine/Content/Localization/Keywords/pl/Keywords.locres' could not be opened for reading!
[2022.06.08-19.54.37:731][  0]LogTextLocalizationResource: LocRes '../../../Engine/Content/Localization/Category/pl/Category.locres' could not be opened for reading!
[2022.06.08-19.54.37:772][  0]LogTextLocalizationResource: LocRes '../../../Engine/Content/Localization/ToolTips/pl/ToolTips.locres' could not be opened for reading!
[2022.06.08-19.54.37:809][  0]LogTextLocalizationResource: LocRes '../../../Engine/Content/Localization/PropertyNames/pl/PropertyNames.locres' could not be opened for reading!
[2022.06.08-19.54.37:809][  0]LogTextLocalizationResource: LocRes '../../../Engine/Content/Localization/Engine/pl/Engine.locres' could not be opened for reading!
[2022.06.08-19.54.38:088][  0]LogInit: Setting process to per monitor DPI aware
[2022.06.08-19.54.38:934][  0]LogSlate: New Slate User Created.  User Index 0, Is Virtual User: 0
[2022.06.08-19.54.38:934][  0]LogSlate: Slate User Registered.  User Index 0, Is Virtual User: 0
[2022.06.08-19.54.40:424][  0]LogHMD: Failed to initialize OpenVR with code 110
[2022.06.08-19.54.40:424][  0]LogD3D11RHI: D3D11 adapters:
[2022.06.08-19.54.41:362][  0]LogD3D11RHI:    0. 'NVIDIA GeForce 710M' (Feature Level 11_0)
[2022.06.08-19.54.41:362][  0]LogD3D11RHI:       963/0/1945 MB DedicatedVideo/DedicatedSystem/SharedSystem, Outputs:1, VendorId:0x10de
[2022.06.08-19.54.41:417][  0]LogD3D11RHI:    1. 'NVIDIA GeForce 710M' (Feature Level 11_0)
[2022.06.08-19.54.41:418][  0]LogD3D11RHI:       963/0/1945 MB DedicatedVideo/DedicatedSystem/SharedSystem, Outputs:0, VendorId:0x10de
[2022.06.08-19.54.41:565][  0]LogD3D11RHI:    2. 'Microsoft Basic Render Driver' (Feature Level 11_0)
[2022.06.08-19.54.41:565][  0]LogD3D11RHI:       963/0/1945 MB DedicatedVideo/DedicatedSystem/SharedSystem, Outputs:0, VendorId:0x1414
[2022.06.08-19.54.41:565][  0]LogD3D11RHI: Chosen D3D11 Adapter: 0
[2022.06.08-19.54.41:581][  0]LogD3D11RHI: Creating new Direct3DDevice
[2022.06.08-19.54.41:581][  0]LogD3D11RHI:     GPU DeviceId: 0x1140 (for the marketing name, search the web for "GPU Device Id")
[2022.06.08-19.54.41:581][  0]LogWindows: EnumDisplayDevices:
[2022.06.08-19.54.41:581][  0]LogWindows:    0. 'Intel(R) HD Graphics 4000' (P:1 D:1)
[2022.06.08-19.54.41:582][  0]LogWindows:    1. 'Intel(R) HD Graphics 4000' (P:0 D:0)
[2022.06.08-19.54.41:582][  0]LogWindows:    2. 'Intel(R) HD Graphics 4000' (P:0 D:0)
[2022.06.08-19.54.41:583][  0]LogWindows:    3. 'NVIDIA GeForce 710M' (P:0 D:0)
[2022.06.08-19.54.41:583][  0]LogWindows: DebugString: PrimaryIsNotTheChoosenAdapter PrimaryIsNotTheChoosenAdapter PrimaryIsNotTheChoosenAdapter 
[2022.06.08-19.54.41:584][  0]LogD3D11RHI:     Adapter Name: NVIDIA GeForce 710M
[2022.06.08-19.54.41:584][  0]LogD3D11RHI:   Driver Version: 391.35 (internal:23.21.13.9135, unified:391.35)
[2022.06.08-19.54.41:584][  0]LogD3D11RHI:      Driver Date: 3-23-2018
[2022.06.08-19.54.41:584][  0]LogRHI: Texture pool is 674 MB (70% of 963 MB)
[2022.06.08-19.54.41:631][  0]LogD3D11RHI: Display: Timestamp queries are currently disabled on this hardware due to instability. Realtime GPU stats will not be available. You can override this behaviour by setting r.NVIDIATimestampWorkaround to 0
[2022.06.08-19.54.41:631][  0]LogD3D11RHI: Async texture creation enabled
[2022.06.08-19.54.41:645][  0]LogRendererCore: FGlobalReadBuffer::InitRHI
[2022.06.08-19.54.41:646][  0]LogRendererCore: FGlobalReadBuffer::InitRHI
[2022.06.08-19.54.41:646][  0]LogRendererCore: FGlobalReadBuffer::InitRHI
[2022.06.08-19.54.41:666][  0]LogD3D11RHI: GPU Timing Frequency: 1000.000000 (Debug: 2 2)
[2022.06.08-19.54.51:915][  0]LogTemp: Display: Module 'AllDesktopTargetPlatform' loaded TargetPlatform 'AllDesktop'
[2022.06.08-19.54.52:040][  0]LogTemp: Display: Module 'MacClientTargetPlatform' loaded TargetPlatform 'MacClient'
[2022.06.08-19.54.52:194][  0]LogTemp: Display: Module 'MacNoEditorTargetPlatform' loaded TargetPlatform 'MacNoEditor'
[2022.06.08-19.54.52:313][  0]LogTemp: Display: Module 'MacServerTargetPlatform' loaded TargetPlatform 'MacServer'
[2022.06.08-19.54.52:754][  0]LogTemp: Display: Module 'MacTargetPlatform' loaded TargetPlatform 'Mac'
[2022.06.08-19.54.52:816][  0]LogTemp: Display: Module 'WindowsClientTargetPlatform' loaded TargetPlatform 'WindowsClient'
[2022.06.08-19.54.53:065][  0]LogTemp: Display: Module 'WindowsNoEditorTargetPlatform' loaded TargetPlatform 'WindowsNoEditor'
[2022.06.08-19.54.53:132][  0]LogTemp: Display: Module 'WindowsServerTargetPlatform' loaded TargetPlatform 'WindowsServer'
[2022.06.08-19.54.53:311][  0]LogTemp: Display: Module 'WindowsTargetPlatform' loaded TargetPlatform 'Windows'
[2022.06.08-19.54.53:613][  0]LogTemp: Display: Module 'AndroidTargetPlatform' loaded TargetPlatform 'Android'
[2022.06.08-19.54.53:613][  0]LogTemp: Display: Module 'AndroidTargetPlatform' loaded TargetPlatform 'Android_ASTC'
[2022.06.08-19.54.53:613][  0]LogTemp: Display: Module 'AndroidTargetPlatform' loaded TargetPlatform 'Android_ATC'
[2022.06.08-19.54.53:613][  0]LogTemp: Display: Module 'AndroidTargetPlatform' loaded TargetPlatform 'Android_DXT'
[2022.06.08-19.54.53:613][  0]LogTemp: Display: Module 'AndroidTargetPlatform' loaded TargetPlatform 'Android_ETC1'
[2022.06.08-19.54.53:613][  0]LogTemp: Display: Module 'AndroidTargetPlatform' loaded TargetPlatform 'Android_ETC1a'
[2022.06.08-19.54.53:613][  0]LogTemp: Display: Module 'AndroidTargetPlatform' loaded TargetPlatform 'Android_ETC2'
[2022.06.08-19.54.53:613][  0]LogTemp: Display: Module 'AndroidTargetPlatform' loaded TargetPlatform 'Android_PVRTC'
[2022.06.08-19.54.53:613][  0]LogTemp: Display: Module 'AndroidTargetPlatform' loaded TargetPlatform 'AndroidClient'
[2022.06.08-19.54.53:613][  0]LogTemp: Display: Module 'AndroidTargetPlatform' loaded TargetPlatform 'Android_ASTCClient'
[2022.06.08-19.54.53:613][  0]LogTemp: Display: Module 'AndroidTargetPlatform' loaded TargetPlatform 'Android_ATCClient'
[2022.06.08-19.54.53:614][  0]LogTemp: Display: Module 'AndroidTargetPlatform' loaded TargetPlatform 'Android_DXTClient'
[2022.06.08-19.54.53:614][  0]LogTemp: Display: Module 'AndroidTargetPlatform' loaded TargetPlatform 'Android_ETC1Client'
[2022.06.08-19.54.53:614][  0]LogTemp: Display: Module 'AndroidTargetPlatform' loaded TargetPlatform 'Android_ETC1aClient'
[2022.06.08-19.54.53:614][  0]LogTemp: Display: Module 'AndroidTargetPlatform' loaded TargetPlatform 'Android_ETC2Client'
[2022.06.08-19.54.53:614][  0]LogTemp: Display: Module 'AndroidTargetPlatform' loaded TargetPlatform 'Android_PVRTCClient'
[2022.06.08-19.54.53:614][  0]LogTemp: Display: Module 'AndroidTargetPlatform' loaded TargetPlatform 'Android_Multi'
[2022.06.08-19.54.53:614][  0]LogTemp: Display: Module 'AndroidTargetPlatform' loaded TargetPlatform 'Android_MultiClient'
[2022.06.08-19.54.53:803][  0]LogTemp: Display: Module 'HTML5TargetPlatform' loaded TargetPlatform 'HTML5'
[2022.06.08-19.54.54:208][  0]LogTemp: Display: Module 'IOSTargetPlatform' loaded TargetPlatform 'IOSClient'
[2022.06.08-19.54.54:208][  0]LogTemp: Display: Module 'IOSTargetPlatform' loaded TargetPlatform 'IOS'
[2022.06.08-19.54.54:351][  0]LogTemp: Display: Module 'TVOSTargetPlatform' loaded TargetPlatform 'TVOSClient'
[2022.06.08-19.54.54:351][  0]LogTemp: Display: Module 'TVOSTargetPlatform' loaded TargetPlatform 'TVOS'
[2022.06.08-19.54.54:545][  0]LogTemp: Display: Module 'LinuxClientTargetPlatform' loaded TargetPlatform 'LinuxClient'
[2022.06.08-19.54.54:623][  0]LogTemp: Display: Module 'LinuxNoEditorTargetPlatform' loaded TargetPlatform 'LinuxNoEditor'
[2022.06.08-19.54.54:716][  0]LogTemp: Display: Module 'LinuxServerTargetPlatform' loaded TargetPlatform 'LinuxServer'
[2022.06.08-19.54.54:839][  0]LogTemp: Display: Module 'LinuxTargetPlatform' loaded TargetPlatform 'Linux'
[2022.06.08-19.54.55:013][  0]LogTemp: Display: Module 'LuminTargetPlatform' loaded TargetPlatform 'Lumin'
[2022.06.08-19.54.55:013][  0]LogTemp: Display: Module 'LuminTargetPlatform' loaded TargetPlatform 'LuminClient'
[2022.06.08-19.54.55:014][  0]LogTargetPlatformManager: Display: Building Assets For Windows
[2022.06.08-19.54.55:339][  0]LogAudioDebug: Display: Lib vorbis DLL was dynamically loaded.
[2022.06.08-19.54.56:444][  0]LogShaderCompilers: Guid format shader working directory is -12 characters bigger than the processId version (../../../../GitHub/UnrealProjects/Tanks/TanksGame/TanksMiniGame/Intermediate/Shaders/WorkingDirectory/3276/).
[2022.06.08-19.54.56:445][  0]LogShaderCompilers: Cleaned the shader compiler working directory 'C:/Users/SonnyFixit/AppData/Local/Temp/UnrealShaderWorkingDir/966B297D4942D30A287ED68D0F220C73/'.
[2022.06.08-19.54.56:472][  0]LogXGEController: Cannot use XGE Controller as Incredibuild is not installed on this machine.
[2022.06.08-19.54.56:472][  0]LogShaderCompilers: Cannot use XGE Shader Compiler as Incredibuild is not installed on this machine.
[2022.06.08-19.54.56:472][  0]LogShaderCompilers: Display: Using Local Shader Compiler.
[2022.06.08-19.55.00:010][  0]LogDerivedDataCache: Display: Max Cache Size: 512 MB
[2022.06.08-19.55.01:442][  0]LogDerivedDataCache: Loaded boot cache 1.43s 72MB C:/Users/SonnyFixit/AppData/Local/UnrealEngine/4.22/DerivedDataCache/Boot.ddc.
[2022.06.08-19.55.01:443][  0]LogDerivedDataCache: Display: Loaded Boot cache: C:/Users/SonnyFixit/AppData/Local/UnrealEngine/4.22/DerivedDataCache/Boot.ddc
[2022.06.08-19.55.01:443][  0]LogDerivedDataCache: FDerivedDataBackendGraph:  Pak pak cache file ../../../../GitHub/UnrealProjects/Tanks/TanksGame/TanksMiniGame/DerivedDataCache/DDC.ddp not found, will not use a pak cache.
[2022.06.08-19.55.01:443][  0]LogDerivedDataCache: Unable to find inner node Pak for hierarchical cache Hierarchy.
[2022.06.08-19.55.01:443][  0]LogDerivedDataCache: FDerivedDataBackendGraph:  CompressedPak pak cache file ../../../../GitHub/UnrealProjects/Tanks/TanksGame/TanksMiniGame/DerivedDataCache/Compressed.ddp not found, will not use a pak cache.
[2022.06.08-19.55.01:443][  0]LogDerivedDataCache: Unable to find inner node CompressedPak for hierarchical cache Hierarchy.
[2022.06.08-19.55.01:470][  0]LogDerivedDataCache: Display: Pak cache opened for reading ../../../Engine/DerivedDataCache/Compressed.ddp.
[2022.06.08-19.55.01:477][  0]LogDerivedDataCache: Display: Pak cache opened for reading ../../../Enterprise/DerivedDataCache/Compressed.ddp.
[2022.06.08-19.55.01:491][  0]LogDerivedDataCache: Using Local data cache path C:/Users/SonnyFixit/AppData/Local/UnrealEngine/Common/DerivedDataCache: Writable
[2022.06.08-19.55.01:491][  0]LogDerivedDataCache: Shared data cache path not found in *engine.ini, will not use an Shared cache.
[2022.06.08-19.55.01:491][  0]LogDerivedDataCache: Unable to find inner node Shared for hierarchical cache Hierarchy.
[2022.06.08-19.55.01:571][  0]LogMaterial: Verifying Global Shaders for PCD3D_SM5
[2022.06.08-19.55.01:573][  0]LogSlate: Using FreeType 2.6.0
[2022.06.08-19.55.01:786][  0]LogSlate: SlateFontServices - WITH_FREETYPE: 1, WITH_HARFBUZZ: 1
[2022.06.08-19.55.02:924][  0]LogAssetRegistry: FAssetRegistry took 0.0582 seconds to start up
[2022.06.08-19.55.04:015][  0]LogInit: Selected Device Profile: [Windows]
[2022.06.08-19.55.05:078][  0]LogMeshReduction: Using QuadricMeshReduction for automatic static mesh reduction
[2022.06.08-19.55.05:078][  0]LogMeshReduction: Using SimplygonMeshReduction for automatic skeletal mesh reduction
[2022.06.08-19.55.05:078][  0]LogMeshReduction: Using ProxyLODMeshReduction for automatic mesh merging
[2022.06.08-19.55.05:078][  0]LogMeshReduction: No distributed automatic mesh merging module available
[2022.06.08-19.55.05:078][  0]LogMeshMerging: No distributed automatic mesh merging module available
[2022.06.08-19.55.05:352][  0]LogNetVersion: TanksMiniGame 1.0.0, NetCL: 5660361, EngineNetVer: 10, GameNetVer: 0 (Checksum: 1412442164)
[2022.06.08-19.55.09:409][  0]LogAssetRegistry: Error: Failed to open file for write ../../../../GitHub/UnrealProjects/Tanks/TanksGame/TanksMiniGame/Intermediate/CachedAssetRegistry.bin
[2022.06.08-19.55.09:410][  0]LogPackageLocalizationCache: Processed 16 localized package path(s) for 1 prioritized culture(s) in 2.460260 seconds
[2022.06.08-19.55.09:421][  0]LogUObjectArray: 42205 objects as part of root set at end of initial load.
[2022.06.08-19.55.09:421][  0]LogUObjectAllocator: 7325032 out of 0 bytes used by permanent object pool.
[2022.06.08-19.55.09:421][  0]LogUObjectArray: CloseDisregardForGC: 0/0 objects in disregard for GC pool
[2022.06.08-19.55.38:950][  0]LogTcpMessaging: Initializing TcpMessaging bridge
[2022.06.08-19.55.39:024][  0]LogUdpMessaging: Initializing bridge on interface 0.0.0.0:0 to multicast group 230.0.0.1:6666.
[2022.06.08-19.55.39:972][  0]SourceControl: Source control is disabled
[2022.06.08-19.55.39:972][  0]SourceControl: Source control is disabled
[2022.06.08-19.55.40:207][  0]SourceControl: Source control is disabled
[2022.06.08-19.55.40:269][  0]SourceControl: Source control is disabled
[2022.06.08-19.55.42:572][  0]LogAndroidPermission: UAndroidPermissionCallbackProxy::GetInstance
[2022.06.08-19.55.42:977][  0]LogOcInput: OculusInput pre-init called
[2022.06.08-19.55.52:262][  0]LogEngine: Initializing Engine...
[2022.06.08-19.55.52:263][  0]LogHMD: Failed to initialize OpenVR with code 110
[2022.06.08-19.55.52:266][  0]LogStats: UGameplayTagsManager::InitializeManager -  0.000 s
[2022.06.08-19.55.53:031][  0]LogInit: Initializing FReadOnlyCVARCache
[2022.06.08-19.55.53:153][  0]LogAIModule: Creating AISystem for world Untitled
[2022.06.08-19.55.53:327][  0]LogInit: XAudio2 using 'Speakers (Realtek High Definition Audio)' : 2 channels at 48 kHz using 32 bits per sample (channel mask 0x3)
[2022.06.08-19.55.53:639][  0]LogInit: FAudioDevice initialized.
[2022.06.08-19.55.53:639][  0]LogNetVersion: Set ProjectVersion to 1.0.0.0. Version Checksum will be recalculated on next use.
[2022.06.08-19.55.54:920][  0]LogDerivedDataCache: Error: Could not save memory cache C:/Users/SonnyFixit/AppData/Local/UnrealEngine/4.22/DerivedDataCache/Boot.ddc.
[2022.06.08-19.55.54:932][  0]LogInit: Texture streaming: Enabled
[2022.06.08-19.55.59:912][  0]LogEngineSessionManager: EngineSessionManager initialized
[2022.06.08-19.56.01:777][  0]LogInit: Transaction tracking system initialized
[2022.06.08-19.56.03:342][  0]BlueprintLog: New page: Editor Load
[2022.06.08-19.56.05:263][  0]LocalizationService: Localization service is disabled
[2022.06.08-19.56.10:016][  0]LogFileCache: Scanning file cache for directory 'E:/GitHub/UnrealProjects/Tanks/TanksGame/TanksMiniGame/Content/' took 0.02s
[2022.06.08-19.56.10:016][  0]LogCook: Display: Max memory allowance for cook 16384mb min free memory 0mb
[2022.06.08-19.56.10:016][  0]LogCook: Display: Mobile HDR setting 1
[2022.06.08-19.56.17:136][  0]SourceControl: Source control is disabled
[2022.06.08-19.56.17:137][  0]Cmd: MAP LOAD FILE="../../../../GitHub/UnrealProjects/Tanks/TanksGame/TanksMiniGame/Content/Maps/Main.umap" TEMPLATE=0 SHOWPROGRESS=1 FEATURELEVEL=3
[2022.06.08-19.56.17:174][  0]LightingResults: New page: Lighting Build
[2022.06.08-19.56.17:356][  0]MapCheck: New page: Map Check
[2022.06.08-19.56.17:356][  0]LightingResults: New page: Lighting Build
[2022.06.08-19.56.17:641][  0]LogUObjectHash: Compacting FUObjectHashTables data took   5.70ms
[2022.06.08-19.56.20:027][  0]LogAIModule: Creating AISystem for world Main
[2022.06.08-19.56.20:951][  0]LogEditorServer: Finished looking for orphan Actors (0.000 secs)
[2022.06.08-19.56.21:079][  0]LogUObjectHash: Compacting FUObjectHashTables data took   6.28ms
[2022.06.08-19.56.21:079][  0]Cmd: MAP CHECKDEP NOCLEARLOG
[2022.06.08-19.56.21:088][  0]MapCheck: Map check complete: 0 Error(s), 0 Warning(s), took 8,799ms to complete.
[2022.06.08-19.56.21:107][  0]LogFileHelpers: Loading map 'Main' took 3.970
[2022.06.08-19.56.23:123][  0]LogSlate: Updating window title bar state: overlay mode, drag disabled, window buttons hidden, title bar hidden
[2022.06.08-19.56.23:207][  0]LogSlate: Updating window title bar state: overlay mode, drag disabled, window buttons hidden, title bar hidden
[2022.06.08-19.56.23:231][  0]LogSlate: Updating window title bar state: overlay mode, drag disabled, window buttons hidden, title bar hidden
[2022.06.08-19.56.23:253][  0]LogSlate: Updating window title bar state: overlay mode, drag disabled, window buttons hidden, title bar hidden
[2022.06.08-19.56.23:472][  0]LogCollectionManager: Loaded 0 collections in 0.002354 seconds
[2022.06.08-19.56.23:967][  0]LogFileCache: Scanning file cache for directory 'E:/GitHub/UnrealProjects/Tanks/TanksGame/TanksMiniGame/Saved/Collections/' took 0.01s
[2022.06.08-19.56.23:967][  0]LogFileCache: Scanning file cache for directory 'E:/GitHub/UnrealProjects/Tanks/TanksGame/TanksMiniGame/Content/Developers/SonnyFixit/Collections/' took 0.00s
[2022.06.08-19.56.23:967][  0]LogFileCache: Scanning file cache for directory 'E:/GitHub/UnrealProjects/Tanks/TanksGame/TanksMiniGame/Content/Collections/' took 0.01s
[2022.06.08-19.56.23:967][  0]LogCollectionManager: Rebuilt the GUID cache for 0 collections in 0.000001 seconds
[2022.06.08-19.56.24:055][  0]LogContentBrowser: Native class hierarchy populated in 0.0666 seconds. Added 2872 classes and 728 folders.
[2022.06.08-19.56.24:377][  0]LogContentBrowser: Native class hierarchy updated for 'WidgetCarousel' in 0.0007 seconds. Added 0 classes and 0 folders.
[2022.06.08-19.56.24:452][  0]LogPakFile: Registered encryption key '00000000000000000000000000000000': 0 pak files mounted, 0 remain pending
[2022.06.08-19.56.24:593][  0]LogPakFile: Registered encryption key '00000000000000000000000000000000': 0 pak files mounted, 0 remain pending
[2022.06.08-19.56.24:618][  0]LogPakFile: Registered encryption key '00000000000000000000000000000000': 0 pak files mounted, 0 remain pending
[2022.06.08-19.56.24:635][  0]LogPakFile: Registered encryption key '00000000000000000000000000000000': 0 pak files mounted, 0 remain pending
[2022.06.08-19.56.24:642][  0]LogPakFile: Registered encryption key '00000000000000000000000000000000': 0 pak files mounted, 0 remain pending
[2022.06.08-19.56.24:652][  0]LogPakFile: Registered encryption key '00000000000000000000000000000000': 0 pak files mounted, 0 remain pending
[2022.06.08-19.56.24:654][  0]LogPakFile: Registered encryption key '00000000000000000000000000000000': 0 pak files mounted, 0 remain pending
[2022.06.08-19.56.24:680][  0]LogPakFile: Registered encryption key '00000000000000000000000000000000': 0 pak files mounted, 0 remain pending
[2022.06.08-19.56.24:737][  0]LogPakFile: Registered encryption key '00000000000000000000000000000000': 0 pak files mounted, 0 remain pending
[2022.06.08-19.56.24:803][  0]LogPakFile: Registered encryption key '00000000000000000000000000000000': 0 pak files mounted, 0 remain pending
[2022.06.08-19.56.24:847][  0]LogPakFile: Registered encryption key '00000000000000000000000000000000': 0 pak files mounted, 0 remain pending
[2022.06.08-19.56.24:862][  0]LogPakFile: Registered encryption key '00000000000000000000000000000000': 0 pak files mounted, 0 remain pending
[2022.06.08-19.56.24:886][  0]LogPakFile: Registered encryption key '00000000000000000000000000000000': 0 pak files mounted, 0 remain pending
[2022.06.08-19.56.24:912][  0]LogPakFile: Registered encryption key '00000000000000000000000000000000': 0 pak files mounted, 0 remain pending
[2022.06.08-19.56.25:053][  0]LogPakFile: Registered encryption key '00000000000000000000000000000000': 0 pak files mounted, 0 remain pending
[2022.06.08-19.56.25:098][  0]LogPakFile: Registered encryption key '00000000000000000000000000000000': 0 pak files mounted, 0 remain pending
[2022.06.08-19.56.25:118][  0]LogPakFile: Registered encryption key '00000000000000000000000000000000': 0 pak files mounted, 0 remain pending
[2022.06.08-19.56.25:187][  0]LogPakFile: Registered encryption key '00000000000000000000000000000000': 0 pak files mounted, 0 remain pending
[2022.06.08-19.56.25:277][  0]LogPakFile: Registered encryption key '00000000000000000000000000000000': 0 pak files mounted, 0 remain pending
[2022.06.08-19.56.25:352][  0]LogPakFile: Registered encryption key '00000000000000000000000000000000': 0 pak files mounted, 0 remain pending
[2022.06.08-19.56.25:370][  0]LogPakFile: Registered encryption key '00000000000000000000000000000000': 0 pak files mounted, 0 remain pending
[2022.06.08-19.56.25:385][  0]LogPakFile: Registered encryption key '00000000000000000000000000000000': 0 pak files mounted, 0 remain pending
[2022.06.08-19.56.25:400][  0]LogPakFile: Registered encryption key '00000000000000000000000000000000': 0 pak files mounted, 0 remain pending
[2022.06.08-19.56.25:426][  0]LogPakFile: Registered encryption key '00000000000000000000000000000000': 0 pak files mounted, 0 remain pending
[2022.06.08-19.56.25:456][  0]LogPakFile: Registered encryption key '00000000000000000000000000000000': 0 pak files mounted, 0 remain pending
[2022.06.08-19.56.25:498][  0]LogPakFile: Registered encryption key '00000000000000000000000000000000': 0 pak files mounted, 0 remain pending
[2022.06.08-19.56.25:542][  0]LogPakFile: Registered encryption key '00000000000000000000000000000000': 0 pak files mounted, 0 remain pending
[2022.06.08-19.56.25:604][  0]LogPakFile: Registered encryption key '00000000000000000000000000000000': 0 pak files mounted, 0 remain pending
[2022.06.08-19.56.26:859][  0]LogContentBrowser: Native class hierarchy updated for 'AddContentDialog' in 0.0007 seconds. Added 0 classes and 0 folders.
[2022.06.08-19.56.27:114][  0]LogContentBrowser: Native class hierarchy updated for 'SceneOutliner' in 0.0013 seconds. Added 1 classes and 0 folders.
[2022.06.08-19.56.28:027][  0]LogSlate: Took 0.010845 seconds to synchronously load lazily loaded font '../../../Engine/Content/Slate/Fonts/Roboto-Regular.ttf' (155K)
[2022.06.08-19.56.28:079][  0]LogSlate: Took 0.018198 seconds to synchronously load lazily loaded font '../../../Engine/Content/Slate/Fonts/Roboto-Bold.ttf' (160K)
[2022.06.08-19.56.28:325][  0]LogSlate: Took 0.020413 seconds to synchronously load lazily loaded font '../../../Engine/Content/Editor/Slate/Fonts/FontAwesome.ttf' (139K)
[2022.06.08-19.56.29:252][  0]LogRenderer: Reallocating scene render targets to support 856x372 Format 9 NumSamples 1 (Frame:1).
[2022.06.08-19.56.30:554][  0]LogSlate: Took 0.023576 seconds to synchronously load lazily loaded font '../../../Engine/Content/Slate/Fonts/Roboto-Light.ttf' (167K)
[2022.06.08-19.56.38:712][  0]LogContentBrowser: Native class hierarchy updated for 'HierarchicalLODOutliner' in 0.0010 seconds. Added 0 classes and 0 folders.
[2022.06.08-19.56.38:712][  0]LogLoad: (Engine Initialization) Total time: 252.66 seconds
[2022.06.08-19.56.38:712][  0]LogLoad: (Engine Initialization) Total Blueprint compile time: 0.00 seconds
[2022.06.08-19.56.41:006][  0]LogContentStreaming: Texture pool size now 400 MB
[2022.06.08-19.56.43:357][  2]LogSlate: Took 0.000885 seconds to synchronously load lazily loaded font '../../../Engine/Content/Slate/Fonts/Roboto-Light.ttf' (167K)
[2022.06.08-19.56.43:833][  4]LogAssetRegistry: Asset discovery search completed in 100.9306 seconds
[2022.06.08-19.56.44:376][  4]LogCollectionManager: Rebuilt the object cache for 0 collections in 0.000001 seconds (found 0 objects)
[2022.06.08-19.56.44:376][  4]LogCollectionManager: Fixed up redirectors for 0 collections in 0.000171 seconds (updated 0 objects)
[2022.06.08-20.25.28:856][161]LogSlate: FSceneViewport::OnFocusLost() reason 0
[2022.06.08-20.25.30:759][161]LogAssetEditorManager: Opening Asset editor for WidgetBlueprint /Game/Blueprints/Widgets/WPB_StartGameWidget.WPB_StartGameWidget
[2022.06.08-20.25.35:572][161]LogContentBrowser: Native class hierarchy updated for 'BlueprintGraph' in 0.0015 seconds. Added 121 classes and 0 folders.
[2022.06.08-20.25.45:599][161]LogAssetEditorManager: Opening Asset editor for Blueprint /Game/Blueprints/Actors/BP_Projectile.BP_Projectile
[2022.06.08-20.25.54:470][416]LogSlate: FSceneViewport::OnFocusLost() reason 0
[2022.06.08-20.26.39:133][556]LogUnrealEdMisc: Warning: Heartbeat event firing too frequently (49.275 sec). This should never happen. Something is wrong with the timer delegate!
[2022.06.08-20.27.24:259][328]LogAssetEditorManager: Opening Asset editor for Class /Script/TanksMiniGame.BasePawn
[2022.06.08-20.34.09:096][960]LogVSAccessor: Warning: Couldn't goto line number '1' in 'E:/GitHub/UnrealProjects/Tanks/TanksGame/TanksMiniGame/Source/TanksMiniGame/BasePawn.h'
[2022.06.08-20.34.15:828][961]LogUnrealEdMisc: Warning: Heartbeat event firing too frequently (0.000 sec). This should never happen. Something is wrong with the timer delegate!
[2022.06.08-20.34.15:828][961]LogUnrealEdMisc: Warning: Heartbeat event firing too frequently (0.000 sec). This should never happen. Something is wrong with the timer delegate!
[2022.06.08-20.34.15:828][961]LogUnrealEdMisc: Warning: Heartbeat event firing too frequently (0.000 sec). This should never happen. Something is wrong with the timer delegate!
[2022.06.08-20.34.15:828][961]LogUnrealEdMisc: Warning: Heartbeat event firing too frequently (0.000 sec). This should never happen. Something is wrong with the timer delegate!
[2022.06.08-20.34.15:828][961]LogUnrealEdMisc: Warning: Heartbeat event firing too frequently (0.000 sec). This should never happen. Something is wrong with the timer delegate!
[2022.06.08-20.34.38:912][ 30]LogUnrealEdMisc: Warning: Heartbeat event firing too frequently (23.084 sec). This should never happen. Something is wrong with the timer delegate!
[2022.06.08-20.55.06:025][874]LogAssetEditorManager: Opening Asset editor for Blueprint /Game/Blueprints/GameMode/BP_TanksMiniGameMode.BP_TanksMiniGameMode
[2022.06.08-20.55.08:486][874]LogSlate: Took 0.031818 seconds to synchronously load lazily loaded font '../../../Engine/Content/Slate/Fonts/Roboto-BoldCondensed.ttf' (158K)
[2022.06.08-20.55.21:252][158]LogSlate: Took 0.024105 seconds to synchronously load lazily loaded font '../../../Engine/Content/Slate/Fonts/Roboto-Italic.ttf' (157K)
[2022.06.08-20.56.24:263][ 83]LogUObjectHash: Compacting FUObjectHashTables data took 158.18ms
[2022.06.08-20.56.24:269][ 83]LogFileHelpers: Editor autosave (incl. sublevels) for '/Game/Maps/Main' took 1.341
[2022.06.08-20.56.24:362][ 83]OBJ SavePackage: Generating thumbnails for [0] asset(s) in package [/Game/Blueprints/GameMode/BP_TanksMiniGameMode] ([1] browsable assets)...
[2022.06.08-20.56.24:396][ 83]OBJ SavePackage: Finished generating thumbnails for package [/Game/Blueprints/GameMode/BP_TanksMiniGameMode]
[2022.06.08-20.56.25:081][ 83]LogSavePackage: Moving '../../../../GitHub/UnrealProjects/Tanks/TanksGame/TanksMiniGame/Saved/BP_TanksMiniGameMode_Auto1720DCB084CDF3297A0E8F790C65BA300.tmp' to '../../../../GitHub/UnrealProjects/Tanks/TanksGame/TanksMiniGame/Saved/Autosaves/Game/Blueprints/GameMode/BP_TanksMiniGameMode_Auto1.uasset'
[2022.06.08-20.56.25:132][ 83]LogFileHelpers: Auto-saving content packages took 0.862
[2022.06.08-21.00.56:614][534]LogSlate: Window 'BP_TanksMiniGameMode' being destroyed
[2022.06.08-21.00.56:618][534]LogSlate: Window 'BP_TanksMiniGameMode' being destroyed
[2022.06.08-21.01.18:673][534]LogActorComponent: UnregisterComponent: (/Engine/Transient.EditorFloorComp) Not registered. Aborting.
[2022.06.08-21.02.24:673][319]LogUObjectHash: Compacting FUObjectHashTables data took  25.50ms
[2022.06.08-21.02.30:360][647]LogAssetEditorManager: Opening Asset editor for WidgetBlueprint /Game/Blueprints/Widgets/WPB_EndGameWidget.WPB_EndGameWidget
[2022.06.08-21.06.25:487][574]LogUObjectHash: Compacting FUObjectHashTables data took   9.06ms
[2022.06.08-21.06.25:487][574]LogFileHelpers: Editor autosave (incl. sublevels) for '/Game/Maps/Main' took 0.131
[2022.06.08-21.06.25:489][574]OBJ SavePackage: Generating thumbnails for [0] asset(s) in package [/Game/Blueprints/Widgets/WPB_EndGameWidget] ([1] browsable assets)...
[2022.06.08-21.06.25:489][574]OBJ SavePackage: Finished generating thumbnails for package [/Game/Blueprints/Widgets/WPB_EndGameWidget]
[2022.06.08-21.06.25:592][574]LogSavePackage: Moving '../../../../GitHub/UnrealProjects/Tanks/TanksGame/TanksMiniGame/Saved/WPB_EndGameWidget_Auto2DCBB9D064E62312778B87893A06E2FAB.tmp' to '../../../../GitHub/UnrealProjects/Tanks/TanksGame/TanksMiniGame/Saved/Autosaves/Game/Blueprints/Widgets/WPB_EndGameWidget_Auto2.uasset'
[2022.06.08-21.06.25:593][574]LogFileHelpers: Auto-saving content packages took 0.104
[2022.06.08-21.11.16:042][657]LogAssetEditorManager: Opening Asset editor for Blueprint /Game/Blueprints/GameMode/BP_TanksMiniGameMode.BP_TanksMiniGameMode
[2022.06.08-21.16.25:779][960]LogUObjectHash: Compacting FUObjectHashTables data took   7.46ms
[2022.06.08-21.16.25:779][960]LogFileHelpers: Editor autosave (incl. sublevels) for '/Game/Maps/Main' took 0.068
[2022.06.08-21.16.25:781][960]OBJ SavePackage: Generating thumbnails for [0] asset(s) in package [/Game/Blueprints/GameMode/BP_TanksMiniGameMode] ([1] browsable assets)...
[2022.06.08-21.16.25:781][960]OBJ SavePackage: Finished generating thumbnails for package [/Game/Blueprints/GameMode/BP_TanksMiniGameMode]
[2022.06.08-21.16.26:034][960]LogSavePackage: Moving '../../../../GitHub/UnrealProjects/Tanks/TanksGame/TanksMiniGame/Saved/BP_TanksMiniGameMode_Auto3F4D95E6D44FF081F11918E8C923B0748.tmp' to '../../../../GitHub/UnrealProjects/Tanks/TanksGame/TanksMiniGame/Saved/Autosaves/Game/Blueprints/GameMode/BP_TanksMiniGameMode_Auto3.uasset'
[2022.06.08-21.16.26:035][960]OBJ SavePackage: Generating thumbnails for [0] asset(s) in package [/Game/Blueprints/Widgets/WPB_EndGameWidget] ([1] browsable assets)...
[2022.06.08-21.16.26:035][960]OBJ SavePackage: Finished generating thumbnails for package [/Game/Blueprints/Widgets/WPB_EndGameWidget]
[2022.06.08-21.16.26:056][960]LogSavePackage: Moving '../../../../GitHub/UnrealProjects/Tanks/TanksGame/TanksMiniGame/Saved/WPB_EndGameWidget_Auto36C56F66846CE66CD03722583758C3A63.tmp' to '../../../../GitHub/UnrealProjects/Tanks/TanksGame/TanksMiniGame/Saved/Autosaves/Game/Blueprints/Widgets/WPB_EndGameWidget_Auto3.uasset'
[2022.06.08-21.16.26:058][960]LogFileHelpers: Auto-saving content packages took 0.277
[2022.06.08-21.19.24:876][607]BlueprintLog: New page: Compile BP_TanksMiniGameMode
[2022.06.08-21.19.26:997][607]LogUObjectHash: Compacting FUObjectHashTables data took   6.62ms
[2022.06.08-21.20.27:713][829]LogSlate: Took 0.027974 seconds to synchronously load lazily loaded font '../../../Engine/Content/Slate/Fonts/Roboto-BoldCondensedItalic.ttf' (160K)
[2022.06.08-21.25.02:851][439]LogSavePackage: Moving '../../../../GitHub/UnrealProjects/Tanks/TanksGame/TanksMiniGame/Saved/BP_TanksMiniGameModeA46A09104F0E207CA622ADB6820A61A8.tmp' to '../../../../GitHub/UnrealProjects/Tanks/TanksGame/TanksMiniGame/Content/Blueprints/GameMode/BP_TanksMiniGameMode.uasset'
[2022.06.08-21.25.28:050][776]LogSavePackage: Moving '../../../../GitHub/UnrealProjects/Tanks/TanksGame/TanksMiniGame/Saved/BP_TanksMiniGameModeDCF21A4C4CA91B1937FA5088CF1411A1.tmp' to '../../../../GitHub/UnrealProjects/Tanks/TanksGame/TanksMiniGame/Content/Blueprints/GameMode/BP_TanksMiniGameMode.uasset'
[2022.06.08-21.25.29:674][860]BlueprintLog: New page: Compile BP_TanksMiniGameMode
[2022.06.08-21.25.30:019][860]LogUObjectHash: Compacting FUObjectHashTables data took   7.35ms
[2022.06.08-21.25.34:494][ 80]LogTemp: Repeating last play command: Selected Viewport
[2022.06.08-21.25.34:729][ 80]LogBlueprintUserMessages: Early PlayInEditor Detection: Level '/Game/Maps/Main.Main:PersistentLevel' has LevelScriptBlueprint '/Game/Maps/Main.Main:PersistentLevel.Main' with GeneratedClass '/Game/Maps/Main.Main_C' with ClassGeneratedBy '/Game/Maps/Main.Main:PersistentLevel.Main'
[2022.06.08-21.25.34:796][ 80]BlueprintLog: New page: Pre-Play auto-recompile
[2022.06.08-21.25.34:802][ 80]LogPlayLevel: [PlayLevel] Compiling WPB_EndGameWidget before play...
[2022.06.08-21.25.35:181][ 80]LogUObjectHash: Compacting FUObjectHashTables data took   6.70ms
[2022.06.08-21.25.35:182][ 80]LogPlayLevel: PlayLevel: Blueprint regeneration took 386 ms (1 blueprints)
[2022.06.08-21.25.35:484][ 80]PIE: New page: PIE session: Main (9 cze 2022, 01:25:35)
[2022.06.08-21.25.36:337][ 80]LogPlayLevel: Creating play world package: /Game/Maps/UEDPIE_0_Main
[2022.06.08-21.25.36:620][ 80]LogPlayLevel: PIE: StaticDuplicateObject took: (0.282806s)
[2022.06.08-21.25.36:740][ 80]LogAIModule: Creating AISystem for world Main
[2022.06.08-21.25.36:948][ 80]LogPlayLevel: PIE: World Init took: (0.328554s)
[2022.06.08-21.25.36:948][ 80]LogPlayLevel: PIE: Created PIE world by copying editor world from /Game/Maps/Main.Main to /Game/Maps/UEDPIE_0_Main.Main (0.611946s)
[2022.06.08-21.25.37:005][ 80]LogUObjectHash: Compacting FUObjectHashTables data took   3.78ms
[2022.06.08-21.25.37:347][ 80]LogInit: XAudio2 using 'Speakers (Realtek High Definition Audio)' : 2 channels at 48 kHz using 32 bits per sample (channel mask 0x3)
[2022.06.08-21.25.38:290][ 80]LogInit: FAudioDevice initialized.
[2022.06.08-21.25.38:759][ 80]LogLoad: Game class is 'BP_TanksMiniGameMode_C'
[2022.06.08-21.25.38:961][ 80]LogWorld: Bringing World /Game/Maps/UEDPIE_0_Main.Main up for play (max tick rate 60) at 2022.06.08-23.25.38
[2022.06.08-21.25.39:660][ 80]LogWorld: Bringing up level for play took: 0.801298
[2022.06.08-21.25.40:330][ 80]LogContentBrowser: Native class hierarchy updated for 'MovieSceneCapture' in 0.0009 seconds. Added 20 classes and 0 folders.
[2022.06.08-21.25.40:639][ 80]PIE: Play in editor start time for /Game/Maps/UEDPIE_0_Main 5,773
[2022.06.08-21.25.40:705][ 80]LogBlueprintUserMessages: Late PlayInEditor Detection: Level '/Game/Maps/Main.Main:PersistentLevel' has LevelScriptBlueprint '/Game/Maps/Main.Main:PersistentLevel.Main' with GeneratedClass '/Game/Maps/Main.Main_C' with ClassGeneratedBy '/Game/Maps/Main.Main:PersistentLevel.Main'
[2022.06.08-21.26.09:663][506]LogBlueprintUserMessages: Early EndPlayMap Detection: Level '/Game/Maps/Main.Main:PersistentLevel' has LevelScriptBlueprint '/Game/Maps/Main.Main:PersistentLevel.Main' with GeneratedClass '/Game/Maps/Main.Main_C' with ClassGeneratedBy '/Game/Maps/Main.Main:PersistentLevel.Main'
[2022.06.08-21.26.09:687][506]LogSlate: Updating window title bar state: overlay mode, drag disabled, window buttons hidden, title bar hidden
[2022.06.08-21.26.09:853][506]LogPlayLevel: Display: Shutting down PIE online subsystems
[2022.06.08-21.26.09:873][506]LogBlueprintUserMessages: Late EndPlayMap Detection: Level '/Game/Maps/Main.Main:PersistentLevel' has LevelScriptBlueprint '/Game/Maps/Main.Main:PersistentLevel.Main' with GeneratedClass '/Game/Maps/Main.Main_C' with ClassGeneratedBy '/Game/Maps/Main.Main:PersistentLevel.Main'
[2022.06.08-21.26.10:067][506]LogSlate: Updating window title bar state: overlay mode, drag disabled, window buttons hidden, title bar hidden
[2022.06.08-21.26.10:305][506]LogUObjectHash: Compacting FUObjectHashTables data took  10.70ms
[2022.06.08-21.26.10:490][507]LogPlayLevel: Display: Destroying online subsystem :Context_8
[2022.06.08-21.26.10:940][533]LogSlate: FSceneViewport::OnFocusLost() reason 2
[2022.06.08-21.26.12:045][598]LogTemp: Repeating last play command: Selected Viewport
[2022.06.08-21.26.12:074][598]LogBlueprintUserMessages: Early PlayInEditor Detection: Level '/Game/Maps/Main.Main:PersistentLevel' has LevelScriptBlueprint '/Game/Maps/Main.Main:PersistentLevel.Main' with GeneratedClass '/Game/Maps/Main.Main_C' with ClassGeneratedBy '/Game/Maps/Main.Main:PersistentLevel.Main'
[2022.06.08-21.26.12:074][598]LogPlayLevel: PlayLevel: No blueprints needed recompiling
[2022.06.08-21.26.12:074][598]PIE: New page: PIE session: Main (9 cze 2022, 01:26:12)
[2022.06.08-21.26.12:074][598]LogPlayLevel: Creating play world package: /Game/Maps/UEDPIE_0_Main
[2022.06.08-21.26.12:081][598]LogPlayLevel: PIE: StaticDuplicateObject took: (0.006553s)
[2022.06.08-21.26.12:082][598]LogAIModule: Creating AISystem for world Main
[2022.06.08-21.26.12:082][598]LogPlayLevel: PIE: World Init took: (0.000935s)
[2022.06.08-21.26.12:082][598]LogPlayLevel: PIE: Created PIE world by copying editor world from /Game/Maps/Main.Main to /Game/Maps/UEDPIE_0_Main.Main (0.007760s)
[2022.06.08-21.26.12:157][598]LogUObjectHash: Compacting FUObjectHashTables data took   6.91ms
[2022.06.08-21.26.12:159][598]LogInit: XAudio2 using 'Speakers (Realtek High Definition Audio)' : 2 channels at 48 kHz using 32 bits per sample (channel mask 0x3)
[2022.06.08-21.26.12:381][598]LogInit: FAudioDevice initialized.
[2022.06.08-21.26.12:381][598]LogSlate: FSceneViewport::OnFocusLost() reason 2
[2022.06.08-21.26.12:442][598]LogLoad: Game class is 'BP_TanksMiniGameMode_C'
[2022.06.08-21.26.12:444][598]LogWorld: Bringing World /Game/Maps/UEDPIE_0_Main.Main up for play (max tick rate 60) at 2022.06.08-23.26.12
[2022.06.08-21.26.12:445][598]LogWorld: Bringing up level for play took: 0.001975
[2022.06.08-21.26.12:460][598]PIE: Play in editor start time for /Game/Maps/UEDPIE_0_Main -0,407
[2022.06.08-21.26.12:460][598]LogBlueprintUserMessages: Late PlayInEditor Detection: Level '/Game/Maps/Main.Main:PersistentLevel' has LevelScriptBlueprint '/Game/Maps/Main.Main:PersistentLevel.Main' with GeneratedClass '/Game/Maps/Main.Main_C' with ClassGeneratedBy '/Game/Maps/Main.Main:PersistentLevel.Main'
[2022.06.08-21.26.31:181][710]LogBlueprintUserMessages: Early EndPlayMap Detection: Level '/Game/Maps/Main.Main:PersistentLevel' has LevelScriptBlueprint '/Game/Maps/Main.Main:PersistentLevel.Main' with GeneratedClass '/Game/Maps/Main.Main_C' with ClassGeneratedBy '/Game/Maps/Main.Main:PersistentLevel.Main'
[2022.06.08-21.26.31:182][710]LogSlate: Updating window title bar state: overlay mode, drag disabled, window buttons hidden, title bar hidden
[2022.06.08-21.26.31:222][710]LogPlayLevel: Display: Shutting down PIE online subsystems
[2022.06.08-21.26.31:222][710]LogBlueprintUserMessages: Late EndPlayMap Detection: Level '/Game/Maps/Main.Main:PersistentLevel' has LevelScriptBlueprint '/Game/Maps/Main.Main:PersistentLevel.Main' with GeneratedClass '/Game/Maps/Main.Main_C' with ClassGeneratedBy '/Game/Maps/Main.Main:PersistentLevel.Main'
[2022.06.08-21.26.31:318][710]LogSlate: Updating window title bar state: overlay mode, drag disabled, window buttons hidden, title bar hidden
[2022.06.08-21.26.31:327][710]LogUObjectHash: Compacting FUObjectHashTables data took   4.62ms
[2022.06.08-21.26.31:403][711]LogPlayLevel: Display: Destroying online subsystem :Context_9
[2022.06.08-21.26.36:536][ 15]LogSlate: FSceneViewport::OnFocusLost() reason 0
[2022.06.08-21.32.39:675][197]LogSlate: FSceneViewport::OnFocusLost() reason 0
[2022.06.08-21.33.20:891][ 84]LogSlate: Window 'Pick Parent Class' being destroyed
[2022.06.08-21.33.41:575][311]LogAssetEditorManager: Opening Asset editor for Blueprint /Game/Blueprints/Camera/HitCameraShake.HitCameraShake
[2022.06.08-21.35.16:164][229]Cmd: OBJ SAVEPACKAGE PACKAGE="/Game/Blueprints/Camera/HitCameraShake" FILE="../../../../GitHub/UnrealProjects/Tanks/TanksGame/TanksMiniGame/Content/Blueprints/Camera/HitCameraShake.uasset" SILENT=true
[2022.06.08-21.35.16:171][229]LogSavePackage: Moving '../../../../GitHub/UnrealProjects/Tanks/TanksGame/TanksMiniGame/Saved/HitCameraShake7D22891C4564326B25C9F2BD2CE08DC0.tmp' to '../../../../GitHub/UnrealProjects/Tanks/TanksGame/TanksMiniGame/Content/Blueprints/Camera/HitCameraShake.uasset'
[2022.06.08-21.37.25:227][311]Cmd: OBJ SAVEPACKAGE PACKAGE="/Game/Blueprints/Camera/HitCameraShake" FILE="../../../../GitHub/UnrealProjects/Tanks/TanksGame/TanksMiniGame/Content/Blueprints/Camera/HitCameraShake.uasset" SILENT=true
[2022.06.08-21.37.25:271][311]LogSavePackage: Moving '../../../../GitHub/UnrealProjects/Tanks/TanksGame/TanksMiniGame/Saved/HitCameraShake4D9C8AF24E71B32C6AC6C7BEA98FE3AA.tmp' to '../../../../GitHub/UnrealProjects/Tanks/TanksGame/TanksMiniGame/Content/Blueprints/Camera/HitCameraShake.uasset'
[2022.06.08-21.37.27:059][405]BlueprintLog: New page: Compile HitCameraShake
[2022.06.08-21.37.27:184][405]LogUObjectHash: Compacting FUObjectHashTables data took   7.99ms
[2022.06.08-21.37.57:087][403]LogSlate: Window 'Pick Parent Class' being destroyed
[2022.06.08-21.38.03:720][798]LogAssetEditorManager: Opening Asset editor for Blueprint /Game/Blueprints/Camera/DeathCameraShake.DeathCameraShake
[2022.06.08-21.38.31:406][241]Cmd: OBJ SAVEPACKAGE PACKAGE="/Game/Blueprints/Camera/DeathCameraShake" FILE="../../../../GitHub/UnrealProjects/Tanks/TanksGame/TanksMiniGame/Content/Blueprints/Camera/DeathCameraShake.uasset" SILENT=true
[2022.06.08-21.38.31:413][241]LogSavePackage: Moving '../../../../GitHub/UnrealProjects/Tanks/TanksGame/TanksMiniGame/Saved/DeathCameraShake2D977798418AF32C8FE1509378E41BE2.tmp' to '../../../../GitHub/UnrealProjects/Tanks/TanksGame/TanksMiniGame/Content/Blueprints/Camera/DeathCameraShake.uasset'
[2022.06.08-21.38.57:192][637]Cmd: OBJ SAVEPACKAGE PACKAGE="/Game/Blueprints/Camera/DeathCameraShake" FILE="../../../../GitHub/UnrealProjects/Tanks/TanksGame/TanksMiniGame/Content/Blueprints/Camera/DeathCameraShake.uasset" SILENT=true
[2022.06.08-21.38.57:222][637]LogSavePackage: Moving '../../../../GitHub/UnrealProjects/Tanks/TanksGame/TanksMiniGame/Saved/DeathCameraShakeC453EDA942F0FF51B6A1DCAEF0790436.tmp' to '../../../../GitHub/UnrealProjects/Tanks/TanksGame/TanksMiniGame/Content/Blueprints/Camera/DeathCameraShake.uasset'
[2022.06.08-21.38.59:616][762]BlueprintLog: New page: Compile DeathCameraShake
[2022.06.08-21.38.59:706][762]LogUObjectHash: Compacting FUObjectHashTables data took   8.10ms
[2022.06.08-22.06.26:176][ 73]LogHotReload: New module detected: UE4Editor-TanksMiniGame-0014.dll
[2022.06.08-22.06.34:153][ 96]LogHotReload: Starting Hot-Reload from IDE
[2022.06.08-22.08.28:838][ 96]LogUObjectHash: Compacting FUObjectHashTables data took 1870.95ms
[2022.06.08-22.08.32:746][ 96]LogClass: Could not find existing class BasePawn in package /Script/TanksMiniGame for HotReload, assuming new class
[2022.06.08-22.08.33:079][ 96]LogClass: Could not find existing class Projectile in package /Script/TanksMiniGame for HotReload, assuming new class
[2022.06.08-22.08.33:079][ 96]LogClass: Function OnHit is new.
[2022.06.08-22.08.33:079][ 96]LogClass: Could not find existing class Tank in package /Script/TanksMiniGame for HotReload, assuming new class
[2022.06.08-22.08.33:190][ 96]LogClass: Could not find existing class Tower in package /Script/TanksMiniGame for HotReload, assuming new class
[2022.06.08-22.08.35:908][ 96]LogHotReload: Re-instancing BasePawn after hot-reload.
[2022.06.08-22.08.58:959][ 96]LogHotReload: Re-instancing Projectile after hot-reload.
[2022.06.08-22.09.02:323][ 96]LogHotReload: Re-instancing Tank after hot-reload.
[2022.06.08-22.09.03:385][ 96]LogHotReload: Re-instancing Tower after hot-reload.
[2022.06.08-22.09.08:564][ 96]LogContentBrowser: Native class hierarchy updated for 'TanksMiniGame' in 0.8723 seconds. Added 8 classes and 2 folders.
[2022.06.08-22.09.08:604][ 96]Display: HotReload successful (1 functions remapped  0 scriptstructs remapped)
[2022.06.08-22.09.10:111][ 96]LogUObjectHash: Compacting FUObjectHashTables data took 151.83ms
[2022.06.08-22.09.13:417][ 96]LogContentBrowser: Native class hierarchy populated in 0.8834 seconds. Added 2872 classes and 728 folders.
[2022.06.08-22.09.14:315][ 96]Display: HotReload took 160.2s.
[2022.06.08-22.09.14:485][ 96]LogUnrealEdMisc: Warning: Heartbeat event firing too frequently (0.000 sec). This should never happen. Something is wrong with the timer delegate!
[2022.06.08-22.09.14:556][ 96]LogUnrealEdMisc: Warning: Heartbeat event firing too frequently (0.071 sec). This should never happen. Something is wrong with the timer delegate!
[2022.06.08-22.09.38:913][116]LogUnrealEdMisc: Warning: Heartbeat event firing too frequently (24.428 sec). This should never happen. Something is wrong with the timer delegate!
[2022.06.08-22.28.32:579][785]LogAssetEditorManager: Opening Asset editor for Blueprint /Game/Blueprints/Pawns/BP_PawnTank.BP_PawnTank
[2022.06.08-22.29.07:320][869]LogSlate: Prevented a slow task dialog from being summoned while a context menu was open
[2022.06.08-22.29.19:195][141]BlueprintLog: New page: Compile BP_PawnTank
[2022.06.08-22.29.30:507][141]LogUObjectHash: Compacting FUObjectHashTables data took 171.27ms
[2022.06.08-22.29.37:253][314]LogSlate: Window 'BP_PawnTank' being destroyed
[2022.06.08-22.29.37:438][314]LogSlate: Window 'BP_PawnTank' being destroyed
[2022.06.08-22.30.51:707][314]LogActorComponent: UnregisterComponent: (/Engine/Transient.EditorFloorComp) Not registered. Aborting.
[2022.06.08-22.30.52:859][314]LogAssetEditorManager: Opening Asset editor for Blueprint /Game/Blueprints/Pawns/BP_PawnTurret.BP_PawnTurret
[2022.06.08-22.30.57:536][315]LogUnrealEdMisc: Warning: Heartbeat event firing too frequently (0.000 sec). This should never happen. Something is wrong with the timer delegate!
[2022.06.08-22.31.00:361][324]LogSlate: Prevented a slow task dialog from being summoned while a context menu was open
[2022.06.08-22.31.08:089][435]BlueprintLog: New page: Compile BP_PawnTurret
[2022.06.08-22.31.24:754][435]LogUObjectHash: Compacting FUObjectHashTables data took  63.28ms
[2022.06.08-22.31.36:807][811]LogSlate: Window 'BP_PawnTurret' being destroyed
[2022.06.08-22.31.36:840][811]LogSlate: Window 'BP_PawnTurret' being destroyed
[2022.06.08-22.31.38:814][816]LogUnrealEdMisc: Warning: Heartbeat event firing too frequently (41.278 sec). This should never happen. Something is wrong with the timer delegate!
[2022.06.08-22.31.42:312][923]LogAssetEditorManager: Opening Asset editor for Blueprint /Game/Blueprints/Actors/BP_Projectile.BP_Projectile
[2022.06.08-22.31.51:691][232]LogSlate: Window 'BP_Projectile' being destroyed
[2022.06.08-22.31.52:138][232]LogAssetEditorManager: Opening Asset editor for Blueprint /Game/Blueprints/Actors/BP_Projectile.BP_Projectile
[2022.06.08-22.31.55:622][289]LogSlate: Prevented a slow task dialog from being summoned while a context menu was open
[2022.06.08-22.31.59:672][451]BlueprintLog: New page: Compile BP_Projectile
[2022.06.08-22.32.06:090][451]LogUObjectHash: Compacting FUObjectHashTables data took   9.72ms
[2022.06.08-22.32.12:466][635]LogSlate: Window 'BP_Projectile' being destroyed
[2022.06.08-22.32.12:478][635]LogSlate: Window 'BP_Projectile' being destroyed
[2022.06.08-22.32.16:110][715]LogTemp: Repeating last play command: Selected Viewport
[2022.06.08-22.32.16:902][715]LogBlueprintUserMessages: Early PlayInEditor Detection: Level '/Game/Maps/Main.Main:PersistentLevel' has LevelScriptBlueprint '/Game/Maps/Main.Main:PersistentLevel.Main' with GeneratedClass '/Game/Maps/Main.Main_C' with ClassGeneratedBy '/Game/Maps/Main.Main:PersistentLevel.Main'
[2022.06.08-22.32.17:007][715]LogPlayLevel: PlayLevel: No blueprints needed recompiling
[2022.06.08-22.32.17:268][715]PIE: New page: PIE session: Main (9 cze 2022, 02:32:17)
[2022.06.08-22.32.17:469][715]LogPlayLevel: Creating play world package: /Game/Maps/UEDPIE_0_Main
[2022.06.08-22.32.18:771][715]LogPlayLevel: PIE: StaticDuplicateObject took: (1.184866s)
[2022.06.08-22.32.18:894][715]LogAIModule: Creating AISystem for world Main
[2022.06.08-22.32.19:092][715]LogPlayLevel: PIE: World Init took: (0.319878s)
[2022.06.08-22.32.19:135][715]LogPlayLevel: PIE: Created PIE world by copying editor world from /Game/Maps/Main.Main to /Game/Maps/UEDPIE_0_Main.Main (1.665161s)
[2022.06.08-22.32.19:297][715]LogUObjectHash: Compacting FUObjectHashTables data took   5.75ms
[2022.06.08-22.32.19:879][715]LogInit: XAudio2 using 'Speakers (Realtek High Definition Audio)' : 2 channels at 48 kHz using 32 bits per sample (channel mask 0x3)
[2022.06.08-22.32.20:295][715]LogInit: FAudioDevice initialized.
[2022.06.08-22.32.21:433][715]LogLoad: Game class is 'BP_TanksMiniGameMode_C'
[2022.06.08-22.32.21:758][715]LogWorld: Bringing World /Game/Maps/UEDPIE_0_Main.Main up for play (max tick rate 60) at 2022.06.09-00.32.21
[2022.06.08-22.32.22:109][715]LogWorld: Bringing up level for play took: 0.643050
[2022.06.08-22.32.23:678][715]PIE: Play in editor start time for /Game/Maps/UEDPIE_0_Main 6,812
[2022.06.08-22.32.23:745][715]LogBlueprintUserMessages: Late PlayInEditor Detection: Level '/Game/Maps/Main.Main:PersistentLevel' has LevelScriptBlueprint '/Game/Maps/Main.Main:PersistentLevel.Main' with GeneratedClass '/Game/Maps/Main.Main_C' with ClassGeneratedBy '/Game/Maps/Main.Main:PersistentLevel.Main'
[2022.06.08-22.32.44:295][524]LogBlueprintUserMessages: Early EndPlayMap Detection: Level '/Game/Maps/Main.Main:PersistentLevel' has LevelScriptBlueprint '/Game/Maps/Main.Main:PersistentLevel.Main' with GeneratedClass '/Game/Maps/Main.Main_C' with ClassGeneratedBy '/Game/Maps/Main.Main:PersistentLevel.Main'
[2022.06.08-22.32.44:381][524]LogSlate: Updating window title bar state: overlay mode, drag disabled, window buttons hidden, title bar hidden
[2022.06.08-22.32.44:758][524]LogPlayLevel: Display: Shutting down PIE online subsystems
[2022.06.08-22.32.44:760][524]LogBlueprintUserMessages: Late EndPlayMap Detection: Level '/Game/Maps/Main.Main:PersistentLevel' has LevelScriptBlueprint '/Game/Maps/Main.Main:PersistentLevel.Main' with GeneratedClass '/Game/Maps/Main.Main_C' with ClassGeneratedBy '/Game/Maps/Main.Main:PersistentLevel.Main'
[2022.06.08-22.32.45:145][524]LogSlate: Updating window title bar state: overlay mode, drag disabled, window buttons hidden, title bar hidden
[2022.06.08-22.32.45:492][524]LogUObjectHash: Compacting FUObjectHashTables data took   4.64ms
[2022.06.08-22.32.46:282][525]LogPlayLevel: Display: Destroying online subsystem :Context_20
[2022.06.08-22.32.46:597][530]LogSlate: FSceneViewport::OnFocusLost() reason 2
[2022.06.08-22.32.48:690][643]LogTemp: Repeating last play command: Selected Viewport
[2022.06.08-22.32.48:733][643]LogBlueprintUserMessages: Early PlayInEditor Detection: Level '/Game/Maps/Main.Main:PersistentLevel' has LevelScriptBlueprint '/Game/Maps/Main.Main:PersistentLevel.Main' with GeneratedClass '/Game/Maps/Main.Main_C' with ClassGeneratedBy '/Game/Maps/Main.Main:PersistentLevel.Main'
[2022.06.08-22.32.48:733][643]LogPlayLevel: PlayLevel: No blueprints needed recompiling
[2022.06.08-22.32.48:733][643]PIE: New page: PIE session: Main (9 cze 2022, 02:32:48)
[2022.06.08-22.32.48:733][643]LogPlayLevel: Creating play world package: /Game/Maps/UEDPIE_0_Main
[2022.06.08-22.32.48:935][643]LogPlayLevel: PIE: StaticDuplicateObject took: (0.005731s)
[2022.06.08-22.32.48:935][643]LogAIModule: Creating AISystem for world Main
[2022.06.08-22.32.48:948][643]LogPlayLevel: PIE: World Init took: (0.013022s)
[2022.06.08-22.32.48:948][643]LogPlayLevel: PIE: Created PIE world by copying editor world from /Game/Maps/Main.Main to /Game/Maps/UEDPIE_0_Main.Main (0.214587s)
[2022.06.08-22.32.49:060][643]LogUObjectHash: Compacting FUObjectHashTables data took   3.88ms
[2022.06.08-22.32.49:062][643]LogInit: XAudio2 using 'Speakers (Realtek High Definition Audio)' : 2 channels at 48 kHz using 32 bits per sample (channel mask 0x3)
[2022.06.08-22.32.49:262][643]LogInit: FAudioDevice initialized.
[2022.06.08-22.32.49:263][643]LogSlate: FSceneViewport::OnFocusLost() reason 2
[2022.06.08-22.32.49:387][643]LogLoad: Game class is 'BP_TanksMiniGameMode_C'
[2022.06.08-22.32.49:389][643]LogWorld: Bringing World /Game/Maps/UEDPIE_0_Main.Main up for play (max tick rate 60) at 2022.06.09-00.32.49
[2022.06.08-22.32.49:390][643]LogWorld: Bringing up level for play took: 0.002246
[2022.06.08-22.32.49:405][643]PIE: Play in editor start time for /Game/Maps/UEDPIE_0_Main 0,539
[2022.06.08-22.32.49:405][643]LogBlueprintUserMessages: Late PlayInEditor Detection: Level '/Game/Maps/Main.Main:PersistentLevel' has LevelScriptBlueprint '/Game/Maps/Main.Main:PersistentLevel.Main' with GeneratedClass '/Game/Maps/Main.Main_C' with ClassGeneratedBy '/Game/Maps/Main.Main:PersistentLevel.Main'
[2022.06.08-22.33.04:145][495]LogSlate: FSceneViewport::OnFocusLost() reason 2
[2022.06.08-22.33.06:082][609]LogBlueprintUserMessages: Early EndPlayMap Detection: Level '/Game/Maps/Main.Main:PersistentLevel' has LevelScriptBlueprint '/Game/Maps/Main.Main:PersistentLevel.Main' with GeneratedClass '/Game/Maps/Main.Main_C' with ClassGeneratedBy '/Game/Maps/Main.Main:PersistentLevel.Main'
[2022.06.08-22.33.06:082][609]LogSlate: Updating window title bar state: overlay mode, drag disabled, window buttons hidden, title bar hidden
[2022.06.08-22.33.06:121][609]LogPlayLevel: Display: Shutting down PIE online subsystems
[2022.06.08-22.33.06:121][609]LogBlueprintUserMessages: Late EndPlayMap Detection: Level '/Game/Maps/Main.Main:PersistentLevel' has LevelScriptBlueprint '/Game/Maps/Main.Main:PersistentLevel.Main' with GeneratedClass '/Game/Maps/Main.Main_C' with ClassGeneratedBy '/Game/Maps/Main.Main:PersistentLevel.Main'
[2022.06.08-22.33.06:196][609]LogSlate: Updating window title bar state: overlay mode, drag disabled, window buttons hidden, title bar hidden
[2022.06.08-22.33.06:234][609]LogUObjectHash: Compacting FUObjectHashTables data took   6.07ms
[2022.06.08-22.33.06:256][610]LogPlayLevel: Display: Destroying online subsystem :Context_21
[2022.06.08-22.36.04:234][347]LogSlate: FSceneViewport::OnFocusLost() reason 0
[2022.06.08-22.36.07:008][487]LogAssetEditorManager: Opening Asset editor for Blueprint /Game/Blueprints/Pawns/BP_PawnTank.BP_PawnTank
[2022.06.08-22.37.05:816][227]BlueprintLog: New page: Compile BP_PawnTank
[2022.06.08-22.37.07:632][227]LogUObjectHash: Compacting FUObjectHashTables data took   8.30ms
[2022.06.08-22.38.03:654][451]Cmd: OBJ SAVEPACKAGE PACKAGE="/Game/Blueprints/Pawns/BP_PawnTank" FILE="../../../../GitHub/UnrealProjects/Tanks/TanksGame/TanksMiniGame/Content/Blueprints/Pawns/BP_PawnTank.uasset" SILENT=true
[2022.06.08-22.38.05:205][451]LogSavePackage: Moving '../../../../GitHub/UnrealProjects/Tanks/TanksGame/TanksMiniGame/Saved/BP_PawnTank4845D72143EAA23B1A9CF783361E97B8.tmp' to '../../../../GitHub/UnrealProjects/Tanks/TanksGame/TanksMiniGame/Content/Blueprints/Pawns/BP_PawnTank.uasset'
[2022.06.08-22.38.06:475][470]LogSlate: FSceneViewport::OnFocusLost() reason 0
[2022.06.08-22.38.06:579][474]BlueprintLog: New page: Compile BP_PawnTank
[2022.06.08-22.38.07:128][474]LogUObjectHash: Compacting FUObjectHashTables data took   7.14ms
[2022.06.08-22.39.49:888][573]LogUObjectHash: Compacting FUObjectHashTables data took   9.23ms
[2022.06.08-22.39.50:454][573]Cmd: OBJ SAVEPACKAGE PACKAGE="/Game/Maps/Main" FILE="../../../../GitHub/UnrealProjects/Tanks/TanksGame/TanksMiniGame/Saved/Autosaves/Game/Maps/Main_Auto4.umap" SILENT=true AUTOSAVING=true KEEPDIRTY=false
[2022.06.08-22.39.53:149][573]LogSavePackage: Moving '../../../../GitHub/UnrealProjects/Tanks/TanksGame/TanksMiniGame/Saved/Main_Auto4D633094C4542F023C71A8FB6F530949B.tmp' to '../../../../GitHub/UnrealProjects/Tanks/TanksGame/TanksMiniGame/Saved/Autosaves/Game/Maps/Main_Auto4.umap'
[2022.06.08-22.39.53:359][573]LogFileHelpers: Editor autosave (incl. sublevels) for '/Game/Maps/Main' took 3.756
[2022.06.08-22.39.53:359][573]LogFileHelpers: Editor autosave (incl. sublevels) for all levels took 3.756
[2022.06.08-22.39.53:431][573]OBJ SavePackage: Generating thumbnails for [1] asset(s) in package [/Game/Blueprints/Pawns/BP_PawnTurret] ([1] browsable assets)...
[2022.06.08-22.39.54:032][573]OBJ SavePackage:     Rendered thumbnail for [Blueprint /Game/Blueprints/Pawns/BP_PawnTurret.BP_PawnTurret]
[2022.06.08-22.39.54:032][573]OBJ SavePackage: Finished generating thumbnails for package [/Game/Blueprints/Pawns/BP_PawnTurret]
[2022.06.08-22.39.54:358][573]LogSavePackage: Moving '../../../../GitHub/UnrealProjects/Tanks/TanksGame/TanksMiniGame/Saved/BP_PawnTurret_Auto4BA5DDE9C42FA5388E4510CB9BC51FEF6.tmp' to '../../../../GitHub/UnrealProjects/Tanks/TanksGame/TanksMiniGame/Saved/Autosaves/Game/Blueprints/Pawns/BP_PawnTurret_Auto4.uasset'
[2022.06.08-22.39.54:371][573]OBJ SavePackage: Generating thumbnails for [1] asset(s) in package [/Game/Blueprints/Actors/BP_Projectile] ([1] browsable assets)...
[2022.06.08-22.39.54:975][573]OBJ SavePackage:     Rendered thumbnail for [Blueprint /Game/Blueprints/Actors/BP_Projectile.BP_Projectile]
[2022.06.08-22.39.54:975][573]OBJ SavePackage: Finished generating thumbnails for package [/Game/Blueprints/Actors/BP_Projectile]
[2022.06.08-22.39.55:544][573]LogSavePackage: Moving '../../../../GitHub/UnrealProjects/Tanks/TanksGame/TanksMiniGame/Saved/BP_Projectile_Auto4E48599074FF7CE0513F76DB801D881DE.tmp' to '../../../../GitHub/UnrealProjects/Tanks/TanksGame/TanksMiniGame/Saved/Autosaves/Game/Blueprints/Actors/BP_Projectile_Auto4.uasset'
[2022.06.08-22.39.55:546][573]LogFileHelpers: Auto-saving content packages took 2.182
[2022.06.08-23.08.25:916][512]LogHotReload: New module detected: UE4Editor-TanksMiniGame-0015.dll
[2022.06.08-23.08.28:575][513]LogHotReload: Starting Hot-Reload from IDE
[2022.06.08-23.10.38:617][513]LogUObjectHash: Compacting FUObjectHashTables data took 6271.38ms
[2022.06.08-23.10.42:104][513]LogClass: Could not find existing class Tank in package /Script/TanksMiniGame for HotReload, assuming new class
[2022.06.08-23.10.45:397][513]LogHotReload: Re-instancing Tank after hot-reload.
[2022.06.08-23.11.21:192][513]LogContentBrowser: Native class hierarchy updated for 'TanksMiniGame' in 0.3283 seconds. Added 8 classes and 2 folders.
[2022.06.08-23.11.21:430][513]Display: HotReload successful (2 functions remapped  0 scriptstructs remapped)
[2022.06.08-23.11.23:645][513]LogUObjectHash: Compacting FUObjectHashTables data took 329.08ms
[2022.06.08-23.11.31:595][513]LogContentBrowser: Native class hierarchy populated in 4.9672 seconds. Added 2872 classes and 728 folders.
[2022.06.08-23.11.32:198][513]Display: HotReload took 183.6s.
[2022.06.08-23.11.32:278][513]LogUnrealEdMisc: Warning: Heartbeat event firing too frequently (0.000 sec). This should never happen. Something is wrong with the timer delegate!
[2022.06.08-23.11.32:321][513]LogUnrealEdMisc: Warning: Heartbeat event firing too frequently (0.065 sec). This should never happen. Something is wrong with the timer delegate!
[2022.06.08-23.11.32:321][513]LogUnrealEdMisc: Warning: Heartbeat event firing too frequently (0.065 sec). This should never happen. Something is wrong with the timer delegate!
[2022.06.08-23.12.39:952][516]LogUnrealEdMisc: Warning: Heartbeat event firing too frequently (2.644 sec). This should never happen. Something is wrong with the timer delegate!
[2022.06.08-23.29.32:406][583]LogSlate: FSceneViewport::OnFocusLost() reason 0
