Log file open, 05/18/22 00:24:07
LogWindows: Failed to load 'aqProf.dll' (GetLastError=126)
LogWindows: File 'aqProf.dll' does not exist
LogWindows: Failed to load 'VtuneApi.dll' (GetLastError=126)
LogWindows: File 'VtuneApi.dll' does not exist
LogWindows: Failed to load 'VtuneApi32e.dll' (GetLastError=126)
LogWindows: File 'VtuneApi32e.dll' does not exist
LogConsoleResponse: Display: Failed to find resolution value strings in scalability ini. Falling back to default.
LogInit: Display: Running engine for game: TanksMiniGame
LogPakFile: Registered encryption key '00000000000000000000000000000000': 0 pak files mounted, 0 remain pending
LogPlatformFile: Not using cached read wrapper
LogTaskGraph: Started task graph with 5 named threads and 11 total threads with 3 sets of task threads.
LogStats: Stats thread started at 3.912574
LogD3D11RHI: Loaded GFSDK_Aftermath_Lib.x64.dll
LogWindows: Failed to load '../../../Engine/Binaries/ThirdParty/libsndfile/Win64/libsndfile-1.dll' (GetLastError=126)
LogWindows: File '../../../Engine/Binaries/ThirdParty/libsndfile/Win64/libsndfile-1.dll' does not exist
LogAudioMixer: Display: Failed to load Sound File dll
LogAudioEditor: Display: LibSoundFile failed to load. Importing audio will not work correctly.
LogICUInternationalization: ICU TimeZone Detection - Raw Offset: +1:00, Platform Override: ''
LogPluginManager: Mounting plugin Paper2D
LogPluginManager: Mounting plugin AISupport
LogPluginManager: Mounting plugin LightPropagationVolume
LogPluginManager: Mounting plugin ActorLayerUtilities
LogPluginManager: Mounting plugin AnimationSharing
LogPluginManager: Mounting plugin CLionSourceCodeAccess
LogPluginManager: Mounting plugin CodeLiteSourceCodeAccess
LogPluginManager: Mounting plugin GitSourceControl
LogPluginManager: Mounting plugin KDevelopSourceCodeAccess
LogPluginManager: Mounting plugin NullSourceCodeAccess
LogPluginManager: Mounting plugin PerforceSourceControl
LogPluginManager: Mounting plugin SubversionSourceControl
LogPluginManager: Mounting plugin UObjectPlugin
LogPluginManager: Mounting plugin VisualStudioCodeSourceCodeAccess
LogPluginManager: Mounting plugin VisualStudioSourceCodeAccess
LogPluginManager: Mounting plugin XCodeSourceCodeAccess
LogPluginManager: Mounting plugin AssetManagerEditor
LogPluginManager: Mounting plugin CryptoKeys
LogPluginManager: Mounting plugin DataValidation
LogPluginManager: Mounting plugin EditorScriptingUtilities
LogPluginManager: Mounting plugin FacialAnimation
LogPluginManager: Mounting plugin GameplayTagsEditor
LogPluginManager: Mounting plugin GLTFImporter
LogPluginManager: Mounting plugin MacGraphicsSwitching
LogPluginManager: Mounting plugin MaterialAnalyzer
LogPluginManager: Mounting plugin MeshEditor
LogPluginManager: Mounting plugin MobileLauncherProfileWizard
LogPluginManager: Mounting plugin PluginBrowser
LogPluginManager: Mounting plugin SpeedTreeImporter
LogPluginManager: Mounting plugin DatasmithContent
LogPluginManager: Mounting plugin VariantManagerContent
LogPluginManager: Mounting plugin AlembicImporter
LogPluginManager: Mounting plugin AppleImageUtils
LogPluginManager: Mounting plugin AppleVision
LogPluginManager: Mounting plugin BackChannel
LogPluginManager: Mounting plugin BlastPlugin
LogPluginManager: Mounting plugin ChaosSolverPlugin
LogPluginManager: Mounting plugin CharacterAI
LogPluginManager: Mounting plugin GeometryCache
LogPluginManager: Mounting plugin GeometryCollectionPlugin
LogPluginManager: Mounting plugin HTML5Networking
LogPluginManager: Mounting plugin ProxyLODPlugin
LogPluginManager: Mounting plugin SkeletalReduction
LogPluginManager: Mounting plugin MagicLeap
LogPluginManager: Mounting plugin MagicLeapMedia
LogPluginManager: Mounting plugin AndroidMedia
LogPluginManager: Mounting plugin AvfMedia
LogPluginManager: Mounting plugin ImgMedia
LogPluginManager: Mounting plugin LinearTimecode
LogPluginManager: Mounting plugin MediaCompositing
LogPluginManager: Mounting plugin MediaPlayerEditor
LogPluginManager: Mounting plugin WebMMedia
LogPluginManager: Mounting plugin WmfMedia
LogPluginManager: Mounting plugin TcpMessaging
LogPluginManager: Mounting plugin UdpMessaging
LogPluginManager: Mounting plugin ActorSequence
LogPluginManager: Mounting plugin LevelSequenceEditor
LogPluginManager: Mounting plugin MatineeToLevelSequence
LogPluginManager: Mounting plugin NetcodeUnitTest
LogPluginManager: Mounting plugin NUTUnrealEngine4
LogPluginManager: Mounting plugin OnlineSubsystemGooglePlay
LogPluginManager: Mounting plugin OnlineSubsystemIOS
LogPluginManager: Mounting plugin OnlineSubsystem
LogPluginManager: Mounting plugin OnlineSubsystemNull
LogPluginManager: Mounting plugin OnlineSubsystemUtils
LogPluginManager: Mounting plugin LauncherChunkInstaller
LogPluginManager: Mounting plugin AndroidDeviceProfileSelector
LogPluginManager: Mounting plugin AndroidMoviePlayer
LogPluginManager: Mounting plugin AndroidPermission
LogPluginManager: Mounting plugin AppleMoviePlayer
LogPluginManager: Mounting plugin ArchVisCharacter
LogPluginManager: Mounting plugin AudioCapture
LogPluginManager: Mounting plugin CableComponent
LogPluginManager: Mounting plugin CustomMeshComponent
LogPluginManager: Mounting plugin EditableMesh
LogPluginManager: Mounting plugin ExampleDeviceProfileSelector
LogPluginManager: Mounting plugin Firebase
LogPluginManager: Mounting plugin GoogleCloudMessaging
LogPluginManager: Mounting plugin IOSDeviceProfileSelector
LogPluginManager: Mounting plugin LinuxDeviceProfileSelector
LogPluginManager: Mounting plugin LocationServicesBPLibrary
LogPluginManager: Mounting plugin MobilePatchingUtils
LogPluginManager: Mounting plugin OculusVR
LogPluginManager: Mounting plugin PhysXVehicles
LogPluginManager: Mounting plugin ProceduralMeshComponent
LogPluginManager: Mounting plugin RuntimePhysXCooking
LogPluginManager: Mounting plugin SignificanceManager
LogPluginManager: Mounting plugin SteamVR
LogPluginManager: Mounting plugin WebMMoviePlayer
LogPluginManager: Mounting plugin WindowsMoviePlayer
LogPluginManager: Mounting plugin DatasmithCADImporter
LogPluginManager: Mounting plugin DatasmithDataPrepEditor
LogPluginManager: Mounting plugin DatasmithFBXImporter
LogPluginManager: Mounting plugin DatasmithGLTFImporter
LogPluginManager: Mounting plugin DatasmithImporter
LogPluginManager: Mounting plugin MDLImporter
LogPluginManager: Mounting plugin StaticMeshEditorExtension
LogPluginManager: Mounting plugin VariantManager
LogInit: Using libcurl 7.55.1-DEV
LogInit:  - built for x86_64-pc-win32
LogInit:  - supports SSL with OpenSSL/1.1.1
LogInit:  - supports HTTP deflate (compression) using libz 1.2.8
LogInit:  - other features:
LogInit:      CURL_VERSION_SSL
LogInit:      CURL_VERSION_LIBZ
LogInit:      CURL_VERSION_IPV6
LogInit:      CURL_VERSION_ASYNCHDNS
LogInit:      CURL_VERSION_LARGEFILE
LogInit:      CURL_VERSION_IDN
LogInit:  CurlRequestOptions (configurable via config and command line):
LogInit:  - bVerifyPeer = true  - Libcurl will verify peer certificate
LogInit:  - bUseHttpProxy = false  - Libcurl will NOT use HTTP proxy
LogInit:  - bDontReuseConnections = false  - Libcurl will reuse connections
LogInit:  - MaxHostConnections = 16  - Libcurl will limit the number of connections to a host
LogInit:  - LocalHostAddr = Default
LogInit:  - BufferSize = 65536
LogInit: WinSock: version 1.1 (2.2), MaxSocks=32767, MaxUdp=65467
LogInit: Build: ++UE4+Release-4.22-CL-5660361
LogInit: Engine Version: 4.22.0-5660361+++UE4+Release-4.22
LogInit: Compatible Engine Version: 4.22.0-5660361+++UE4+Release-4.22
LogInit: Net CL: 5660361
LogInit: OS: Windows 8.1 (), CPU:        Intel(R) Core(TM) i3-3227U CPU @ 1.90GHz, GPU: Intel(R) HD Graphics 4000
LogInit: Compiled (64-bit): Mar 31 2019 02:05:09
LogInit: Compiled with Visual C++: 19.16.27025.01
LogInit: Build Configuration: Development
LogInit: Branch Name: ++UE4+Release-4.22
LogInit: Command Line: 
LogInit: Base Directory: E:/UE_4.22/Engine/Binaries/Win64/
LogInit: Installed Engine Build: 1
LogDevObjectVersion: Number of dev versions registered: 23
LogDevObjectVersion:   Dev-Blueprints (B0D832E4-1F89-4F0D-ACCF-7EB736FD4AA2): 10
LogDevObjectVersion:   Dev-Build (E1C64328-A22C-4D53-A36C-8E866417BD8C): 0
LogDevObjectVersion:   Dev-Core (375EC13C-06E4-48FB-B500-84F0262A717E): 3
LogDevObjectVersion:   Dev-Editor (E4B068ED-F494-42E9-A231-DA0B2E46BB41): 30
LogDevObjectVersion:   Dev-Framework (CFFC743F-43B0-4480-9391-14DF171D2073): 35
LogDevObjectVersion:   Dev-Mobile (B02B49B5-BB20-44E9-A304-32B752E40360): 2
LogDevObjectVersion:   Dev-Networking (A4E4105C-59A1-49B5-A7C5-40C4547EDFEE): 0
LogDevObjectVersion:   Dev-Online (39C831C9-5AE6-47DC-9A44-9C173E1C8E7C): 0
LogDevObjectVersion:   Dev-Physics (78F01B33-EBEA-4F98-B9B4-84EACCB95AA2): 0
LogDevObjectVersion:   Dev-Platform (6631380F-2D4D-43E0-8009-CF276956A95A): 0
LogDevObjectVersion:   Dev-Rendering (12F88B9F-8875-4AFC-A67C-D90C383ABD29): 28
LogDevObjectVersion:   Dev-Sequencer (7B5AE74C-D270-4C10-A958-57980B212A5A): 11
LogDevObjectVersion:   Dev-VR (D7296918-1DD6-4BDD-9DE2-64A83CC13884): 2
LogDevObjectVersion:   Dev-LoadTimes (C2A15278-BFE7-4AFE-6C17-90FF531DF755): 1
LogDevObjectVersion:   Private-Geometry (6EACA3D4-40EC-4CC1-B786-8BED09428FC5): 3
LogDevObjectVersion:   Dev-AnimPhys (29E575DD-E0A3-4627-9D10-D276232CDCEA): 17
LogDevObjectVersion:   Dev-Anim (AF43A65D-7FD3-4947-9873-3E8ED9C1BB05): 2
LogDevObjectVersion:   Dev-ReflectionCapture (6B266CEC-1EC7-4B8F-A30B-E4D90942FC07): 1
LogDevObjectVersion:   Dev-Automation (0DF73D61-A23F-47EA-B727-89E90C41499A): 1
LogDevObjectVersion:   FortniteMain (601D1886-AC64-4F84-AA16-D3DE0DEAC7D6): 25
LogDevObjectVersion:   Dev-Enterprise (9DFFBCD6-494F-0158-E221-12823C92A888): 6
LogDevObjectVersion:   Dev-Niagara (F2AED0AC-9AFE-416F-8664-AA7FFA26D6FC): 1
LogDevObjectVersion:   Dev-Destruction (174F1F0B-B4C6-45A5-B13F-2EE8D0FB917D): 2
LogInit: Presizing for max 16777216 objects, including 0 objects not considered by GC, pre-allocating 0 bytes for permanent pool.
LogInit: Object subsystem initialized
LogConfig: Setting CVar [[con.DebugEarlyDefault:1]]
LogConfig: Setting CVar [[r.setres:1280x720]]
[2022.05.17-22.24.10:055][  0]LogConfig: Setting CVar [[r.VSync:0]]
[2022.05.17-22.24.10:055][  0]LogConfig: Setting CVar [[r.RHICmdBypass:0]]
[2022.05.17-22.24.10:055][  0]LogConfig: Applying CVar settings from Section [/Script/Engine.RendererSettings] File [E:/GitHub/UnrealProjects/Tanks/TanksGame/TanksMiniGame/Saved/Config/Windows/Engine.ini]
[2022.05.17-22.24.10:055][  0]LogConfig: Setting CVar [[r.GPUCrashDebugging:0]]
[2022.05.17-22.24.10:055][  0]LogConfig: Setting CVar [[r.DefaultFeature.AutoExposure.ExtendDefaultLuminanceRange:1]]
[2022.05.17-22.24.10:055][  0]LogConfig: Applying CVar settings from Section [/Script/Engine.RendererOverrideSettings] File [E:/GitHub/UnrealProjects/Tanks/TanksGame/TanksMiniGame/Saved/Config/Windows/Engine.ini]
[2022.05.17-22.24.10:055][  0]LogConfig: Applying CVar settings from Section [/Script/Engine.StreamingSettings] File [E:/GitHub/UnrealProjects/Tanks/TanksGame/TanksMiniGame/Saved/Config/Windows/Engine.ini]
[2022.05.17-22.24.10:055][  0]LogConfig: Setting CVar [[s.MinBulkDataSizeForAsyncLoading:131072]]
[2022.05.17-22.24.10:055][  0]LogConfig: Setting CVar [[s.AsyncLoadingThreadEnabled:0]]
[2022.05.17-22.24.10:055][  0]LogConfig: Setting CVar [[s.EventDrivenLoaderEnabled:1]]
[2022.05.17-22.24.10:055][  0]LogConfig: Setting CVar [[s.WarnIfTimeLimitExceeded:0]]
[2022.05.17-22.24.10:055][  0]LogConfig: Setting CVar [[s.TimeLimitExceededMultiplier:1.5]]
[2022.05.17-22.24.10:055][  0]LogConfig: Setting CVar [[s.TimeLimitExceededMinTime:0.005]]
[2022.05.17-22.24.10:055][  0]LogConfig: Setting CVar [[s.UseBackgroundLevelStreaming:1]]
[2022.05.17-22.24.10:055][  0]LogConfig: Setting CVar [[s.PriorityAsyncLoadingExtraTime:15.0]]
[2022.05.17-22.24.10:055][  0]LogConfig: Setting CVar [[s.LevelStreamingActorsUpdateTimeLimit:5.0]]
[2022.05.17-22.24.10:055][  0]LogConfig: Setting CVar [[s.PriorityLevelStreamingActorsUpdateExtraTime:5.0]]
[2022.05.17-22.24.10:055][  0]LogConfig: Setting CVar [[s.LevelStreamingComponentsRegistrationGranularity:10]]
[2022.05.17-22.24.10:055][  0]LogConfig: Setting CVar [[s.UnregisterComponentsTimeLimit:1.0]]
[2022.05.17-22.24.10:055][  0]LogConfig: Setting CVar [[s.LevelStreamingComponentsUnregistrationGranularity:5]]
[2022.05.17-22.24.10:055][  0]LogConfig: Applying CVar settings from Section [/Script/Engine.GarbageCollectionSettings] File [E:/GitHub/UnrealProjects/Tanks/TanksGame/TanksMiniGame/Saved/Config/Windows/Engine.ini]
[2022.05.17-22.24.10:055][  0]LogConfig: Setting CVar [[gc.MaxObjectsNotConsideredByGC:1]]
[2022.05.17-22.24.10:055][  0]LogConfig: Setting CVar [[gc.SizeOfPermanentObjectPool:0]]
[2022.05.17-22.24.10:055][  0]LogConfig: Setting CVar [[gc.FlushStreamingOnGC:0]]
[2022.05.17-22.24.10:055][  0]LogConfig: Setting CVar [[gc.NumRetriesBeforeForcingGC:10]]
[2022.05.17-22.24.10:055][  0]LogConfig: Setting CVar [[gc.AllowParallelGC:1]]
[2022.05.17-22.24.10:055][  0]LogConfig: Setting CVar [[gc.TimeBetweenPurgingPendingKillObjects:61.1]]
[2022.05.17-22.24.10:055][  0]LogConfig: Setting CVar [[gc.MaxObjectsInEditor:16777216]]
[2022.05.17-22.24.10:055][  0]LogConfig: Setting CVar [[gc.IncrementalBeginDestroyEnabled:1]]
[2022.05.17-22.24.10:055][  0]LogConfig: Setting CVar [[gc.CreateGCClusters:1]]
[2022.05.17-22.24.10:055][  0]LogConfig: Setting CVar [[gc.MinGCClusterSize:5]]
[2022.05.17-22.24.10:055][  0]LogConfig: Setting CVar [[gc.ActorClusteringEnabled:0]]
[2022.05.17-22.24.10:055][  0]LogConfig: Setting CVar [[gc.BlueprintClusteringEnabled:0]]
[2022.05.17-22.24.10:055][  0]LogConfig: Setting CVar [[gc.UseDisregardForGCOnDedicatedServers:0]]
[2022.05.17-22.24.10:055][  0]LogConfig: Applying CVar settings from Section [/Script/Engine.NetworkSettings] File [E:/GitHub/UnrealProjects/Tanks/TanksGame/TanksMiniGame/Saved/Config/Windows/Engine.ini]
[2022.05.17-22.24.10:055][  0]LogConfig: Applying CVar settings from Section [/Script/UnrealEd.CookerSettings] File [E:/GitHub/UnrealProjects/Tanks/TanksGame/TanksMiniGame/Saved/Config/Windows/Engine.ini]
[2022.05.17-22.24.10:055][  0]LogConfig: Applying CVar settings from Section [ViewDistanceQuality@3] File [E:/GitHub/UnrealProjects/Tanks/TanksGame/TanksMiniGame/Saved/Config/Windows/Scalability.ini]
[2022.05.17-22.24.10:055][  0]LogConfig: Setting CVar [[r.SkeletalMeshLODBias:0]]
[2022.05.17-22.24.10:055][  0]LogConfig: Setting CVar [[r.ViewDistanceScale:1.0]]
[2022.05.17-22.24.10:055][  0]LogConfig: Applying CVar settings from Section [AntiAliasingQuality@3] File [E:/GitHub/UnrealProjects/Tanks/TanksGame/TanksMiniGame/Saved/Config/Windows/Scalability.ini]
[2022.05.17-22.24.10:055][  0]LogConfig: Setting CVar [[r.PostProcessAAQuality:4]]
[2022.05.17-22.24.10:055][  0]LogConfig: Applying CVar settings from Section [ShadowQuality@3] File [E:/GitHub/UnrealProjects/Tanks/TanksGame/TanksMiniGame/Saved/Config/Windows/Scalability.ini]
[2022.05.17-22.24.10:055][  0]LogConfig: Setting CVar [[r.LightFunctionQuality:1]]
[2022.05.17-22.24.10:055][  0]LogConfig: Setting CVar [[r.ShadowQuality:5]]
[2022.05.17-22.24.10:055][  0]LogConfig: Setting CVar [[r.Shadow.CSM.MaxCascades:10]]
[2022.05.17-22.24.10:055][  0]LogConfig: Setting CVar [[r.Shadow.MaxResolution:2048]]
[2022.05.17-22.24.10:055][  0]LogConfig: Setting CVar [[r.Shadow.MaxCSMResolution:2048]]
[2022.05.17-22.24.10:055][  0]LogConfig: Setting CVar [[r.Shadow.RadiusThreshold:0.01]]
[2022.05.17-22.24.10:055][  0]LogConfig: Setting CVar [[r.Shadow.DistanceScale:1.0]]
[2022.05.17-22.24.10:055][  0]LogConfig: Setting CVar [[r.Shadow.CSM.TransitionScale:1.0]]
[2022.05.17-22.24.10:055][  0]LogConfig: Setting CVar [[r.Shadow.PreShadowResolutionFactor:1.0]]
[2022.05.17-22.24.10:055][  0]LogConfig: Setting CVar [[r.DistanceFieldShadowing:1]]
[2022.05.17-22.24.10:055][  0]LogConfig: Setting CVar [[r.DistanceFieldAO:1]]
[2022.05.17-22.24.10:055][  0]LogConfig: Setting CVar [[r.AOQuality:2]]
[2022.05.17-22.24.10:055][  0]LogConfig: Setting CVar [[r.VolumetricFog:1]]
[2022.05.17-22.24.10:055][  0]LogConfig: Setting CVar [[r.VolumetricFog.GridPixelSize:8]]
[2022.05.17-22.24.10:055][  0]LogConfig: Setting CVar [[r.VolumetricFog.GridSizeZ:128]]
[2022.05.17-22.24.10:055][  0]LogConfig: Setting CVar [[r.VolumetricFog.HistoryMissSupersampleCount:4]]
[2022.05.17-22.24.10:055][  0]LogConfig: Setting CVar [[r.LightMaxDrawDistanceScale:1]]
[2022.05.17-22.24.10:055][  0]LogConfig: Setting CVar [[r.CapsuleShadows:1]]
[2022.05.17-22.24.10:055][  0]LogConfig: Applying CVar settings from Section [PostProcessQuality@3] File [E:/GitHub/UnrealProjects/Tanks/TanksGame/TanksMiniGame/Saved/Config/Windows/Scalability.ini]
[2022.05.17-22.24.10:055][  0]LogConfig: Setting CVar [[r.MotionBlurQuality:4]]
[2022.05.17-22.24.10:055][  0]LogConfig: Setting CVar [[r.AmbientOcclusionMipLevelFactor:0.4]]
[2022.05.17-22.24.10:055][  0]LogConfig: Setting CVar [[r.AmbientOcclusionMaxQuality:100]]
[2022.05.17-22.24.10:055][  0]LogConfig: Setting CVar [[r.AmbientOcclusionLevels:-1]]
[2022.05.17-22.24.10:055][  0]LogConfig: Setting CVar [[r.AmbientOcclusionRadiusScale:1.0]]
[2022.05.17-22.24.10:055][  0]LogConfig: Setting CVar [[r.DepthOfFieldQuality:2]]
[2022.05.17-22.24.10:055][  0]LogConfig: Setting CVar [[r.RenderTargetPoolMin:400]]
[2022.05.17-22.24.10:055][  0]LogConfig: Setting CVar [[r.LensFlareQuality:2]]
[2022.05.17-22.24.10:055][  0]LogConfig: Setting CVar [[r.SceneColorFringeQuality:1]]
[2022.05.17-22.24.10:055][  0]LogConfig: Setting CVar [[r.EyeAdaptationQuality:2]]
[2022.05.17-22.24.10:055][  0]LogConfig: Setting CVar [[r.BloomQuality:5]]
[2022.05.17-22.24.10:055][  0]LogConfig: Setting CVar [[r.FastBlurThreshold:100]]
[2022.05.17-22.24.10:055][  0]LogConfig: Setting CVar [[r.Upscale.Quality:3]]
[2022.05.17-22.24.10:055][  0]LogConfig: Setting CVar [[r.Tonemapper.GrainQuantization:1]]
[2022.05.17-22.24.10:055][  0]LogConfig: Setting CVar [[r.LightShaftQuality:1]]
[2022.05.17-22.24.10:055][  0]LogConfig: Setting CVar [[r.Filter.SizeScale:1]]
[2022.05.17-22.24.10:055][  0]LogConfig: Setting CVar [[r.Tonemapper.Quality:5]]
[2022.05.17-22.24.10:055][  0]LogConfig: Setting CVar [[r.DOF.Gather.AccumulatorQuality:1        ; higher gathering accumulator quality]]
[2022.05.17-22.24.10:055][  0]LogConfig: Setting CVar [[r.DOF.Gather.PostfilterMethod:1          ; Median3x3 postfilering method]]
[2022.05.17-22.24.10:055][  0]LogConfig: Setting CVar [[r.DOF.Gather.EnableBokehSettings:0       ; no bokeh simulation when gathering]]
[2022.05.17-22.24.10:055][  0]LogConfig: Setting CVar [[r.DOF.Gather.RingCount:4                 ; medium number of samples when gathering]]
[2022.05.17-22.24.10:055][  0]LogConfig: Setting CVar [[r.DOF.Scatter.ForegroundCompositing:1    ; additive foreground scattering]]
[2022.05.17-22.24.10:055][  0]LogConfig: Setting CVar [[r.DOF.Scatter.BackgroundCompositing:2    ; additive background scattering]]
[2022.05.17-22.24.10:055][  0]LogConfig: Setting CVar [[r.DOF.Scatter.EnableBokehSettings:1      ; bokeh simulation when scattering]]
[2022.05.17-22.24.10:055][  0]LogConfig: Setting CVar [[r.DOF.Scatter.MaxSpriteRatio:0.1         ; only a maximum of 10% of scattered bokeh]]
[2022.05.17-22.24.10:055][  0]LogConfig: Setting CVar [[r.DOF.Recombine.Quality:1                ; cheap slight out of focus]]
[2022.05.17-22.24.10:055][  0]LogConfig: Setting CVar [[r.DOF.Recombine.EnableBokehSettings:0    ; no bokeh simulation on slight out of focus]]
[2022.05.17-22.24.10:055][  0]LogConfig: Setting CVar [[r.DOF.TemporalAAQuality:1                ; more stable temporal accumulation]]
[2022.05.17-22.24.10:055][  0]LogConfig: Setting CVar [[r.DOF.Kernel.MaxForegroundRadius:0.025]]
[2022.05.17-22.24.10:055][  0]LogConfig: Setting CVar [[r.DOF.Kernel.MaxBackgroundRadius:0.025]]
[2022.05.17-22.24.10:055][  0]LogConfig: Applying CVar settings from Section [TextureQuality@3] File [E:/GitHub/UnrealProjects/Tanks/TanksGame/TanksMiniGame/Saved/Config/Windows/Scalability.ini]
[2022.05.17-22.24.10:055][  0]LogConfig: Setting CVar [[r.Streaming.MipBias:0]]
[2022.05.17-22.24.10:055][  0]LogConfig: Setting CVar [[r.Streaming.AmortizeCPUToGPUCopy:0]]
[2022.05.17-22.24.10:055][  0]LogConfig: Setting CVar [[r.Streaming.MaxNumTexturesToStreamPerFrame:0]]
[2022.05.17-22.24.10:055][  0]LogConfig: Setting CVar [[r.Streaming.Boost:1]]
[2022.05.17-22.24.10:055][  0]LogConfig: Setting CVar [[r.MaxAnisotropy:8]]
[2022.05.17-22.24.10:055][  0]LogConfig: Setting CVar [[r.Streaming.LimitPoolSizeToVRAM:0]]
[2022.05.17-22.24.10:055][  0]LogConfig: Setting CVar [[r.Streaming.PoolSize:1000]]
[2022.05.17-22.24.10:055][  0]LogConfig: Setting CVar [[r.Streaming.MaxEffectiveScreenSize:0]]
[2022.05.17-22.24.10:055][  0]LogConfig: Applying CVar settings from Section [EffectsQuality@3] File [E:/GitHub/UnrealProjects/Tanks/TanksGame/TanksMiniGame/Saved/Config/Windows/Scalability.ini]
[2022.05.17-22.24.10:055][  0]LogConfig: Setting CVar [[r.TranslucencyLightingVolumeDim:64]]
[2022.05.17-22.24.10:055][  0]LogConfig: Setting CVar [[r.RefractionQuality:2]]
[2022.05.17-22.24.10:055][  0]LogConfig: Setting CVar [[r.SSR.Quality:3]]
[2022.05.17-22.24.10:055][  0]LogConfig: Setting CVar [[r.SceneColorFormat:4]]
[2022.05.17-22.24.10:055][  0]LogConfig: Setting CVar [[r.DetailMode:2]]
[2022.05.17-22.24.10:055][  0]LogConfig: Setting CVar [[r.TranslucencyVolumeBlur:1]]
[2022.05.17-22.24.10:055][  0]LogConfig: Setting CVar [[r.MaterialQualityLevel:1 ; High quality]]
[2022.05.17-22.24.10:055][  0]LogConfig: Setting CVar [[r.SSS.Scale:1]]
[2022.05.17-22.24.10:055][  0]LogConfig: Setting CVar [[r.SSS.SampleSet:2]]
[2022.05.17-22.24.10:055][  0]LogConfig: Setting CVar [[r.SSS.Quality:1]]
[2022.05.17-22.24.10:055][  0]LogConfig: Setting CVar [[r.SSS.HalfRes:1]]
[2022.05.17-22.24.10:055][  0]LogConfig: Setting CVar [[r.EmitterSpawnRateScale:1.0]]
[2022.05.17-22.24.10:055][  0]LogConfig: Setting CVar [[r.ParticleLightQuality:2]]
[2022.05.17-22.24.10:055][  0]LogConfig: Applying CVar settings from Section [FoliageQuality@3] File [E:/GitHub/UnrealProjects/Tanks/TanksGame/TanksMiniGame/Saved/Config/Windows/Scalability.ini]
[2022.05.17-22.24.10:055][  0]LogConfig: Setting CVar [[foliage.DensityScale:1.0]]
[2022.05.17-22.24.10:055][  0]LogConfig: Setting CVar [[grass.DensityScale:1.0]]
[2022.05.17-22.24.10:055][  0]LogInit: Selected Device Profile: [Windows]
[2022.05.17-22.24.10:055][  0]LogInit: Applying CVar settings loaded from the selected device profile: [Windows]
[2022.05.17-22.24.10:149][  0]LogHAL: Display: Platform has ~ 4 GB [4080635904 / 4294967296 / 4], which maps to Smallest [LargestMinGB=32, LargerMinGB=12, DefaultMinGB=8, SmallerMinGB=6, SmallestMinGB=0)
[2022.05.17-22.24.10:149][  0]LogConfig: Setting CVar [[r.Vulkan.UseRealUBs:0		; Required until we fix HLR fall-out]]
[2022.05.17-22.24.10:149][  0]LogInit: Going up to parent DeviceProfile []
[2022.05.17-22.24.10:149][  0]LogConfig: Applying CVar settings from Section [ViewDistanceQuality@0] File [E:/GitHub/UnrealProjects/Tanks/TanksGame/TanksMiniGame/Saved/Config/Windows/Scalability.ini]
[2022.05.17-22.24.10:149][  0]LogConfig: Setting CVar [[r.SkeletalMeshLODBias:2]]
[2022.05.17-22.24.10:149][  0]LogConfig: Setting CVar [[r.ViewDistanceScale:0.4]]
[2022.05.17-22.24.10:149][  0]LogConfig: Applying CVar settings from Section [AntiAliasingQuality@0] File [E:/GitHub/UnrealProjects/Tanks/TanksGame/TanksMiniGame/Saved/Config/Windows/Scalability.ini]
[2022.05.17-22.24.10:149][  0]LogConfig: Setting CVar [[r.PostProcessAAQuality:0]]
[2022.05.17-22.24.10:149][  0]LogConfig: Applying CVar settings from Section [ShadowQuality@0] File [E:/GitHub/UnrealProjects/Tanks/TanksGame/TanksMiniGame/Saved/Config/Windows/Scalability.ini]
[2022.05.17-22.24.10:149][  0]LogConfig: Setting CVar [[r.LightFunctionQuality:0]]
[2022.05.17-22.24.10:149][  0]LogConfig: Setting CVar [[r.ShadowQuality:0]]
[2022.05.17-22.24.10:149][  0]LogConfig: Setting CVar [[r.Shadow.CSM.MaxCascades:1]]
[2022.05.17-22.24.10:149][  0]LogConfig: Setting CVar [[r.Shadow.MaxResolution:512]]
[2022.05.17-22.24.10:149][  0]LogConfig: Setting CVar [[r.Shadow.MaxCSMResolution:512]]
[2022.05.17-22.24.10:149][  0]LogConfig: Setting CVar [[r.Shadow.RadiusThreshold:0.06]]
[2022.05.17-22.24.10:149][  0]LogConfig: Setting CVar [[r.Shadow.DistanceScale:0.6]]
[2022.05.17-22.24.10:149][  0]LogConfig: Setting CVar [[r.Shadow.CSM.TransitionScale:0]]
[2022.05.17-22.24.10:149][  0]LogConfig: Setting CVar [[r.Shadow.PreShadowResolutionFactor:0.5]]
[2022.05.17-22.24.10:149][  0]LogConfig: Setting CVar [[r.DistanceFieldShadowing:0]]
[2022.05.17-22.24.10:149][  0]LogConfig: Setting CVar [[r.DistanceFieldAO:0]]
[2022.05.17-22.24.10:149][  0]LogConfig: Setting CVar [[r.VolumetricFog:0]]
[2022.05.17-22.24.10:149][  0]LogConfig: Setting CVar [[r.LightMaxDrawDistanceScale:0]]
[2022.05.17-22.24.10:149][  0]LogConfig: Setting CVar [[r.CapsuleShadows:0]]
[2022.05.17-22.24.10:149][  0]LogConfig: Applying CVar settings from Section [PostProcessQuality@0] File [E:/GitHub/UnrealProjects/Tanks/TanksGame/TanksMiniGame/Saved/Config/Windows/Scalability.ini]
[2022.05.17-22.24.10:149][  0]LogConfig: Setting CVar [[r.MotionBlurQuality:0]]
[2022.05.17-22.24.10:149][  0]LogConfig: Setting CVar [[r.AmbientOcclusionMipLevelFactor:1.0]]
[2022.05.17-22.24.10:149][  0]LogConfig: Setting CVar [[r.AmbientOcclusionMaxQuality:0]]
[2022.05.17-22.24.10:149][  0]LogConfig: Setting CVar [[r.AmbientOcclusionLevels:0]]
[2022.05.17-22.24.10:149][  0]LogConfig: Setting CVar [[r.AmbientOcclusionRadiusScale:1.2]]
[2022.05.17-22.24.10:149][  0]LogConfig: Setting CVar [[r.DepthOfFieldQuality:0]]
[2022.05.17-22.24.10:149][  0]LogConfig: Setting CVar [[r.RenderTargetPoolMin:300]]
[2022.05.17-22.24.10:149][  0]LogConfig: Setting CVar [[r.LensFlareQuality:0]]
[2022.05.17-22.24.10:149][  0]LogConfig: Setting CVar [[r.SceneColorFringeQuality:0]]
[2022.05.17-22.24.10:149][  0]LogConfig: Setting CVar [[r.EyeAdaptationQuality:0]]
[2022.05.17-22.24.10:149][  0]LogConfig: Setting CVar [[r.BloomQuality:4]]
[2022.05.17-22.24.10:149][  0]LogConfig: Setting CVar [[r.FastBlurThreshold:0]]
[2022.05.17-22.24.10:149][  0]LogConfig: Setting CVar [[r.Upscale.Quality:1]]
[2022.05.17-22.24.10:149][  0]LogConfig: Setting CVar [[r.Tonemapper.GrainQuantization:0]]
[2022.05.17-22.24.10:149][  0]LogConfig: Setting CVar [[r.LightShaftQuality:0]]
[2022.05.17-22.24.10:149][  0]LogConfig: Setting CVar [[r.Filter.SizeScale:0.6]]
[2022.05.17-22.24.10:149][  0]LogConfig: Setting CVar [[r.Tonemapper.Quality:0]]
[2022.05.17-22.24.10:149][  0]LogConfig: Applying CVar settings from Section [TextureQuality@0] File [E:/GitHub/UnrealProjects/Tanks/TanksGame/TanksMiniGame/Saved/Config/Windows/Scalability.ini]
[2022.05.17-22.24.10:149][  0]LogConfig: Setting CVar [[r.Streaming.MipBias:16]]
[2022.05.17-22.24.10:149][  0]LogConfig: Setting CVar [[r.Streaming.AmortizeCPUToGPUCopy:1]]
[2022.05.17-22.24.10:149][  0]LogConfig: Setting CVar [[r.Streaming.MaxNumTexturesToStreamPerFrame:1]]
[2022.05.17-22.24.10:149][  0]LogConfig: Setting CVar [[r.Streaming.Boost:0.3]]
[2022.05.17-22.24.10:149][  0]LogConfig: Setting CVar [[r.MaxAnisotropy:0]]
[2022.05.17-22.24.10:149][  0]LogConfig: Setting CVar [[r.Streaming.LimitPoolSizeToVRAM:1]]
[2022.05.17-22.24.10:149][  0]LogConfig: Setting CVar [[r.Streaming.PoolSize:400]]
[2022.05.17-22.24.10:149][  0]LogConfig: Setting CVar [[r.Streaming.MaxEffectiveScreenSize:0]]
[2022.05.17-22.24.10:149][  0]LogConfig: Applying CVar settings from Section [EffectsQuality@0] File [E:/GitHub/UnrealProjects/Tanks/TanksGame/TanksMiniGame/Saved/Config/Windows/Scalability.ini]
[2022.05.17-22.24.10:149][  0]LogConfig: Setting CVar [[r.TranslucencyLightingVolumeDim:24]]
[2022.05.17-22.24.10:149][  0]LogConfig: Setting CVar [[r.RefractionQuality:0]]
[2022.05.17-22.24.10:149][  0]LogConfig: Setting CVar [[r.SSR.Quality:0]]
[2022.05.17-22.24.10:149][  0]LogConfig: Setting CVar [[r.SceneColorFormat:3]]
[2022.05.17-22.24.10:149][  0]LogConfig: Setting CVar [[r.DetailMode:0]]
[2022.05.17-22.24.10:149][  0]LogConfig: Setting CVar [[r.TranslucencyVolumeBlur:0]]
[2022.05.17-22.24.10:149][  0]LogConfig: Setting CVar [[r.MaterialQualityLevel:0 ; Low quality]]
[2022.05.17-22.24.10:149][  0]LogConfig: Setting CVar [[r.SSS.Scale:0]]
[2022.05.17-22.24.10:149][  0]LogConfig: Setting CVar [[r.SSS.SampleSet:0]]
[2022.05.17-22.24.10:149][  0]LogConfig: Setting CVar [[r.SSS.Quality:0]]
[2022.05.17-22.24.10:149][  0]LogConfig: Setting CVar [[r.SSS.HalfRes:1]]
[2022.05.17-22.24.10:149][  0]LogConfig: Setting CVar [[r.EmitterSpawnRateScale:0.125]]
[2022.05.17-22.24.10:149][  0]LogConfig: Setting CVar [[r.ParticleLightQuality:0]]
[2022.05.17-22.24.10:149][  0]LogConfig: Applying CVar settings from Section [FoliageQuality@0] File [E:/GitHub/UnrealProjects/Tanks/TanksGame/TanksMiniGame/Saved/Config/Windows/Scalability.ini]
[2022.05.17-22.24.10:149][  0]LogConfig: Setting CVar [[foliage.DensityScale:0]]
[2022.05.17-22.24.10:149][  0]LogConfig: Setting CVar [[grass.DensityScale:0]]
[2022.05.17-22.24.10:149][  0]LogConfig: Applying CVar settings from Section [Startup] File [../../../Engine/Config/ConsoleVariables.ini]
[2022.05.17-22.24.10:227][  0]LogConfig: Setting CVar [[net.UseAdaptiveNetUpdateFrequency:0]]
[2022.05.17-22.24.10:227][  0]LogConfig: Setting CVar [[p.chaos.AllowCreatePhysxBodies:1]]
[2022.05.17-22.24.10:227][  0]LogConfig: Applying CVar settings from Section [ConsoleVariables] File [E:/GitHub/UnrealProjects/Tanks/TanksGame/TanksMiniGame/Saved/Config/Windows/Engine.ini]
[2022.05.17-22.24.10:235][  0]LogInit: Computer: SONNY
[2022.05.17-22.24.10:235][  0]LogInit: User: SonnyFixit
[2022.05.17-22.24.10:235][  0]LogInit: CPU Page size=4096, Cores=2
[2022.05.17-22.24.10:235][  0]LogInit: High frequency timer resolution =1.851267 MHz
[2022.05.17-22.24.10:235][  0]LogMemory: Memory total: Physical=3.8GB (4GB approx)
[2022.05.17-22.24.10:235][  0]LogMemory: Platform Memory Stats for Windows
[2022.05.17-22.24.10:235][  0]LogMemory: Process Physical Memory: 94.21 MB used, 94.21 MB peak
[2022.05.17-22.24.10:235][  0]LogMemory: Process Virtual Memory: 83.55 MB used, 83.55 MB peak
[2022.05.17-22.24.10:235][  0]LogMemory: Physical Memory: 1834.74 MB used,  2056.86 MB free, 3891.60 MB total
[2022.05.17-22.24.10:235][  0]LogMemory: Virtual Memory: 482.01 MB used,  134217248.00 MB free, 134217728.00 MB total
[2022.05.17-22.24.13:094][  0]LogInit: Using OS detected language (pl-PL).
[2022.05.17-22.24.13:094][  0]LogInit: Using OS detected locale (pl-PL).
[2022.05.17-22.24.13:144][  0]LogTextLocalizationManager: No specific localization for 'pl-PL' exists, so the 'pl' localization will be used.
[2022.05.17-22.24.13:144][  0]LogTextLocalizationResource: LocRes '../../../Engine/Content/Localization/Editor/pl/Editor.locres' could not be opened for reading!
[2022.05.17-22.24.13:145][  0]LogTextLocalizationResource: LocRes '../../../Engine/Content/Localization/EditorTutorials/pl/EditorTutorials.locres' could not be opened for reading!
[2022.05.17-22.24.13:145][  0]LogTextLocalizationResource: LocRes '../../../Engine/Content/Localization/Keywords/pl/Keywords.locres' could not be opened for reading!
[2022.05.17-22.24.13:145][  0]LogTextLocalizationResource: LocRes '../../../Engine/Content/Localization/Category/pl/Category.locres' could not be opened for reading!
[2022.05.17-22.24.13:154][  0]LogTextLocalizationResource: LocRes '../../../Engine/Content/Localization/ToolTips/pl/ToolTips.locres' could not be opened for reading!
[2022.05.17-22.24.13:157][  0]LogTextLocalizationResource: LocRes '../../../Engine/Content/Localization/PropertyNames/pl/PropertyNames.locres' could not be opened for reading!
[2022.05.17-22.24.13:158][  0]LogTextLocalizationResource: LocRes '../../../Engine/Content/Localization/Engine/pl/Engine.locres' could not be opened for reading!
[2022.05.17-22.24.13:290][  0]LogInit: Setting process to per monitor DPI aware
[2022.05.17-22.24.13:705][  0]LogSlate: New Slate User Created.  User Index 0, Is Virtual User: 0
[2022.05.17-22.24.13:705][  0]LogSlate: Slate User Registered.  User Index 0, Is Virtual User: 0
[2022.05.17-22.24.18:932][  0]LogHMD: Failed to initialize OpenVR with code 110
[2022.05.17-22.24.18:932][  0]LogD3D11RHI: D3D11 adapters:
[2022.05.17-22.24.18:994][  0]LogD3D11RHI:    0. 'Intel(R) HD Graphics 4000' (Feature Level 11_0)
[2022.05.17-22.24.18:994][  0]LogD3D11RHI:       96/0/1696 MB DedicatedVideo/DedicatedSystem/SharedSystem, Outputs:1, VendorId:0x8086
[2022.05.17-22.24.19:085][  0]LogD3D11RHI:    1. 'NVIDIA GeForce 710M' (Feature Level 11_0)
[2022.05.17-22.24.19:085][  0]LogD3D11RHI:       963/0/1945 MB DedicatedVideo/DedicatedSystem/SharedSystem, Outputs:0, VendorId:0x10de
[2022.05.17-22.24.19:221][  0]LogD3D11RHI:    2. 'Microsoft Basic Render Driver' (Feature Level 11_0)
[2022.05.17-22.24.19:221][  0]LogD3D11RHI:       0/0/256 MB DedicatedVideo/DedicatedSystem/SharedSystem, Outputs:0, VendorId:0x1414
[2022.05.17-22.24.19:221][  0]LogD3D11RHI: Chosen D3D11 Adapter: 1
[2022.05.17-22.24.19:227][  0]LogD3D11RHI: Creating new Direct3DDevice
[2022.05.17-22.24.19:227][  0]LogD3D11RHI:     GPU DeviceId: 0x1140 (for the marketing name, search the web for "GPU Device Id")
[2022.05.17-22.24.19:227][  0]LogWindows: EnumDisplayDevices:
[2022.05.17-22.24.19:227][  0]LogWindows:    0. 'Intel(R) HD Graphics 4000' (P:1 D:1)
[2022.05.17-22.24.19:228][  0]LogWindows:    1. 'Intel(R) HD Graphics 4000' (P:0 D:0)
[2022.05.17-22.24.19:228][  0]LogWindows:    2. 'Intel(R) HD Graphics 4000' (P:0 D:0)
[2022.05.17-22.24.19:228][  0]LogWindows:    3. 'NVIDIA GeForce 710M' (P:0 D:0)
[2022.05.17-22.24.19:229][  0]LogWindows: DebugString: PrimaryIsNotTheChoosenAdapter PrimaryIsNotTheChoosenAdapter PrimaryIsNotTheChoosenAdapter 
[2022.05.17-22.24.19:229][  0]LogD3D11RHI:     Adapter Name: NVIDIA GeForce 710M
[2022.05.17-22.24.19:229][  0]LogD3D11RHI:   Driver Version: 391.35 (internal:23.21.13.9135, unified:391.35)
[2022.05.17-22.24.19:229][  0]LogD3D11RHI:      Driver Date: 3-23-2018
[2022.05.17-22.24.19:229][  0]LogRHI: Texture pool is 674 MB (70% of 963 MB)
[2022.05.17-22.24.19:246][  0]LogD3D11RHI: Display: Timestamp queries are currently disabled on this hardware due to instability. Realtime GPU stats will not be available. You can override this behaviour by setting r.NVIDIATimestampWorkaround to 0
[2022.05.17-22.24.19:246][  0]LogD3D11RHI: Async texture creation enabled
[2022.05.17-22.24.19:255][  0]LogRendererCore: FGlobalReadBuffer::InitRHI
[2022.05.17-22.24.19:256][  0]LogRendererCore: FGlobalReadBuffer::InitRHI
[2022.05.17-22.24.19:256][  0]LogRendererCore: FGlobalReadBuffer::InitRHI
[2022.05.17-22.24.19:274][  0]LogD3D11RHI: GPU Timing Frequency: 1000.000000 (Debug: 2 2)
[2022.05.17-22.24.24:512][  0]LogTemp: Display: Module 'AllDesktopTargetPlatform' loaded TargetPlatform 'AllDesktop'
[2022.05.17-22.24.24:564][  0]LogTemp: Display: Module 'MacClientTargetPlatform' loaded TargetPlatform 'MacClient'
[2022.05.17-22.24.24:604][  0]LogTemp: Display: Module 'MacNoEditorTargetPlatform' loaded TargetPlatform 'MacNoEditor'
[2022.05.17-22.24.24:656][  0]LogTemp: Display: Module 'MacServerTargetPlatform' loaded TargetPlatform 'MacServer'
[2022.05.17-22.24.24:740][  0]LogTemp: Display: Module 'MacTargetPlatform' loaded TargetPlatform 'Mac'
[2022.05.17-22.24.24:792][  0]LogTemp: Display: Module 'WindowsClientTargetPlatform' loaded TargetPlatform 'WindowsClient'
[2022.05.17-22.24.24:838][  0]LogTemp: Display: Module 'WindowsNoEditorTargetPlatform' loaded TargetPlatform 'WindowsNoEditor'
[2022.05.17-22.24.24:880][  0]LogTemp: Display: Module 'WindowsServerTargetPlatform' loaded TargetPlatform 'WindowsServer'
[2022.05.17-22.24.24:905][  0]LogTemp: Display: Module 'WindowsTargetPlatform' loaded TargetPlatform 'Windows'
[2022.05.17-22.24.25:096][  0]LogTemp: Display: Module 'AndroidTargetPlatform' loaded TargetPlatform 'Android'
[2022.05.17-22.24.25:096][  0]LogTemp: Display: Module 'AndroidTargetPlatform' loaded TargetPlatform 'Android_ASTC'
[2022.05.17-22.24.25:096][  0]LogTemp: Display: Module 'AndroidTargetPlatform' loaded TargetPlatform 'Android_ATC'
[2022.05.17-22.24.25:096][  0]LogTemp: Display: Module 'AndroidTargetPlatform' loaded TargetPlatform 'Android_DXT'
[2022.05.17-22.24.25:096][  0]LogTemp: Display: Module 'AndroidTargetPlatform' loaded TargetPlatform 'Android_ETC1'
[2022.05.17-22.24.25:096][  0]LogTemp: Display: Module 'AndroidTargetPlatform' loaded TargetPlatform 'Android_ETC1a'
[2022.05.17-22.24.25:096][  0]LogTemp: Display: Module 'AndroidTargetPlatform' loaded TargetPlatform 'Android_ETC2'
[2022.05.17-22.24.25:096][  0]LogTemp: Display: Module 'AndroidTargetPlatform' loaded TargetPlatform 'Android_PVRTC'
[2022.05.17-22.24.25:096][  0]LogTemp: Display: Module 'AndroidTargetPlatform' loaded TargetPlatform 'AndroidClient'
[2022.05.17-22.24.25:096][  0]LogTemp: Display: Module 'AndroidTargetPlatform' loaded TargetPlatform 'Android_ASTCClient'
[2022.05.17-22.24.25:096][  0]LogTemp: Display: Module 'AndroidTargetPlatform' loaded TargetPlatform 'Android_ATCClient'
[2022.05.17-22.24.25:096][  0]LogTemp: Display: Module 'AndroidTargetPlatform' loaded TargetPlatform 'Android_DXTClient'
[2022.05.17-22.24.25:096][  0]LogTemp: Display: Module 'AndroidTargetPlatform' loaded TargetPlatform 'Android_ETC1Client'
[2022.05.17-22.24.25:096][  0]LogTemp: Display: Module 'AndroidTargetPlatform' loaded TargetPlatform 'Android_ETC1aClient'
[2022.05.17-22.24.25:096][  0]LogTemp: Display: Module 'AndroidTargetPlatform' loaded TargetPlatform 'Android_ETC2Client'
[2022.05.17-22.24.25:097][  0]LogTemp: Display: Module 'AndroidTargetPlatform' loaded TargetPlatform 'Android_PVRTCClient'
[2022.05.17-22.24.25:097][  0]LogTemp: Display: Module 'AndroidTargetPlatform' loaded TargetPlatform 'Android_Multi'
[2022.05.17-22.24.25:097][  0]LogTemp: Display: Module 'AndroidTargetPlatform' loaded TargetPlatform 'Android_MultiClient'
[2022.05.17-22.24.25:111][  0]LogTemp: Display: Module 'HTML5TargetPlatform' loaded TargetPlatform 'HTML5'
[2022.05.17-22.24.25:249][  0]LogTemp: Display: Module 'IOSTargetPlatform' loaded TargetPlatform 'IOSClient'
[2022.05.17-22.24.25:249][  0]LogTemp: Display: Module 'IOSTargetPlatform' loaded TargetPlatform 'IOS'
[2022.05.17-22.24.25:311][  0]LogTemp: Display: Module 'TVOSTargetPlatform' loaded TargetPlatform 'TVOSClient'
[2022.05.17-22.24.25:311][  0]LogTemp: Display: Module 'TVOSTargetPlatform' loaded TargetPlatform 'TVOS'
[2022.05.17-22.24.25:364][  0]LogTemp: Display: Module 'LinuxClientTargetPlatform' loaded TargetPlatform 'LinuxClient'
[2022.05.17-22.24.25:391][  0]LogTemp: Display: Module 'LinuxNoEditorTargetPlatform' loaded TargetPlatform 'LinuxNoEditor'
[2022.05.17-22.24.25:441][  0]LogTemp: Display: Module 'LinuxServerTargetPlatform' loaded TargetPlatform 'LinuxServer'
[2022.05.17-22.24.25:498][  0]LogTemp: Display: Module 'LinuxTargetPlatform' loaded TargetPlatform 'Linux'
[2022.05.17-22.24.25:646][  0]LogTemp: Display: Module 'LuminTargetPlatform' loaded TargetPlatform 'Lumin'
[2022.05.17-22.24.25:646][  0]LogTemp: Display: Module 'LuminTargetPlatform' loaded TargetPlatform 'LuminClient'
[2022.05.17-22.24.25:647][  0]LogTargetPlatformManager: Display: Building Assets For Windows
[2022.05.17-22.24.25:739][  0]LogAudioDebug: Display: Lib vorbis DLL was dynamically loaded.
[2022.05.17-22.24.26:300][  0]LogShaderCompilers: Guid format shader working directory is -12 characters bigger than the processId version (../../../../GitHub/UnrealProjects/Tanks/TanksGame/TanksMiniGame/Intermediate/Shaders/WorkingDirectory/6516/).
[2022.05.17-22.24.26:301][  0]LogShaderCompilers: Cleaned the shader compiler working directory 'C:/Users/SonnyFixit/AppData/Local/Temp/UnrealShaderWorkingDir/92C4E3C742918DBD9617B794C1564007/'.
[2022.05.17-22.24.26:329][  0]LogXGEController: Cannot use XGE Controller as Incredibuild is not installed on this machine.
[2022.05.17-22.24.26:329][  0]LogShaderCompilers: Cannot use XGE Shader Compiler as Incredibuild is not installed on this machine.
[2022.05.17-22.24.26:329][  0]LogShaderCompilers: Display: Using Local Shader Compiler.
[2022.05.17-22.24.32:171][  0]LogDerivedDataCache: Display: Max Cache Size: 512 MB
[2022.05.17-22.24.32:846][  0]LogDerivedDataCache: Loaded boot cache 0.68s 72MB C:/Users/SonnyFixit/AppData/Local/UnrealEngine/4.22/DerivedDataCache/Boot.ddc.
[2022.05.17-22.24.32:846][  0]LogDerivedDataCache: Display: Loaded Boot cache: C:/Users/SonnyFixit/AppData/Local/UnrealEngine/4.22/DerivedDataCache/Boot.ddc
[2022.05.17-22.24.32:846][  0]LogDerivedDataCache: FDerivedDataBackendGraph:  Pak pak cache file ../../../../GitHub/UnrealProjects/Tanks/TanksGame/TanksMiniGame/DerivedDataCache/DDC.ddp not found, will not use a pak cache.
[2022.05.17-22.24.32:846][  0]LogDerivedDataCache: Unable to find inner node Pak for hierarchical cache Hierarchy.
[2022.05.17-22.24.32:847][  0]LogDerivedDataCache: FDerivedDataBackendGraph:  CompressedPak pak cache file ../../../../GitHub/UnrealProjects/Tanks/TanksGame/TanksMiniGame/DerivedDataCache/Compressed.ddp not found, will not use a pak cache.
[2022.05.17-22.24.32:847][  0]LogDerivedDataCache: Unable to find inner node CompressedPak for hierarchical cache Hierarchy.
[2022.05.17-22.24.32:870][  0]LogDerivedDataCache: Display: Pak cache opened for reading ../../../Engine/DerivedDataCache/Compressed.ddp.
[2022.05.17-22.24.32:876][  0]LogDerivedDataCache: Display: Pak cache opened for reading ../../../Enterprise/DerivedDataCache/Compressed.ddp.
[2022.05.17-22.24.32:889][  0]LogDerivedDataCache: Using Local data cache path C:/Users/SonnyFixit/AppData/Local/UnrealEngine/Common/DerivedDataCache: Writable
[2022.05.17-22.24.32:889][  0]LogDerivedDataCache: Shared data cache path not found in *engine.ini, will not use an Shared cache.
[2022.05.17-22.24.32:889][  0]LogDerivedDataCache: Unable to find inner node Shared for hierarchical cache Hierarchy.
[2022.05.17-22.24.32:937][  0]LogMaterial: Verifying Global Shaders for PCD3D_SM5
[2022.05.17-22.24.32:939][  0]LogSlate: Using FreeType 2.6.0
[2022.05.17-22.24.32:969][  0]LogSlate: SlateFontServices - WITH_FREETYPE: 1, WITH_HARFBUZZ: 1
[2022.05.17-22.24.34:699][  0]LogAssetRegistry: FAssetRegistry took 0.0460 seconds to start up
[2022.05.17-22.24.35:390][  0]LogInit: Selected Device Profile: [Windows]
[2022.05.17-22.24.36:621][  0]LogMeshReduction: Using QuadricMeshReduction for automatic static mesh reduction
[2022.05.17-22.24.36:621][  0]LogMeshReduction: Using SimplygonMeshReduction for automatic skeletal mesh reduction
[2022.05.17-22.24.36:621][  0]LogMeshReduction: Using ProxyLODMeshReduction for automatic mesh merging
[2022.05.17-22.24.36:621][  0]LogMeshReduction: No distributed automatic mesh merging module available
[2022.05.17-22.24.36:621][  0]LogMeshMerging: No distributed automatic mesh merging module available
[2022.05.17-22.24.36:653][  0]LogNetVersion: TanksMiniGame 1.0.0, NetCL: 5660361, EngineNetVer: 10, GameNetVer: 0 (Checksum: 1412442164)
[2022.05.17-22.24.37:606][  0]LogPackageLocalizationCache: Processed 16 localized package path(s) for 1 prioritized culture(s) in 0.153740 seconds
[2022.05.17-22.24.37:617][  0]LogUObjectArray: 42205 objects as part of root set at end of initial load.
[2022.05.17-22.24.37:617][  0]LogUObjectAllocator: 7325032 out of 0 bytes used by permanent object pool.
[2022.05.17-22.24.37:617][  0]LogUObjectArray: CloseDisregardForGC: 0/0 objects in disregard for GC pool
[2022.05.17-22.25.01:563][  0]LogTcpMessaging: Initializing TcpMessaging bridge
[2022.05.17-22.25.01:604][  0]LogUdpMessaging: Initializing bridge on interface 0.0.0.0:0 to multicast group 230.0.0.1:6666.
[2022.05.17-22.25.02:254][  0]SourceControl: Source control is disabled
[2022.05.17-22.25.02:254][  0]SourceControl: Source control is disabled
[2022.05.17-22.25.02:321][  0]SourceControl: Source control is disabled
[2022.05.17-22.25.02:357][  0]SourceControl: Source control is disabled
[2022.05.17-22.25.05:105][  0]LogAndroidPermission: UAndroidPermissionCallbackProxy::GetInstance
[2022.05.17-22.25.05:413][  0]LogOcInput: OculusInput pre-init called
[2022.05.17-22.25.16:180][  0]LogEngine: Initializing Engine...
[2022.05.17-22.25.16:181][  0]LogHMD: Failed to initialize OpenVR with code 110
[2022.05.17-22.25.16:184][  0]LogStats: UGameplayTagsManager::InitializeManager -  0.000 s
[2022.05.17-22.25.16:752][  0]LogInit: Initializing FReadOnlyCVARCache
[2022.05.17-22.25.16:964][  0]LogAIModule: Creating AISystem for world Untitled
[2022.05.17-22.25.16:995][  0]LogInit: XAudio2 using 'Speakers (Realtek High Definition Audio)' : 2 channels at 48 kHz using 32 bits per sample (channel mask 0x3)
[2022.05.17-22.25.17:150][  0]LogInit: FAudioDevice initialized.
[2022.05.17-22.25.17:151][  0]LogNetVersion: Set ProjectVersion to 1.0.0.0. Version Checksum will be recalculated on next use.
[2022.05.17-22.25.17:500][  0]LogDerivedDataCache: Saved boot cache 0.35s 72MB C:/Users/SonnyFixit/AppData/Local/UnrealEngine/4.22/DerivedDataCache/Boot.ddc.
[2022.05.17-22.25.17:521][  0]LogInit: Texture streaming: Enabled
[2022.05.17-22.25.17:742][  0]LogEngineSessionManager: EngineSessionManager initialized
[2022.05.17-22.25.17:918][  0]LogInit: Transaction tracking system initialized
[2022.05.17-22.25.18:494][  0]BlueprintLog: New page: Editor Load
[2022.05.17-22.25.18:897][  0]LocalizationService: Localization service is disabled
[2022.05.17-22.25.23:139][  0]LogFileCache: Scanning file cache for directory 'E:/GitHub/UnrealProjects/Tanks/TanksGame/TanksMiniGame/Content/' took 0.04s
[2022.05.17-22.25.23:139][  0]LogCook: Display: Max memory allowance for cook 16384mb min free memory 0mb
[2022.05.17-22.25.23:139][  0]LogCook: Display: Mobile HDR setting 1
[2022.05.17-22.25.45:805][  0]SourceControl: Source control is disabled
[2022.05.17-22.25.45:806][  0]Cmd: MAP LOAD FILE="../../../../GitHub/UnrealProjects/Tanks/TanksGame/TanksMiniGame/Content/Maps/Main.umap" TEMPLATE=0 SHOWPROGRESS=1 FEATURELEVEL=3
[2022.05.17-22.25.45:901][  0]LightingResults: New page: Lighting Build
[2022.05.17-22.25.45:955][  0]MapCheck: New page: Map Check
[2022.05.17-22.25.45:955][  0]LightingResults: New page: Lighting Build
[2022.05.17-22.25.46:034][  0]LogUObjectHash: Compacting FUObjectHashTables data took   3.55ms
[2022.05.17-22.25.48:495][  0]LogAIModule: Creating AISystem for world Main
[2022.05.17-22.25.48:944][  0]LogEditorServer: Finished looking for orphan Actors (0.000 secs)
[2022.05.17-22.25.49:012][  0]LogUObjectHash: Compacting FUObjectHashTables data took   4.21ms
[2022.05.17-22.25.49:012][  0]Cmd: MAP CHECKDEP NOCLEARLOG
[2022.05.17-22.25.49:012][  0]MapCheck: Map check complete: 0 Error(s), 0 Warning(s), took 0,161ms to complete.
[2022.05.17-22.25.49:012][  0]LogFileHelpers: Loading map 'Main' took 3.207
[2022.05.17-22.25.50:616][  0]LogSlate: Updating window title bar state: overlay mode, drag disabled, window buttons hidden, title bar hidden
[2022.05.17-22.25.50:696][  0]LogSlate: Updating window title bar state: overlay mode, drag disabled, window buttons hidden, title bar hidden
[2022.05.17-22.25.50:711][  0]LogSlate: Updating window title bar state: overlay mode, drag disabled, window buttons hidden, title bar hidden
[2022.05.17-22.25.50:726][  0]LogSlate: Updating window title bar state: overlay mode, drag disabled, window buttons hidden, title bar hidden
[2022.05.17-22.25.50:902][  0]LogCollectionManager: Loaded 0 collections in 0.002112 seconds
[2022.05.17-22.25.51:360][  0]LogFileCache: Scanning file cache for directory 'E:/GitHub/UnrealProjects/Tanks/TanksGame/TanksMiniGame/Saved/Collections/' took 0.01s
[2022.05.17-22.25.51:361][  0]LogFileCache: Scanning file cache for directory 'E:/GitHub/UnrealProjects/Tanks/TanksGame/TanksMiniGame/Content/Developers/SonnyFixit/Collections/' took 0.01s
[2022.05.17-22.25.51:361][  0]LogFileCache: Scanning file cache for directory 'E:/GitHub/UnrealProjects/Tanks/TanksGame/TanksMiniGame/Content/Collections/' took 0.00s
[2022.05.17-22.25.51:361][  0]LogCollectionManager: Rebuilt the GUID cache for 0 collections in 0.000001 seconds
[2022.05.17-22.25.51:402][  0]LogContentBrowser: Native class hierarchy populated in 0.0392 seconds. Added 2871 classes and 728 folders.
[2022.05.17-22.25.51:636][  0]LogContentBrowser: Native class hierarchy updated for 'WidgetCarousel' in 0.0006 seconds. Added 0 classes and 0 folders.
[2022.05.17-22.25.51:701][  0]LogPakFile: Registered encryption key '00000000000000000000000000000000': 0 pak files mounted, 0 remain pending
[2022.05.17-22.25.51:829][  0]LogPakFile: Registered encryption key '00000000000000000000000000000000': 0 pak files mounted, 0 remain pending
[2022.05.17-22.25.51:924][  0]LogPakFile: Registered encryption key '00000000000000000000000000000000': 0 pak files mounted, 0 remain pending
[2022.05.17-22.25.51:970][  0]LogPakFile: Registered encryption key '00000000000000000000000000000000': 0 pak files mounted, 0 remain pending
[2022.05.17-22.25.51:988][  0]LogPakFile: Registered encryption key '00000000000000000000000000000000': 0 pak files mounted, 0 remain pending
[2022.05.17-22.25.52:033][  0]LogPakFile: Registered encryption key '00000000000000000000000000000000': 0 pak files mounted, 0 remain pending
[2022.05.17-22.25.52:083][  0]LogPakFile: Registered encryption key '00000000000000000000000000000000': 0 pak files mounted, 0 remain pending
[2022.05.17-22.25.52:114][  0]LogPakFile: Registered encryption key '00000000000000000000000000000000': 0 pak files mounted, 0 remain pending
[2022.05.17-22.25.52:134][  0]LogPakFile: Registered encryption key '00000000000000000000000000000000': 0 pak files mounted, 0 remain pending
[2022.05.17-22.25.52:203][  0]LogPakFile: Registered encryption key '00000000000000000000000000000000': 0 pak files mounted, 0 remain pending
[2022.05.17-22.25.52:236][  0]LogPakFile: Registered encryption key '00000000000000000000000000000000': 0 pak files mounted, 0 remain pending
[2022.05.17-22.25.52:251][  0]LogPakFile: Registered encryption key '00000000000000000000000000000000': 0 pak files mounted, 0 remain pending
[2022.05.17-22.25.52:282][  0]LogPakFile: Registered encryption key '00000000000000000000000000000000': 0 pak files mounted, 0 remain pending
[2022.05.17-22.25.52:354][  0]LogPakFile: Registered encryption key '00000000000000000000000000000000': 0 pak files mounted, 0 remain pending
[2022.05.17-22.25.52:371][  0]LogPakFile: Registered encryption key '00000000000000000000000000000000': 0 pak files mounted, 0 remain pending
[2022.05.17-22.25.52:387][  0]LogPakFile: Registered encryption key '00000000000000000000000000000000': 0 pak files mounted, 0 remain pending
[2022.05.17-22.25.52:465][  0]LogPakFile: Registered encryption key '00000000000000000000000000000000': 0 pak files mounted, 0 remain pending
[2022.05.17-22.25.52:499][  0]LogPakFile: Registered encryption key '00000000000000000000000000000000': 0 pak files mounted, 0 remain pending
[2022.05.17-22.25.52:546][  0]LogPakFile: Registered encryption key '00000000000000000000000000000000': 0 pak files mounted, 0 remain pending
[2022.05.17-22.25.52:608][  0]LogPakFile: Registered encryption key '00000000000000000000000000000000': 0 pak files mounted, 0 remain pending
[2022.05.17-22.25.52:653][  0]LogPakFile: Registered encryption key '00000000000000000000000000000000': 0 pak files mounted, 0 remain pending
[2022.05.17-22.25.52:685][  0]LogPakFile: Registered encryption key '00000000000000000000000000000000': 0 pak files mounted, 0 remain pending
[2022.05.17-22.25.52:727][  0]LogPakFile: Registered encryption key '00000000000000000000000000000000': 0 pak files mounted, 0 remain pending
[2022.05.17-22.25.52:760][  0]LogPakFile: Registered encryption key '00000000000000000000000000000000': 0 pak files mounted, 0 remain pending
[2022.05.17-22.25.52:804][  0]LogPakFile: Registered encryption key '00000000000000000000000000000000': 0 pak files mounted, 0 remain pending
[2022.05.17-22.25.52:851][  0]LogPakFile: Registered encryption key '00000000000000000000000000000000': 0 pak files mounted, 0 remain pending
[2022.05.17-22.25.52:872][  0]LogPakFile: Registered encryption key '00000000000000000000000000000000': 0 pak files mounted, 0 remain pending
[2022.05.17-22.25.52:895][  0]LogPakFile: Registered encryption key '00000000000000000000000000000000': 0 pak files mounted, 0 remain pending
[2022.05.17-22.25.54:361][  0]LogContentBrowser: Native class hierarchy updated for 'AddContentDialog' in 0.0006 seconds. Added 0 classes and 0 folders.
[2022.05.17-22.25.54:561][  0]LogContentBrowser: Native class hierarchy updated for 'SceneOutliner' in 0.0007 seconds. Added 1 classes and 0 folders.
[2022.05.17-22.25.55:520][  0]LogSlate: Took 0.080847 seconds to synchronously load lazily loaded font '../../../Engine/Content/Slate/Fonts/Roboto-Regular.ttf' (155K)
[2022.05.17-22.25.55:571][  0]LogSlate: Took 0.045958 seconds to synchronously load lazily loaded font '../../../Engine/Content/Slate/Fonts/Roboto-Bold.ttf' (160K)
[2022.05.17-22.25.55:760][  0]LogSlate: Took 0.028869 seconds to synchronously load lazily loaded font '../../../Engine/Content/Editor/Slate/Fonts/FontAwesome.ttf' (139K)
[2022.05.17-22.25.55:840][  0]LogSlate: Took 0.057108 seconds to synchronously load lazily loaded font '../../../Engine/Content/Slate/Fonts/DroidSansMono.ttf' (77K)
[2022.05.17-22.25.56:672][  0]LogRenderer: Reallocating scene render targets to support 856x372 Format 9 NumSamples 1 (Frame:1).
[2022.05.17-22.25.58:361][  0]LogContentBrowser: Native class hierarchy updated for 'HierarchicalLODOutliner' in 0.0006 seconds. Added 0 classes and 0 folders.
[2022.05.17-22.25.58:362][  0]LogLoad: (Engine Initialization) Total time: 143.88 seconds
[2022.05.17-22.25.58:362][  0]LogLoad: (Engine Initialization) Total Blueprint compile time: 0.00 seconds
[2022.05.17-22.25.58:642][  0]LogContentStreaming: Texture pool size now 400 MB
[2022.05.17-22.25.59:887][  2]LogAssetRegistry: Asset discovery search completed in 85.2110 seconds
[2022.05.17-22.26.00:181][  2]LogCollectionManager: Rebuilt the object cache for 0 collections in 0.000001 seconds (found 0 objects)
[2022.05.17-22.26.00:181][  2]LogCollectionManager: Fixed up redirectors for 0 collections in 0.000502 seconds (updated 0 objects)
[2022.05.17-22.26.04:469][ 15]LogSlate: FSceneViewport::OnFocusLost() reason 2
[2022.05.17-22.26.06:349][107]LogTemp: Repeating last play command: Selected Viewport
[2022.05.17-22.26.06:460][107]LogBlueprintUserMessages: Early PlayInEditor Detection: Level '/Game/Maps/Main.Main:PersistentLevel' has LevelScriptBlueprint '/Game/Maps/Main.Main:PersistentLevel.Main' with GeneratedClass '/Game/Maps/Main.Main_C' with ClassGeneratedBy '/Game/Maps/Main.Main:PersistentLevel.Main'
[2022.05.17-22.26.06:518][107]LogPlayLevel: PlayLevel: No blueprints needed recompiling
[2022.05.17-22.26.06:635][107]PIE: New page: PIE session: Main (18 maj 2022, 02:26:06)
[2022.05.17-22.26.06:724][107]LogPlayLevel: Creating play world package: /Game/Maps/UEDPIE_0_Main
[2022.05.17-22.26.06:851][107]LogPlayLevel: PIE: StaticDuplicateObject took: (0.125804s)
[2022.05.17-22.26.06:852][107]LogAIModule: Creating AISystem for world Main
[2022.05.17-22.26.06:882][107]LogPlayLevel: PIE: World Init took: (0.031146s)
[2022.05.17-22.26.06:882][107]LogPlayLevel: PIE: Created PIE world by copying editor world from /Game/Maps/Main.Main to /Game/Maps/UEDPIE_0_Main.Main (0.158168s)
[2022.05.17-22.26.06:951][107]LogUObjectHash: Compacting FUObjectHashTables data took   2.20ms
[2022.05.17-22.26.06:975][107]LogInit: XAudio2 using 'Speakers (Realtek High Definition Audio)' : 2 channels at 48 kHz using 32 bits per sample (channel mask 0x3)
[2022.05.17-22.26.06:988][107]LogInit: FAudioDevice initialized.
[2022.05.17-22.26.07:038][107]LogSlate: FSceneViewport::OnFocusLost() reason 2
[2022.05.17-22.26.07:582][107]LogLoad: Game class is 'BP_TanksMiniGameMode_C'
[2022.05.17-22.26.07:821][107]LogWorld: Bringing World /Game/Maps/UEDPIE_0_Main.Main up for play (max tick rate 60) at 2022.05.18-00.26.07
[2022.05.17-22.26.08:095][107]LogWorld: Bringing up level for play took: 0.289064
[2022.05.17-22.26.08:425][107]LogContentBrowser: Native class hierarchy updated for 'MovieSceneCapture' in 0.0008 seconds. Added 20 classes and 0 folders.
[2022.05.17-22.26.08:586][107]PIE: Play in editor start time for /Game/Maps/UEDPIE_0_Main 3,104
[2022.05.17-22.26.08:586][107]LogBlueprintUserMessages: Late PlayInEditor Detection: Level '/Game/Maps/Main.Main:PersistentLevel' has LevelScriptBlueprint '/Game/Maps/Main.Main:PersistentLevel.Main' with GeneratedClass '/Game/Maps/Main.Main_C' with ClassGeneratedBy '/Game/Maps/Main.Main:PersistentLevel.Main'
[2022.05.17-22.26.51:537][631]LogTemp: Warning: Health:50.000000
[2022.05.17-22.26.51:894][651]LogTemp: Warning: Health:0.000000
[2022.05.17-22.26.52:311][676]LogTemp: Warning: Health:-50.000000
[2022.05.17-22.26.52:628][695]LogTemp: Warning: Health:-100.000000
[2022.05.17-22.26.52:829][707]LogTemp: Warning: Health:-150.000000
[2022.05.17-22.26.52:995][717]LogTemp: Warning: Health:-200.000000
[2022.05.17-22.26.53:179][728]LogTemp: Warning: Health:-250.000000
[2022.05.17-22.26.53:344][738]LogTemp: Warning: Health:-300.000000
[2022.05.17-22.26.53:528][749]LogTemp: Warning: Health:-350.000000
[2022.05.17-22.26.53:712][760]LogTemp: Warning: Health:-400.000000
[2022.05.17-22.26.53:896][771]LogTemp: Warning: Health:-450.000000
[2022.05.17-22.26.54:062][781]LogTemp: Warning: Health:-500.000000
[2022.05.17-22.26.54:246][792]LogTemp: Warning: Health:-550.000000
[2022.05.17-22.26.54:411][802]LogTemp: Warning: Health:-600.000000
[2022.05.17-22.26.54:594][813]LogTemp: Warning: Health:-650.000000
[2022.05.17-22.26.54:777][824]LogTemp: Warning: Health:-700.000000
[2022.05.17-22.27.00:561][171]LogTemp: Warning: Health:-750.000000
[2022.05.17-22.27.00:762][183]LogTemp: Warning: Health:-800.000000
[2022.05.17-22.27.00:963][195]LogTemp: Warning: Health:-850.000000
[2022.05.17-22.27.01:145][206]LogTemp: Warning: Health:-900.000000
[2022.05.17-22.27.01:311][216]LogTemp: Warning: Health:-950.000000
[2022.05.17-22.27.02:997][317]LogTemp: Warning: Health:50.000000
[2022.05.17-22.27.04:997][437]LogTemp: Warning: Health:0.000000
[2022.05.17-22.27.05:987][495]LogBlueprintUserMessages: Early EndPlayMap Detection: Level '/Game/Maps/Main.Main:PersistentLevel' has LevelScriptBlueprint '/Game/Maps/Main.Main:PersistentLevel.Main' with GeneratedClass '/Game/Maps/Main.Main_C' with ClassGeneratedBy '/Game/Maps/Main.Main:PersistentLevel.Main'
[2022.05.17-22.27.06:032][495]LogSlate: Updating window title bar state: overlay mode, drag disabled, window buttons hidden, title bar hidden
[2022.05.17-22.27.06:124][495]LogPlayLevel: Display: Shutting down PIE online subsystems
[2022.05.17-22.27.06:124][495]LogBlueprintUserMessages: Late EndPlayMap Detection: Level '/Game/Maps/Main.Main:PersistentLevel' has LevelScriptBlueprint '/Game/Maps/Main.Main:PersistentLevel.Main' with GeneratedClass '/Game/Maps/Main.Main_C' with ClassGeneratedBy '/Game/Maps/Main.Main:PersistentLevel.Main'
[2022.05.17-22.27.06:202][495]LogSlate: Updating window title bar state: overlay mode, drag disabled, window buttons hidden, title bar hidden
[2022.05.17-22.27.06:225][495]LogUObjectHash: Compacting FUObjectHashTables data took   4.16ms
[2022.05.17-22.27.06:273][496]LogPlayLevel: Display: Destroying online subsystem :Context_1
[2022.05.17-22.27.08:556][628]LogSlate: FSceneViewport::OnFocusLost() reason 0
[2022.05.17-22.27.08:811][628]LogSlate: Took 0.066510 seconds to synchronously load lazily loaded font '../../../Engine/Content/Slate/Fonts/Roboto-Light.ttf' (167K)
[2022.05.17-22.28.09:355][448]LogSlate: FSceneViewport::OnFocusLost() reason 0
[2022.05.17-22.28.09:519][455]LogSlate: Took 0.000298 seconds to synchronously load lazily loaded font '../../../Engine/Content/Slate/Fonts/Roboto-Light.ttf' (167K)
[2022.05.17-22.28.09:584][455]LogAssetEditorManager: Opening Asset editor for Class /Script/TanksMiniGame.BasePawn
[2022.05.17-22.30.00:857][695]LogVSAccessor: Warning: Visual Studio is open but could not be queried - it may be blocked by a modal operation
[2022.05.17-22.34.09:758][695]LogWindows: LaunchFileInExternalEditor E:/GitHub/UnrealProjects/Tanks/TanksGame/TanksMiniGame/Source/TanksMiniGame/BasePawn.h 
[2022.05.17-22.34.18:874][695]LogWindows: Launch application code for E:/GitHub/UnrealProjects/Tanks/TanksGame/TanksMiniGame/Source/TanksMiniGame/BasePawn.h : 42
[2022.05.17-22.34.18:875][695]LogWindows: LaunchFileInExternalEditor E:/GitHub/UnrealProjects/Tanks/TanksGame/TanksMiniGame/Source/TanksMiniGame/BasePawn.cpp 
[2022.05.17-22.34.19:603][695]LogWindows: Launch application code for E:/GitHub/UnrealProjects/Tanks/TanksGame/TanksMiniGame/Source/TanksMiniGame/BasePawn.cpp : 42
[2022.05.17-22.34.19:604][695]LogVSAccessor: Warning: Couldn't access Visual Studio
[2022.05.17-22.34.19:759][695]LogVSAccessor: Warning: Couldn't access module table
[2022.05.17-22.34.19:759][695]LogVSAccessor: Warning: Couldn't access module table
[2022.05.17-22.34.19:760][695]LogVSAccessor: Warning: Couldn't access module table
[2022.05.17-22.34.19:760][695]LogVSAccessor: Warning: Couldn't access module table
[2022.05.17-22.34.19:760][695]LogVSAccessor: Warning: Couldn't access module table
[2022.05.17-22.34.19:761][695]LogVSAccessor: Warning: Couldn't access module table
[2022.05.17-22.34.19:761][695]LogVSAccessor: Warning: Couldn't access module table
[2022.05.17-22.34.19:761][695]LogVSAccessor: Warning: Couldn't access module table
[2022.05.17-22.34.19:762][695]LogVSAccessor: Warning: Couldn't access module table
[2022.05.17-22.34.19:762][695]LogVSAccessor: Warning: Couldn't access module table
[2022.05.17-22.34.19:762][695]LogVSAccessor: Warning: Couldn't access module table
[2022.05.17-22.34.19:763][695]LogVSAccessor: Warning: Couldn't access module table
[2022.05.17-22.34.19:763][695]LogVSAccessor: Warning: Couldn't access module table
[2022.05.17-22.34.19:763][695]LogVSAccessor: Warning: Couldn't access module table
[2022.05.17-22.34.19:763][695]LogVSAccessor: Warning: Couldn't access module table
[2022.05.17-22.34.19:764][695]LogVSAccessor: Warning: Couldn't access module table
[2022.05.17-22.34.19:764][695]LogVSAccessor: Warning: Couldn't access module table
[2022.05.17-22.34.19:764][695]LogVSAccessor: Warning: Couldn't access module table
[2022.05.17-22.34.19:765][695]LogVSAccessor: Warning: Couldn't access module table
[2022.05.17-22.34.19:765][695]LogVSAccessor: Warning: Couldn't access module table
[2022.05.17-22.34.19:765][695]LogVSAccessor: Warning: Couldn't access module table
[2022.05.17-22.34.19:766][695]LogVSAccessor: Warning: Couldn't access module table
[2022.05.17-22.34.19:766][695]LogVSAccessor: Warning: Couldn't access module table
[2022.05.17-22.34.19:766][695]LogVSAccessor: Warning: Couldn't access module table
[2022.05.17-22.34.19:767][695]LogVSAccessor: Warning: Couldn't access module table
[2022.05.17-22.34.19:767][695]LogVSAccessor: Warning: Couldn't access module table
[2022.05.17-22.34.19:767][695]LogVSAccessor: Warning: Couldn't access module table
[2022.05.17-22.34.19:768][695]LogVSAccessor: Warning: Couldn't access module table
[2022.05.17-22.34.19:768][695]LogVSAccessor: Warning: Couldn't access module table
[2022.05.17-22.34.19:768][695]LogVSAccessor: Warning: Couldn't access module table
[2022.05.17-22.34.19:769][695]LogVSAccessor: Warning: Couldn't access module table
[2022.05.17-22.34.19:769][695]LogVSAccessor: Warning: Couldn't access module table
[2022.05.17-22.34.19:769][695]LogVSAccessor: Warning: Couldn't access module table
[2022.05.17-22.34.19:769][695]LogVSAccessor: Warning: Couldn't access module table
[2022.05.17-22.34.19:770][695]LogVSAccessor: Warning: Couldn't access module table
[2022.05.17-22.34.19:770][695]LogVSAccessor: Warning: Couldn't access module table
[2022.05.17-22.34.19:770][695]LogVSAccessor: Warning: Couldn't access module table
[2022.05.17-22.34.19:771][695]LogVSAccessor: Warning: Couldn't access module table
[2022.05.17-22.34.19:771][695]LogVSAccessor: Warning: Couldn't access module table
[2022.05.17-22.34.19:771][695]LogVSAccessor: Warning: Couldn't access module table
[2022.05.17-22.34.19:772][695]LogVSAccessor: Warning: Couldn't access module table
[2022.05.17-22.34.19:772][695]LogVSAccessor: Warning: Couldn't access module table
[2022.05.17-22.34.19:772][695]LogVSAccessor: Warning: Couldn't access module table
[2022.05.17-22.34.19:773][695]LogVSAccessor: Warning: Couldn't access module table
[2022.05.17-22.34.19:773][695]LogVSAccessor: Warning: Couldn't access module table
[2022.05.17-22.34.19:773][695]LogVSAccessor: Warning: Couldn't access module table
[2022.05.17-22.34.19:774][695]LogVSAccessor: Warning: Couldn't access module table
[2022.05.17-22.34.20:696][695]LogVSAccessor: Warning: Couldn't access module table
[2022.05.17-22.34.23:213][695]LogVSAccessor: Warning: Couldn't access module table
[2022.05.17-22.34.23:214][695]LogVSAccessor: Warning: Couldn't access module table
[2022.05.17-22.34.23:381][695]LogVSAccessor: Warning: Couldn't access module table
[2022.05.17-22.34.23:388][695]LogVSAccessor: Warning: Couldn't access module table
[2022.05.17-22.34.23:414][696]LogUnrealEdMisc: Warning: Heartbeat event firing too frequently (0.000 sec). This should never happen. Something is wrong with the timer delegate!
[2022.05.17-22.34.23:414][696]LogUnrealEdMisc: Warning: Heartbeat event firing too frequently (0.000 sec). This should never happen. Something is wrong with the timer delegate!
[2022.05.17-22.34.23:414][696]LogUnrealEdMisc: Warning: Heartbeat event firing too frequently (0.001 sec). This should never happen. Something is wrong with the timer delegate!
[2022.05.17-22.34.23:415][696]LogUnrealEdMisc: Warning: Heartbeat event firing too frequently (0.001 sec). This should never happen. Something is wrong with the timer delegate!
[2022.05.17-22.34.58:588][801]LogUnrealEdMisc: Warning: Heartbeat event firing too frequently (35.173 sec). This should never happen. Something is wrong with the timer delegate!
[2022.05.17-23.01.54:389][616]LogHotReload: New module detected: UE4Editor-TanksMiniGame-0035.dll
[2022.05.17-23.01.59:485][630]LogHotReload: Starting Hot-Reload from IDE
[2022.05.17-23.02.12:126][630]LogUObjectHash: Compacting FUObjectHashTables data took 263.87ms
[2022.05.17-23.02.34:966][630]LogContentBrowser: Native class hierarchy updated for 'TanksMiniGame' in 0.1737 seconds. Added 7 classes and 2 folders.
[2022.05.17-23.02.34:989][630]Display: HotReload successful (2 functions remapped  0 scriptstructs remapped)
[2022.05.17-23.02.41:072][630]LogUObjectHash: Compacting FUObjectHashTables data took 183.69ms
[2022.05.17-23.02.41:635][630]LogContentBrowser: Native class hierarchy populated in 0.0225 seconds. Added 2871 classes and 728 folders.
[2022.05.17-23.02.42:950][630]Display: HotReload took 43.5s.
[2022.05.18-01.09.20:336][345]LogSlate: FSceneViewport::OnFocusLost() reason 0
[2022.05.18-01.09.21:852][351]LogUObjectHash: Compacting FUObjectHashTables data took 934.46ms
[2022.05.18-01.09.23:082][351]LogSlate: Window 'TanksMiniGame - Unreal Editor' being destroyed
[2022.05.18-01.09.23:083][351]LogWindowsTextInputMethodSystem: Display: IME system now deactivated.
[2022.05.18-01.09.30:359][352]Cmd: QUIT_EDITOR
[2022.05.18-01.09.35:753][352]LogExit: Preparing to exit.
[2022.05.18-01.09.40:644][352]LogExit: Editor shut down
[2022.05.18-01.09.40:645][352]LogExit: Transaction tracking system shut down
