Log file open, 05/20/22 11:43:24
LogWindows: Failed to load 'aqProf.dll' (GetLastError=126)
LogWindows: File 'aqProf.dll' does not exist
LogWindows: Failed to load 'VtuneApi.dll' (GetLastError=126)
LogWindows: File 'VtuneApi.dll' does not exist
LogWindows: Failed to load 'VtuneApi32e.dll' (GetLastError=126)
LogWindows: File 'VtuneApi32e.dll' does not exist
LogConsoleResponse: Display: Failed to find resolution value strings in scalability ini. Falling back to default.
LogInit: Display: Running engine for game: TanksMiniGame
LogPakFile: Registered encryption key '00000000000000000000000000000000': 0 pak files mounted, 0 remain pending
LogPlatformFile: Not using cached read wrapper
LogTaskGraph: Started task graph with 5 named threads and 11 total threads with 3 sets of task threads.
LogStats: Stats thread started at 0.215416
LogD3D11RHI: Loaded GFSDK_Aftermath_Lib.x64.dll
LogWindows: Failed to load '../../../Engine/Binaries/ThirdParty/libsndfile/Win64/libsndfile-1.dll' (GetLastError=126)
LogWindows: File '../../../Engine/Binaries/ThirdParty/libsndfile/Win64/libsndfile-1.dll' does not exist
LogAudioMixer: Display: Failed to load Sound File dll
LogAudioEditor: Display: LibSoundFile failed to load. Importing audio will not work correctly.
LogICUInternationalization: ICU TimeZone Detection - Raw Offset: +1:00, Platform Override: ''
LogPluginManager: Mounting plugin Paper2D
LogPluginManager: Mounting plugin AISupport
LogPluginManager: Mounting plugin LightPropagationVolume
LogPluginManager: Mounting plugin ActorLayerUtilities
LogPluginManager: Mounting plugin AnimationSharing
LogPluginManager: Mounting plugin CLionSourceCodeAccess
LogPluginManager: Mounting plugin CodeLiteSourceCodeAccess
LogPluginManager: Mounting plugin GitSourceControl
LogPluginManager: Mounting plugin KDevelopSourceCodeAccess
LogPluginManager: Mounting plugin NullSourceCodeAccess
LogPluginManager: Mounting plugin PerforceSourceControl
LogPluginManager: Mounting plugin SubversionSourceControl
LogPluginManager: Mounting plugin UObjectPlugin
LogPluginManager: Mounting plugin VisualStudioCodeSourceCodeAccess
LogPluginManager: Mounting plugin VisualStudioSourceCodeAccess
LogPluginManager: Mounting plugin XCodeSourceCodeAccess
LogPluginManager: Mounting plugin AssetManagerEditor
LogPluginManager: Mounting plugin CryptoKeys
LogPluginManager: Mounting plugin DataValidation
LogPluginManager: Mounting plugin EditorScriptingUtilities
LogPluginManager: Mounting plugin FacialAnimation
LogPluginManager: Mounting plugin GameplayTagsEditor
LogPluginManager: Mounting plugin GLTFImporter
LogPluginManager: Mounting plugin MacGraphicsSwitching
LogPluginManager: Mounting plugin MaterialAnalyzer
LogPluginManager: Mounting plugin MeshEditor
LogPluginManager: Mounting plugin MobileLauncherProfileWizard
LogPluginManager: Mounting plugin PluginBrowser
LogPluginManager: Mounting plugin SpeedTreeImporter
LogPluginManager: Mounting plugin DatasmithContent
LogPluginManager: Mounting plugin VariantManagerContent
LogPluginManager: Mounting plugin AlembicImporter
LogPluginManager: Mounting plugin AppleImageUtils
LogPluginManager: Mounting plugin AppleVision
LogPluginManager: Mounting plugin BackChannel
LogPluginManager: Mounting plugin BlastPlugin
LogPluginManager: Mounting plugin ChaosSolverPlugin
LogPluginManager: Mounting plugin CharacterAI
LogPluginManager: Mounting plugin GeometryCache
LogPluginManager: Mounting plugin GeometryCollectionPlugin
LogPluginManager: Mounting plugin HTML5Networking
LogPluginManager: Mounting plugin ProxyLODPlugin
LogPluginManager: Mounting plugin SkeletalReduction
LogPluginManager: Mounting plugin MagicLeap
LogPluginManager: Mounting plugin MagicLeapMedia
LogPluginManager: Mounting plugin AndroidMedia
LogPluginManager: Mounting plugin AvfMedia
LogPluginManager: Mounting plugin ImgMedia
LogPluginManager: Mounting plugin LinearTimecode
LogPluginManager: Mounting plugin MediaCompositing
LogPluginManager: Mounting plugin MediaPlayerEditor
LogPluginManager: Mounting plugin WebMMedia
LogPluginManager: Mounting plugin WmfMedia
LogPluginManager: Mounting plugin TcpMessaging
LogPluginManager: Mounting plugin UdpMessaging
LogPluginManager: Mounting plugin ActorSequence
LogPluginManager: Mounting plugin LevelSequenceEditor
LogPluginManager: Mounting plugin MatineeToLevelSequence
LogPluginManager: Mounting plugin NetcodeUnitTest
LogPluginManager: Mounting plugin NUTUnrealEngine4
LogPluginManager: Mounting plugin OnlineSubsystemGooglePlay
LogPluginManager: Mounting plugin OnlineSubsystemIOS
LogPluginManager: Mounting plugin OnlineSubsystem
LogPluginManager: Mounting plugin OnlineSubsystemNull
LogPluginManager: Mounting plugin OnlineSubsystemUtils
LogPluginManager: Mounting plugin LauncherChunkInstaller
LogPluginManager: Mounting plugin AndroidDeviceProfileSelector
LogPluginManager: Mounting plugin AndroidMoviePlayer
LogPluginManager: Mounting plugin AndroidPermission
LogPluginManager: Mounting plugin AppleMoviePlayer
LogPluginManager: Mounting plugin ArchVisCharacter
LogPluginManager: Mounting plugin AudioCapture
LogPluginManager: Mounting plugin CableComponent
LogPluginManager: Mounting plugin CustomMeshComponent
LogPluginManager: Mounting plugin EditableMesh
LogPluginManager: Mounting plugin ExampleDeviceProfileSelector
LogPluginManager: Mounting plugin Firebase
LogPluginManager: Mounting plugin GoogleCloudMessaging
LogPluginManager: Mounting plugin IOSDeviceProfileSelector
LogPluginManager: Mounting plugin LinuxDeviceProfileSelector
LogPluginManager: Mounting plugin LocationServicesBPLibrary
LogPluginManager: Mounting plugin MobilePatchingUtils
LogPluginManager: Mounting plugin OculusVR
LogPluginManager: Mounting plugin PhysXVehicles
LogPluginManager: Mounting plugin ProceduralMeshComponent
LogPluginManager: Mounting plugin RuntimePhysXCooking
LogPluginManager: Mounting plugin SignificanceManager
LogPluginManager: Mounting plugin SteamVR
LogPluginManager: Mounting plugin WebMMoviePlayer
LogPluginManager: Mounting plugin WindowsMoviePlayer
LogPluginManager: Mounting plugin DatasmithCADImporter
LogPluginManager: Mounting plugin DatasmithDataPrepEditor
LogPluginManager: Mounting plugin DatasmithFBXImporter
LogPluginManager: Mounting plugin DatasmithGLTFImporter
LogPluginManager: Mounting plugin DatasmithImporter
LogPluginManager: Mounting plugin MDLImporter
LogPluginManager: Mounting plugin StaticMeshEditorExtension
LogPluginManager: Mounting plugin VariantManager
LogInit: Using libcurl 7.55.1-DEV
LogInit:  - built for x86_64-pc-win32
LogInit:  - supports SSL with OpenSSL/1.1.1
LogInit:  - supports HTTP deflate (compression) using libz 1.2.8
LogInit:  - other features:
LogInit:      CURL_VERSION_SSL
LogInit:      CURL_VERSION_LIBZ
LogInit:      CURL_VERSION_IPV6
LogInit:      CURL_VERSION_ASYNCHDNS
LogInit:      CURL_VERSION_LARGEFILE
LogInit:      CURL_VERSION_IDN
LogInit:  CurlRequestOptions (configurable via config and command line):
LogInit:  - bVerifyPeer = true  - Libcurl will verify peer certificate
LogInit:  - bUseHttpProxy = false  - Libcurl will NOT use HTTP proxy
LogInit:  - bDontReuseConnections = false  - Libcurl will reuse connections
LogInit:  - MaxHostConnections = 16  - Libcurl will limit the number of connections to a host
LogInit:  - LocalHostAddr = Default
LogInit:  - BufferSize = 65536
LogInit: WinSock: version 1.1 (2.2), MaxSocks=32767, MaxUdp=65467
LogInit: Build: ++UE4+Release-4.22-CL-5660361
LogInit: Engine Version: 4.22.0-5660361+++UE4+Release-4.22
LogInit: Compatible Engine Version: 4.22.0-5660361+++UE4+Release-4.22
LogInit: Net CL: 5660361
LogInit: OS: Windows 8.1 (), CPU:        Intel(R) Core(TM) i3-3227U CPU @ 1.90GHz, GPU: Intel(R) HD Graphics 4000
LogInit: Compiled (64-bit): Mar 31 2019 02:05:09
LogInit: Compiled with Visual C++: 19.16.27025.01
LogInit: Build Configuration: Development
LogInit: Branch Name: ++UE4+Release-4.22
LogInit: Command Line: 
LogInit: Base Directory: E:/UE_4.22/Engine/Binaries/Win64/
LogInit: Installed Engine Build: 1
LogDevObjectVersion: Number of dev versions registered: 23
LogDevObjectVersion:   Dev-Blueprints (B0D832E4-1F89-4F0D-ACCF-7EB736FD4AA2): 10
LogDevObjectVersion:   Dev-Build (E1C64328-A22C-4D53-A36C-8E866417BD8C): 0
LogDevObjectVersion:   Dev-Core (375EC13C-06E4-48FB-B500-84F0262A717E): 3
LogDevObjectVersion:   Dev-Editor (E4B068ED-F494-42E9-A231-DA0B2E46BB41): 30
LogDevObjectVersion:   Dev-Framework (CFFC743F-43B0-4480-9391-14DF171D2073): 35
LogDevObjectVersion:   Dev-Mobile (B02B49B5-BB20-44E9-A304-32B752E40360): 2
LogDevObjectVersion:   Dev-Networking (A4E4105C-59A1-49B5-A7C5-40C4547EDFEE): 0
LogDevObjectVersion:   Dev-Online (39C831C9-5AE6-47DC-9A44-9C173E1C8E7C): 0
LogDevObjectVersion:   Dev-Physics (78F01B33-EBEA-4F98-B9B4-84EACCB95AA2): 0
LogDevObjectVersion:   Dev-Platform (6631380F-2D4D-43E0-8009-CF276956A95A): 0
LogDevObjectVersion:   Dev-Rendering (12F88B9F-8875-4AFC-A67C-D90C383ABD29): 28
LogDevObjectVersion:   Dev-Sequencer (7B5AE74C-D270-4C10-A958-57980B212A5A): 11
LogDevObjectVersion:   Dev-VR (D7296918-1DD6-4BDD-9DE2-64A83CC13884): 2
LogDevObjectVersion:   Dev-LoadTimes (C2A15278-BFE7-4AFE-6C17-90FF531DF755): 1
LogDevObjectVersion:   Private-Geometry (6EACA3D4-40EC-4CC1-B786-8BED09428FC5): 3
LogDevObjectVersion:   Dev-AnimPhys (29E575DD-E0A3-4627-9D10-D276232CDCEA): 17
LogDevObjectVersion:   Dev-Anim (AF43A65D-7FD3-4947-9873-3E8ED9C1BB05): 2
LogDevObjectVersion:   Dev-ReflectionCapture (6B266CEC-1EC7-4B8F-A30B-E4D90942FC07): 1
LogDevObjectVersion:   Dev-Automation (0DF73D61-A23F-47EA-B727-89E90C41499A): 1
LogDevObjectVersion:   FortniteMain (601D1886-AC64-4F84-AA16-D3DE0DEAC7D6): 25
LogDevObjectVersion:   Dev-Enterprise (9DFFBCD6-494F-0158-E221-12823C92A888): 6
LogDevObjectVersion:   Dev-Niagara (F2AED0AC-9AFE-416F-8664-AA7FFA26D6FC): 1
LogDevObjectVersion:   Dev-Destruction (174F1F0B-B4C6-45A5-B13F-2EE8D0FB917D): 2
LogInit: Presizing for max 16777216 objects, including 0 objects not considered by GC, pre-allocating 0 bytes for permanent pool.
LogInit: Object subsystem initialized
LogConfig: Setting CVar [[con.DebugEarlyDefault:1]]
LogConfig: Setting CVar [[r.setres:1280x720]]
[2022.05.20-09.43.28:149][  0]LogConfig: Setting CVar [[r.VSync:0]]
[2022.05.20-09.43.28:149][  0]LogConfig: Setting CVar [[r.RHICmdBypass:0]]
[2022.05.20-09.43.28:149][  0]LogConfig: Applying CVar settings from Section [/Script/Engine.RendererSettings] File [E:/GitHub/UnrealProjects/Tanks/TanksGame/TanksMiniGame/Saved/Config/Windows/Engine.ini]
[2022.05.20-09.43.28:149][  0]LogConfig: Setting CVar [[r.GPUCrashDebugging:0]]
[2022.05.20-09.43.28:149][  0]LogConfig: Setting CVar [[r.DefaultFeature.AutoExposure.ExtendDefaultLuminanceRange:1]]
[2022.05.20-09.43.28:149][  0]LogConfig: Applying CVar settings from Section [/Script/Engine.RendererOverrideSettings] File [E:/GitHub/UnrealProjects/Tanks/TanksGame/TanksMiniGame/Saved/Config/Windows/Engine.ini]
[2022.05.20-09.43.28:149][  0]LogConfig: Applying CVar settings from Section [/Script/Engine.StreamingSettings] File [E:/GitHub/UnrealProjects/Tanks/TanksGame/TanksMiniGame/Saved/Config/Windows/Engine.ini]
[2022.05.20-09.43.28:150][  0]LogConfig: Setting CVar [[s.MinBulkDataSizeForAsyncLoading:131072]]
[2022.05.20-09.43.28:150][  0]LogConfig: Setting CVar [[s.AsyncLoadingThreadEnabled:0]]
[2022.05.20-09.43.28:150][  0]LogConfig: Setting CVar [[s.EventDrivenLoaderEnabled:1]]
[2022.05.20-09.43.28:150][  0]LogConfig: Setting CVar [[s.WarnIfTimeLimitExceeded:0]]
[2022.05.20-09.43.28:150][  0]LogConfig: Setting CVar [[s.TimeLimitExceededMultiplier:1.5]]
[2022.05.20-09.43.28:150][  0]LogConfig: Setting CVar [[s.TimeLimitExceededMinTime:0.005]]
[2022.05.20-09.43.28:150][  0]LogConfig: Setting CVar [[s.UseBackgroundLevelStreaming:1]]
[2022.05.20-09.43.28:150][  0]LogConfig: Setting CVar [[s.PriorityAsyncLoadingExtraTime:15.0]]
[2022.05.20-09.43.28:150][  0]LogConfig: Setting CVar [[s.LevelStreamingActorsUpdateTimeLimit:5.0]]
[2022.05.20-09.43.28:150][  0]LogConfig: Setting CVar [[s.PriorityLevelStreamingActorsUpdateExtraTime:5.0]]
[2022.05.20-09.43.28:150][  0]LogConfig: Setting CVar [[s.LevelStreamingComponentsRegistrationGranularity:10]]
[2022.05.20-09.43.28:150][  0]LogConfig: Setting CVar [[s.UnregisterComponentsTimeLimit:1.0]]
[2022.05.20-09.43.28:150][  0]LogConfig: Setting CVar [[s.LevelStreamingComponentsUnregistrationGranularity:5]]
[2022.05.20-09.43.28:150][  0]LogConfig: Applying CVar settings from Section [/Script/Engine.GarbageCollectionSettings] File [E:/GitHub/UnrealProjects/Tanks/TanksGame/TanksMiniGame/Saved/Config/Windows/Engine.ini]
[2022.05.20-09.43.28:150][  0]LogConfig: Setting CVar [[gc.MaxObjectsNotConsideredByGC:1]]
[2022.05.20-09.43.28:150][  0]LogConfig: Setting CVar [[gc.SizeOfPermanentObjectPool:0]]
[2022.05.20-09.43.28:150][  0]LogConfig: Setting CVar [[gc.FlushStreamingOnGC:0]]
[2022.05.20-09.43.28:150][  0]LogConfig: Setting CVar [[gc.NumRetriesBeforeForcingGC:10]]
[2022.05.20-09.43.28:150][  0]LogConfig: Setting CVar [[gc.AllowParallelGC:1]]
[2022.05.20-09.43.28:150][  0]LogConfig: Setting CVar [[gc.TimeBetweenPurgingPendingKillObjects:61.1]]
[2022.05.20-09.43.28:150][  0]LogConfig: Setting CVar [[gc.MaxObjectsInEditor:16777216]]
[2022.05.20-09.43.28:150][  0]LogConfig: Setting CVar [[gc.IncrementalBeginDestroyEnabled:1]]
[2022.05.20-09.43.28:150][  0]LogConfig: Setting CVar [[gc.CreateGCClusters:1]]
[2022.05.20-09.43.28:150][  0]LogConfig: Setting CVar [[gc.MinGCClusterSize:5]]
[2022.05.20-09.43.28:150][  0]LogConfig: Setting CVar [[gc.ActorClusteringEnabled:0]]
[2022.05.20-09.43.28:150][  0]LogConfig: Setting CVar [[gc.BlueprintClusteringEnabled:0]]
[2022.05.20-09.43.28:150][  0]LogConfig: Setting CVar [[gc.UseDisregardForGCOnDedicatedServers:0]]
[2022.05.20-09.43.28:150][  0]LogConfig: Applying CVar settings from Section [/Script/Engine.NetworkSettings] File [E:/GitHub/UnrealProjects/Tanks/TanksGame/TanksMiniGame/Saved/Config/Windows/Engine.ini]
[2022.05.20-09.43.28:150][  0]LogConfig: Applying CVar settings from Section [/Script/UnrealEd.CookerSettings] File [E:/GitHub/UnrealProjects/Tanks/TanksGame/TanksMiniGame/Saved/Config/Windows/Engine.ini]
[2022.05.20-09.43.28:153][  0]LogConfig: Applying CVar settings from Section [ViewDistanceQuality@3] File [E:/GitHub/UnrealProjects/Tanks/TanksGame/TanksMiniGame/Saved/Config/Windows/Scalability.ini]
[2022.05.20-09.43.28:153][  0]LogConfig: Setting CVar [[r.SkeletalMeshLODBias:0]]
[2022.05.20-09.43.28:153][  0]LogConfig: Setting CVar [[r.ViewDistanceScale:1.0]]
[2022.05.20-09.43.28:153][  0]LogConfig: Applying CVar settings from Section [AntiAliasingQuality@3] File [E:/GitHub/UnrealProjects/Tanks/TanksGame/TanksMiniGame/Saved/Config/Windows/Scalability.ini]
[2022.05.20-09.43.28:153][  0]LogConfig: Setting CVar [[r.PostProcessAAQuality:4]]
[2022.05.20-09.43.28:153][  0]LogConfig: Applying CVar settings from Section [ShadowQuality@3] File [E:/GitHub/UnrealProjects/Tanks/TanksGame/TanksMiniGame/Saved/Config/Windows/Scalability.ini]
[2022.05.20-09.43.28:153][  0]LogConfig: Setting CVar [[r.LightFunctionQuality:1]]
[2022.05.20-09.43.28:153][  0]LogConfig: Setting CVar [[r.ShadowQuality:5]]
[2022.05.20-09.43.28:153][  0]LogConfig: Setting CVar [[r.Shadow.CSM.MaxCascades:10]]
[2022.05.20-09.43.28:153][  0]LogConfig: Setting CVar [[r.Shadow.MaxResolution:2048]]
[2022.05.20-09.43.28:153][  0]LogConfig: Setting CVar [[r.Shadow.MaxCSMResolution:2048]]
[2022.05.20-09.43.28:153][  0]LogConfig: Setting CVar [[r.Shadow.RadiusThreshold:0.01]]
[2022.05.20-09.43.28:153][  0]LogConfig: Setting CVar [[r.Shadow.DistanceScale:1.0]]
[2022.05.20-09.43.28:153][  0]LogConfig: Setting CVar [[r.Shadow.CSM.TransitionScale:1.0]]
[2022.05.20-09.43.28:153][  0]LogConfig: Setting CVar [[r.Shadow.PreShadowResolutionFactor:1.0]]
[2022.05.20-09.43.28:153][  0]LogConfig: Setting CVar [[r.DistanceFieldShadowing:1]]
[2022.05.20-09.43.28:153][  0]LogConfig: Setting CVar [[r.DistanceFieldAO:1]]
[2022.05.20-09.43.28:153][  0]LogConfig: Setting CVar [[r.AOQuality:2]]
[2022.05.20-09.43.28:153][  0]LogConfig: Setting CVar [[r.VolumetricFog:1]]
[2022.05.20-09.43.28:153][  0]LogConfig: Setting CVar [[r.VolumetricFog.GridPixelSize:8]]
[2022.05.20-09.43.28:153][  0]LogConfig: Setting CVar [[r.VolumetricFog.GridSizeZ:128]]
[2022.05.20-09.43.28:153][  0]LogConfig: Setting CVar [[r.VolumetricFog.HistoryMissSupersampleCount:4]]
[2022.05.20-09.43.28:153][  0]LogConfig: Setting CVar [[r.LightMaxDrawDistanceScale:1]]
[2022.05.20-09.43.28:153][  0]LogConfig: Setting CVar [[r.CapsuleShadows:1]]
[2022.05.20-09.43.28:153][  0]LogConfig: Applying CVar settings from Section [PostProcessQuality@3] File [E:/GitHub/UnrealProjects/Tanks/TanksGame/TanksMiniGame/Saved/Config/Windows/Scalability.ini]
[2022.05.20-09.43.28:153][  0]LogConfig: Setting CVar [[r.MotionBlurQuality:4]]
[2022.05.20-09.43.28:153][  0]LogConfig: Setting CVar [[r.AmbientOcclusionMipLevelFactor:0.4]]
[2022.05.20-09.43.28:153][  0]LogConfig: Setting CVar [[r.AmbientOcclusionMaxQuality:100]]
[2022.05.20-09.43.28:153][  0]LogConfig: Setting CVar [[r.AmbientOcclusionLevels:-1]]
[2022.05.20-09.43.28:153][  0]LogConfig: Setting CVar [[r.AmbientOcclusionRadiusScale:1.0]]
[2022.05.20-09.43.28:153][  0]LogConfig: Setting CVar [[r.DepthOfFieldQuality:2]]
[2022.05.20-09.43.28:153][  0]LogConfig: Setting CVar [[r.RenderTargetPoolMin:400]]
[2022.05.20-09.43.28:153][  0]LogConfig: Setting CVar [[r.LensFlareQuality:2]]
[2022.05.20-09.43.28:153][  0]LogConfig: Setting CVar [[r.SceneColorFringeQuality:1]]
[2022.05.20-09.43.28:153][  0]LogConfig: Setting CVar [[r.EyeAdaptationQuality:2]]
[2022.05.20-09.43.28:153][  0]LogConfig: Setting CVar [[r.BloomQuality:5]]
[2022.05.20-09.43.28:154][  0]LogConfig: Setting CVar [[r.FastBlurThreshold:100]]
[2022.05.20-09.43.28:154][  0]LogConfig: Setting CVar [[r.Upscale.Quality:3]]
[2022.05.20-09.43.28:154][  0]LogConfig: Setting CVar [[r.Tonemapper.GrainQuantization:1]]
[2022.05.20-09.43.28:154][  0]LogConfig: Setting CVar [[r.LightShaftQuality:1]]
[2022.05.20-09.43.28:154][  0]LogConfig: Setting CVar [[r.Filter.SizeScale:1]]
[2022.05.20-09.43.28:154][  0]LogConfig: Setting CVar [[r.Tonemapper.Quality:5]]
[2022.05.20-09.43.28:154][  0]LogConfig: Setting CVar [[r.DOF.Gather.AccumulatorQuality:1        ; higher gathering accumulator quality]]
[2022.05.20-09.43.28:154][  0]LogConfig: Setting CVar [[r.DOF.Gather.PostfilterMethod:1          ; Median3x3 postfilering method]]
[2022.05.20-09.43.28:154][  0]LogConfig: Setting CVar [[r.DOF.Gather.EnableBokehSettings:0       ; no bokeh simulation when gathering]]
[2022.05.20-09.43.28:154][  0]LogConfig: Setting CVar [[r.DOF.Gather.RingCount:4                 ; medium number of samples when gathering]]
[2022.05.20-09.43.28:154][  0]LogConfig: Setting CVar [[r.DOF.Scatter.ForegroundCompositing:1    ; additive foreground scattering]]
[2022.05.20-09.43.28:154][  0]LogConfig: Setting CVar [[r.DOF.Scatter.BackgroundCompositing:2    ; additive background scattering]]
[2022.05.20-09.43.28:154][  0]LogConfig: Setting CVar [[r.DOF.Scatter.EnableBokehSettings:1      ; bokeh simulation when scattering]]
[2022.05.20-09.43.28:154][  0]LogConfig: Setting CVar [[r.DOF.Scatter.MaxSpriteRatio:0.1         ; only a maximum of 10% of scattered bokeh]]
[2022.05.20-09.43.28:154][  0]LogConfig: Setting CVar [[r.DOF.Recombine.Quality:1                ; cheap slight out of focus]]
[2022.05.20-09.43.28:154][  0]LogConfig: Setting CVar [[r.DOF.Recombine.EnableBokehSettings:0    ; no bokeh simulation on slight out of focus]]
[2022.05.20-09.43.28:154][  0]LogConfig: Setting CVar [[r.DOF.TemporalAAQuality:1                ; more stable temporal accumulation]]
[2022.05.20-09.43.28:154][  0]LogConfig: Setting CVar [[r.DOF.Kernel.MaxForegroundRadius:0.025]]
[2022.05.20-09.43.28:154][  0]LogConfig: Setting CVar [[r.DOF.Kernel.MaxBackgroundRadius:0.025]]
[2022.05.20-09.43.28:154][  0]LogConfig: Applying CVar settings from Section [TextureQuality@3] File [E:/GitHub/UnrealProjects/Tanks/TanksGame/TanksMiniGame/Saved/Config/Windows/Scalability.ini]
[2022.05.20-09.43.28:154][  0]LogConfig: Setting CVar [[r.Streaming.MipBias:0]]
[2022.05.20-09.43.28:154][  0]LogConfig: Setting CVar [[r.Streaming.AmortizeCPUToGPUCopy:0]]
[2022.05.20-09.43.28:154][  0]LogConfig: Setting CVar [[r.Streaming.MaxNumTexturesToStreamPerFrame:0]]
[2022.05.20-09.43.28:154][  0]LogConfig: Setting CVar [[r.Streaming.Boost:1]]
[2022.05.20-09.43.28:154][  0]LogConfig: Setting CVar [[r.MaxAnisotropy:8]]
[2022.05.20-09.43.28:154][  0]LogConfig: Setting CVar [[r.Streaming.LimitPoolSizeToVRAM:0]]
[2022.05.20-09.43.28:154][  0]LogConfig: Setting CVar [[r.Streaming.PoolSize:1000]]
[2022.05.20-09.43.28:154][  0]LogConfig: Setting CVar [[r.Streaming.MaxEffectiveScreenSize:0]]
[2022.05.20-09.43.28:154][  0]LogConfig: Applying CVar settings from Section [EffectsQuality@3] File [E:/GitHub/UnrealProjects/Tanks/TanksGame/TanksMiniGame/Saved/Config/Windows/Scalability.ini]
[2022.05.20-09.43.28:154][  0]LogConfig: Setting CVar [[r.TranslucencyLightingVolumeDim:64]]
[2022.05.20-09.43.28:154][  0]LogConfig: Setting CVar [[r.RefractionQuality:2]]
[2022.05.20-09.43.28:154][  0]LogConfig: Setting CVar [[r.SSR.Quality:3]]
[2022.05.20-09.43.28:154][  0]LogConfig: Setting CVar [[r.SceneColorFormat:4]]
[2022.05.20-09.43.28:154][  0]LogConfig: Setting CVar [[r.DetailMode:2]]
[2022.05.20-09.43.28:154][  0]LogConfig: Setting CVar [[r.TranslucencyVolumeBlur:1]]
[2022.05.20-09.43.28:154][  0]LogConfig: Setting CVar [[r.MaterialQualityLevel:1 ; High quality]]
[2022.05.20-09.43.28:154][  0]LogConfig: Setting CVar [[r.SSS.Scale:1]]
[2022.05.20-09.43.28:154][  0]LogConfig: Setting CVar [[r.SSS.SampleSet:2]]
[2022.05.20-09.43.28:154][  0]LogConfig: Setting CVar [[r.SSS.Quality:1]]
[2022.05.20-09.43.28:154][  0]LogConfig: Setting CVar [[r.SSS.HalfRes:1]]
[2022.05.20-09.43.28:154][  0]LogConfig: Setting CVar [[r.EmitterSpawnRateScale:1.0]]
[2022.05.20-09.43.28:155][  0]LogConfig: Setting CVar [[r.ParticleLightQuality:2]]
[2022.05.20-09.43.28:155][  0]LogConfig: Applying CVar settings from Section [FoliageQuality@3] File [E:/GitHub/UnrealProjects/Tanks/TanksGame/TanksMiniGame/Saved/Config/Windows/Scalability.ini]
[2022.05.20-09.43.28:155][  0]LogConfig: Setting CVar [[foliage.DensityScale:1.0]]
[2022.05.20-09.43.28:155][  0]LogConfig: Setting CVar [[grass.DensityScale:1.0]]
[2022.05.20-09.43.28:155][  0]LogInit: Selected Device Profile: [Windows]
[2022.05.20-09.43.28:155][  0]LogInit: Applying CVar settings loaded from the selected device profile: [Windows]
[2022.05.20-09.43.28:225][  0]LogHAL: Display: Platform has ~ 4 GB [4080635904 / 4294967296 / 4], which maps to Smallest [LargestMinGB=32, LargerMinGB=12, DefaultMinGB=8, SmallerMinGB=6, SmallestMinGB=0)
[2022.05.20-09.43.28:225][  0]LogConfig: Setting CVar [[r.Vulkan.UseRealUBs:0		; Required until we fix HLR fall-out]]
[2022.05.20-09.43.28:225][  0]LogInit: Going up to parent DeviceProfile []
[2022.05.20-09.43.28:225][  0]LogConfig: Applying CVar settings from Section [ViewDistanceQuality@0] File [E:/GitHub/UnrealProjects/Tanks/TanksGame/TanksMiniGame/Saved/Config/Windows/Scalability.ini]
[2022.05.20-09.43.28:225][  0]LogConfig: Setting CVar [[r.SkeletalMeshLODBias:2]]
[2022.05.20-09.43.28:225][  0]LogConfig: Setting CVar [[r.ViewDistanceScale:0.4]]
[2022.05.20-09.43.28:225][  0]LogConfig: Applying CVar settings from Section [AntiAliasingQuality@0] File [E:/GitHub/UnrealProjects/Tanks/TanksGame/TanksMiniGame/Saved/Config/Windows/Scalability.ini]
[2022.05.20-09.43.28:225][  0]LogConfig: Setting CVar [[r.PostProcessAAQuality:0]]
[2022.05.20-09.43.28:225][  0]LogConfig: Applying CVar settings from Section [ShadowQuality@0] File [E:/GitHub/UnrealProjects/Tanks/TanksGame/TanksMiniGame/Saved/Config/Windows/Scalability.ini]
[2022.05.20-09.43.28:225][  0]LogConfig: Setting CVar [[r.LightFunctionQuality:0]]
[2022.05.20-09.43.28:225][  0]LogConfig: Setting CVar [[r.ShadowQuality:0]]
[2022.05.20-09.43.28:225][  0]LogConfig: Setting CVar [[r.Shadow.CSM.MaxCascades:1]]
[2022.05.20-09.43.28:225][  0]LogConfig: Setting CVar [[r.Shadow.MaxResolution:512]]
[2022.05.20-09.43.28:225][  0]LogConfig: Setting CVar [[r.Shadow.MaxCSMResolution:512]]
[2022.05.20-09.43.28:225][  0]LogConfig: Setting CVar [[r.Shadow.RadiusThreshold:0.06]]
[2022.05.20-09.43.28:225][  0]LogConfig: Setting CVar [[r.Shadow.DistanceScale:0.6]]
[2022.05.20-09.43.28:225][  0]LogConfig: Setting CVar [[r.Shadow.CSM.TransitionScale:0]]
[2022.05.20-09.43.28:225][  0]LogConfig: Setting CVar [[r.Shadow.PreShadowResolutionFactor:0.5]]
[2022.05.20-09.43.28:225][  0]LogConfig: Setting CVar [[r.DistanceFieldShadowing:0]]
[2022.05.20-09.43.28:225][  0]LogConfig: Setting CVar [[r.DistanceFieldAO:0]]
[2022.05.20-09.43.28:225][  0]LogConfig: Setting CVar [[r.VolumetricFog:0]]
[2022.05.20-09.43.28:225][  0]LogConfig: Setting CVar [[r.LightMaxDrawDistanceScale:0]]
[2022.05.20-09.43.28:226][  0]LogConfig: Setting CVar [[r.CapsuleShadows:0]]
[2022.05.20-09.43.28:226][  0]LogConfig: Applying CVar settings from Section [PostProcessQuality@0] File [E:/GitHub/UnrealProjects/Tanks/TanksGame/TanksMiniGame/Saved/Config/Windows/Scalability.ini]
[2022.05.20-09.43.28:226][  0]LogConfig: Setting CVar [[r.MotionBlurQuality:0]]
[2022.05.20-09.43.28:226][  0]LogConfig: Setting CVar [[r.AmbientOcclusionMipLevelFactor:1.0]]
[2022.05.20-09.43.28:226][  0]LogConfig: Setting CVar [[r.AmbientOcclusionMaxQuality:0]]
[2022.05.20-09.43.28:226][  0]LogConfig: Setting CVar [[r.AmbientOcclusionLevels:0]]
[2022.05.20-09.43.28:226][  0]LogConfig: Setting CVar [[r.AmbientOcclusionRadiusScale:1.2]]
[2022.05.20-09.43.28:226][  0]LogConfig: Setting CVar [[r.DepthOfFieldQuality:0]]
[2022.05.20-09.43.28:226][  0]LogConfig: Setting CVar [[r.RenderTargetPoolMin:300]]
[2022.05.20-09.43.28:226][  0]LogConfig: Setting CVar [[r.LensFlareQuality:0]]
[2022.05.20-09.43.28:226][  0]LogConfig: Setting CVar [[r.SceneColorFringeQuality:0]]
[2022.05.20-09.43.28:226][  0]LogConfig: Setting CVar [[r.EyeAdaptationQuality:0]]
[2022.05.20-09.43.28:226][  0]LogConfig: Setting CVar [[r.BloomQuality:4]]
[2022.05.20-09.43.28:226][  0]LogConfig: Setting CVar [[r.FastBlurThreshold:0]]
[2022.05.20-09.43.28:226][  0]LogConfig: Setting CVar [[r.Upscale.Quality:1]]
[2022.05.20-09.43.28:226][  0]LogConfig: Setting CVar [[r.Tonemapper.GrainQuantization:0]]
[2022.05.20-09.43.28:226][  0]LogConfig: Setting CVar [[r.LightShaftQuality:0]]
[2022.05.20-09.43.28:226][  0]LogConfig: Setting CVar [[r.Filter.SizeScale:0.6]]
[2022.05.20-09.43.28:226][  0]LogConfig: Setting CVar [[r.Tonemapper.Quality:0]]
[2022.05.20-09.43.28:226][  0]LogConfig: Applying CVar settings from Section [TextureQuality@0] File [E:/GitHub/UnrealProjects/Tanks/TanksGame/TanksMiniGame/Saved/Config/Windows/Scalability.ini]
[2022.05.20-09.43.28:226][  0]LogConfig: Setting CVar [[r.Streaming.MipBias:16]]
[2022.05.20-09.43.28:226][  0]LogConfig: Setting CVar [[r.Streaming.AmortizeCPUToGPUCopy:1]]
[2022.05.20-09.43.28:226][  0]LogConfig: Setting CVar [[r.Streaming.MaxNumTexturesToStreamPerFrame:1]]
[2022.05.20-09.43.28:226][  0]LogConfig: Setting CVar [[r.Streaming.Boost:0.3]]
[2022.05.20-09.43.28:226][  0]LogConfig: Setting CVar [[r.MaxAnisotropy:0]]
[2022.05.20-09.43.28:226][  0]LogConfig: Setting CVar [[r.Streaming.LimitPoolSizeToVRAM:1]]
[2022.05.20-09.43.28:226][  0]LogConfig: Setting CVar [[r.Streaming.PoolSize:400]]
[2022.05.20-09.43.28:226][  0]LogConfig: Setting CVar [[r.Streaming.MaxEffectiveScreenSize:0]]
[2022.05.20-09.43.28:226][  0]LogConfig: Applying CVar settings from Section [EffectsQuality@0] File [E:/GitHub/UnrealProjects/Tanks/TanksGame/TanksMiniGame/Saved/Config/Windows/Scalability.ini]
[2022.05.20-09.43.28:226][  0]LogConfig: Setting CVar [[r.TranslucencyLightingVolumeDim:24]]
[2022.05.20-09.43.28:226][  0]LogConfig: Setting CVar [[r.RefractionQuality:0]]
[2022.05.20-09.43.28:226][  0]LogConfig: Setting CVar [[r.SSR.Quality:0]]
[2022.05.20-09.43.28:226][  0]LogConfig: Setting CVar [[r.SceneColorFormat:3]]
[2022.05.20-09.43.28:226][  0]LogConfig: Setting CVar [[r.DetailMode:0]]
[2022.05.20-09.43.28:226][  0]LogConfig: Setting CVar [[r.TranslucencyVolumeBlur:0]]
[2022.05.20-09.43.28:226][  0]LogConfig: Setting CVar [[r.MaterialQualityLevel:0 ; Low quality]]
[2022.05.20-09.43.28:226][  0]LogConfig: Setting CVar [[r.SSS.Scale:0]]
[2022.05.20-09.43.28:226][  0]LogConfig: Setting CVar [[r.SSS.SampleSet:0]]
[2022.05.20-09.43.28:226][  0]LogConfig: Setting CVar [[r.SSS.Quality:0]]
[2022.05.20-09.43.28:226][  0]LogConfig: Setting CVar [[r.SSS.HalfRes:1]]
[2022.05.20-09.43.28:226][  0]LogConfig: Setting CVar [[r.EmitterSpawnRateScale:0.125]]
[2022.05.20-09.43.28:226][  0]LogConfig: Setting CVar [[r.ParticleLightQuality:0]]
[2022.05.20-09.43.28:227][  0]LogConfig: Applying CVar settings from Section [FoliageQuality@0] File [E:/GitHub/UnrealProjects/Tanks/TanksGame/TanksMiniGame/Saved/Config/Windows/Scalability.ini]
[2022.05.20-09.43.28:227][  0]LogConfig: Setting CVar [[foliage.DensityScale:0]]
[2022.05.20-09.43.28:227][  0]LogConfig: Setting CVar [[grass.DensityScale:0]]
[2022.05.20-09.43.28:227][  0]LogConfig: Applying CVar settings from Section [Startup] File [../../../Engine/Config/ConsoleVariables.ini]
[2022.05.20-09.43.28:227][  0]LogConfig: Setting CVar [[net.UseAdaptiveNetUpdateFrequency:0]]
[2022.05.20-09.43.28:227][  0]LogConfig: Setting CVar [[p.chaos.AllowCreatePhysxBodies:1]]
[2022.05.20-09.43.28:227][  0]LogConfig: Applying CVar settings from Section [ConsoleVariables] File [E:/GitHub/UnrealProjects/Tanks/TanksGame/TanksMiniGame/Saved/Config/Windows/Engine.ini]
[2022.05.20-09.43.28:227][  0]LogInit: Computer: SONNY
[2022.05.20-09.43.28:227][  0]LogInit: User: SonnyFixit
[2022.05.20-09.43.28:227][  0]LogInit: CPU Page size=4096, Cores=2
[2022.05.20-09.43.28:227][  0]LogInit: High frequency timer resolution =1.851267 MHz
[2022.05.20-09.43.28:228][  0]LogMemory: Memory total: Physical=3.8GB (4GB approx)
[2022.05.20-09.43.28:228][  0]LogMemory: Platform Memory Stats for Windows
[2022.05.20-09.43.28:228][  0]LogMemory: Process Physical Memory: 94.70 MB used, 94.70 MB peak
[2022.05.20-09.43.28:228][  0]LogMemory: Process Virtual Memory: 83.83 MB used, 83.83 MB peak
[2022.05.20-09.43.28:228][  0]LogMemory: Physical Memory: 2574.77 MB used,  1316.83 MB free, 3891.60 MB total
[2022.05.20-09.43.28:228][  0]LogMemory: Virtual Memory: 482.52 MB used,  134217248.00 MB free, 134217728.00 MB total
[2022.05.20-09.43.28:264][  0]LogInit: Using OS detected language (pl-PL).
[2022.05.20-09.43.28:264][  0]LogInit: Using OS detected locale (pl-PL).
[2022.05.20-09.43.28:265][  0]LogTextLocalizationManager: No specific localization for 'pl-PL' exists, so the 'pl' localization will be used.
[2022.05.20-09.43.28:265][  0]LogTextLocalizationResource: LocRes '../../../Engine/Content/Localization/Editor/pl/Editor.locres' could not be opened for reading!
[2022.05.20-09.43.28:265][  0]LogTextLocalizationResource: LocRes '../../../Engine/Content/Localization/EditorTutorials/pl/EditorTutorials.locres' could not be opened for reading!
[2022.05.20-09.43.28:266][  0]LogTextLocalizationResource: LocRes '../../../Engine/Content/Localization/Keywords/pl/Keywords.locres' could not be opened for reading!
[2022.05.20-09.43.28:266][  0]LogTextLocalizationResource: LocRes '../../../Engine/Content/Localization/Category/pl/Category.locres' could not be opened for reading!
[2022.05.20-09.43.28:266][  0]LogTextLocalizationResource: LocRes '../../../Engine/Content/Localization/ToolTips/pl/ToolTips.locres' could not be opened for reading!
[2022.05.20-09.43.28:266][  0]LogTextLocalizationResource: LocRes '../../../Engine/Content/Localization/PropertyNames/pl/PropertyNames.locres' could not be opened for reading!
[2022.05.20-09.43.28:266][  0]LogTextLocalizationResource: LocRes '../../../Engine/Content/Localization/Engine/pl/Engine.locres' could not be opened for reading!
[2022.05.20-09.43.28:267][  0]LogInit: Setting process to per monitor DPI aware
[2022.05.20-09.43.28:334][  0]LogSlate: New Slate User Created.  User Index 0, Is Virtual User: 0
[2022.05.20-09.43.28:334][  0]LogSlate: Slate User Registered.  User Index 0, Is Virtual User: 0
[2022.05.20-09.43.28:668][  0]LogHMD: Failed to initialize OpenVR with code 110
[2022.05.20-09.43.28:668][  0]LogD3D11RHI: D3D11 adapters:
[2022.05.20-09.43.28:709][  0]LogD3D11RHI:    0. 'NVIDIA GeForce 710M' (Feature Level 11_0)
[2022.05.20-09.43.28:709][  0]LogD3D11RHI:       963/0/1945 MB DedicatedVideo/DedicatedSystem/SharedSystem, Outputs:1, VendorId:0x10de
[2022.05.20-09.43.28:738][  0]LogD3D11RHI:    1. 'NVIDIA GeForce 710M' (Feature Level 11_0)
[2022.05.20-09.43.28:738][  0]LogD3D11RHI:       963/0/1945 MB DedicatedVideo/DedicatedSystem/SharedSystem, Outputs:0, VendorId:0x10de
[2022.05.20-09.43.28:740][  0]LogD3D11RHI:    2. 'Microsoft Basic Render Driver' (Feature Level 11_0)
[2022.05.20-09.43.28:740][  0]LogD3D11RHI:       963/0/1945 MB DedicatedVideo/DedicatedSystem/SharedSystem, Outputs:0, VendorId:0x1414
[2022.05.20-09.43.28:740][  0]LogD3D11RHI: Chosen D3D11 Adapter: 0
[2022.05.20-09.43.28:749][  0]LogD3D11RHI: Creating new Direct3DDevice
[2022.05.20-09.43.28:749][  0]LogD3D11RHI:     GPU DeviceId: 0x1140 (for the marketing name, search the web for "GPU Device Id")
[2022.05.20-09.43.28:749][  0]LogWindows: EnumDisplayDevices:
[2022.05.20-09.43.28:750][  0]LogWindows:    0. 'Intel(R) HD Graphics 4000' (P:1 D:1)
[2022.05.20-09.43.28:750][  0]LogWindows:    1. 'Intel(R) HD Graphics 4000' (P:0 D:0)
[2022.05.20-09.43.28:750][  0]LogWindows:    2. 'Intel(R) HD Graphics 4000' (P:0 D:0)
[2022.05.20-09.43.28:751][  0]LogWindows:    3. 'NVIDIA GeForce 710M' (P:0 D:0)
[2022.05.20-09.43.28:751][  0]LogWindows: DebugString: PrimaryIsNotTheChoosenAdapter PrimaryIsNotTheChoosenAdapter PrimaryIsNotTheChoosenAdapter 
[2022.05.20-09.43.28:751][  0]LogD3D11RHI:     Adapter Name: NVIDIA GeForce 710M
[2022.05.20-09.43.28:751][  0]LogD3D11RHI:   Driver Version: 391.35 (internal:23.21.13.9135, unified:391.35)
[2022.05.20-09.43.28:751][  0]LogD3D11RHI:      Driver Date: 3-23-2018
[2022.05.20-09.43.28:751][  0]LogRHI: Texture pool is 674 MB (70% of 963 MB)
[2022.05.20-09.43.28:782][  0]LogD3D11RHI: Display: Timestamp queries are currently disabled on this hardware due to instability. Realtime GPU stats will not be available. You can override this behaviour by setting r.NVIDIATimestampWorkaround to 0
[2022.05.20-09.43.28:782][  0]LogD3D11RHI: Async texture creation enabled
[2022.05.20-09.43.28:789][  0]LogRendererCore: FGlobalReadBuffer::InitRHI
[2022.05.20-09.43.28:790][  0]LogRendererCore: FGlobalReadBuffer::InitRHI
[2022.05.20-09.43.28:790][  0]LogRendererCore: FGlobalReadBuffer::InitRHI
[2022.05.20-09.43.28:805][  0]LogD3D11RHI: GPU Timing Frequency: 1000.000000 (Debug: 2 2)
[2022.05.20-09.43.29:776][  0]LogTemp: Display: Module 'AllDesktopTargetPlatform' loaded TargetPlatform 'AllDesktop'
[2022.05.20-09.43.29:806][  0]LogTemp: Display: Module 'MacClientTargetPlatform' loaded TargetPlatform 'MacClient'
[2022.05.20-09.43.29:834][  0]LogTemp: Display: Module 'MacNoEditorTargetPlatform' loaded TargetPlatform 'MacNoEditor'
[2022.05.20-09.43.29:861][  0]LogTemp: Display: Module 'MacServerTargetPlatform' loaded TargetPlatform 'MacServer'
[2022.05.20-09.43.29:890][  0]LogTemp: Display: Module 'MacTargetPlatform' loaded TargetPlatform 'Mac'
[2022.05.20-09.43.29:917][  0]LogTemp: Display: Module 'WindowsClientTargetPlatform' loaded TargetPlatform 'WindowsClient'
[2022.05.20-09.43.29:944][  0]LogTemp: Display: Module 'WindowsNoEditorTargetPlatform' loaded TargetPlatform 'WindowsNoEditor'
[2022.05.20-09.43.29:972][  0]LogTemp: Display: Module 'WindowsServerTargetPlatform' loaded TargetPlatform 'WindowsServer'
[2022.05.20-09.43.29:984][  0]LogTemp: Display: Module 'WindowsTargetPlatform' loaded TargetPlatform 'Windows'
[2022.05.20-09.43.30:181][  0]LogTemp: Display: Module 'AndroidTargetPlatform' loaded TargetPlatform 'Android'
[2022.05.20-09.43.30:181][  0]LogTemp: Display: Module 'AndroidTargetPlatform' loaded TargetPlatform 'Android_ASTC'
[2022.05.20-09.43.30:182][  0]LogTemp: Display: Module 'AndroidTargetPlatform' loaded TargetPlatform 'Android_ATC'
[2022.05.20-09.43.30:182][  0]LogTemp: Display: Module 'AndroidTargetPlatform' loaded TargetPlatform 'Android_DXT'
[2022.05.20-09.43.30:182][  0]LogTemp: Display: Module 'AndroidTargetPlatform' loaded TargetPlatform 'Android_ETC1'
[2022.05.20-09.43.30:182][  0]LogTemp: Display: Module 'AndroidTargetPlatform' loaded TargetPlatform 'Android_ETC1a'
[2022.05.20-09.43.30:182][  0]LogTemp: Display: Module 'AndroidTargetPlatform' loaded TargetPlatform 'Android_ETC2'
[2022.05.20-09.43.30:182][  0]LogTemp: Display: Module 'AndroidTargetPlatform' loaded TargetPlatform 'Android_PVRTC'
[2022.05.20-09.43.30:182][  0]LogTemp: Display: Module 'AndroidTargetPlatform' loaded TargetPlatform 'AndroidClient'
[2022.05.20-09.43.30:182][  0]LogTemp: Display: Module 'AndroidTargetPlatform' loaded TargetPlatform 'Android_ASTCClient'
[2022.05.20-09.43.30:182][  0]LogTemp: Display: Module 'AndroidTargetPlatform' loaded TargetPlatform 'Android_ATCClient'
[2022.05.20-09.43.30:182][  0]LogTemp: Display: Module 'AndroidTargetPlatform' loaded TargetPlatform 'Android_DXTClient'
[2022.05.20-09.43.30:182][  0]LogTemp: Display: Module 'AndroidTargetPlatform' loaded TargetPlatform 'Android_ETC1Client'
[2022.05.20-09.43.30:182][  0]LogTemp: Display: Module 'AndroidTargetPlatform' loaded TargetPlatform 'Android_ETC1aClient'
[2022.05.20-09.43.30:182][  0]LogTemp: Display: Module 'AndroidTargetPlatform' loaded TargetPlatform 'Android_ETC2Client'
[2022.05.20-09.43.30:182][  0]LogTemp: Display: Module 'AndroidTargetPlatform' loaded TargetPlatform 'Android_PVRTCClient'
[2022.05.20-09.43.30:182][  0]LogTemp: Display: Module 'AndroidTargetPlatform' loaded TargetPlatform 'Android_Multi'
[2022.05.20-09.43.30:182][  0]LogTemp: Display: Module 'AndroidTargetPlatform' loaded TargetPlatform 'Android_MultiClient'
[2022.05.20-09.43.30:184][  0]LogTemp: Display: Module 'HTML5TargetPlatform' loaded TargetPlatform 'HTML5'
[2022.05.20-09.43.30:259][  0]LogTemp: Display: Module 'IOSTargetPlatform' loaded TargetPlatform 'IOSClient'
[2022.05.20-09.43.30:259][  0]LogTemp: Display: Module 'IOSTargetPlatform' loaded TargetPlatform 'IOS'
[2022.05.20-09.43.30:309][  0]LogTemp: Display: Module 'TVOSTargetPlatform' loaded TargetPlatform 'TVOSClient'
[2022.05.20-09.43.30:309][  0]LogTemp: Display: Module 'TVOSTargetPlatform' loaded TargetPlatform 'TVOS'
[2022.05.20-09.43.30:334][  0]LogTemp: Display: Module 'LinuxClientTargetPlatform' loaded TargetPlatform 'LinuxClient'
[2022.05.20-09.43.30:359][  0]LogTemp: Display: Module 'LinuxNoEditorTargetPlatform' loaded TargetPlatform 'LinuxNoEditor'
[2022.05.20-09.43.30:385][  0]LogTemp: Display: Module 'LinuxServerTargetPlatform' loaded TargetPlatform 'LinuxServer'
[2022.05.20-09.43.30:411][  0]LogTemp: Display: Module 'LinuxTargetPlatform' loaded TargetPlatform 'Linux'
[2022.05.20-09.43.30:501][  0]LogTemp: Display: Module 'LuminTargetPlatform' loaded TargetPlatform 'Lumin'
[2022.05.20-09.43.30:501][  0]LogTemp: Display: Module 'LuminTargetPlatform' loaded TargetPlatform 'LuminClient'
[2022.05.20-09.43.30:502][  0]LogTargetPlatformManager: Display: Building Assets For Windows
[2022.05.20-09.43.30:515][  0]LogAudioDebug: Display: Lib vorbis DLL was dynamically loaded.
[2022.05.20-09.43.30:587][  0]LogShaderCompilers: Guid format shader working directory is -12 characters bigger than the processId version (../../../../GitHub/UnrealProjects/Tanks/TanksGame/TanksMiniGame/Intermediate/Shaders/WorkingDirectory/2324/).
[2022.05.20-09.43.30:587][  0]LogShaderCompilers: Cleaned the shader compiler working directory 'C:/Users/SonnyFixit/AppData/Local/Temp/UnrealShaderWorkingDir/4150DB6947315757885339AB95B6B12F/'.
[2022.05.20-09.43.30:590][  0]LogXGEController: Cannot use XGE Controller as Incredibuild is not installed on this machine.
[2022.05.20-09.43.30:590][  0]LogShaderCompilers: Cannot use XGE Shader Compiler as Incredibuild is not installed on this machine.
[2022.05.20-09.43.30:590][  0]LogShaderCompilers: Display: Using Local Shader Compiler.
[2022.05.20-09.43.31:730][  0]LogDerivedDataCache: Display: Max Cache Size: 512 MB
[2022.05.20-09.43.31:855][  0]LogDerivedDataCache: Loaded boot cache 0.12s 72MB C:/Users/SonnyFixit/AppData/Local/UnrealEngine/4.22/DerivedDataCache/Boot.ddc.
[2022.05.20-09.43.31:855][  0]LogDerivedDataCache: Display: Loaded Boot cache: C:/Users/SonnyFixit/AppData/Local/UnrealEngine/4.22/DerivedDataCache/Boot.ddc
[2022.05.20-09.43.31:855][  0]LogDerivedDataCache: FDerivedDataBackendGraph:  Pak pak cache file ../../../../GitHub/UnrealProjects/Tanks/TanksGame/TanksMiniGame/DerivedDataCache/DDC.ddp not found, will not use a pak cache.
[2022.05.20-09.43.31:855][  0]LogDerivedDataCache: Unable to find inner node Pak for hierarchical cache Hierarchy.
[2022.05.20-09.43.31:855][  0]LogDerivedDataCache: FDerivedDataBackendGraph:  CompressedPak pak cache file ../../../../GitHub/UnrealProjects/Tanks/TanksGame/TanksMiniGame/DerivedDataCache/Compressed.ddp not found, will not use a pak cache.
[2022.05.20-09.43.31:855][  0]LogDerivedDataCache: Unable to find inner node CompressedPak for hierarchical cache Hierarchy.
[2022.05.20-09.43.31:879][  0]LogDerivedDataCache: Display: Pak cache opened for reading ../../../Engine/DerivedDataCache/Compressed.ddp.
[2022.05.20-09.43.31:885][  0]LogDerivedDataCache: Display: Pak cache opened for reading ../../../Enterprise/DerivedDataCache/Compressed.ddp.
[2022.05.20-09.43.31:897][  0]LogDerivedDataCache: Using Local data cache path C:/Users/SonnyFixit/AppData/Local/UnrealEngine/Common/DerivedDataCache: Writable
[2022.05.20-09.43.31:897][  0]LogDerivedDataCache: Shared data cache path not found in *engine.ini, will not use an Shared cache.
[2022.05.20-09.43.31:897][  0]LogDerivedDataCache: Unable to find inner node Shared for hierarchical cache Hierarchy.
[2022.05.20-09.43.31:944][  0]LogMaterial: Verifying Global Shaders for PCD3D_SM5
[2022.05.20-09.43.31:946][  0]LogSlate: Using FreeType 2.6.0
[2022.05.20-09.43.31:946][  0]LogSlate: SlateFontServices - WITH_FREETYPE: 1, WITH_HARFBUZZ: 1
[2022.05.20-09.43.32:089][  0]LogAssetRegistry: FAssetRegistry took 0.0456 seconds to start up
[2022.05.20-09.43.32:838][  0]LogInit: Selected Device Profile: [Windows]
[2022.05.20-09.43.33:093][  0]LogMeshReduction: Using QuadricMeshReduction for automatic static mesh reduction
[2022.05.20-09.43.33:093][  0]LogMeshReduction: Using SimplygonMeshReduction for automatic skeletal mesh reduction
[2022.05.20-09.43.33:093][  0]LogMeshReduction: Using ProxyLODMeshReduction for automatic mesh merging
[2022.05.20-09.43.33:093][  0]LogMeshReduction: No distributed automatic mesh merging module available
[2022.05.20-09.43.33:093][  0]LogMeshMerging: No distributed automatic mesh merging module available
[2022.05.20-09.43.33:123][  0]LogNetVersion: TanksMiniGame 1.0.0, NetCL: 5660361, EngineNetVer: 10, GameNetVer: 0 (Checksum: 1412442164)
[2022.05.20-09.43.34:069][  0]LogPackageLocalizationCache: Processed 16 localized package path(s) for 1 prioritized culture(s) in 0.243260 seconds
[2022.05.20-09.43.34:081][  0]LogUObjectArray: 42205 objects as part of root set at end of initial load.
[2022.05.20-09.43.34:081][  0]LogUObjectAllocator: 7325032 out of 0 bytes used by permanent object pool.
[2022.05.20-09.43.34:081][  0]LogUObjectArray: CloseDisregardForGC: 0/0 objects in disregard for GC pool
[2022.05.20-09.43.35:539][  0]LogTcpMessaging: Initializing TcpMessaging bridge
[2022.05.20-09.43.35:553][  0]LogUdpMessaging: Initializing bridge on interface 0.0.0.0:0 to multicast group 230.0.0.1:6666.
[2022.05.20-09.43.36:372][  0]SourceControl: Source control is disabled
[2022.05.20-09.43.36:372][  0]SourceControl: Source control is disabled
[2022.05.20-09.43.36:377][  0]SourceControl: Source control is disabled
[2022.05.20-09.43.36:379][  0]SourceControl: Source control is disabled
[2022.05.20-09.43.38:902][  0]LogAndroidPermission: UAndroidPermissionCallbackProxy::GetInstance
[2022.05.20-09.43.38:957][  0]LogOcInput: OculusInput pre-init called
[2022.05.20-09.43.50:203][  0]LogEngine: Initializing Engine...
[2022.05.20-09.43.50:205][  0]LogHMD: Failed to initialize OpenVR with code 110
[2022.05.20-09.43.50:207][  0]LogStats: UGameplayTagsManager::InitializeManager -  0.000 s
[2022.05.20-09.43.50:640][  0]LogInit: Initializing FReadOnlyCVARCache
[2022.05.20-09.43.50:665][  0]LogAIModule: Creating AISystem for world Untitled
[2022.05.20-09.43.50:690][  0]LogInit: XAudio2 using 'Speakers (Realtek High Definition Audio)' : 2 channels at 48 kHz using 32 bits per sample (channel mask 0x3)
[2022.05.20-09.43.50:846][  0]LogInit: FAudioDevice initialized.
[2022.05.20-09.43.50:846][  0]LogNetVersion: Set ProjectVersion to 1.0.0.0. Version Checksum will be recalculated on next use.
[2022.05.20-09.43.51:234][  0]LogDerivedDataCache: Saved boot cache 0.39s 72MB C:/Users/SonnyFixit/AppData/Local/UnrealEngine/4.22/DerivedDataCache/Boot.ddc.
[2022.05.20-09.43.51:591][  0]LogInit: Texture streaming: Enabled
[2022.05.20-09.43.51:617][  0]LogEngineSessionManager: EngineSessionManager initialized
[2022.05.20-09.43.51:643][  0]LogInit: Transaction tracking system initialized
[2022.05.20-09.43.51:680][  0]BlueprintLog: New page: Editor Load
[2022.05.20-09.43.52:066][  0]LocalizationService: Localization service is disabled
[2022.05.20-09.43.53:865][  0]LogFileCache: Scanning file cache for directory 'E:/GitHub/UnrealProjects/Tanks/TanksGame/TanksMiniGame/Content/' took 0.06s
[2022.05.20-09.43.53:865][  0]LogCook: Display: Max memory allowance for cook 16384mb min free memory 0mb
[2022.05.20-09.43.53:865][  0]LogCook: Display: Mobile HDR setting 1
[2022.05.20-09.43.58:093][  0]SourceControl: Source control is disabled
[2022.05.20-09.43.58:093][  0]Cmd: MAP LOAD FILE="../../../../GitHub/UnrealProjects/Tanks/TanksGame/TanksMiniGame/Content/Maps/Main.umap" TEMPLATE=0 SHOWPROGRESS=1 FEATURELEVEL=3
[2022.05.20-09.43.58:132][  0]LightingResults: New page: Lighting Build
[2022.05.20-09.43.58:136][  0]MapCheck: New page: Map Check
[2022.05.20-09.43.58:136][  0]LightingResults: New page: Lighting Build
[2022.05.20-09.43.58:210][  0]LogUObjectHash: Compacting FUObjectHashTables data took   3.45ms
[2022.05.20-09.44.00:655][  0]LogAIModule: Creating AISystem for world Main
[2022.05.20-09.44.00:766][  0]LogEditorServer: Finished looking for orphan Actors (0.000 secs)
[2022.05.20-09.44.00:810][  0]LogUObjectHash: Compacting FUObjectHashTables data took   4.28ms
[2022.05.20-09.44.00:810][  0]Cmd: MAP CHECKDEP NOCLEARLOG
[2022.05.20-09.44.00:810][  0]MapCheck: Map check complete: 0 Error(s), 0 Warning(s), took 0,158ms to complete.
[2022.05.20-09.44.00:810][  0]LogFileHelpers: Loading map 'Main' took 2.717
[2022.05.20-09.44.02:074][  0]LogSlate: Updating window title bar state: overlay mode, drag disabled, window buttons hidden, title bar hidden
[2022.05.20-09.44.02:119][  0]LogSlate: Updating window title bar state: overlay mode, drag disabled, window buttons hidden, title bar hidden
[2022.05.20-09.44.02:135][  0]LogSlate: Updating window title bar state: overlay mode, drag disabled, window buttons hidden, title bar hidden
[2022.05.20-09.44.02:150][  0]LogSlate: Updating window title bar state: overlay mode, drag disabled, window buttons hidden, title bar hidden
[2022.05.20-09.44.02:190][  0]LogCollectionManager: Loaded 0 collections in 0.002128 seconds
[2022.05.20-09.44.02:305][  0]LogFileCache: Scanning file cache for directory 'E:/GitHub/UnrealProjects/Tanks/TanksGame/TanksMiniGame/Saved/Collections/' took 0.01s
[2022.05.20-09.44.02:305][  0]LogFileCache: Scanning file cache for directory 'E:/GitHub/UnrealProjects/Tanks/TanksGame/TanksMiniGame/Content/Developers/SonnyFixit/Collections/' took 0.00s
[2022.05.20-09.44.02:305][  0]LogFileCache: Scanning file cache for directory 'E:/GitHub/UnrealProjects/Tanks/TanksGame/TanksMiniGame/Content/Collections/' took 0.00s
[2022.05.20-09.44.02:306][  0]LogCollectionManager: Rebuilt the GUID cache for 0 collections in 0.000001 seconds
[2022.05.20-09.44.02:324][  0]LogContentBrowser: Native class hierarchy populated in 0.0185 seconds. Added 2871 classes and 728 folders.
[2022.05.20-09.44.02:454][  0]LogContentBrowser: Native class hierarchy updated for 'WidgetCarousel' in 0.0006 seconds. Added 0 classes and 0 folders.
[2022.05.20-09.44.02:695][  0]LogPakFile: Registered encryption key '00000000000000000000000000000000': 0 pak files mounted, 0 remain pending
[2022.05.20-09.44.02:953][  0]LogPakFile: Registered encryption key '00000000000000000000000000000000': 0 pak files mounted, 0 remain pending
[2022.05.20-09.44.03:042][  0]LogPakFile: Registered encryption key '00000000000000000000000000000000': 0 pak files mounted, 0 remain pending
[2022.05.20-09.44.03:108][  0]LogPakFile: Registered encryption key '00000000000000000000000000000000': 0 pak files mounted, 0 remain pending
[2022.05.20-09.44.03:243][  0]LogPakFile: Registered encryption key '00000000000000000000000000000000': 0 pak files mounted, 0 remain pending
[2022.05.20-09.44.03:298][  0]LogPakFile: Registered encryption key '00000000000000000000000000000000': 0 pak files mounted, 0 remain pending
[2022.05.20-09.44.03:348][  0]LogPakFile: Registered encryption key '00000000000000000000000000000000': 0 pak files mounted, 0 remain pending
[2022.05.20-09.44.03:382][  0]LogPakFile: Registered encryption key '00000000000000000000000000000000': 0 pak files mounted, 0 remain pending
[2022.05.20-09.44.03:473][  0]LogPakFile: Registered encryption key '00000000000000000000000000000000': 0 pak files mounted, 0 remain pending
[2022.05.20-09.44.03:580][  0]LogPakFile: Registered encryption key '00000000000000000000000000000000': 0 pak files mounted, 0 remain pending
[2022.05.20-09.44.03:653][  0]LogPakFile: Registered encryption key '00000000000000000000000000000000': 0 pak files mounted, 0 remain pending
[2022.05.20-09.44.03:742][  0]LogPakFile: Registered encryption key '00000000000000000000000000000000': 0 pak files mounted, 0 remain pending
[2022.05.20-09.44.03:752][  0]LogPakFile: Registered encryption key '00000000000000000000000000000000': 0 pak files mounted, 0 remain pending
[2022.05.20-09.44.03:782][  0]LogPakFile: Registered encryption key '00000000000000000000000000000000': 0 pak files mounted, 0 remain pending
[2022.05.20-09.44.03:805][  0]LogPakFile: Registered encryption key '00000000000000000000000000000000': 0 pak files mounted, 0 remain pending
[2022.05.20-09.44.03:821][  0]LogPakFile: Registered encryption key '00000000000000000000000000000000': 0 pak files mounted, 0 remain pending
[2022.05.20-09.44.03:928][  0]LogPakFile: Registered encryption key '00000000000000000000000000000000': 0 pak files mounted, 0 remain pending
[2022.05.20-09.44.04:055][  0]LogPakFile: Registered encryption key '00000000000000000000000000000000': 0 pak files mounted, 0 remain pending
[2022.05.20-09.44.04:110][  0]LogPakFile: Registered encryption key '00000000000000000000000000000000': 0 pak files mounted, 0 remain pending
[2022.05.20-09.44.04:166][  0]LogPakFile: Registered encryption key '00000000000000000000000000000000': 0 pak files mounted, 0 remain pending
[2022.05.20-09.44.04:194][  0]LogPakFile: Registered encryption key '00000000000000000000000000000000': 0 pak files mounted, 0 remain pending
[2022.05.20-09.44.04:249][  0]LogPakFile: Registered encryption key '00000000000000000000000000000000': 0 pak files mounted, 0 remain pending
[2022.05.20-09.44.04:302][  0]LogPakFile: Registered encryption key '00000000000000000000000000000000': 0 pak files mounted, 0 remain pending
[2022.05.20-09.44.04:361][  0]LogPakFile: Registered encryption key '00000000000000000000000000000000': 0 pak files mounted, 0 remain pending
[2022.05.20-09.44.04:404][  0]LogPakFile: Registered encryption key '00000000000000000000000000000000': 0 pak files mounted, 0 remain pending
[2022.05.20-09.44.04:428][  0]LogPakFile: Registered encryption key '00000000000000000000000000000000': 0 pak files mounted, 0 remain pending
[2022.05.20-09.44.04:530][  0]LogPakFile: Registered encryption key '00000000000000000000000000000000': 0 pak files mounted, 0 remain pending
[2022.05.20-09.44.04:561][  0]LogPakFile: Registered encryption key '00000000000000000000000000000000': 0 pak files mounted, 0 remain pending
[2022.05.20-09.44.06:309][  0]LogContentBrowser: Native class hierarchy updated for 'AddContentDialog' in 0.0006 seconds. Added 0 classes and 0 folders.
[2022.05.20-09.44.06:467][  0]LogContentBrowser: Native class hierarchy updated for 'SceneOutliner' in 0.0009 seconds. Added 1 classes and 0 folders.
[2022.05.20-09.44.07:189][  0]LogSlate: Took 0.000246 seconds to synchronously load lazily loaded font '../../../Engine/Content/Slate/Fonts/Roboto-Regular.ttf' (155K)
[2022.05.20-09.44.07:195][  0]LogSlate: Took 0.000289 seconds to synchronously load lazily loaded font '../../../Engine/Content/Slate/Fonts/Roboto-Bold.ttf' (160K)
[2022.05.20-09.44.07:340][  0]LogSlate: Took 0.102931 seconds to synchronously load lazily loaded font '../../../Engine/Content/Editor/Slate/Fonts/FontAwesome.ttf' (139K)
[2022.05.20-09.44.07:941][  0]LogRenderer: Reallocating scene render targets to support 856x372 Format 9 NumSamples 1 (Frame:1).
[2022.05.20-09.44.08:404][  0]LogSlate: Took 0.075891 seconds to synchronously load lazily loaded font '../../../Engine/Content/Slate/Fonts/Roboto-Light.ttf' (167K)
[2022.05.20-09.44.08:794][  0]LogContentBrowser: Native class hierarchy updated for 'HierarchicalLODOutliner' in 0.0006 seconds. Added 0 classes and 0 folders.
[2022.05.20-09.44.08:794][  0]LogLoad: (Engine Initialization) Total time: 47.62 seconds
[2022.05.20-09.44.08:795][  0]LogLoad: (Engine Initialization) Total Blueprint compile time: 0.00 seconds
[2022.05.20-09.44.08:899][  0]LogContentStreaming: Texture pool size now 400 MB
[2022.05.20-09.44.09:247][  1]LogAssetRegistry: Asset discovery search completed in 37.1812 seconds
[2022.05.20-09.44.09:294][  1]LogCollectionManager: Rebuilt the object cache for 0 collections in 0.000001 seconds (found 0 objects)
[2022.05.20-09.44.09:294][  1]LogCollectionManager: Fixed up redirectors for 0 collections in 0.000175 seconds (updated 0 objects)
[2022.05.20-09.46.49:651][130]LogSlate: FSceneViewport::OnFocusLost() reason 0
[2022.05.20-09.46.50:417][130]LogSlate: Took 0.000310 seconds to synchronously load lazily loaded font '../../../Engine/Content/Slate/Fonts/Roboto-Light.ttf' (167K)
[2022.05.20-09.46.50:659][130]LogAssetEditorManager: Opening Asset editor for Class /Script/TanksMiniGame.BasePawn
[2022.05.20-09.48.08:925][556]LogUnrealEdMisc: Warning: Heartbeat event firing too frequently (48.187 sec). This should never happen. Something is wrong with the timer delegate!
[2022.05.20-09.52.48:262][597]LogUnrealEdMisc: Warning: Heartbeat event firing too frequently (0.000 sec). This should never happen. Something is wrong with the timer delegate!
[2022.05.20-09.52.48:262][597]LogUnrealEdMisc: Warning: Heartbeat event firing too frequently (0.000 sec). This should never happen. Something is wrong with the timer delegate!
[2022.05.20-09.52.48:262][597]LogUnrealEdMisc: Warning: Heartbeat event firing too frequently (0.000 sec). This should never happen. Something is wrong with the timer delegate!
[2022.05.20-09.53.08:987][659]LogUnrealEdMisc: Warning: Heartbeat event firing too frequently (20.726 sec). This should never happen. Something is wrong with the timer delegate!
[2022.05.20-13.03.55:838][ 98]LogUObjectHash: Compacting FUObjectHashTables data took   1.35ms
[2022.05.20-13.04.14:875][ 98]LogSlate: Window 'TanksMiniGame - Unreal Editor' being destroyed
[2022.05.20-13.04.16:042][ 98]LogWindowsTextInputMethodSystem: Display: IME system now deactivated.
[2022.05.20-13.04.49:902][ 99]Cmd: QUIT_EDITOR
[2022.05.20-13.04.57:826][ 99]LogExit: Preparing to exit.
[2022.05.20-13.05.01:669][ 99]LogExit: Editor shut down
[2022.05.20-13.05.01:669][ 99]LogExit: Transaction tracking system shut down
[2022.05.20-13.05.05:989][ 99]LogExit: Object subsystem successfully closed.
[2022.05.20-13.05.06:425][ 99]LogShaderCompilers: Display: Shaders left to compile 0
[2022.05.20-13.05.06:517][ 99]LogD3D11RHI: Shutdown
[2022.05.20-13.05.06:517][ 99]LogD3D11RHI: CleanupD3DDevice
[2022.05.20-13.05.06:644][ 99]LogRendererCore: FGlobalReadBuffer::ReleaseRHI
[2022.05.20-13.05.06:644][ 99]LogRendererCore: FGlobalDynamicReadBuffer::Cleanup()
[2022.05.20-13.05.06:722][ 99]LogRendererCore: FGlobalReadBuffer::ReleaseRHI
[2022.05.20-13.05.06:722][ 99]LogRendererCore: FGlobalDynamicReadBuffer::Cleanup()
[2022.05.20-13.05.06:722][ 99]LogRendererCore: FGlobalReadBuffer::ReleaseRHI
[2022.05.20-13.05.06:722][ 99]LogRendererCore: FGlobalDynamicReadBuffer::Cleanup()
[2022.05.20-13.05.07:559][ 99]LogD3D11RHI: ~FD3D11DynamicRHI
[2022.05.20-13.05.15:133][ 99]LogModuleManager: Shutting down and abandoning module HierarchicalLODOutliner (686)
[2022.05.20-13.05.15:134][ 99]LogModuleManager: Shutting down and abandoning module SceneOutliner (684)
[2022.05.20-13.05.15:134][ 99]LogModuleManager: Shutting down and abandoning module AddContentDialog (682)
[2022.05.20-13.05.15:307][ 99]LogModuleManager: Shutting down and abandoning module WidgetCarousel (681)
[2022.05.20-13.05.15:308][ 99]LogModuleManager: Shutting down and abandoning module EditorWidgets (678)
[2022.05.20-13.05.15:308][ 99]LogModuleManager: Shutting down and abandoning module CollectionManager (676)
[2022.05.20-13.05.15:471][ 99]LogModuleManager: Shutting down and abandoning module StatsViewer (674)
[2022.05.20-13.05.15:537][ 99]LogModuleManager: Shutting down and abandoning module FoliageEdit (672)
[2022.05.20-13.05.15:586][ 99]LogModuleManager: Shutting down and abandoning module LandscapeEditor (670)
[2022.05.20-13.05.16:044][ 99]LogModuleManager: Shutting down and abandoning module MeshPaintMode (668)
[2022.05.20-13.05.16:095][ 99]LogModuleManager: Shutting down and abandoning module SceneDepthPickerMode (666)
[2022.05.20-13.05.16:095][ 99]LogModuleManager: Shutting down and abandoning module ActorPickerMode (664)
[2022.05.20-13.05.16:095][ 99]LogModuleManager: Shutting down and abandoning module GeometryMode (662)
[2022.05.20-13.05.16:095][ 99]LogModuleManager: Shutting down and abandoning module TextureAlignMode (660)
[2022.05.20-13.05.16:095][ 99]LogModuleManager: Shutting down and abandoning module BspMode (658)
[2022.05.20-13.05.16:095][ 99]LogModuleManager: Shutting down and abandoning module PIEPreviewDeviceProfileSelector (656)
[2022.05.20-13.05.16:213][ 99]LogModuleManager: Shutting down and abandoning module SequenceRecorderSections (654)
[2022.05.20-13.05.16:220][ 99]LogModuleManager: Shutting down and abandoning module AutomationWorker (652)
[2022.05.20-13.05.16:236][ 99]LogModuleManager: Shutting down and abandoning module DatasmithFBXImporter (650)
[2022.05.20-13.05.16:322][ 99]LogModuleManager: Shutting down and abandoning module DatasmithDeltaGenImporter (648)
[2022.05.20-13.05.16:492][ 99]LogModuleManager: Shutting down and abandoning module DatasmithVREDImporter (646)
[2022.05.20-13.05.16:492][ 99]LogModuleManager: Shutting down and abandoning module OculusMR (644)
[2022.05.20-13.05.16:492][ 99]LogModuleManager: Shutting down and abandoning module AudioCaptureEditor (642)
[2022.05.20-13.05.16:519][ 99]LogModuleManager: Shutting down and abandoning module MatineeToLevelSequence (640)
[2022.05.20-13.05.16:644][ 99]LogModuleManager: Shutting down and abandoning module LevelSequenceEditor (638)
[2022.05.20-13.05.16:836][ 99]LogModuleManager: Shutting down and abandoning module PlacementMode (637)
[2022.05.20-13.05.16:836][ 99]LogModuleManager: Shutting down and abandoning module MaterialEditor (636)
[2022.05.20-13.05.17:099][ 99]LogModuleManager: Shutting down and abandoning module ActorSequenceEditor (632)
[2022.05.20-13.05.17:179][ 99]LogModuleManager: Shutting down and abandoning module WmfMediaFactory (630)
[2022.05.20-13.05.17:179][ 99]LogModuleManager: Shutting down and abandoning module WmfMediaEditor (628)
[2022.05.20-13.05.17:179][ 99]LogModuleManager: Shutting down and abandoning module WebMMediaFactory (626)
[2022.05.20-13.05.17:179][ 99]LogModuleManager: Shutting down and abandoning module WebMMediaEditor (624)
[2022.05.20-13.05.17:179][ 99]LogModuleManager: Shutting down and abandoning module WebMMedia (622)
[2022.05.20-13.05.17:285][ 99]LogModuleManager: Shutting down and abandoning module MediaPlayerEditor (620)
[2022.05.20-13.05.17:345][ 99]LogModuleManager: Shutting down and abandoning module MediaCompositingEditor (618)
[2022.05.20-13.05.17:421][ 99]LogModuleManager: Shutting down and abandoning module SequenceRecorder (617)
[2022.05.20-13.05.17:421][ 99]LogModuleManager: Shutting down and abandoning module OpenExrWrapper (614)
[2022.05.20-13.05.17:421][ 99]LogModuleManager: Shutting down and abandoning module ImgMediaFactory (612)
[2022.05.20-13.05.17:421][ 99]LogModuleManager: Shutting down and abandoning module ImgMediaEditor (610)
[2022.05.20-13.05.17:421][ 99]LogModuleManager: Shutting down and abandoning module AvfMediaFactory (608)
[2022.05.20-13.05.17:421][ 99]LogModuleManager: Shutting down and abandoning module AvfMediaEditor (606)
[2022.05.20-13.05.17:421][ 99]LogModuleManager: Shutting down and abandoning module AndroidMediaFactory (604)
[2022.05.20-13.05.17:421][ 99]LogModuleManager: Shutting down and abandoning module AndroidMediaEditor (602)
[2022.05.20-13.05.17:421][ 99]LogModuleManager: Shutting down and abandoning module MagicLeapCameraPreviewFactory (600)
[2022.05.20-13.05.17:421][ 99]LogModuleManager: Shutting down and abandoning module MagicLeapMediaCodecFactory (598)
[2022.05.20-13.05.17:421][ 99]LogModuleManager: Shutting down and abandoning module MagicLeapMediaFactory (596)
[2022.05.20-13.05.17:421][ 99]LogModuleManager: Shutting down and abandoning module MagicLeapMediaEditor (594)
[2022.05.20-13.05.17:421][ 99]LogModuleManager: Shutting down and abandoning module CharacterAI (592)
[2022.05.20-13.05.17:421][ 99]LogModuleManager: Shutting down and abandoning module SmartSnapping (590)
[2022.05.20-13.05.17:421][ 99]LogModuleManager: Shutting down and abandoning module SessionServices (588)
[2022.05.20-13.05.17:421][ 99]LogModuleManager: Shutting down and abandoning module MeshPaint (586)
[2022.05.20-13.05.17:469][ 99]LogModuleManager: Shutting down and abandoning module ViewportSnapping (584)
[2022.05.20-13.05.17:469][ 99]LogModuleManager: Shutting down and abandoning module ViewportInteraction (582)
[2022.05.20-13.05.17:470][ 99]LogModuleManager: Shutting down and abandoning module ClothPainter (580)
[2022.05.20-13.05.17:581][ 99]LogModuleManager: Shutting down and abandoning module SkeletalMeshEditor (579)
[2022.05.20-13.05.17:681][ 99]LogModuleManager: Shutting down and abandoning module LogVisualizer (576)
[2022.05.20-13.05.17:840][ 99]LogModuleManager: Shutting down and abandoning module IntroTutorials (574)
[2022.05.20-13.05.18:051][ 99]LogModuleManager: Shutting down and abandoning module GameProjectGeneration (573)
[2022.05.20-13.05.18:262][ 99]LogModuleManager: Shutting down and abandoning module LuminPlatformEditor (570)
[2022.05.20-13.05.18:262][ 99]LogModuleManager: Shutting down and abandoning module IOSPlatformEditor (568)
[2022.05.20-13.05.18:262][ 99]LogModuleManager: Shutting down and abandoning module HTML5PlatformEditor (566)
[2022.05.20-13.05.18:262][ 99]LogModuleManager: Shutting down and abandoning module AndroidPlatformEditor (564)
[2022.05.20-13.05.18:308][ 99]LogModuleManager: Shutting down and abandoning module AndroidDeviceDetection (563)
[2022.05.20-13.05.18:937][ 99]LogModuleManager: Shutting down and abandoning module WindowsPlatformEditor (560)
[2022.05.20-13.05.18:938][ 99]LogModuleManager: Shutting down and abandoning module LuminRuntimeSettings (558)
[2022.05.20-13.05.18:938][ 99]LogModuleManager: Shutting down and abandoning module IOSRuntimeSettings (556)
[2022.05.20-13.05.18:938][ 99]LogModuleManager: Shutting down and abandoning module AndroidRuntimeSettings (554)
[2022.05.20-13.05.18:938][ 99]LogModuleManager: Shutting down and abandoning module TimeManagementEditor (552)
[2022.05.20-13.05.18:938][ 99]LogModuleManager: Shutting down and abandoning module InputBindingEditor (550)
[2022.05.20-13.05.18:966][ 99]LogModuleManager: Shutting down and abandoning module MergeActors (548)
[2022.05.20-13.05.18:985][ 99]LogModuleManager: Shutting down and abandoning module LocalizationDashboard (546)
[2022.05.20-13.05.19:000][ 99]LogModuleManager: Shutting down and abandoning module LocalizationService (545)
[2022.05.20-13.05.19:014][ 99]LogModuleManager: Shutting down and abandoning module HardwareTargeting (542)
[2022.05.20-13.05.19:014][ 99]LogModuleManager: Shutting down and abandoning module DeviceProfileEditor (540)
[2022.05.20-13.05.19:067][ 99]LogModuleManager: Shutting down and abandoning module UndoHistory (538)
[2022.05.20-13.05.19:082][ 99]LogModuleManager: Shutting down and abandoning module XmlParser (536)
[2022.05.20-13.05.19:092][ 99]LogModuleManager: Shutting down and abandoning module Blutility (534)
[2022.05.20-13.05.19:104][ 99]LogModuleManager: Shutting down and abandoning module ProjectSettingsViewer (532)
[2022.05.20-13.05.19:104][ 99]LogModuleManager: Shutting down and abandoning module ProjectTargetPlatformEditor (531)
[2022.05.20-13.05.19:104][ 99]LogModuleManager: Shutting down and abandoning module EditorSettingsViewer (528)
[2022.05.20-13.05.19:104][ 99]LogModuleManager: Shutting down and abandoning module SettingsEditor (526)
[2022.05.20-13.05.19:120][ 99]LogModuleManager: Shutting down and abandoning module ProjectLauncher (524)
[2022.05.20-13.05.19:145][ 99]LogModuleManager: Shutting down and abandoning module SessionFrontend (522)
[2022.05.20-13.05.19:154][ 99]LogModuleManager: Shutting down and abandoning module ProfilerClient (520)
[2022.05.20-13.05.19:204][ 99]LogModuleManager: Shutting down and abandoning module DeviceManager (518)
[2022.05.20-13.05.19:241][ 99]LogModuleManager: Shutting down and abandoning module TargetDeviceServices (517)
[2022.05.20-13.05.19:300][ 99]LogModuleManager: Shutting down and abandoning module AutomationController (514)
[2022.05.20-13.05.19:396][ 99]LogModuleManager: Shutting down and abandoning module AutomationWindow (512)
[2022.05.20-13.05.19:429][ 99]LogModuleManager: Shutting down and abandoning module Layers (510)
[2022.05.20-13.05.19:464][ 99]LogModuleManager: Shutting down and abandoning module ComponentVisualizers (508)
[2022.05.20-13.05.19:464][ 99]LogModuleManager: Shutting down and abandoning module DetailCustomizations (506)
[2022.05.20-13.05.19:802][ 99]LogModuleManager: Shutting down and abandoning module PackagesDialog (504)
[2022.05.20-13.05.20:102][ 99]LogModuleManager: Shutting down and abandoning module AnimationBlueprintEditor (502)
[2022.05.20-13.05.20:280][ 99]LogModuleManager: Shutting down and abandoning module Persona (500)
[2022.05.20-13.05.20:664][ 99]LogModuleManager: Shutting down and abandoning module AnimGraph (499)
[2022.05.20-13.05.20:717][ 99]LogModuleManager: Shutting down and abandoning module Kismet (496)
[2022.05.20-13.05.21:169][ 99]LogModuleManager: Shutting down and abandoning module GraphEditor (494)
[2022.05.20-13.05.21:520][ 99]LogModuleManager: Shutting down and abandoning module ClassViewer (492)
[2022.05.20-13.05.21:588][ 99]LogModuleManager: Shutting down and abandoning module Toolbox (490)
[2022.05.20-13.05.21:588][ 99]LogModuleManager: Shutting down and abandoning module DesktopPlatform (489)
[2022.05.20-13.05.21:659][ 99]LogModuleManager: Shutting down and abandoning module ModuleUI (486)
[2022.05.20-13.05.21:707][ 99]LogModuleManager: Shutting down and abandoning module MovieSceneTools (484)
[2022.05.20-13.05.21:745][ 99]LogModuleManager: Shutting down and abandoning module OutputLog (482)
[2022.05.20-13.05.21:745][ 99]LogModuleManager: Shutting down and abandoning module GammaUI (480)
[2022.05.20-13.05.21:801][ 99]LogModuleManager: Shutting down and abandoning module Documentation (478)
[2022.05.20-13.05.21:801][ 99]LogModuleManager: Shutting down and abandoning module LiveCoding (476)
[2022.05.20-13.05.21:822][ 99]LogModuleManager: Shutting down and abandoning module LevelSequence (474)
[2022.05.20-13.05.21:822][ 99]LogModuleManager: Shutting down and abandoning module MovieSceneTracks (472)
[2022.05.20-13.05.21:822][ 99]LogModuleManager: Shutting down and abandoning module MovieScene (470)
[2022.05.20-13.05.21:940][ 99]LogModuleManager: Shutting down and abandoning module StreamingPauseRendering (468)
[2022.05.20-13.05.21:999][ 99]LogModuleManager: Shutting down and abandoning module LauncherPlatform (466)
[2022.05.20-13.05.22:000][ 99]LogModuleManager: Shutting down and abandoning module AnalyticsET (464)
[2022.05.20-13.05.22:000][ 99]LogModuleManager: Shutting down and abandoning module PortalServices (462)
[2022.05.20-13.05.22:000][ 99]LogModuleManager: Shutting down and abandoning module PortalRpc (460)
[2022.05.20-13.05.22:000][ 99]LogModuleManager: Shutting down and abandoning module MessagingRpc (458)
[2022.05.20-13.05.22:000][ 99]LogModuleManager: Shutting down and abandoning module AIModule (456)
[2022.05.20-13.05.22:191][ 99]LogModuleManager: Shutting down and abandoning module GameplayDebugger (455)
[2022.05.20-13.05.22:191][ 99]LogModuleManager: Shutting down and abandoning module AITestSuite (453)
[2022.05.20-13.05.22:310][ 99]LogModuleManager: Shutting down and abandoning module NavigationSystem (451)
[2022.05.20-13.05.22:310][ 99]LogModuleManager: Shutting down and abandoning module ImageWriteQueue (448)
[2022.05.20-13.05.22:314][ 99]LogModuleManager: Shutting down and abandoning module ProfilerService (446)
[2022.05.20-13.05.22:644][ 99]LogModuleManager: Shutting down and abandoning module TaskGraph (444)
[2022.05.20-13.05.22:845][ 99]LogModuleManager: Shutting down and abandoning module DatasmithCADImporter (442)
[2022.05.20-13.05.23:646][ 99]LogModuleManager: Shutting down and abandoning module VariantManager (440)
[2022.05.20-13.05.24:113][ 99]LogModuleManager: Shutting down and abandoning module StaticMeshEditorExtension (438)
[2022.05.20-13.05.24:423][ 99]LogModuleManager: Shutting down and abandoning module StaticMeshEditor (437)
[2022.05.20-13.05.24:629][ 99]LogModuleManager: Shutting down and abandoning module AdvancedPreviewScene (436)
[2022.05.20-13.05.24:629][ 99]LogModuleManager: Shutting down and abandoning module MeshProcessingLibrary (433)
[2022.05.20-13.05.24:721][ 99]LogModuleManager: Shutting down and abandoning module MDLImporter (430)
[2022.05.20-13.05.24:747][ 99]LogModuleManager: Shutting down and abandoning module DatasmithGLTFImporter (428)
[2022.05.20-13.05.24:839][ 99]LogModuleManager: Shutting down and abandoning module DatasmithImporter (427)
[2022.05.20-13.05.25:106][ 99]LogModuleManager: Shutting down and abandoning module DatasmithDataPrepLibraries (424)
[2022.05.20-13.05.25:107][ 99]LogModuleManager: Shutting down and abandoning module DatasmithDataPrepEditor (422)
[2022.05.20-13.05.25:410][ 99]LogModuleManager: Shutting down and abandoning module SteamVRController (420)
[2022.05.20-13.05.25:410][ 99]LogModuleManager: Shutting down and abandoning module ProceduralMeshComponentEditor (418)
[2022.05.20-13.05.25:444][ 99]LogModuleManager: Shutting down and abandoning module ProceduralMeshComponent (416)
[2022.05.20-13.05.25:515][ 99]LogModuleManager: Shutting down and abandoning module OculusEditor (414)
[2022.05.20-13.05.25:619][ 99]LogModuleManager: Shutting down and abandoning module OculusInput (412)
[2022.05.20-13.05.25:619][ 99]LogModuleManager: Shutting down and abandoning module MobilePatchingUtils (410)
[2022.05.20-13.05.25:619][ 99]LogModuleManager: Shutting down and abandoning module EditableMesh (408)
[2022.05.20-13.05.25:635][ 99]LogModuleManager: Shutting down and abandoning module CustomMeshComponent (406)
[2022.05.20-13.05.25:635][ 99]LogModuleManager: Shutting down and abandoning module CableComponent (404)
[2022.05.20-13.05.25:695][ 99]LogModuleManager: Shutting down and abandoning module AudioCapture (402)
[2022.05.20-13.05.25:695][ 99]LogModuleManager: Shutting down and abandoning module ArchVisCharacter (400)
[2022.05.20-13.05.25:695][ 99]LogModuleManager: Shutting down and abandoning module AndroidPermission (398)
[2022.05.20-13.05.25:695][ 99]LogModuleManager: Shutting down and abandoning module NUTUnrealEngine4 (396)
[2022.05.20-13.05.25:695][ 99]LogModuleManager: Shutting down and abandoning module NetcodeUnitTest (394)
[2022.05.20-13.05.26:051][ 99]LogModuleManager: Shutting down and abandoning module MediaCompositing (392)
[2022.05.20-13.05.26:051][ 99]LogModuleManager: Shutting down and abandoning module LinearTimecode (390)
[2022.05.20-13.05.26:051][ 99]LogModuleManager: Shutting down and abandoning module ImgMedia (388)
[2022.05.20-13.05.26:051][ 99]LogModuleManager: Shutting down and abandoning module MagicLeapHelperVulkan (386)
[2022.05.20-13.05.26:051][ 99]LogModuleManager: Shutting down and abandoning module MagicLeapHelperOpenGL (384)
[2022.05.20-13.05.26:051][ 99]LogModuleManager: Shutting down and abandoning module MagicLeapAudio (382)
[2022.05.20-13.05.26:091][ 99]LogModuleManager: Shutting down and abandoning module HTML5Networking (380)
[2022.05.20-13.05.26:091][ 99]LogModuleManager: Shutting down and abandoning module GeometryCollectionEditor (378)
[2022.05.20-13.05.26:284][ 99]LogModuleManager: Shutting down and abandoning module GeometryCollectionExampleCore (376)
[2022.05.20-13.05.26:284][ 99]LogModuleManager: Shutting down and abandoning module GeometryCacheTracks (374)
[2022.05.20-13.05.26:284][ 99]LogModuleManager: Shutting down and abandoning module GeometryCacheSequencer (372)
[2022.05.20-13.05.26:284][ 99]LogModuleManager: Shutting down and abandoning module ChaosSolverEditor (370)
[2022.05.20-13.05.26:284][ 99]LogModuleManager: Shutting down and abandoning module BlastAuthoring (368)
[2022.05.20-13.05.26:284][ 99]LogModuleManager: Shutting down and abandoning module BackChannel (366)
[2022.05.20-13.05.26:366][ 99]LogModuleManager: Shutting down and abandoning module AppleVision (364)
[2022.05.20-13.05.26:366][ 99]LogModuleManager: Shutting down and abandoning module AppleImageUtilsBlueprintSupport (362)
[2022.05.20-13.05.26:368][ 99]LogModuleManager: Shutting down and abandoning module AppleImageUtils (360)
[2022.05.20-13.05.26:368][ 99]LogModuleManager: Shutting down and abandoning module AlembicImporter (358)
[2022.05.20-13.05.26:368][ 99]LogModuleManager: Shutting down and abandoning module AlembicLibrary (357)
[2022.05.20-13.05.26:368][ 99]LogModuleManager: Shutting down and abandoning module GeometryCache (356)
[2022.05.20-13.05.26:368][ 99]LogModuleManager: Shutting down and abandoning module GeometryCacheEd (355)
[2022.05.20-13.05.26:368][ 99]LogModuleManager: Shutting down and abandoning module VariantManagerContent (350)
[2022.05.20-13.05.26:368][ 99]LogModuleManager: Shutting down and abandoning module DatasmithContentEditor (348)
[2022.05.20-13.05.26:368][ 99]LogModuleManager: Shutting down and abandoning module SpeedTreeImporter (346)
[2022.05.20-13.05.26:368][ 99]LogModuleManager: Shutting down and abandoning module PluginBrowser (344)
[2022.05.20-13.05.26:641][ 99]LogModuleManager: Shutting down and abandoning module MobileLauncherProfileWizard (342)
[2022.05.20-13.05.26:738][ 99]LogModuleManager: Shutting down and abandoning module PolygonModeling (340)
[2022.05.20-13.05.26:738][ 99]LogModuleManager: Shutting down and abandoning module MeshEditor (338)
[2022.05.20-13.05.26:738][ 99]LogModuleManager: Shutting down and abandoning module MaterialAnalyzer (336)
[2022.05.20-13.05.26:793][ 99]LogModuleManager: Shutting down and abandoning module GLTFImporter (334)
[2022.05.20-13.05.26:885][ 99]LogModuleManager: Shutting down and abandoning module EditorScriptingUtilities (332)
[2022.05.20-13.05.26:885][ 99]LogModuleManager: Shutting down and abandoning module CryptoKeysOpenSSL (330)
[2022.05.20-13.05.26:885][ 99]LogModuleManager: Shutting down and abandoning module CryptoKeys (328)
[2022.05.20-13.05.26:885][ 99]LogModuleManager: Shutting down and abandoning module VisualStudioSourceCodeAccess (326)
[2022.05.20-13.05.26:885][ 99]LogModuleManager: Shutting down and abandoning module VisualStudioCodeSourceCodeAccess (324)
[2022.05.20-13.05.26:885][ 99]LogModuleManager: Shutting down and abandoning module UObjectPlugin (322)
[2022.05.20-13.05.26:885][ 99]LogModuleManager: Shutting down and abandoning module SubversionSourceControl (320)
[2022.05.20-13.05.27:147][ 99]LogModuleManager: Shutting down and abandoning module PerforceSourceControl (318)
[2022.05.20-13.05.27:504][ 99]LogModuleManager: Shutting down and abandoning module GitSourceControl (316)
[2022.05.20-13.05.27:639][ 99]LogModuleManager: Shutting down and abandoning module SourceControl (315)
[2022.05.20-13.05.27:672][ 99]LogModuleManager: Shutting down and abandoning module CLionSourceCodeAccess (312)
[2022.05.20-13.05.27:672][ 99]LogModuleManager: Shutting down and abandoning module AnimationSharingEd (310)
[2022.05.20-13.05.27:672][ 99]LogModuleManager: Shutting down and abandoning module ActorLayerUtilitiesEditor (308)
[2022.05.20-13.05.27:672][ 99]LogModuleManager: Shutting down and abandoning module ActorLayerUtilities (306)
[2022.05.20-13.05.27:672][ 99]LogModuleManager: Shutting down and abandoning module LightPropagationVolumeEditor (304)
[2022.05.20-13.05.27:672][ 99]LogModuleManager: Shutting down and abandoning module PaperTiledImporter (302)
[2022.05.20-13.05.27:672][ 99]LogModuleManager: Shutting down and abandoning module PaperSpriteSheetImporter (300)
[2022.05.20-13.05.27:672][ 99]LogModuleManager: Shutting down and abandoning module Paper2DEditor (298)
[2022.05.20-13.05.28:057][ 99]LogModuleManager: Shutting down and abandoning module TanksMiniGame (296)
[2022.05.20-13.05.28:057][ 99]LogModuleManager: Shutting down and abandoning module SignificanceManager (294)
[2022.05.20-13.05.28:057][ 99]LogModuleManager: Shutting down and abandoning module RuntimePhysXCooking (292)
[2022.05.20-13.05.28:057][ 99]LogModuleManager: Shutting down and abandoning module PhysXVehiclesEditor (290)
[2022.05.20-13.05.28:058][ 99]LogModuleManager: Shutting down and abandoning module PhysXVehicles (288)
[2022.05.20-13.05.28:058][ 99]LogModuleManager: Shutting down and abandoning module LocationServicesBPLibrary (286)
[2022.05.20-13.05.28:058][ 99]LogModuleManager: Shutting down and abandoning module ActorSequence (284)
[2022.05.20-13.05.28:058][ 99]LogModuleManager: Shutting down and abandoning module UdpMessaging (282)
[2022.05.20-13.05.28:159][ 99]LogModuleManager: Shutting down and abandoning module TcpMessaging (280)
[2022.05.20-13.05.28:442][ 99]LogModuleManager: Shutting down and abandoning module MagicLeapIdentity (278)
[2022.05.20-13.05.28:443][ 99]LogModuleManager: Shutting down and abandoning module MagicLeapSecureStorage (276)
[2022.05.20-13.05.28:443][ 99]LogModuleManager: Shutting down and abandoning module MagicLeapHandTracking (274)
[2022.05.20-13.05.28:515][ 99]LogModuleManager: Shutting down and abandoning module MagicLeapEyeTracker (272)
[2022.05.20-13.05.28:515][ 99]LogModuleManager: Shutting down and abandoning module MagicLeapController (270)
[2022.05.20-13.05.28:693][ 99]LogSlate: Slate User Destroyed.  User Index 0, Is Virtual User: 0
[2022.05.20-13.05.28:693][ 99]LogModuleManager: Shutting down and abandoning module MagicLeapAR (268)
[2022.05.20-13.05.28:693][ 99]LogModuleManager: Shutting down and abandoning module AugmentedReality (267)
[2022.05.20-13.05.28:693][ 99]LogModuleManager: Shutting down and abandoning module GameplayTagsEditor (264)
[2022.05.20-13.05.28:848][ 99]LogModuleManager: Shutting down and abandoning module FacialAnimationEditor (262)
[2022.05.20-13.05.28:848][ 99]LogModuleManager: Shutting down and abandoning module FacialAnimation (260)
[2022.05.20-13.05.28:848][ 99]LogModuleManager: Shutting down and abandoning module DataValidation (258)
[2022.05.20-13.05.28:848][ 99]LogModuleManager: Shutting down and abandoning module AssetManagerEditor (256)
[2022.05.20-13.05.29:122][ 99]LogModuleManager: Shutting down and abandoning module LevelEditor (255)
[2022.05.20-13.05.29:464][ 99]LogModuleManager: Shutting down and abandoning module PixelInspectorModule (254)
[2022.05.20-13.05.29:499][ 99]LogModuleManager: Shutting down and abandoning module CommonMenuExtensions (252)
[2022.05.20-13.05.29:601][ 99]LogModuleManager: Shutting down and abandoning module MainFrame (250)
[2022.05.20-13.05.29:601][ 99]LogModuleManager: Shutting down and abandoning module HotReload (249)
[2022.05.20-13.05.30:009][ 99]LogModuleManager: Shutting down and abandoning module ContentBrowser (245)
[2022.05.20-13.05.30:247][ 99]LogModuleManager: Shutting down and abandoning module TreeMap (243)
[2022.05.20-13.05.30:431][ 99]LogModuleManager: Shutting down and abandoning module AnimationSharing (240)
[2022.05.20-13.05.30:431][ 99]LogModuleManager: Shutting down and abandoning module LightPropagationVolumeRuntime (238)
[2022.05.20-13.05.30:431][ 99]LogModuleManager: Shutting down and abandoning module AISupportModule (236)
[2022.05.20-13.05.30:432][ 99]LogModuleManager: Shutting down and abandoning module Paper2D (234)
[2022.05.20-13.05.30:451][ 99]LogModuleManager: Shutting down and abandoning module WindowsMoviePlayer (232)
[2022.05.20-13.05.30:866][ 99]LogModuleManager: Shutting down and abandoning module WebMMoviePlayer (230)
[2022.05.20-13.05.30:887][ 99]LogModuleManager: Shutting down and abandoning module PacketHandler (228)
[2022.05.20-13.05.30:933][ 99]LogModuleManager: Shutting down and abandoning module ClothingSystemEditor (226)
[2022.05.20-13.05.30:936][ 99]LogModuleManager: Shutting down and abandoning module ClothingSystemRuntime (224)
[2022.05.20-13.05.32:731][ 99]LogModuleManager: Shutting down and abandoning module MediaAssets (222)
[2022.05.20-13.05.32:731][ 99]LogModuleManager: Shutting down and abandoning module Overlay (220)
[2022.05.20-13.05.32:731][ 99]LogModuleManager: Shutting down and abandoning module OverlayEditor (219)
[2022.05.20-13.05.32:731][ 99]LogModuleManager: Shutting down and abandoning module VREditor (216)
[2022.05.20-13.05.32:806][ 99]LogModuleManager: Shutting down and abandoning module StringTableEditor (214)
[2022.05.20-13.05.33:056][ 99]LogModuleManager: Shutting down and abandoning module GameplayTasksEditor (212)
[2022.05.20-13.05.33:056][ 99]LogModuleManager: Shutting down and abandoning module BehaviorTreeEditor (210)
