Log file open, 05/23/22 22:29:18
LogWindows: Failed to load 'aqProf.dll' (GetLastError=126)
LogWindows: File 'aqProf.dll' does not exist
LogWindows: Failed to load 'VtuneApi.dll' (GetLastError=126)
LogWindows: File 'VtuneApi.dll' does not exist
LogWindows: Failed to load 'VtuneApi32e.dll' (GetLastError=126)
LogWindows: File 'VtuneApi32e.dll' does not exist
LogConsoleResponse: Display: Failed to find resolution value strings in scalability ini. Falling back to default.
LogInit: Display: Running engine for game: TanksMiniGame
LogPakFile: Registered encryption key '00000000000000000000000000000000': 0 pak files mounted, 0 remain pending
LogPlatformFile: Not using cached read wrapper
LogTaskGraph: Started task graph with 5 named threads and 11 total threads with 3 sets of task threads.
LogStats: Stats thread started at 6.696266
LogD3D11RHI: Loaded GFSDK_Aftermath_Lib.x64.dll
LogWindows: Failed to load '../../../Engine/Binaries/ThirdParty/libsndfile/Win64/libsndfile-1.dll' (GetLastError=126)
LogWindows: File '../../../Engine/Binaries/ThirdParty/libsndfile/Win64/libsndfile-1.dll' does not exist
LogAudioMixer: Display: Failed to load Sound File dll
LogAudioEditor: Display: LibSoundFile failed to load. Importing audio will not work correctly.
LogICUInternationalization: ICU TimeZone Detection - Raw Offset: +1:00, Platform Override: ''
LogPluginManager: Mounting plugin Paper2D
LogPluginManager: Mounting plugin AISupport
LogPluginManager: Mounting plugin LightPropagationVolume
LogPluginManager: Mounting plugin ActorLayerUtilities
LogPluginManager: Mounting plugin AnimationSharing
LogPluginManager: Mounting plugin CLionSourceCodeAccess
LogPluginManager: Mounting plugin CodeLiteSourceCodeAccess
LogPluginManager: Mounting plugin GitSourceControl
LogPluginManager: Mounting plugin KDevelopSourceCodeAccess
LogPluginManager: Mounting plugin NullSourceCodeAccess
LogPluginManager: Mounting plugin PerforceSourceControl
LogPluginManager: Mounting plugin SubversionSourceControl
LogPluginManager: Mounting plugin UObjectPlugin
LogPluginManager: Mounting plugin VisualStudioCodeSourceCodeAccess
LogPluginManager: Mounting plugin VisualStudioSourceCodeAccess
LogPluginManager: Mounting plugin XCodeSourceCodeAccess
LogPluginManager: Mounting plugin AssetManagerEditor
LogPluginManager: Mounting plugin CryptoKeys
LogPluginManager: Mounting plugin DataValidation
LogPluginManager: Mounting plugin EditorScriptingUtilities
LogPluginManager: Mounting plugin FacialAnimation
LogPluginManager: Mounting plugin GameplayTagsEditor
LogPluginManager: Mounting plugin GLTFImporter
LogPluginManager: Mounting plugin MacGraphicsSwitching
LogPluginManager: Mounting plugin MaterialAnalyzer
LogPluginManager: Mounting plugin MeshEditor
LogPluginManager: Mounting plugin MobileLauncherProfileWizard
LogPluginManager: Mounting plugin PluginBrowser
LogPluginManager: Mounting plugin SpeedTreeImporter
LogPluginManager: Mounting plugin DatasmithContent
LogPluginManager: Mounting plugin VariantManagerContent
LogPluginManager: Mounting plugin AlembicImporter
LogPluginManager: Mounting plugin AppleImageUtils
LogPluginManager: Mounting plugin AppleVision
LogPluginManager: Mounting plugin BackChannel
LogPluginManager: Mounting plugin BlastPlugin
LogPluginManager: Mounting plugin ChaosSolverPlugin
LogPluginManager: Mounting plugin CharacterAI
LogPluginManager: Mounting plugin GeometryCache
LogPluginManager: Mounting plugin GeometryCollectionPlugin
LogPluginManager: Mounting plugin HTML5Networking
LogPluginManager: Mounting plugin ProxyLODPlugin
LogPluginManager: Mounting plugin SkeletalReduction
LogPluginManager: Mounting plugin MagicLeap
LogPluginManager: Mounting plugin MagicLeapMedia
LogPluginManager: Mounting plugin AndroidMedia
LogPluginManager: Mounting plugin AvfMedia
LogPluginManager: Mounting plugin ImgMedia
LogPluginManager: Mounting plugin LinearTimecode
LogPluginManager: Mounting plugin MediaCompositing
LogPluginManager: Mounting plugin MediaPlayerEditor
LogPluginManager: Mounting plugin WebMMedia
LogPluginManager: Mounting plugin WmfMedia
LogPluginManager: Mounting plugin TcpMessaging
LogPluginManager: Mounting plugin UdpMessaging
LogPluginManager: Mounting plugin ActorSequence
LogPluginManager: Mounting plugin LevelSequenceEditor
LogPluginManager: Mounting plugin MatineeToLevelSequence
LogPluginManager: Mounting plugin NetcodeUnitTest
LogPluginManager: Mounting plugin NUTUnrealEngine4
LogPluginManager: Mounting plugin OnlineSubsystemGooglePlay
LogPluginManager: Mounting plugin OnlineSubsystemIOS
LogPluginManager: Mounting plugin OnlineSubsystem
LogPluginManager: Mounting plugin OnlineSubsystemNull
LogPluginManager: Mounting plugin OnlineSubsystemUtils
LogPluginManager: Mounting plugin LauncherChunkInstaller
LogPluginManager: Mounting plugin AndroidDeviceProfileSelector
LogPluginManager: Mounting plugin AndroidMoviePlayer
LogPluginManager: Mounting plugin AndroidPermission
LogPluginManager: Mounting plugin AppleMoviePlayer
LogPluginManager: Mounting plugin ArchVisCharacter
LogPluginManager: Mounting plugin AudioCapture
LogPluginManager: Mounting plugin CableComponent
LogPluginManager: Mounting plugin CustomMeshComponent
LogPluginManager: Mounting plugin EditableMesh
LogPluginManager: Mounting plugin ExampleDeviceProfileSelector
LogPluginManager: Mounting plugin Firebase
LogPluginManager: Mounting plugin GoogleCloudMessaging
LogPluginManager: Mounting plugin IOSDeviceProfileSelector
LogPluginManager: Mounting plugin LinuxDeviceProfileSelector
LogPluginManager: Mounting plugin LocationServicesBPLibrary
LogPluginManager: Mounting plugin MobilePatchingUtils
LogPluginManager: Mounting plugin OculusVR
LogPluginManager: Mounting plugin PhysXVehicles
LogPluginManager: Mounting plugin ProceduralMeshComponent
LogPluginManager: Mounting plugin RuntimePhysXCooking
LogPluginManager: Mounting plugin SignificanceManager
LogPluginManager: Mounting plugin SteamVR
LogPluginManager: Mounting plugin WebMMoviePlayer
LogPluginManager: Mounting plugin WindowsMoviePlayer
LogPluginManager: Mounting plugin DatasmithCADImporter
LogPluginManager: Mounting plugin DatasmithDataPrepEditor
LogPluginManager: Mounting plugin DatasmithFBXImporter
LogPluginManager: Mounting plugin DatasmithGLTFImporter
LogPluginManager: Mounting plugin DatasmithImporter
LogPluginManager: Mounting plugin MDLImporter
LogPluginManager: Mounting plugin StaticMeshEditorExtension
LogPluginManager: Mounting plugin VariantManager
LogInit: Using libcurl 7.55.1-DEV
LogInit:  - built for x86_64-pc-win32
LogInit:  - supports SSL with OpenSSL/1.1.1
LogInit:  - supports HTTP deflate (compression) using libz 1.2.8
LogInit:  - other features:
LogInit:      CURL_VERSION_SSL
LogInit:      CURL_VERSION_LIBZ
LogInit:      CURL_VERSION_IPV6
LogInit:      CURL_VERSION_ASYNCHDNS
LogInit:      CURL_VERSION_LARGEFILE
LogInit:      CURL_VERSION_IDN
LogInit:  CurlRequestOptions (configurable via config and command line):
LogInit:  - bVerifyPeer = true  - Libcurl will verify peer certificate
LogInit:  - bUseHttpProxy = false  - Libcurl will NOT use HTTP proxy
LogInit:  - bDontReuseConnections = false  - Libcurl will reuse connections
LogInit:  - MaxHostConnections = 16  - Libcurl will limit the number of connections to a host
LogInit:  - LocalHostAddr = Default
LogInit:  - BufferSize = 65536
LogInit: WinSock: version 1.1 (2.2), MaxSocks=32767, MaxUdp=65467
LogInit: Build: ++UE4+Release-4.22-CL-5660361
LogInit: Engine Version: 4.22.0-5660361+++UE4+Release-4.22
LogInit: Compatible Engine Version: 4.22.0-5660361+++UE4+Release-4.22
LogInit: Net CL: 5660361
LogInit: OS: Windows 8.1 (), CPU:        Intel(R) Core(TM) i3-3227U CPU @ 1.90GHz, GPU: Intel(R) HD Graphics 4000
LogInit: Compiled (64-bit): Mar 31 2019 02:05:09
LogInit: Compiled with Visual C++: 19.16.27025.01
LogInit: Build Configuration: Development
LogInit: Branch Name: ++UE4+Release-4.22
LogInit: Command Line: 
LogInit: Base Directory: E:/UE_4.22/Engine/Binaries/Win64/
LogInit: Installed Engine Build: 1
LogDevObjectVersion: Number of dev versions registered: 23
LogDevObjectVersion:   Dev-Blueprints (B0D832E4-1F89-4F0D-ACCF-7EB736FD4AA2): 10
LogDevObjectVersion:   Dev-Build (E1C64328-A22C-4D53-A36C-8E866417BD8C): 0
LogDevObjectVersion:   Dev-Core (375EC13C-06E4-48FB-B500-84F0262A717E): 3
LogDevObjectVersion:   Dev-Editor (E4B068ED-F494-42E9-A231-DA0B2E46BB41): 30
LogDevObjectVersion:   Dev-Framework (CFFC743F-43B0-4480-9391-14DF171D2073): 35
LogDevObjectVersion:   Dev-Mobile (B02B49B5-BB20-44E9-A304-32B752E40360): 2
LogDevObjectVersion:   Dev-Networking (A4E4105C-59A1-49B5-A7C5-40C4547EDFEE): 0
LogDevObjectVersion:   Dev-Online (39C831C9-5AE6-47DC-9A44-9C173E1C8E7C): 0
LogDevObjectVersion:   Dev-Physics (78F01B33-EBEA-4F98-B9B4-84EACCB95AA2): 0
LogDevObjectVersion:   Dev-Platform (6631380F-2D4D-43E0-8009-CF276956A95A): 0
LogDevObjectVersion:   Dev-Rendering (12F88B9F-8875-4AFC-A67C-D90C383ABD29): 28
LogDevObjectVersion:   Dev-Sequencer (7B5AE74C-D270-4C10-A958-57980B212A5A): 11
LogDevObjectVersion:   Dev-VR (D7296918-1DD6-4BDD-9DE2-64A83CC13884): 2
LogDevObjectVersion:   Dev-LoadTimes (C2A15278-BFE7-4AFE-6C17-90FF531DF755): 1
LogDevObjectVersion:   Private-Geometry (6EACA3D4-40EC-4CC1-B786-8BED09428FC5): 3
LogDevObjectVersion:   Dev-AnimPhys (29E575DD-E0A3-4627-9D10-D276232CDCEA): 17
LogDevObjectVersion:   Dev-Anim (AF43A65D-7FD3-4947-9873-3E8ED9C1BB05): 2
LogDevObjectVersion:   Dev-ReflectionCapture (6B266CEC-1EC7-4B8F-A30B-E4D90942FC07): 1
LogDevObjectVersion:   Dev-Automation (0DF73D61-A23F-47EA-B727-89E90C41499A): 1
LogDevObjectVersion:   FortniteMain (601D1886-AC64-4F84-AA16-D3DE0DEAC7D6): 25
LogDevObjectVersion:   Dev-Enterprise (9DFFBCD6-494F-0158-E221-12823C92A888): 6
LogDevObjectVersion:   Dev-Niagara (F2AED0AC-9AFE-416F-8664-AA7FFA26D6FC): 1
LogDevObjectVersion:   Dev-Destruction (174F1F0B-B4C6-45A5-B13F-2EE8D0FB917D): 2
LogInit: Presizing for max 16777216 objects, including 0 objects not considered by GC, pre-allocating 0 bytes for permanent pool.
LogInit: Object subsystem initialized
LogConfig: Setting CVar [[con.DebugEarlyDefault:1]]
LogConfig: Setting CVar [[r.setres:1280x720]]
[2022.05.23-20.29.21:077][  0]LogConfig: Setting CVar [[r.VSync:0]]
[2022.05.23-20.29.21:077][  0]LogConfig: Setting CVar [[r.RHICmdBypass:0]]
[2022.05.23-20.29.21:077][  0]LogConfig: Applying CVar settings from Section [/Script/Engine.RendererSettings] File [E:/GitHub/UnrealProjects/Tanks/TanksGame/TanksMiniGame/Saved/Config/Windows/Engine.ini]
[2022.05.23-20.29.21:077][  0]LogConfig: Setting CVar [[r.GPUCrashDebugging:0]]
[2022.05.23-20.29.21:077][  0]LogConfig: Setting CVar [[r.DefaultFeature.AutoExposure.ExtendDefaultLuminanceRange:1]]
[2022.05.23-20.29.21:077][  0]LogConfig: Applying CVar settings from Section [/Script/Engine.RendererOverrideSettings] File [E:/GitHub/UnrealProjects/Tanks/TanksGame/TanksMiniGame/Saved/Config/Windows/Engine.ini]
[2022.05.23-20.29.21:077][  0]LogConfig: Applying CVar settings from Section [/Script/Engine.StreamingSettings] File [E:/GitHub/UnrealProjects/Tanks/TanksGame/TanksMiniGame/Saved/Config/Windows/Engine.ini]
[2022.05.23-20.29.21:077][  0]LogConfig: Setting CVar [[s.MinBulkDataSizeForAsyncLoading:131072]]
[2022.05.23-20.29.21:077][  0]LogConfig: Setting CVar [[s.AsyncLoadingThreadEnabled:0]]
[2022.05.23-20.29.21:077][  0]LogConfig: Setting CVar [[s.EventDrivenLoaderEnabled:1]]
[2022.05.23-20.29.21:077][  0]LogConfig: Setting CVar [[s.WarnIfTimeLimitExceeded:0]]
[2022.05.23-20.29.21:077][  0]LogConfig: Setting CVar [[s.TimeLimitExceededMultiplier:1.5]]
[2022.05.23-20.29.21:077][  0]LogConfig: Setting CVar [[s.TimeLimitExceededMinTime:0.005]]
[2022.05.23-20.29.21:077][  0]LogConfig: Setting CVar [[s.UseBackgroundLevelStreaming:1]]
[2022.05.23-20.29.21:077][  0]LogConfig: Setting CVar [[s.PriorityAsyncLoadingExtraTime:15.0]]
[2022.05.23-20.29.21:077][  0]LogConfig: Setting CVar [[s.LevelStreamingActorsUpdateTimeLimit:5.0]]
[2022.05.23-20.29.21:077][  0]LogConfig: Setting CVar [[s.PriorityLevelStreamingActorsUpdateExtraTime:5.0]]
[2022.05.23-20.29.21:077][  0]LogConfig: Setting CVar [[s.LevelStreamingComponentsRegistrationGranularity:10]]
[2022.05.23-20.29.21:077][  0]LogConfig: Setting CVar [[s.UnregisterComponentsTimeLimit:1.0]]
[2022.05.23-20.29.21:077][  0]LogConfig: Setting CVar [[s.LevelStreamingComponentsUnregistrationGranularity:5]]
[2022.05.23-20.29.21:077][  0]LogConfig: Applying CVar settings from Section [/Script/Engine.GarbageCollectionSettings] File [E:/GitHub/UnrealProjects/Tanks/TanksGame/TanksMiniGame/Saved/Config/Windows/Engine.ini]
[2022.05.23-20.29.21:077][  0]LogConfig: Setting CVar [[gc.MaxObjectsNotConsideredByGC:1]]
[2022.05.23-20.29.21:077][  0]LogConfig: Setting CVar [[gc.SizeOfPermanentObjectPool:0]]
[2022.05.23-20.29.21:077][  0]LogConfig: Setting CVar [[gc.FlushStreamingOnGC:0]]
[2022.05.23-20.29.21:077][  0]LogConfig: Setting CVar [[gc.NumRetriesBeforeForcingGC:10]]
[2022.05.23-20.29.21:077][  0]LogConfig: Setting CVar [[gc.AllowParallelGC:1]]
[2022.05.23-20.29.21:077][  0]LogConfig: Setting CVar [[gc.TimeBetweenPurgingPendingKillObjects:61.1]]
[2022.05.23-20.29.21:077][  0]LogConfig: Setting CVar [[gc.MaxObjectsInEditor:16777216]]
[2022.05.23-20.29.21:077][  0]LogConfig: Setting CVar [[gc.IncrementalBeginDestroyEnabled:1]]
[2022.05.23-20.29.21:077][  0]LogConfig: Setting CVar [[gc.CreateGCClusters:1]]
[2022.05.23-20.29.21:077][  0]LogConfig: Setting CVar [[gc.MinGCClusterSize:5]]
[2022.05.23-20.29.21:077][  0]LogConfig: Setting CVar [[gc.ActorClusteringEnabled:0]]
[2022.05.23-20.29.21:077][  0]LogConfig: Setting CVar [[gc.BlueprintClusteringEnabled:0]]
[2022.05.23-20.29.21:077][  0]LogConfig: Setting CVar [[gc.UseDisregardForGCOnDedicatedServers:0]]
[2022.05.23-20.29.21:077][  0]LogConfig: Applying CVar settings from Section [/Script/Engine.NetworkSettings] File [E:/GitHub/UnrealProjects/Tanks/TanksGame/TanksMiniGame/Saved/Config/Windows/Engine.ini]
[2022.05.23-20.29.21:077][  0]LogConfig: Applying CVar settings from Section [/Script/UnrealEd.CookerSettings] File [E:/GitHub/UnrealProjects/Tanks/TanksGame/TanksMiniGame/Saved/Config/Windows/Engine.ini]
[2022.05.23-20.29.21:077][  0]LogConfig: Applying CVar settings from Section [ViewDistanceQuality@3] File [E:/GitHub/UnrealProjects/Tanks/TanksGame/TanksMiniGame/Saved/Config/Windows/Scalability.ini]
[2022.05.23-20.29.21:077][  0]LogConfig: Setting CVar [[r.SkeletalMeshLODBias:0]]
[2022.05.23-20.29.21:077][  0]LogConfig: Setting CVar [[r.ViewDistanceScale:1.0]]
[2022.05.23-20.29.21:077][  0]LogConfig: Applying CVar settings from Section [AntiAliasingQuality@3] File [E:/GitHub/UnrealProjects/Tanks/TanksGame/TanksMiniGame/Saved/Config/Windows/Scalability.ini]
[2022.05.23-20.29.21:077][  0]LogConfig: Setting CVar [[r.PostProcessAAQuality:4]]
[2022.05.23-20.29.21:077][  0]LogConfig: Applying CVar settings from Section [ShadowQuality@3] File [E:/GitHub/UnrealProjects/Tanks/TanksGame/TanksMiniGame/Saved/Config/Windows/Scalability.ini]
[2022.05.23-20.29.21:077][  0]LogConfig: Setting CVar [[r.LightFunctionQuality:1]]
[2022.05.23-20.29.21:077][  0]LogConfig: Setting CVar [[r.ShadowQuality:5]]
[2022.05.23-20.29.21:077][  0]LogConfig: Setting CVar [[r.Shadow.CSM.MaxCascades:10]]
[2022.05.23-20.29.21:077][  0]LogConfig: Setting CVar [[r.Shadow.MaxResolution:2048]]
[2022.05.23-20.29.21:077][  0]LogConfig: Setting CVar [[r.Shadow.MaxCSMResolution:2048]]
[2022.05.23-20.29.21:077][  0]LogConfig: Setting CVar [[r.Shadow.RadiusThreshold:0.01]]
[2022.05.23-20.29.21:077][  0]LogConfig: Setting CVar [[r.Shadow.DistanceScale:1.0]]
[2022.05.23-20.29.21:077][  0]LogConfig: Setting CVar [[r.Shadow.CSM.TransitionScale:1.0]]
[2022.05.23-20.29.21:077][  0]LogConfig: Setting CVar [[r.Shadow.PreShadowResolutionFactor:1.0]]
[2022.05.23-20.29.21:077][  0]LogConfig: Setting CVar [[r.DistanceFieldShadowing:1]]
[2022.05.23-20.29.21:077][  0]LogConfig: Setting CVar [[r.DistanceFieldAO:1]]
[2022.05.23-20.29.21:077][  0]LogConfig: Setting CVar [[r.AOQuality:2]]
[2022.05.23-20.29.21:077][  0]LogConfig: Setting CVar [[r.VolumetricFog:1]]
[2022.05.23-20.29.21:077][  0]LogConfig: Setting CVar [[r.VolumetricFog.GridPixelSize:8]]
[2022.05.23-20.29.21:077][  0]LogConfig: Setting CVar [[r.VolumetricFog.GridSizeZ:128]]
[2022.05.23-20.29.21:077][  0]LogConfig: Setting CVar [[r.VolumetricFog.HistoryMissSupersampleCount:4]]
[2022.05.23-20.29.21:077][  0]LogConfig: Setting CVar [[r.LightMaxDrawDistanceScale:1]]
[2022.05.23-20.29.21:077][  0]LogConfig: Setting CVar [[r.CapsuleShadows:1]]
[2022.05.23-20.29.21:077][  0]LogConfig: Applying CVar settings from Section [PostProcessQuality@3] File [E:/GitHub/UnrealProjects/Tanks/TanksGame/TanksMiniGame/Saved/Config/Windows/Scalability.ini]
[2022.05.23-20.29.21:077][  0]LogConfig: Setting CVar [[r.MotionBlurQuality:4]]
[2022.05.23-20.29.21:077][  0]LogConfig: Setting CVar [[r.AmbientOcclusionMipLevelFactor:0.4]]
[2022.05.23-20.29.21:077][  0]LogConfig: Setting CVar [[r.AmbientOcclusionMaxQuality:100]]
[2022.05.23-20.29.21:077][  0]LogConfig: Setting CVar [[r.AmbientOcclusionLevels:-1]]
[2022.05.23-20.29.21:077][  0]LogConfig: Setting CVar [[r.AmbientOcclusionRadiusScale:1.0]]
[2022.05.23-20.29.21:077][  0]LogConfig: Setting CVar [[r.DepthOfFieldQuality:2]]
[2022.05.23-20.29.21:077][  0]LogConfig: Setting CVar [[r.RenderTargetPoolMin:400]]
[2022.05.23-20.29.21:077][  0]LogConfig: Setting CVar [[r.LensFlareQuality:2]]
[2022.05.23-20.29.21:077][  0]LogConfig: Setting CVar [[r.SceneColorFringeQuality:1]]
[2022.05.23-20.29.21:077][  0]LogConfig: Setting CVar [[r.EyeAdaptationQuality:2]]
[2022.05.23-20.29.21:077][  0]LogConfig: Setting CVar [[r.BloomQuality:5]]
[2022.05.23-20.29.21:077][  0]LogConfig: Setting CVar [[r.FastBlurThreshold:100]]
[2022.05.23-20.29.21:077][  0]LogConfig: Setting CVar [[r.Upscale.Quality:3]]
[2022.05.23-20.29.21:077][  0]LogConfig: Setting CVar [[r.Tonemapper.GrainQuantization:1]]
[2022.05.23-20.29.21:077][  0]LogConfig: Setting CVar [[r.LightShaftQuality:1]]
[2022.05.23-20.29.21:077][  0]LogConfig: Setting CVar [[r.Filter.SizeScale:1]]
[2022.05.23-20.29.21:077][  0]LogConfig: Setting CVar [[r.Tonemapper.Quality:5]]
[2022.05.23-20.29.21:077][  0]LogConfig: Setting CVar [[r.DOF.Gather.AccumulatorQuality:1        ; higher gathering accumulator quality]]
[2022.05.23-20.29.21:077][  0]LogConfig: Setting CVar [[r.DOF.Gather.PostfilterMethod:1          ; Median3x3 postfilering method]]
[2022.05.23-20.29.21:077][  0]LogConfig: Setting CVar [[r.DOF.Gather.EnableBokehSettings:0       ; no bokeh simulation when gathering]]
[2022.05.23-20.29.21:077][  0]LogConfig: Setting CVar [[r.DOF.Gather.RingCount:4                 ; medium number of samples when gathering]]
[2022.05.23-20.29.21:077][  0]LogConfig: Setting CVar [[r.DOF.Scatter.ForegroundCompositing:1    ; additive foreground scattering]]
[2022.05.23-20.29.21:077][  0]LogConfig: Setting CVar [[r.DOF.Scatter.BackgroundCompositing:2    ; additive background scattering]]
[2022.05.23-20.29.21:077][  0]LogConfig: Setting CVar [[r.DOF.Scatter.EnableBokehSettings:1      ; bokeh simulation when scattering]]
[2022.05.23-20.29.21:077][  0]LogConfig: Setting CVar [[r.DOF.Scatter.MaxSpriteRatio:0.1         ; only a maximum of 10% of scattered bokeh]]
[2022.05.23-20.29.21:077][  0]LogConfig: Setting CVar [[r.DOF.Recombine.Quality:1                ; cheap slight out of focus]]
[2022.05.23-20.29.21:077][  0]LogConfig: Setting CVar [[r.DOF.Recombine.EnableBokehSettings:0    ; no bokeh simulation on slight out of focus]]
[2022.05.23-20.29.21:077][  0]LogConfig: Setting CVar [[r.DOF.TemporalAAQuality:1                ; more stable temporal accumulation]]
[2022.05.23-20.29.21:077][  0]LogConfig: Setting CVar [[r.DOF.Kernel.MaxForegroundRadius:0.025]]
[2022.05.23-20.29.21:077][  0]LogConfig: Setting CVar [[r.DOF.Kernel.MaxBackgroundRadius:0.025]]
[2022.05.23-20.29.21:077][  0]LogConfig: Applying CVar settings from Section [TextureQuality@3] File [E:/GitHub/UnrealProjects/Tanks/TanksGame/TanksMiniGame/Saved/Config/Windows/Scalability.ini]
[2022.05.23-20.29.21:077][  0]LogConfig: Setting CVar [[r.Streaming.MipBias:0]]
[2022.05.23-20.29.21:077][  0]LogConfig: Setting CVar [[r.Streaming.AmortizeCPUToGPUCopy:0]]
[2022.05.23-20.29.21:077][  0]LogConfig: Setting CVar [[r.Streaming.MaxNumTexturesToStreamPerFrame:0]]
[2022.05.23-20.29.21:077][  0]LogConfig: Setting CVar [[r.Streaming.Boost:1]]
[2022.05.23-20.29.21:077][  0]LogConfig: Setting CVar [[r.MaxAnisotropy:8]]
[2022.05.23-20.29.21:077][  0]LogConfig: Setting CVar [[r.Streaming.LimitPoolSizeToVRAM:0]]
[2022.05.23-20.29.21:077][  0]LogConfig: Setting CVar [[r.Streaming.PoolSize:1000]]
[2022.05.23-20.29.21:077][  0]LogConfig: Setting CVar [[r.Streaming.MaxEffectiveScreenSize:0]]
[2022.05.23-20.29.21:077][  0]LogConfig: Applying CVar settings from Section [EffectsQuality@3] File [E:/GitHub/UnrealProjects/Tanks/TanksGame/TanksMiniGame/Saved/Config/Windows/Scalability.ini]
[2022.05.23-20.29.21:077][  0]LogConfig: Setting CVar [[r.TranslucencyLightingVolumeDim:64]]
[2022.05.23-20.29.21:077][  0]LogConfig: Setting CVar [[r.RefractionQuality:2]]
[2022.05.23-20.29.21:077][  0]LogConfig: Setting CVar [[r.SSR.Quality:3]]
[2022.05.23-20.29.21:077][  0]LogConfig: Setting CVar [[r.SceneColorFormat:4]]
[2022.05.23-20.29.21:077][  0]LogConfig: Setting CVar [[r.DetailMode:2]]
[2022.05.23-20.29.21:077][  0]LogConfig: Setting CVar [[r.TranslucencyVolumeBlur:1]]
[2022.05.23-20.29.21:077][  0]LogConfig: Setting CVar [[r.MaterialQualityLevel:1 ; High quality]]
[2022.05.23-20.29.21:077][  0]LogConfig: Setting CVar [[r.SSS.Scale:1]]
[2022.05.23-20.29.21:077][  0]LogConfig: Setting CVar [[r.SSS.SampleSet:2]]
[2022.05.23-20.29.21:077][  0]LogConfig: Setting CVar [[r.SSS.Quality:1]]
[2022.05.23-20.29.21:077][  0]LogConfig: Setting CVar [[r.SSS.HalfRes:1]]
[2022.05.23-20.29.21:077][  0]LogConfig: Setting CVar [[r.EmitterSpawnRateScale:1.0]]
[2022.05.23-20.29.21:077][  0]LogConfig: Setting CVar [[r.ParticleLightQuality:2]]
[2022.05.23-20.29.21:077][  0]LogConfig: Applying CVar settings from Section [FoliageQuality@3] File [E:/GitHub/UnrealProjects/Tanks/TanksGame/TanksMiniGame/Saved/Config/Windows/Scalability.ini]
[2022.05.23-20.29.21:077][  0]LogConfig: Setting CVar [[foliage.DensityScale:1.0]]
[2022.05.23-20.29.21:077][  0]LogConfig: Setting CVar [[grass.DensityScale:1.0]]
[2022.05.23-20.29.21:077][  0]LogInit: Selected Device Profile: [Windows]
[2022.05.23-20.29.21:077][  0]LogInit: Applying CVar settings loaded from the selected device profile: [Windows]
[2022.05.23-20.29.21:327][  0]LogHAL: Display: Platform has ~ 4 GB [4080635904 / 4294967296 / 4], which maps to Smallest [LargestMinGB=32, LargerMinGB=12, DefaultMinGB=8, SmallerMinGB=6, SmallestMinGB=0)
[2022.05.23-20.29.21:327][  0]LogConfig: Setting CVar [[r.Vulkan.UseRealUBs:0		; Required until we fix HLR fall-out]]
[2022.05.23-20.29.21:327][  0]LogInit: Going up to parent DeviceProfile []
[2022.05.23-20.29.21:327][  0]LogConfig: Applying CVar settings from Section [ViewDistanceQuality@0] File [E:/GitHub/UnrealProjects/Tanks/TanksGame/TanksMiniGame/Saved/Config/Windows/Scalability.ini]
[2022.05.23-20.29.21:327][  0]LogConfig: Setting CVar [[r.SkeletalMeshLODBias:2]]
[2022.05.23-20.29.21:327][  0]LogConfig: Setting CVar [[r.ViewDistanceScale:0.4]]
[2022.05.23-20.29.21:327][  0]LogConfig: Applying CVar settings from Section [AntiAliasingQuality@0] File [E:/GitHub/UnrealProjects/Tanks/TanksGame/TanksMiniGame/Saved/Config/Windows/Scalability.ini]
[2022.05.23-20.29.21:327][  0]LogConfig: Setting CVar [[r.PostProcessAAQuality:0]]
[2022.05.23-20.29.21:327][  0]LogConfig: Applying CVar settings from Section [ShadowQuality@0] File [E:/GitHub/UnrealProjects/Tanks/TanksGame/TanksMiniGame/Saved/Config/Windows/Scalability.ini]
[2022.05.23-20.29.21:327][  0]LogConfig: Setting CVar [[r.LightFunctionQuality:0]]
[2022.05.23-20.29.21:327][  0]LogConfig: Setting CVar [[r.ShadowQuality:0]]
[2022.05.23-20.29.21:327][  0]LogConfig: Setting CVar [[r.Shadow.CSM.MaxCascades:1]]
[2022.05.23-20.29.21:327][  0]LogConfig: Setting CVar [[r.Shadow.MaxResolution:512]]
[2022.05.23-20.29.21:327][  0]LogConfig: Setting CVar [[r.Shadow.MaxCSMResolution:512]]
[2022.05.23-20.29.21:327][  0]LogConfig: Setting CVar [[r.Shadow.RadiusThreshold:0.06]]
[2022.05.23-20.29.21:327][  0]LogConfig: Setting CVar [[r.Shadow.DistanceScale:0.6]]
[2022.05.23-20.29.21:327][  0]LogConfig: Setting CVar [[r.Shadow.CSM.TransitionScale:0]]
[2022.05.23-20.29.21:327][  0]LogConfig: Setting CVar [[r.Shadow.PreShadowResolutionFactor:0.5]]
[2022.05.23-20.29.21:327][  0]LogConfig: Setting CVar [[r.DistanceFieldShadowing:0]]
[2022.05.23-20.29.21:327][  0]LogConfig: Setting CVar [[r.DistanceFieldAO:0]]
[2022.05.23-20.29.21:327][  0]LogConfig: Setting CVar [[r.VolumetricFog:0]]
[2022.05.23-20.29.21:327][  0]LogConfig: Setting CVar [[r.LightMaxDrawDistanceScale:0]]
[2022.05.23-20.29.21:327][  0]LogConfig: Setting CVar [[r.CapsuleShadows:0]]
[2022.05.23-20.29.21:327][  0]LogConfig: Applying CVar settings from Section [PostProcessQuality@0] File [E:/GitHub/UnrealProjects/Tanks/TanksGame/TanksMiniGame/Saved/Config/Windows/Scalability.ini]
[2022.05.23-20.29.21:327][  0]LogConfig: Setting CVar [[r.MotionBlurQuality:0]]
[2022.05.23-20.29.21:327][  0]LogConfig: Setting CVar [[r.AmbientOcclusionMipLevelFactor:1.0]]
[2022.05.23-20.29.21:327][  0]LogConfig: Setting CVar [[r.AmbientOcclusionMaxQuality:0]]
[2022.05.23-20.29.21:327][  0]LogConfig: Setting CVar [[r.AmbientOcclusionLevels:0]]
[2022.05.23-20.29.21:327][  0]LogConfig: Setting CVar [[r.AmbientOcclusionRadiusScale:1.2]]
[2022.05.23-20.29.21:327][  0]LogConfig: Setting CVar [[r.DepthOfFieldQuality:0]]
[2022.05.23-20.29.21:327][  0]LogConfig: Setting CVar [[r.RenderTargetPoolMin:300]]
[2022.05.23-20.29.21:327][  0]LogConfig: Setting CVar [[r.LensFlareQuality:0]]
[2022.05.23-20.29.21:327][  0]LogConfig: Setting CVar [[r.SceneColorFringeQuality:0]]
[2022.05.23-20.29.21:327][  0]LogConfig: Setting CVar [[r.EyeAdaptationQuality:0]]
[2022.05.23-20.29.21:327][  0]LogConfig: Setting CVar [[r.BloomQuality:4]]
[2022.05.23-20.29.21:327][  0]LogConfig: Setting CVar [[r.FastBlurThreshold:0]]
[2022.05.23-20.29.21:327][  0]LogConfig: Setting CVar [[r.Upscale.Quality:1]]
[2022.05.23-20.29.21:327][  0]LogConfig: Setting CVar [[r.Tonemapper.GrainQuantization:0]]
[2022.05.23-20.29.21:327][  0]LogConfig: Setting CVar [[r.LightShaftQuality:0]]
[2022.05.23-20.29.21:327][  0]LogConfig: Setting CVar [[r.Filter.SizeScale:0.6]]
[2022.05.23-20.29.21:327][  0]LogConfig: Setting CVar [[r.Tonemapper.Quality:0]]
[2022.05.23-20.29.21:327][  0]LogConfig: Applying CVar settings from Section [TextureQuality@0] File [E:/GitHub/UnrealProjects/Tanks/TanksGame/TanksMiniGame/Saved/Config/Windows/Scalability.ini]
[2022.05.23-20.29.21:327][  0]LogConfig: Setting CVar [[r.Streaming.MipBias:16]]
[2022.05.23-20.29.21:327][  0]LogConfig: Setting CVar [[r.Streaming.AmortizeCPUToGPUCopy:1]]
[2022.05.23-20.29.21:327][  0]LogConfig: Setting CVar [[r.Streaming.MaxNumTexturesToStreamPerFrame:1]]
[2022.05.23-20.29.21:327][  0]LogConfig: Setting CVar [[r.Streaming.Boost:0.3]]
[2022.05.23-20.29.21:327][  0]LogConfig: Setting CVar [[r.MaxAnisotropy:0]]
[2022.05.23-20.29.21:327][  0]LogConfig: Setting CVar [[r.Streaming.LimitPoolSizeToVRAM:1]]
[2022.05.23-20.29.21:327][  0]LogConfig: Setting CVar [[r.Streaming.PoolSize:400]]
[2022.05.23-20.29.21:327][  0]LogConfig: Setting CVar [[r.Streaming.MaxEffectiveScreenSize:0]]
[2022.05.23-20.29.21:327][  0]LogConfig: Applying CVar settings from Section [EffectsQuality@0] File [E:/GitHub/UnrealProjects/Tanks/TanksGame/TanksMiniGame/Saved/Config/Windows/Scalability.ini]
[2022.05.23-20.29.21:327][  0]LogConfig: Setting CVar [[r.TranslucencyLightingVolumeDim:24]]
[2022.05.23-20.29.21:327][  0]LogConfig: Setting CVar [[r.RefractionQuality:0]]
[2022.05.23-20.29.21:327][  0]LogConfig: Setting CVar [[r.SSR.Quality:0]]
[2022.05.23-20.29.21:327][  0]LogConfig: Setting CVar [[r.SceneColorFormat:3]]
[2022.05.23-20.29.21:327][  0]LogConfig: Setting CVar [[r.DetailMode:0]]
[2022.05.23-20.29.21:327][  0]LogConfig: Setting CVar [[r.TranslucencyVolumeBlur:0]]
[2022.05.23-20.29.21:327][  0]LogConfig: Setting CVar [[r.MaterialQualityLevel:0 ; Low quality]]
[2022.05.23-20.29.21:327][  0]LogConfig: Setting CVar [[r.SSS.Scale:0]]
[2022.05.23-20.29.21:327][  0]LogConfig: Setting CVar [[r.SSS.SampleSet:0]]
[2022.05.23-20.29.21:327][  0]LogConfig: Setting CVar [[r.SSS.Quality:0]]
[2022.05.23-20.29.21:327][  0]LogConfig: Setting CVar [[r.SSS.HalfRes:1]]
[2022.05.23-20.29.21:327][  0]LogConfig: Setting CVar [[r.EmitterSpawnRateScale:0.125]]
[2022.05.23-20.29.21:327][  0]LogConfig: Setting CVar [[r.ParticleLightQuality:0]]
[2022.05.23-20.29.21:327][  0]LogConfig: Applying CVar settings from Section [FoliageQuality@0] File [E:/GitHub/UnrealProjects/Tanks/TanksGame/TanksMiniGame/Saved/Config/Windows/Scalability.ini]
[2022.05.23-20.29.21:327][  0]LogConfig: Setting CVar [[foliage.DensityScale:0]]
[2022.05.23-20.29.21:327][  0]LogConfig: Setting CVar [[grass.DensityScale:0]]
[2022.05.23-20.29.21:327][  0]LogConfig: Applying CVar settings from Section [Startup] File [../../../Engine/Config/ConsoleVariables.ini]
[2022.05.23-20.29.21:327][  0]LogConfig: Setting CVar [[net.UseAdaptiveNetUpdateFrequency:0]]
[2022.05.23-20.29.21:327][  0]LogConfig: Setting CVar [[p.chaos.AllowCreatePhysxBodies:1]]
[2022.05.23-20.29.21:327][  0]LogConfig: Applying CVar settings from Section [ConsoleVariables] File [E:/GitHub/UnrealProjects/Tanks/TanksGame/TanksMiniGame/Saved/Config/Windows/Engine.ini]
[2022.05.23-20.29.21:338][  0]LogInit: Computer: SONNY
[2022.05.23-20.29.21:338][  0]LogInit: User: SonnyFixit
[2022.05.23-20.29.21:338][  0]LogInit: CPU Page size=4096, Cores=2
[2022.05.23-20.29.21:338][  0]LogInit: High frequency timer resolution =1.851267 MHz
[2022.05.23-20.29.21:338][  0]LogMemory: Memory total: Physical=3.8GB (4GB approx)
[2022.05.23-20.29.21:338][  0]LogMemory: Platform Memory Stats for Windows
[2022.05.23-20.29.21:338][  0]LogMemory: Process Physical Memory: 94.82 MB used, 94.82 MB peak
[2022.05.23-20.29.21:338][  0]LogMemory: Process Virtual Memory: 83.86 MB used, 83.86 MB peak
[2022.05.23-20.29.21:338][  0]LogMemory: Physical Memory: 2566.29 MB used,  1325.31 MB free, 3891.60 MB total
[2022.05.23-20.29.21:338][  0]LogMemory: Virtual Memory: 482.52 MB used,  134217248.00 MB free, 134217728.00 MB total
[2022.05.23-20.29.23:181][  0]LogInit: Using OS detected language (pl-PL).
[2022.05.23-20.29.23:181][  0]LogInit: Using OS detected locale (pl-PL).
[2022.05.23-20.29.23:252][  0]LogTextLocalizationManager: No specific localization for 'pl-PL' exists, so the 'pl' localization will be used.
[2022.05.23-20.29.23:253][  0]LogTextLocalizationResource: LocRes '../../../Engine/Content/Localization/Editor/pl/Editor.locres' could not be opened for reading!
[2022.05.23-20.29.23:253][  0]LogTextLocalizationResource: LocRes '../../../Engine/Content/Localization/EditorTutorials/pl/EditorTutorials.locres' could not be opened for reading!
[2022.05.23-20.29.23:253][  0]LogTextLocalizationResource: LocRes '../../../Engine/Content/Localization/Keywords/pl/Keywords.locres' could not be opened for reading!
[2022.05.23-20.29.23:253][  0]LogTextLocalizationResource: LocRes '../../../Engine/Content/Localization/Category/pl/Category.locres' could not be opened for reading!
[2022.05.23-20.29.23:262][  0]LogTextLocalizationResource: LocRes '../../../Engine/Content/Localization/ToolTips/pl/ToolTips.locres' could not be opened for reading!
[2022.05.23-20.29.23:266][  0]LogTextLocalizationResource: LocRes '../../../Engine/Content/Localization/PropertyNames/pl/PropertyNames.locres' could not be opened for reading!
[2022.05.23-20.29.23:266][  0]LogTextLocalizationResource: LocRes '../../../Engine/Content/Localization/Engine/pl/Engine.locres' could not be opened for reading!
[2022.05.23-20.29.23:267][  0]LogInit: Setting process to per monitor DPI aware
[2022.05.23-20.29.23:847][  0]LogSlate: New Slate User Created.  User Index 0, Is Virtual User: 0
[2022.05.23-20.29.23:847][  0]LogSlate: Slate User Registered.  User Index 0, Is Virtual User: 0
[2022.05.23-20.29.24:315][  0]LogHMD: Failed to initialize OpenVR with code 110
[2022.05.23-20.29.24:315][  0]LogD3D11RHI: D3D11 adapters:
[2022.05.23-20.29.24:947][  0]LogD3D11RHI:    0. 'NVIDIA GeForce 710M' (Feature Level 11_0)
[2022.05.23-20.29.24:947][  0]LogD3D11RHI:       963/0/1945 MB DedicatedVideo/DedicatedSystem/SharedSystem, Outputs:1, VendorId:0x10de
[2022.05.23-20.29.24:974][  0]LogD3D11RHI:    1. 'NVIDIA GeForce 710M' (Feature Level 11_0)
[2022.05.23-20.29.24:974][  0]LogD3D11RHI:       963/0/1945 MB DedicatedVideo/DedicatedSystem/SharedSystem, Outputs:0, VendorId:0x10de
[2022.05.23-20.29.25:001][  0]LogD3D11RHI:    2. 'Microsoft Basic Render Driver' (Feature Level 11_0)
[2022.05.23-20.29.25:001][  0]LogD3D11RHI:       963/0/1945 MB DedicatedVideo/DedicatedSystem/SharedSystem, Outputs:0, VendorId:0x1414
[2022.05.23-20.29.25:001][  0]LogD3D11RHI: Chosen D3D11 Adapter: 0
[2022.05.23-20.29.25:012][  0]LogD3D11RHI: Creating new Direct3DDevice
[2022.05.23-20.29.25:012][  0]LogD3D11RHI:     GPU DeviceId: 0x1140 (for the marketing name, search the web for "GPU Device Id")
[2022.05.23-20.29.25:012][  0]LogWindows: EnumDisplayDevices:
[2022.05.23-20.29.25:012][  0]LogWindows:    0. 'Intel(R) HD Graphics 4000' (P:1 D:1)
[2022.05.23-20.29.25:012][  0]LogWindows:    1. 'Intel(R) HD Graphics 4000' (P:0 D:0)
[2022.05.23-20.29.25:013][  0]LogWindows:    2. 'Intel(R) HD Graphics 4000' (P:0 D:0)
[2022.05.23-20.29.25:013][  0]LogWindows:    3. 'NVIDIA GeForce 710M' (P:0 D:0)
[2022.05.23-20.29.25:013][  0]LogWindows: DebugString: PrimaryIsNotTheChoosenAdapter PrimaryIsNotTheChoosenAdapter PrimaryIsNotTheChoosenAdapter 
[2022.05.23-20.29.25:013][  0]LogD3D11RHI:     Adapter Name: NVIDIA GeForce 710M
[2022.05.23-20.29.25:013][  0]LogD3D11RHI:   Driver Version: 391.35 (internal:23.21.13.9135, unified:391.35)
[2022.05.23-20.29.25:013][  0]LogD3D11RHI:      Driver Date: 3-23-2018
[2022.05.23-20.29.25:014][  0]LogRHI: Texture pool is 674 MB (70% of 963 MB)
[2022.05.23-20.29.25:035][  0]LogD3D11RHI: Display: Timestamp queries are currently disabled on this hardware due to instability. Realtime GPU stats will not be available. You can override this behaviour by setting r.NVIDIATimestampWorkaround to 0
[2022.05.23-20.29.25:035][  0]LogD3D11RHI: Async texture creation enabled
[2022.05.23-20.29.25:042][  0]LogRendererCore: FGlobalReadBuffer::InitRHI
[2022.05.23-20.29.25:043][  0]LogRendererCore: FGlobalReadBuffer::InitRHI
[2022.05.23-20.29.25:043][  0]LogRendererCore: FGlobalReadBuffer::InitRHI
[2022.05.23-20.29.25:059][  0]LogD3D11RHI: GPU Timing Frequency: 1000.000000 (Debug: 2 2)
[2022.05.23-20.29.37:749][  0]LogTemp: Display: Module 'AllDesktopTargetPlatform' loaded TargetPlatform 'AllDesktop'
[2022.05.23-20.29.37:790][  0]LogTemp: Display: Module 'MacClientTargetPlatform' loaded TargetPlatform 'MacClient'
[2022.05.23-20.29.37:841][  0]LogTemp: Display: Module 'MacNoEditorTargetPlatform' loaded TargetPlatform 'MacNoEditor'
[2022.05.23-20.29.37:894][  0]LogTemp: Display: Module 'MacServerTargetPlatform' loaded TargetPlatform 'MacServer'
[2022.05.23-20.29.38:066][  0]LogTemp: Display: Module 'MacTargetPlatform' loaded TargetPlatform 'Mac'
[2022.05.23-20.29.38:118][  0]LogTemp: Display: Module 'WindowsClientTargetPlatform' loaded TargetPlatform 'WindowsClient'
[2022.05.23-20.29.38:241][  0]LogTemp: Display: Module 'WindowsNoEditorTargetPlatform' loaded TargetPlatform 'WindowsNoEditor'
[2022.05.23-20.29.38:305][  0]LogTemp: Display: Module 'WindowsServerTargetPlatform' loaded TargetPlatform 'WindowsServer'
[2022.05.23-20.29.38:352][  0]LogTemp: Display: Module 'WindowsTargetPlatform' loaded TargetPlatform 'Windows'
[2022.05.23-20.29.38:528][  0]LogTemp: Display: Module 'AndroidTargetPlatform' loaded TargetPlatform 'Android'
[2022.05.23-20.29.38:528][  0]LogTemp: Display: Module 'AndroidTargetPlatform' loaded TargetPlatform 'Android_ASTC'
[2022.05.23-20.29.38:528][  0]LogTemp: Display: Module 'AndroidTargetPlatform' loaded TargetPlatform 'Android_ATC'
[2022.05.23-20.29.38:528][  0]LogTemp: Display: Module 'AndroidTargetPlatform' loaded TargetPlatform 'Android_DXT'
[2022.05.23-20.29.38:528][  0]LogTemp: Display: Module 'AndroidTargetPlatform' loaded TargetPlatform 'Android_ETC1'
[2022.05.23-20.29.38:528][  0]LogTemp: Display: Module 'AndroidTargetPlatform' loaded TargetPlatform 'Android_ETC1a'
[2022.05.23-20.29.38:528][  0]LogTemp: Display: Module 'AndroidTargetPlatform' loaded TargetPlatform 'Android_ETC2'
[2022.05.23-20.29.38:528][  0]LogTemp: Display: Module 'AndroidTargetPlatform' loaded TargetPlatform 'Android_PVRTC'
[2022.05.23-20.29.38:528][  0]LogTemp: Display: Module 'AndroidTargetPlatform' loaded TargetPlatform 'AndroidClient'
[2022.05.23-20.29.38:528][  0]LogTemp: Display: Module 'AndroidTargetPlatform' loaded TargetPlatform 'Android_ASTCClient'
[2022.05.23-20.29.38:528][  0]LogTemp: Display: Module 'AndroidTargetPlatform' loaded TargetPlatform 'Android_ATCClient'
[2022.05.23-20.29.38:528][  0]LogTemp: Display: Module 'AndroidTargetPlatform' loaded TargetPlatform 'Android_DXTClient'
[2022.05.23-20.29.38:528][  0]LogTemp: Display: Module 'AndroidTargetPlatform' loaded TargetPlatform 'Android_ETC1Client'
[2022.05.23-20.29.38:528][  0]LogTemp: Display: Module 'AndroidTargetPlatform' loaded TargetPlatform 'Android_ETC1aClient'
[2022.05.23-20.29.38:528][  0]LogTemp: Display: Module 'AndroidTargetPlatform' loaded TargetPlatform 'Android_ETC2Client'
[2022.05.23-20.29.38:528][  0]LogTemp: Display: Module 'AndroidTargetPlatform' loaded TargetPlatform 'Android_PVRTCClient'
[2022.05.23-20.29.38:528][  0]LogTemp: Display: Module 'AndroidTargetPlatform' loaded TargetPlatform 'Android_Multi'
[2022.05.23-20.29.38:529][  0]LogTemp: Display: Module 'AndroidTargetPlatform' loaded TargetPlatform 'Android_MultiClient'
[2022.05.23-20.29.38:558][  0]LogTemp: Display: Module 'HTML5TargetPlatform' loaded TargetPlatform 'HTML5'
[2022.05.23-20.29.38:737][  0]LogTemp: Display: Module 'IOSTargetPlatform' loaded TargetPlatform 'IOSClient'
[2022.05.23-20.29.38:737][  0]LogTemp: Display: Module 'IOSTargetPlatform' loaded TargetPlatform 'IOS'
[2022.05.23-20.29.38:877][  0]LogTemp: Display: Module 'TVOSTargetPlatform' loaded TargetPlatform 'TVOSClient'
[2022.05.23-20.29.38:877][  0]LogTemp: Display: Module 'TVOSTargetPlatform' loaded TargetPlatform 'TVOS'
[2022.05.23-20.29.38:991][  0]LogTemp: Display: Module 'LinuxClientTargetPlatform' loaded TargetPlatform 'LinuxClient'
[2022.05.23-20.29.39:093][  0]LogTemp: Display: Module 'LinuxNoEditorTargetPlatform' loaded TargetPlatform 'LinuxNoEditor'
[2022.05.23-20.29.39:154][  0]LogTemp: Display: Module 'LinuxServerTargetPlatform' loaded TargetPlatform 'LinuxServer'
[2022.05.23-20.29.39:247][  0]LogTemp: Display: Module 'LinuxTargetPlatform' loaded TargetPlatform 'Linux'
[2022.05.23-20.29.39:396][  0]LogTemp: Display: Module 'LuminTargetPlatform' loaded TargetPlatform 'Lumin'
[2022.05.23-20.29.39:396][  0]LogTemp: Display: Module 'LuminTargetPlatform' loaded TargetPlatform 'LuminClient'
[2022.05.23-20.29.39:396][  0]LogTargetPlatformManager: Display: Building Assets For Windows
[2022.05.23-20.29.39:719][  0]LogAudioDebug: Display: Lib vorbis DLL was dynamically loaded.
[2022.05.23-20.29.40:472][  0]LogShaderCompilers: Guid format shader working directory is -12 characters bigger than the processId version (../../../../GitHub/UnrealProjects/Tanks/TanksGame/TanksMiniGame/Intermediate/Shaders/WorkingDirectory/8372/).
[2022.05.23-20.29.40:472][  0]LogShaderCompilers: Cleaned the shader compiler working directory 'C:/Users/SonnyFixit/AppData/Local/Temp/UnrealShaderWorkingDir/2DD4E1A3446FA093CF79EE8954215915/'.
[2022.05.23-20.29.40:497][  0]LogXGEController: Cannot use XGE Controller as Incredibuild is not installed on this machine.
[2022.05.23-20.29.40:497][  0]LogShaderCompilers: Cannot use XGE Shader Compiler as Incredibuild is not installed on this machine.
[2022.05.23-20.29.40:497][  0]LogShaderCompilers: Display: Using Local Shader Compiler.
[2022.05.23-20.29.41:680][  0]LogDerivedDataCache: Display: Max Cache Size: 512 MB
[2022.05.23-20.29.41:796][  0]LogDerivedDataCache: Loaded boot cache 0.12s 72MB C:/Users/SonnyFixit/AppData/Local/UnrealEngine/4.22/DerivedDataCache/Boot.ddc.
[2022.05.23-20.29.41:797][  0]LogDerivedDataCache: Display: Loaded Boot cache: C:/Users/SonnyFixit/AppData/Local/UnrealEngine/4.22/DerivedDataCache/Boot.ddc
[2022.05.23-20.29.41:797][  0]LogDerivedDataCache: FDerivedDataBackendGraph:  Pak pak cache file ../../../../GitHub/UnrealProjects/Tanks/TanksGame/TanksMiniGame/DerivedDataCache/DDC.ddp not found, will not use a pak cache.
[2022.05.23-20.29.41:797][  0]LogDerivedDataCache: Unable to find inner node Pak for hierarchical cache Hierarchy.
[2022.05.23-20.29.41:797][  0]LogDerivedDataCache: FDerivedDataBackendGraph:  CompressedPak pak cache file ../../../../GitHub/UnrealProjects/Tanks/TanksGame/TanksMiniGame/DerivedDataCache/Compressed.ddp not found, will not use a pak cache.
[2022.05.23-20.29.41:797][  0]LogDerivedDataCache: Unable to find inner node CompressedPak for hierarchical cache Hierarchy.
[2022.05.23-20.29.41:821][  0]LogDerivedDataCache: Display: Pak cache opened for reading ../../../Engine/DerivedDataCache/Compressed.ddp.
[2022.05.23-20.29.41:827][  0]LogDerivedDataCache: Display: Pak cache opened for reading ../../../Enterprise/DerivedDataCache/Compressed.ddp.
[2022.05.23-20.29.41:872][  0]LogDerivedDataCache: Using Local data cache path C:/Users/SonnyFixit/AppData/Local/UnrealEngine/Common/DerivedDataCache: Writable
[2022.05.23-20.29.41:872][  0]LogDerivedDataCache: Shared data cache path not found in *engine.ini, will not use an Shared cache.
[2022.05.23-20.29.41:872][  0]LogDerivedDataCache: Unable to find inner node Shared for hierarchical cache Hierarchy.
[2022.05.23-20.29.41:917][  0]LogMaterial: Verifying Global Shaders for PCD3D_SM5
[2022.05.23-20.29.41:920][  0]LogSlate: Using FreeType 2.6.0
[2022.05.23-20.29.41:999][  0]LogSlate: SlateFontServices - WITH_FREETYPE: 1, WITH_HARFBUZZ: 1
[2022.05.23-20.29.42:586][  0]LogAssetRegistry: FAssetRegistry took 0.0657 seconds to start up
[2022.05.23-20.29.43:415][  0]LogInit: Selected Device Profile: [Windows]
[2022.05.23-20.29.44:484][  0]LogMeshReduction: Using QuadricMeshReduction for automatic static mesh reduction
[2022.05.23-20.29.44:484][  0]LogMeshReduction: Using SimplygonMeshReduction for automatic skeletal mesh reduction
[2022.05.23-20.29.44:484][  0]LogMeshReduction: Using ProxyLODMeshReduction for automatic mesh merging
[2022.05.23-20.29.44:484][  0]LogMeshReduction: No distributed automatic mesh merging module available
[2022.05.23-20.29.44:484][  0]LogMeshMerging: No distributed automatic mesh merging module available
[2022.05.23-20.29.44:514][  0]LogNetVersion: TanksMiniGame 1.0.0, NetCL: 5660361, EngineNetVer: 10, GameNetVer: 0 (Checksum: 1412442164)
[2022.05.23-20.29.45:893][  0]LogPackageLocalizationCache: Processed 16 localized package path(s) for 1 prioritized culture(s) in 0.351416 seconds
[2022.05.23-20.29.45:908][  0]LogUObjectArray: 42205 objects as part of root set at end of initial load.
[2022.05.23-20.29.45:908][  0]LogUObjectAllocator: 7325032 out of 0 bytes used by permanent object pool.
[2022.05.23-20.29.45:908][  0]LogUObjectArray: CloseDisregardForGC: 0/0 objects in disregard for GC pool
[2022.05.23-20.29.48:954][  0]LogTcpMessaging: Initializing TcpMessaging bridge
[2022.05.23-20.29.48:969][  0]LogUdpMessaging: Initializing bridge on interface 0.0.0.0:0 to multicast group 230.0.0.1:6666.
[2022.05.23-20.29.49:660][  0]SourceControl: Source control is disabled
[2022.05.23-20.29.49:660][  0]SourceControl: Source control is disabled
[2022.05.23-20.29.49:684][  0]SourceControl: Source control is disabled
[2022.05.23-20.29.49:686][  0]SourceControl: Source control is disabled
[2022.05.23-20.29.51:930][  0]LogAndroidPermission: UAndroidPermissionCallbackProxy::GetInstance
[2022.05.23-20.29.52:118][  0]LogOcInput: OculusInput pre-init called
[2022.05.23-20.30.06:576][  0]LogEngine: Initializing Engine...
[2022.05.23-20.30.06:578][  0]LogHMD: Failed to initialize OpenVR with code 110
[2022.05.23-20.30.06:580][  0]LogStats: UGameplayTagsManager::InitializeManager -  0.000 s
[2022.05.23-20.30.07:077][  0]LogInit: Initializing FReadOnlyCVARCache
[2022.05.23-20.30.07:122][  0]LogAIModule: Creating AISystem for world Untitled
[2022.05.23-20.30.07:211][  0]LogInit: XAudio2 using 'Speakers (Realtek High Definition Audio)' : 2 channels at 48 kHz using 32 bits per sample (channel mask 0x3)
[2022.05.23-20.30.07:506][  0]LogInit: FAudioDevice initialized.
[2022.05.23-20.30.07:507][  0]LogNetVersion: Set ProjectVersion to 1.0.0.0. Version Checksum will be recalculated on next use.
[2022.05.23-20.30.08:581][  0]LogDerivedDataCache: Saved boot cache 1.07s 72MB C:/Users/SonnyFixit/AppData/Local/UnrealEngine/4.22/DerivedDataCache/Boot.ddc.
[2022.05.23-20.30.08:609][  0]LogInit: Texture streaming: Enabled
[2022.05.23-20.30.08:696][  0]LogEngineSessionManager: EngineSessionManager initialized
[2022.05.23-20.30.09:633][  0]LogInit: Transaction tracking system initialized
[2022.05.23-20.30.09:734][  0]BlueprintLog: New page: Editor Load
[2022.05.23-20.30.10:293][  0]LocalizationService: Localization service is disabled
[2022.05.23-20.30.12:424][  0]LogFileCache: Scanning file cache for directory 'E:/GitHub/UnrealProjects/Tanks/TanksGame/TanksMiniGame/Content/' took 0.07s
[2022.05.23-20.30.12:424][  0]LogCook: Display: Max memory allowance for cook 16384mb min free memory 0mb
[2022.05.23-20.30.12:424][  0]LogCook: Display: Mobile HDR setting 1
[2022.05.23-20.30.16:511][  0]SourceControl: Source control is disabled
[2022.05.23-20.30.16:511][  0]Cmd: MAP LOAD FILE="../../../../GitHub/UnrealProjects/Tanks/TanksGame/TanksMiniGame/Content/Maps/Main.umap" TEMPLATE=0 SHOWPROGRESS=1 FEATURELEVEL=3
[2022.05.23-20.30.16:549][  0]LightingResults: New page: Lighting Build
[2022.05.23-20.30.16:553][  0]MapCheck: New page: Map Check
[2022.05.23-20.30.16:553][  0]LightingResults: New page: Lighting Build
[2022.05.23-20.30.16:656][  0]LogUObjectHash: Compacting FUObjectHashTables data took   3.61ms
[2022.05.23-20.30.19:239][  0]LogAIModule: Creating AISystem for world Main
[2022.05.23-20.30.19:494][  0]LogEditorServer: Finished looking for orphan Actors (0.000 secs)
[2022.05.23-20.30.19:535][  0]LogUObjectHash: Compacting FUObjectHashTables data took   4.33ms
[2022.05.23-20.30.19:535][  0]Cmd: MAP CHECKDEP NOCLEARLOG
[2022.05.23-20.30.19:536][  0]MapCheck: Map check complete: 0 Error(s), 0 Warning(s), took 0,184ms to complete.
[2022.05.23-20.30.19:536][  0]LogFileHelpers: Loading map 'Main' took 3.024
[2022.05.23-20.30.21:299][  0]LogSlate: Updating window title bar state: overlay mode, drag disabled, window buttons hidden, title bar hidden
[2022.05.23-20.30.21:379][  0]LogSlate: Updating window title bar state: overlay mode, drag disabled, window buttons hidden, title bar hidden
[2022.05.23-20.30.21:394][  0]LogSlate: Updating window title bar state: overlay mode, drag disabled, window buttons hidden, title bar hidden
[2022.05.23-20.30.21:409][  0]LogSlate: Updating window title bar state: overlay mode, drag disabled, window buttons hidden, title bar hidden
[2022.05.23-20.30.21:609][  0]LogCollectionManager: Loaded 0 collections in 0.002324 seconds
[2022.05.23-20.30.22:143][  0]LogFileCache: Scanning file cache for directory 'E:/GitHub/UnrealProjects/Tanks/TanksGame/TanksMiniGame/Saved/Collections/' took 0.01s
[2022.05.23-20.30.22:143][  0]LogFileCache: Scanning file cache for directory 'E:/GitHub/UnrealProjects/Tanks/TanksGame/TanksMiniGame/Content/Developers/SonnyFixit/Collections/' took 0.01s
[2022.05.23-20.30.22:143][  0]LogFileCache: Scanning file cache for directory 'E:/GitHub/UnrealProjects/Tanks/TanksGame/TanksMiniGame/Content/Collections/' took 0.00s
[2022.05.23-20.30.22:143][  0]LogCollectionManager: Rebuilt the GUID cache for 0 collections in 0.000001 seconds
[2022.05.23-20.30.22:225][  0]LogContentBrowser: Native class hierarchy populated in 0.0634 seconds. Added 2872 classes and 728 folders.
[2022.05.23-20.30.22:452][  0]LogContentBrowser: Native class hierarchy updated for 'WidgetCarousel' in 0.0008 seconds. Added 0 classes and 0 folders.
[2022.05.23-20.30.22:662][  0]LogPakFile: Registered encryption key '00000000000000000000000000000000': 0 pak files mounted, 0 remain pending
[2022.05.23-20.30.22:994][  0]LogPakFile: Registered encryption key '00000000000000000000000000000000': 0 pak files mounted, 0 remain pending
[2022.05.23-20.30.23:094][  0]LogPakFile: Registered encryption key '00000000000000000000000000000000': 0 pak files mounted, 0 remain pending
[2022.05.23-20.30.23:131][  0]LogPakFile: Registered encryption key '00000000000000000000000000000000': 0 pak files mounted, 0 remain pending
[2022.05.23-20.30.23:224][  0]LogPakFile: Registered encryption key '00000000000000000000000000000000': 0 pak files mounted, 0 remain pending
[2022.05.23-20.30.23:273][  0]LogPakFile: Registered encryption key '00000000000000000000000000000000': 0 pak files mounted, 0 remain pending
[2022.05.23-20.30.23:304][  0]LogPakFile: Registered encryption key '00000000000000000000000000000000': 0 pak files mounted, 0 remain pending
[2022.05.23-20.30.23:330][  0]LogPakFile: Registered encryption key '00000000000000000000000000000000': 0 pak files mounted, 0 remain pending
[2022.05.23-20.30.23:349][  0]LogPakFile: Registered encryption key '00000000000000000000000000000000': 0 pak files mounted, 0 remain pending
[2022.05.23-20.30.23:414][  0]LogPakFile: Registered encryption key '00000000000000000000000000000000': 0 pak files mounted, 0 remain pending
[2022.05.23-20.30.23:474][  0]LogPakFile: Registered encryption key '00000000000000000000000000000000': 0 pak files mounted, 0 remain pending
[2022.05.23-20.30.23:489][  0]LogPakFile: Registered encryption key '00000000000000000000000000000000': 0 pak files mounted, 0 remain pending
[2022.05.23-20.30.23:520][  0]LogPakFile: Registered encryption key '00000000000000000000000000000000': 0 pak files mounted, 0 remain pending
[2022.05.23-20.30.23:566][  0]LogPakFile: Registered encryption key '00000000000000000000000000000000': 0 pak files mounted, 0 remain pending
[2022.05.23-20.30.23:615][  0]LogPakFile: Registered encryption key '00000000000000000000000000000000': 0 pak files mounted, 0 remain pending
[2022.05.23-20.30.23:647][  0]LogPakFile: Registered encryption key '00000000000000000000000000000000': 0 pak files mounted, 0 remain pending
[2022.05.23-20.30.23:797][  0]LogPakFile: Registered encryption key '00000000000000000000000000000000': 0 pak files mounted, 0 remain pending
[2022.05.23-20.30.23:848][  0]LogPakFile: Registered encryption key '00000000000000000000000000000000': 0 pak files mounted, 0 remain pending
[2022.05.23-20.30.23:873][  0]LogPakFile: Registered encryption key '00000000000000000000000000000000': 0 pak files mounted, 0 remain pending
[2022.05.23-20.30.23:895][  0]LogPakFile: Registered encryption key '00000000000000000000000000000000': 0 pak files mounted, 0 remain pending
[2022.05.23-20.30.23:946][  0]LogPakFile: Registered encryption key '00000000000000000000000000000000': 0 pak files mounted, 0 remain pending
[2022.05.23-20.30.23:978][  0]LogPakFile: Registered encryption key '00000000000000000000000000000000': 0 pak files mounted, 0 remain pending
[2022.05.23-20.30.24:020][  0]LogPakFile: Registered encryption key '00000000000000000000000000000000': 0 pak files mounted, 0 remain pending
[2022.05.23-20.30.24:053][  0]LogPakFile: Registered encryption key '00000000000000000000000000000000': 0 pak files mounted, 0 remain pending
[2022.05.23-20.30.24:098][  0]LogPakFile: Registered encryption key '00000000000000000000000000000000': 0 pak files mounted, 0 remain pending
[2022.05.23-20.30.24:121][  0]LogPakFile: Registered encryption key '00000000000000000000000000000000': 0 pak files mounted, 0 remain pending
[2022.05.23-20.30.24:224][  0]LogPakFile: Registered encryption key '00000000000000000000000000000000': 0 pak files mounted, 0 remain pending
[2022.05.23-20.30.24:254][  0]LogPakFile: Registered encryption key '00000000000000000000000000000000': 0 pak files mounted, 0 remain pending
[2022.05.23-20.30.26:032][  0]LogContentBrowser: Native class hierarchy updated for 'AddContentDialog' in 0.0008 seconds. Added 0 classes and 0 folders.
[2022.05.23-20.30.26:159][  0]LogContentBrowser: Native class hierarchy updated for 'SceneOutliner' in 0.0007 seconds. Added 1 classes and 0 folders.
[2022.05.23-20.30.27:316][  0]LogSlate: Took 0.000318 seconds to synchronously load lazily loaded font '../../../Engine/Content/Slate/Fonts/Roboto-Regular.ttf' (155K)
[2022.05.23-20.30.27:346][  0]LogSlate: Took 0.000271 seconds to synchronously load lazily loaded font '../../../Engine/Content/Slate/Fonts/Roboto-Bold.ttf' (160K)
[2022.05.23-20.30.27:536][  0]LogSlate: Took 0.046239 seconds to synchronously load lazily loaded font '../../../Engine/Content/Editor/Slate/Fonts/FontAwesome.ttf' (139K)
[2022.05.23-20.30.28:282][  0]LogRenderer: Reallocating scene render targets to support 856x372 Format 9 NumSamples 1 (Frame:1).
[2022.05.23-20.30.29:720][  0]LogContentBrowser: Native class hierarchy updated for 'HierarchicalLODOutliner' in 0.0007 seconds. Added 0 classes and 0 folders.
[2022.05.23-20.30.29:720][  0]LogLoad: (Engine Initialization) Total time: 105.97 seconds
[2022.05.23-20.30.29:720][  0]LogLoad: (Engine Initialization) Total Blueprint compile time: 0.00 seconds
[2022.05.23-20.30.29:905][  0]LogContentStreaming: Texture pool size now 400 MB
[2022.05.23-20.30.30:315][  0]LogSlate: Took 0.061798 seconds to synchronously load lazily loaded font '../../../Engine/Content/Slate/Fonts/Roboto-Light.ttf' (167K)
[2022.05.23-20.30.30:388][  1]LogAssetRegistry: Asset discovery search completed in 47.8258 seconds
[2022.05.23-20.30.30:460][  1]LogCollectionManager: Rebuilt the object cache for 0 collections in 0.000001 seconds (found 0 objects)
[2022.05.23-20.30.30:461][  1]LogCollectionManager: Fixed up redirectors for 0 collections in 0.000150 seconds (updated 0 objects)
[2022.05.23-20.30.31:634][  3]LogSlate: Took 0.000321 seconds to synchronously load lazily loaded font '../../../Engine/Content/Slate/Fonts/Roboto-Light.ttf' (167K)
[2022.05.23-20.36.42:335][ 95]LogSlate: FSceneViewport::OnFocusLost() reason 0
[2022.05.23-20.36.47:652][ 97]LogAssetEditorManager: Opening Asset editor for Blueprint /Game/Blueprints/GameMode/BP_TanksMiniGameMode.BP_TanksMiniGameMode
[2022.05.23-20.36.51:664][ 97]LogContentBrowser: Native class hierarchy updated for 'BlueprintGraph' in 0.0015 seconds. Added 121 classes and 0 folders.
[2022.05.23-20.36.59:801][ 97]LogSlate: Took 0.148589 seconds to synchronously load lazily loaded font '../../../Engine/Content/Slate/Fonts/Roboto-BoldCondensed.ttf' (158K)
[2022.05.23-20.38.13:751][317]LogSlate: Window 'BP_TanksMiniGameMode' being destroyed
[2022.05.23-20.38.13:755][317]LogSlate: Window 'BP_TanksMiniGameMode' being destroyed
[2022.05.23-20.50.12:619][  4]LogAssetEditorManager: Opening Asset editor for Class /Script/TanksMiniGame.BasePawn
[2022.05.23-20.57.11:214][742]LogUnrealEdMisc: Warning: Heartbeat event firing too frequently (0.000 sec). This should never happen. Something is wrong with the timer delegate!
[2022.05.23-20.57.11:214][742]LogUnrealEdMisc: Warning: Heartbeat event firing too frequently (0.000 sec). This should never happen. Something is wrong with the timer delegate!
[2022.05.23-20.57.11:214][742]LogUnrealEdMisc: Warning: Heartbeat event firing too frequently (0.000 sec). This should never happen. Something is wrong with the timer delegate!
[2022.05.23-20.57.11:214][742]LogUnrealEdMisc: Warning: Heartbeat event firing too frequently (0.000 sec). This should never happen. Something is wrong with the timer delegate!
[2022.05.23-20.57.30:036][798]LogUnrealEdMisc: Warning: Heartbeat event firing too frequently (18.823 sec). This should never happen. Something is wrong with the timer delegate!
[2022.05.23-22.01.59:202][262]LogHotReload: New module detected: UE4Editor-TanksMiniGame-0009.dll
[2022.05.23-22.02.07:379][284]LogHotReload: Starting Hot-Reload from IDE
[2022.05.23-22.02.47:101][284]LogUObjectHash: Compacting FUObjectHashTables data took 1407.77ms
[2022.05.23-22.02.51:460][284]LogClass: Could not find existing class BasePawn in package /Script/TanksMiniGame for HotReload, assuming new class
[2022.05.23-22.02.51:803][284]LogClass: Could not find existing class Tank in package /Script/TanksMiniGame for HotReload, assuming new class
[2022.05.23-22.02.51:816][284]LogClass: Could not find existing class Tower in package /Script/TanksMiniGame for HotReload, assuming new class
[2022.05.23-22.02.52:589][284]LogHotReload: Re-instancing BasePawn after hot-reload.
[2022.05.23-22.03.03:042][284]LogHotReload: Re-instancing Tank after hot-reload.
[2022.05.23-22.03.06:546][284]LogHotReload: Re-instancing Tower after hot-reload.
[2022.05.23-22.03.09:714][284]LogContentBrowser: Native class hierarchy updated for 'TanksMiniGame' in 0.3314 seconds. Added 8 classes and 2 folders.
[2022.05.23-22.03.09:969][284]Display: HotReload successful (2 functions remapped  0 scriptstructs remapped)
[2022.05.23-22.03.10:714][284]LogUObjectHash: Compacting FUObjectHashTables data took   5.88ms
[2022.05.23-22.03.12:592][284]LogContentBrowser: Native class hierarchy populated in 0.7146 seconds. Added 2872 classes and 728 folders.
[2022.05.23-22.03.13:282][284]Display: HotReload took 65.9s.
[2022.05.23-22.03.29:797][506]LogUnrealEdMisc: Warning: Heartbeat event firing too frequently (16.365 sec). This should never happen. Something is wrong with the timer delegate!
[2022.05.23-22.05.30:136][584]LogAssetEditorManager: Opening Asset editor for Blueprint /Game/Blueprints/Pawns/BP_PawnTank.BP_PawnTank
[2022.05.23-22.05.51:179][702]LogRenderer: Reallocating scene render targets to support 856x460 Format 9 NumSamples 1 (Frame:1).
[2022.05.23-22.06.06:028][ 10]Cmd: OBJ SAVEPACKAGE PACKAGE="/Game/Blueprints/Pawns/BP_PawnTank" FILE="../../../../GitHub/UnrealProjects/Tanks/TanksGame/TanksMiniGame/Content/Blueprints/Pawns/BP_PawnTank.uasset" SILENT=true
[2022.05.23-22.06.07:556][ 10]LogSavePackage: Moving '../../../../GitHub/UnrealProjects/Tanks/TanksGame/TanksMiniGame/Saved/BP_PawnTankE12A3AFB41BFDD0ECB7F46B531CA0E1D.tmp' to '../../../../GitHub/UnrealProjects/Tanks/TanksGame/TanksMiniGame/Content/Blueprints/Pawns/BP_PawnTank.uasset'
[2022.05.23-22.06.54:639][163]LogSlate: Window 'BP_PawnTank' being destroyed
[2022.05.23-22.06.54:642][163]LogSlate: Window 'BP_PawnTank' being destroyed
[2022.05.23-22.06.56:907][164]LogAssetEditorManager: Opening Asset editor for Blueprint /Game/Blueprints/Pawns/BP_PawnTurret.BP_PawnTurret
[2022.05.23-22.07.28:855][446]Cmd: OBJ SAVEPACKAGE PACKAGE="/Game/Blueprints/Pawns/BP_PawnTurret" FILE="../../../../GitHub/UnrealProjects/Tanks/TanksGame/TanksMiniGame/Content/Blueprints/Pawns/BP_PawnTurret.uasset" SILENT=true
[2022.05.23-22.07.31:713][446]LogSavePackage: Moving '../../../../GitHub/UnrealProjects/Tanks/TanksGame/TanksMiniGame/Saved/BP_PawnTurret02819DD549FD910614856FB2A3E4E1F3.tmp' to '../../../../GitHub/UnrealProjects/Tanks/TanksGame/TanksMiniGame/Content/Blueprints/Pawns/BP_PawnTurret.uasset'
[2022.05.23-22.09.00:622][163]LogSlate: Window 'BP_PawnTurret' being destroyed
[2022.05.23-22.09.00:639][163]LogSlate: Window 'BP_PawnTurret' being destroyed
[2022.05.23-22.13.45:480][146]LogUObjectHash: Compacting FUObjectHashTables data took  39.69ms
[2022.05.23-22.13.45:677][146]Cmd: OBJ SAVEPACKAGE PACKAGE="/Game/Maps/Main" FILE="../../../../GitHub/UnrealProjects/Tanks/TanksGame/TanksMiniGame/Saved/Autosaves/Game/Maps/Main_Auto1.umap" SILENT=true AUTOSAVING=true KEEPDIRTY=false
[2022.05.23-22.13.48:181][146]LogSavePackage: Moving '../../../../GitHub/UnrealProjects/Tanks/TanksGame/TanksMiniGame/Saved/Main_Auto150C06B47485C32553D079E8DA73D2D6D.tmp' to '../../../../GitHub/UnrealProjects/Tanks/TanksGame/TanksMiniGame/Saved/Autosaves/Game/Maps/Main_Auto1.umap'
[2022.05.23-22.13.48:311][146]LogFileHelpers: Editor autosave (incl. sublevels) for '/Game/Maps/Main' took 10.312
[2022.05.23-22.13.48:311][146]LogFileHelpers: Editor autosave (incl. sublevels) for all levels took 10.312
[2022.05.23-22.14.29:747][998]LogUnrealEdMisc: Warning: Heartbeat event firing too frequently (41.206 sec). This should never happen. Something is wrong with the timer delegate!
[2022.05.23-22.17.53:900][293]LogUObjectHash: Compacting FUObjectHashTables data took   7.89ms
[2022.05.23-22.17.56:696][293]LogSlate: Window 'Save Content' being destroyed
[2022.05.23-22.17.56:725][293]Cmd: OBJ SAVEPACKAGE PACKAGE="/Game/Maps/Main" FILE="../../../../GitHub/UnrealProjects/Tanks/TanksGame/TanksMiniGame/Content/Maps/Main.umap" SILENT=true AUTOSAVING=false KEEPDIRTY=false
[2022.05.23-22.18.04:058][293]LogUObjectHash: Compacting FUObjectHashTables data took   1.40ms
[2022.05.23-22.18.37:856][293]LogSavePackage: Moving '../../../../GitHub/UnrealProjects/Tanks/TanksGame/TanksMiniGame/Saved/MainE755A6BE44C3B7B0FBF182A8DDC11A1D.tmp' to '../../../../GitHub/UnrealProjects/Tanks/TanksGame/TanksMiniGame/Content/Maps/Main.umap'
[2022.05.23-22.18.39:458][293]LogFileHelpers: Saving map 'Main' took 42.734
[2022.05.23-22.18.41:939][293]LogSlate: Window 'TanksMiniGame - Unreal Editor' being destroyed
[2022.05.23-22.18.42:046][293]LogWindowsTextInputMethodSystem: Display: IME system now deactivated.
[2022.05.23-22.18.52:199][294]Cmd: QUIT_EDITOR
[2022.05.23-22.19.03:957][294]LogExit: Preparing to exit.
[2022.05.23-22.19.21:980][294]LogExit: Editor shut down
[2022.05.23-22.19.22:419][294]LogExit: Transaction tracking system shut down
[2022.05.23-22.19.35:588][294]LogExit: Object subsystem successfully closed.
[2022.05.23-22.19.37:362][294]LogShaderCompilers: Display: Shaders left to compile 0
[2022.05.23-22.19.39:368][294]LogD3D11RHI: Shutdown
[2022.05.23-22.19.39:368][294]LogD3D11RHI: CleanupD3DDevice
[2022.05.23-22.19.39:852][294]LogRendererCore: FGlobalReadBuffer::ReleaseRHI
[2022.05.23-22.19.39:852][294]LogRendererCore: FGlobalDynamicReadBuffer::Cleanup()
[2022.05.23-22.19.39:866][294]LogRendererCore: FGlobalReadBuffer::ReleaseRHI
[2022.05.23-22.19.39:866][294]LogRendererCore: FGlobalDynamicReadBuffer::Cleanup()
[2022.05.23-22.19.39:866][294]LogRendererCore: FGlobalReadBuffer::ReleaseRHI
[2022.05.23-22.19.39:866][294]LogRendererCore: FGlobalDynamicReadBuffer::Cleanup()
[2022.05.23-22.19.41:866][294]LogD3D11RHI: ~FD3D11DynamicRHI
[2022.05.23-22.19.46:818][294]LogModuleManager: Shutting down and abandoning module TanksMiniGame (689)
[2022.05.23-22.19.46:819][294]LogModuleManager: Shutting down and abandoning module BlueprintGraph (688)
[2022.05.23-22.19.46:819][294]LogModuleManager: Shutting down and abandoning module HierarchicalLODOutliner (686)
[2022.05.23-22.19.46:838][294]LogModuleManager: Shutting down and abandoning module SceneOutliner (684)
[2022.05.23-22.19.46:838][294]LogModuleManager: Shutting down and abandoning module AddContentDialog (682)
[2022.05.23-22.19.47:332][294]LogModuleManager: Shutting down and abandoning module WidgetCarousel (681)
[2022.05.23-22.19.47:333][294]LogModuleManager: Shutting down and abandoning module EditorWidgets (678)
[2022.05.23-22.19.47:333][294]LogModuleManager: Shutting down and abandoning module CollectionManager (676)
[2022.05.23-22.19.47:349][294]LogModuleManager: Shutting down and abandoning module StatsViewer (674)
[2022.05.23-22.19.47:400][294]LogModuleManager: Shutting down and abandoning module FoliageEdit (672)
[2022.05.23-22.19.47:400][294]LogModuleManager: Shutting down and abandoning module LandscapeEditor (670)
[2022.05.23-22.19.47:580][294]LogModuleManager: Shutting down and abandoning module MeshPaintMode (668)
[2022.05.23-22.19.47:598][294]LogModuleManager: Shutting down and abandoning module SceneDepthPickerMode (666)
[2022.05.23-22.19.47:599][294]LogModuleManager: Shutting down and abandoning module ActorPickerMode (664)
[2022.05.23-22.19.47:599][294]LogModuleManager: Shutting down and abandoning module GeometryMode (662)
[2022.05.23-22.19.47:625][294]LogModuleManager: Shutting down and abandoning module TextureAlignMode (660)
[2022.05.23-22.19.47:625][294]LogModuleManager: Shutting down and abandoning module BspMode (658)
[2022.05.23-22.19.47:625][294]LogModuleManager: Shutting down and abandoning module PIEPreviewDeviceProfileSelector (656)
[2022.05.23-22.19.47:705][294]LogModuleManager: Shutting down and abandoning module SequenceRecorderSections (654)
[2022.05.23-22.19.47:714][294]LogModuleManager: Shutting down and abandoning module AutomationWorker (652)
[2022.05.23-22.19.47:739][294]LogModuleManager: Shutting down and abandoning module DatasmithFBXImporter (650)
[2022.05.23-22.19.47:739][294]LogModuleManager: Shutting down and abandoning module DatasmithDeltaGenImporter (648)
[2022.05.23-22.19.47:778][294]LogModuleManager: Shutting down and abandoning module DatasmithVREDImporter (646)
[2022.05.23-22.19.47:805][294]LogModuleManager: Shutting down and abandoning module OculusMR (644)
[2022.05.23-22.19.47:805][294]LogModuleManager: Shutting down and abandoning module AudioCaptureEditor (642)
[2022.05.23-22.19.47:806][294]LogModuleManager: Shutting down and abandoning module MatineeToLevelSequence (640)
[2022.05.23-22.19.47:883][294]LogModuleManager: Shutting down and abandoning module LevelSequenceEditor (638)
[2022.05.23-22.19.48:055][294]LogModuleManager: Shutting down and abandoning module PlacementMode (637)
[2022.05.23-22.19.48:056][294]LogModuleManager: Shutting down and abandoning module MaterialEditor (636)
[2022.05.23-22.19.48:160][294]LogModuleManager: Shutting down and abandoning module ActorSequenceEditor (632)
[2022.05.23-22.19.48:217][294]LogModuleManager: Shutting down and abandoning module WmfMediaFactory (630)
[2022.05.23-22.19.48:217][294]LogModuleManager: Shutting down and abandoning module WmfMediaEditor (628)
[2022.05.23-22.19.48:217][294]LogModuleManager: Shutting down and abandoning module WebMMediaFactory (626)
[2022.05.23-22.19.48:223][294]LogModuleManager: Shutting down and abandoning module WebMMediaEditor (624)
[2022.05.23-22.19.48:224][294]LogModuleManager: Shutting down and abandoning module WebMMedia (622)
[2022.05.23-22.19.48:224][294]LogModuleManager: Shutting down and abandoning module MediaPlayerEditor (620)
[2022.05.23-22.19.48:277][294]LogModuleManager: Shutting down and abandoning module MediaCompositingEditor (618)
[2022.05.23-22.19.48:409][294]LogModuleManager: Shutting down and abandoning module SequenceRecorder (617)
[2022.05.23-22.19.48:422][294]LogModuleManager: Shutting down and abandoning module OpenExrWrapper (614)
[2022.05.23-22.19.48:423][294]LogModuleManager: Shutting down and abandoning module ImgMediaFactory (612)
[2022.05.23-22.19.48:423][294]LogModuleManager: Shutting down and abandoning module ImgMediaEditor (610)
[2022.05.23-22.19.48:466][294]LogModuleManager: Shutting down and abandoning module AvfMediaFactory (608)
[2022.05.23-22.19.48:466][294]LogModuleManager: Shutting down and abandoning module AvfMediaEditor (606)
[2022.05.23-22.19.48:479][294]LogModuleManager: Shutting down and abandoning module AndroidMediaFactory (604)
[2022.05.23-22.19.48:479][294]LogModuleManager: Shutting down and abandoning module AndroidMediaEditor (602)
[2022.05.23-22.19.48:479][294]LogModuleManager: Shutting down and abandoning module MagicLeapCameraPreviewFactory (600)
[2022.05.23-22.19.48:479][294]LogModuleManager: Shutting down and abandoning module MagicLeapMediaCodecFactory (598)
[2022.05.23-22.19.48:522][294]LogModuleManager: Shutting down and abandoning module MagicLeapMediaFactory (596)
[2022.05.23-22.19.48:528][294]LogModuleManager: Shutting down and abandoning module MagicLeapMediaEditor (594)
[2022.05.23-22.19.48:528][294]LogModuleManager: Shutting down and abandoning module CharacterAI (592)
[2022.05.23-22.19.48:528][294]LogModuleManager: Shutting down and abandoning module SmartSnapping (590)
[2022.05.23-22.19.48:563][294]LogModuleManager: Shutting down and abandoning module SessionServices (588)
[2022.05.23-22.19.48:563][294]LogModuleManager: Shutting down and abandoning module MeshPaint (586)
[2022.05.23-22.19.48:591][294]LogModuleManager: Shutting down and abandoning module ViewportSnapping (584)
[2022.05.23-22.19.48:591][294]LogModuleManager: Shutting down and abandoning module ViewportInteraction (582)
[2022.05.23-22.19.48:591][294]LogModuleManager: Shutting down and abandoning module ClothPainter (580)
[2022.05.23-22.19.48:644][294]LogModuleManager: Shutting down and abandoning module SkeletalMeshEditor (579)
[2022.05.23-22.19.48:745][294]LogModuleManager: Shutting down and abandoning module LogVisualizer (576)
[2022.05.23-22.19.48:820][294]LogModuleManager: Shutting down and abandoning module IntroTutorials (574)
[2022.05.23-22.19.48:888][294]LogModuleManager: Shutting down and abandoning module GameProjectGeneration (573)
[2022.05.23-22.19.48:998][294]LogModuleManager: Shutting down and abandoning module LuminPlatformEditor (570)
[2022.05.23-22.19.48:998][294]LogModuleManager: Shutting down and abandoning module IOSPlatformEditor (568)
[2022.05.23-22.19.49:018][294]LogModuleManager: Shutting down and abandoning module HTML5PlatformEditor (566)
[2022.05.23-22.19.49:019][294]LogModuleManager: Shutting down and abandoning module AndroidPlatformEditor (564)
[2022.05.23-22.19.49:034][294]LogModuleManager: Shutting down and abandoning module AndroidDeviceDetection (563)
[2022.05.23-22.19.49:730][294]LogModuleManager: Shutting down and abandoning module WindowsPlatformEditor (560)
[2022.05.23-22.19.49:759][294]LogModuleManager: Shutting down and abandoning module LuminRuntimeSettings (558)
[2022.05.23-22.19.49:759][294]LogModuleManager: Shutting down and abandoning module IOSRuntimeSettings (556)
[2022.05.23-22.19.49:759][294]LogModuleManager: Shutting down and abandoning module AndroidRuntimeSettings (554)
[2022.05.23-22.19.49:759][294]LogModuleManager: Shutting down and abandoning module TimeManagementEditor (552)
[2022.05.23-22.19.49:820][294]LogModuleManager: Shutting down and abandoning module InputBindingEditor (550)
[2022.05.23-22.19.50:103][294]LogModuleManager: Shutting down and abandoning module MergeActors (548)
[2022.05.23-22.19.50:134][294]LogModuleManager: Shutting down and abandoning module LocalizationDashboard (546)
[2022.05.23-22.19.50:192][294]LogModuleManager: Shutting down and abandoning module LocalizationService (545)
[2022.05.23-22.19.50:206][294]LogModuleManager: Shutting down and abandoning module HardwareTargeting (542)
[2022.05.23-22.19.50:206][294]LogModuleManager: Shutting down and abandoning module DeviceProfileEditor (540)
[2022.05.23-22.19.50:237][294]LogModuleManager: Shutting down and abandoning module UndoHistory (538)
[2022.05.23-22.19.50:273][294]LogModuleManager: Shutting down and abandoning module XmlParser (536)
[2022.05.23-22.19.50:284][294]LogModuleManager: Shutting down and abandoning module Blutility (534)
[2022.05.23-22.19.50:284][294]LogModuleManager: Shutting down and abandoning module ProjectSettingsViewer (532)
[2022.05.23-22.19.50:322][294]LogModuleManager: Shutting down and abandoning module ProjectTargetPlatformEditor (531)
[2022.05.23-22.19.50:399][294]LogModuleManager: Shutting down and abandoning module EditorSettingsViewer (528)
[2022.05.23-22.19.50:431][294]LogModuleManager: Shutting down and abandoning module SettingsEditor (526)
[2022.05.23-22.19.50:467][294]LogModuleManager: Shutting down and abandoning module ProjectLauncher (524)
[2022.05.23-22.19.50:503][294]LogModuleManager: Shutting down and abandoning module SessionFrontend (522)
[2022.05.23-22.19.50:523][294]LogModuleManager: Shutting down and abandoning module ProfilerClient (520)
[2022.05.23-22.19.50:540][294]LogModuleManager: Shutting down and abandoning module DeviceManager (518)
[2022.05.23-22.19.50:632][294]LogModuleManager: Shutting down and abandoning module TargetDeviceServices (517)
[2022.05.23-22.19.50:795][294]LogModuleManager: Shutting down and abandoning module AutomationController (514)
[2022.05.23-22.19.50:857][294]LogModuleManager: Shutting down and abandoning module AutomationWindow (512)
[2022.05.23-22.19.50:902][294]LogModuleManager: Shutting down and abandoning module Layers (510)
[2022.05.23-22.19.50:943][294]LogModuleManager: Shutting down and abandoning module ComponentVisualizers (508)
[2022.05.23-22.19.50:943][294]LogModuleManager: Shutting down and abandoning module DetailCustomizations (506)
[2022.05.23-22.19.51:016][294]LogModuleManager: Shutting down and abandoning module PackagesDialog (504)
[2022.05.23-22.19.51:017][294]LogModuleManager: Shutting down and abandoning module AnimationBlueprintEditor (502)
[2022.05.23-22.19.51:041][294]LogModuleManager: Shutting down and abandoning module Persona (500)
[2022.05.23-22.19.51:112][294]LogModuleManager: Shutting down and abandoning module AnimGraph (499)
[2022.05.23-22.19.51:123][294]LogModuleManager: Shutting down and abandoning module Kismet (496)
[2022.05.23-22.19.51:182][294]LogModuleManager: Shutting down and abandoning module GraphEditor (494)
[2022.05.23-22.19.51:198][294]LogModuleManager: Shutting down and abandoning module ClassViewer (492)
[2022.05.23-22.19.51:207][294]LogModuleManager: Shutting down and abandoning module Toolbox (490)
[2022.05.23-22.19.51:220][294]LogModuleManager: Shutting down and abandoning module DesktopPlatform (489)
[2022.05.23-22.19.51:231][294]LogModuleManager: Shutting down and abandoning module ModuleUI (486)
[2022.05.23-22.19.51:245][294]LogModuleManager: Shutting down and abandoning module MovieSceneTools (484)
[2022.05.23-22.19.51:271][294]LogModuleManager: Shutting down and abandoning module OutputLog (482)
[2022.05.23-22.19.51:272][294]LogModuleManager: Shutting down and abandoning module GammaUI (480)
[2022.05.23-22.19.51:283][294]LogModuleManager: Shutting down and abandoning module Documentation (478)
[2022.05.23-22.19.51:283][294]LogModuleManager: Shutting down and abandoning module LiveCoding (476)
[2022.05.23-22.19.51:326][294]LogModuleManager: Shutting down and abandoning module LevelSequence (474)
[2022.05.23-22.19.51:326][294]LogModuleManager: Shutting down and abandoning module MovieSceneTracks (472)
[2022.05.23-22.19.51:335][294]LogModuleManager: Shutting down and abandoning module MovieScene (470)
[2022.05.23-22.19.51:378][294]LogModuleManager: Shutting down and abandoning module StreamingPauseRendering (468)
[2022.05.23-22.19.51:395][294]LogModuleManager: Shutting down and abandoning module LauncherPlatform (466)
[2022.05.23-22.19.51:395][294]LogModuleManager: Shutting down and abandoning module AnalyticsET (464)
[2022.05.23-22.19.51:395][294]LogModuleManager: Shutting down and abandoning module PortalServices (462)
[2022.05.23-22.19.51:395][294]LogModuleManager: Shutting down and abandoning module PortalRpc (460)
[2022.05.23-22.19.51:395][294]LogModuleManager: Shutting down and abandoning module MessagingRpc (458)
[2022.05.23-22.19.51:395][294]LogModuleManager: Shutting down and abandoning module AIModule (456)
[2022.05.23-22.19.51:474][294]LogModuleManager: Shutting down and abandoning module GameplayDebugger (455)
[2022.05.23-22.19.51:510][294]LogModuleManager: Shutting down and abandoning module AITestSuite (453)
[2022.05.23-22.19.51:516][294]LogModuleManager: Shutting down and abandoning module NavigationSystem (451)
[2022.05.23-22.19.51:516][294]LogModuleManager: Shutting down and abandoning module ImageWriteQueue (448)
[2022.05.23-22.19.51:728][294]LogModuleManager: Shutting down and abandoning module ProfilerService (446)
[2022.05.23-22.19.52:033][294]LogModuleManager: Shutting down and abandoning module TaskGraph (444)
[2022.05.23-22.19.52:079][294]LogModuleManager: Shutting down and abandoning module DatasmithCADImporter (442)
[2022.05.23-22.19.52:308][294]LogModuleManager: Shutting down and abandoning module VariantManager (440)
[2022.05.23-22.19.52:380][294]LogModuleManager: Shutting down and abandoning module StaticMeshEditorExtension (438)
[2022.05.23-22.19.52:442][294]LogModuleManager: Shutting down and abandoning module StaticMeshEditor (437)
[2022.05.23-22.19.52:479][294]LogModuleManager: Shutting down and abandoning module AdvancedPreviewScene (436)
[2022.05.23-22.19.52:479][294]LogModuleManager: Shutting down and abandoning module MeshProcessingLibrary (433)
[2022.05.23-22.19.52:495][294]LogModuleManager: Shutting down and abandoning module MDLImporter (430)
[2022.05.23-22.19.52:562][294]LogModuleManager: Shutting down and abandoning module DatasmithGLTFImporter (428)
[2022.05.23-22.19.52:601][294]LogModuleManager: Shutting down and abandoning module DatasmithImporter (427)
[2022.05.23-22.19.52:726][294]LogModuleManager: Shutting down and abandoning module DatasmithDataPrepLibraries (424)
[2022.05.23-22.19.52:726][294]LogModuleManager: Shutting down and abandoning module DatasmithDataPrepEditor (422)
[2022.05.23-22.19.52:835][294]LogModuleManager: Shutting down and abandoning module SteamVRController (420)
[2022.05.23-22.19.52:835][294]LogModuleManager: Shutting down and abandoning module ProceduralMeshComponentEditor (418)
[2022.05.23-22.19.52:852][294]LogModuleManager: Shutting down and abandoning module ProceduralMeshComponent (416)
[2022.05.23-22.19.52:852][294]LogModuleManager: Shutting down and abandoning module OculusEditor (414)
[2022.05.23-22.19.52:903][294]LogModuleManager: Shutting down and abandoning module OculusInput (412)
[2022.05.23-22.19.52:916][294]LogModuleManager: Shutting down and abandoning module MobilePatchingUtils (410)
[2022.05.23-22.19.52:916][294]LogModuleManager: Shutting down and abandoning module EditableMesh (408)
[2022.05.23-22.19.52:933][294]LogModuleManager: Shutting down and abandoning module CustomMeshComponent (406)
[2022.05.23-22.19.52:934][294]LogModuleManager: Shutting down and abandoning module CableComponent (404)
[2022.05.23-22.19.52:934][294]LogModuleManager: Shutting down and abandoning module AudioCapture (402)
[2022.05.23-22.19.52:934][294]LogModuleManager: Shutting down and abandoning module ArchVisCharacter (400)
[2022.05.23-22.19.52:934][294]LogModuleManager: Shutting down and abandoning module AndroidPermission (398)
[2022.05.23-22.19.52:934][294]LogModuleManager: Shutting down and abandoning module NUTUnrealEngine4 (396)
[2022.05.23-22.19.52:934][294]LogModuleManager: Shutting down and abandoning module NetcodeUnitTest (394)
[2022.05.23-22.19.53:020][294]LogModuleManager: Shutting down and abandoning module MediaCompositing (392)
[2022.05.23-22.19.53:020][294]LogModuleManager: Shutting down and abandoning module LinearTimecode (390)
[2022.05.23-22.19.53:020][294]LogModuleManager: Shutting down and abandoning module ImgMedia (388)
[2022.05.23-22.19.53:020][294]LogModuleManager: Shutting down and abandoning module MagicLeapHelperVulkan (386)
[2022.05.23-22.19.53:020][294]LogModuleManager: Shutting down and abandoning module MagicLeapHelperOpenGL (384)
[2022.05.23-22.19.53:020][294]LogModuleManager: Shutting down and abandoning module MagicLeapAudio (382)
[2022.05.23-22.19.53:044][294]LogModuleManager: Shutting down and abandoning module HTML5Networking (380)
[2022.05.23-22.19.53:044][294]LogModuleManager: Shutting down and abandoning module GeometryCollectionEditor (378)
[2022.05.23-22.19.53:075][294]LogModuleManager: Shutting down and abandoning module GeometryCollectionExampleCore (376)
[2022.05.23-22.19.53:084][294]LogModuleManager: Shutting down and abandoning module GeometryCacheTracks (374)
[2022.05.23-22.19.53:084][294]LogModuleManager: Shutting down and abandoning module GeometryCacheSequencer (372)
[2022.05.23-22.19.53:084][294]LogModuleManager: Shutting down and abandoning module ChaosSolverEditor (370)
[2022.05.23-22.19.53:084][294]LogModuleManager: Shutting down and abandoning module BlastAuthoring (368)
[2022.05.23-22.19.53:084][294]LogModuleManager: Shutting down and abandoning module BackChannel (366)
[2022.05.23-22.19.53:099][294]LogModuleManager: Shutting down and abandoning module AppleVision (364)
[2022.05.23-22.19.53:099][294]LogModuleManager: Shutting down and abandoning module AppleImageUtilsBlueprintSupport (362)
[2022.05.23-22.19.53:099][294]LogModuleManager: Shutting down and abandoning module AppleImageUtils (360)
[2022.05.23-22.19.53:099][294]LogModuleManager: Shutting down and abandoning module AlembicImporter (358)
[2022.05.23-22.19.53:099][294]LogModuleManager: Shutting down and abandoning module AlembicLibrary (357)
[2022.05.23-22.19.53:099][294]LogModuleManager: Shutting down and abandoning module GeometryCache (356)
[2022.05.23-22.19.53:099][294]LogModuleManager: Shutting down and abandoning module GeometryCacheEd (355)
[2022.05.23-22.19.53:099][294]LogModuleManager: Shutting down and abandoning module VariantManagerContent (350)
[2022.05.23-22.19.53:099][294]LogModuleManager: Shutting down and abandoning module DatasmithContentEditor (348)
[2022.05.23-22.19.53:114][294]LogModuleManager: Shutting down and abandoning module SpeedTreeImporter (346)
[2022.05.23-22.19.53:114][294]LogModuleManager: Shutting down and abandoning module PluginBrowser (344)
[2022.05.23-22.19.53:153][294]LogModuleManager: Shutting down and abandoning module MobileLauncherProfileWizard (342)
[2022.05.23-22.19.53:183][294]LogModuleManager: Shutting down and abandoning module PolygonModeling (340)
[2022.05.23-22.19.53:183][294]LogModuleManager: Shutting down and abandoning module MeshEditor (338)
[2022.05.23-22.19.53:199][294]LogModuleManager: Shutting down and abandoning module MaterialAnalyzer (336)
[2022.05.23-22.19.53:232][294]LogModuleManager: Shutting down and abandoning module GLTFImporter (334)
[2022.05.23-22.19.53:251][294]LogModuleManager: Shutting down and abandoning module EditorScriptingUtilities (332)
[2022.05.23-22.19.53:303][294]LogModuleManager: Shutting down and abandoning module CryptoKeysOpenSSL (330)
[2022.05.23-22.19.53:304][294]LogModuleManager: Shutting down and abandoning module CryptoKeys (328)
[2022.05.23-22.19.53:304][294]LogModuleManager: Shutting down and abandoning module VisualStudioSourceCodeAccess (326)
[2022.05.23-22.19.53:316][294]LogModuleManager: Shutting down and abandoning module VisualStudioCodeSourceCodeAccess (324)
[2022.05.23-22.19.53:329][294]LogModuleManager: Shutting down and abandoning module UObjectPlugin (322)
[2022.05.23-22.19.53:329][294]LogModuleManager: Shutting down and abandoning module SubversionSourceControl (320)
[2022.05.23-22.19.53:357][294]LogModuleManager: Shutting down and abandoning module PerforceSourceControl (318)
[2022.05.23-22.19.53:417][294]LogModuleManager: Shutting down and abandoning module GitSourceControl (316)
[2022.05.23-22.19.53:435][294]LogModuleManager: Shutting down and abandoning module SourceControl (315)
[2022.05.23-22.19.53:449][294]LogModuleManager: Shutting down and abandoning module CLionSourceCodeAccess (312)
[2022.05.23-22.19.53:465][294]LogModuleManager: Shutting down and abandoning module AnimationSharingEd (310)
[2022.05.23-22.19.53:465][294]LogModuleManager: Shutting down and abandoning module ActorLayerUtilitiesEditor (308)
[2022.05.23-22.19.53:477][294]LogModuleManager: Shutting down and abandoning module ActorLayerUtilities (306)
[2022.05.23-22.19.53:477][294]LogModuleManager: Shutting down and abandoning module LightPropagationVolumeEditor (304)
[2022.05.23-22.19.53:515][294]LogModuleManager: Shutting down and abandoning module PaperTiledImporter (302)
[2022.05.23-22.19.53:515][294]LogModuleManager: Shutting down and abandoning module PaperSpriteSheetImporter (300)
[2022.05.23-22.19.53:515][294]LogModuleManager: Shutting down and abandoning module Paper2DEditor (298)
[2022.05.23-22.19.53:602][294]LogModuleManager: Shutting down and abandoning module SignificanceManager (294)
[2022.05.23-22.19.53:602][294]LogModuleManager: Shutting down and abandoning module RuntimePhysXCooking (292)
[2022.05.23-22.19.53:641][294]LogModuleManager: Shutting down and abandoning module PhysXVehiclesEditor (290)
[2022.05.23-22.19.53:656][294]LogModuleManager: Shutting down and abandoning module PhysXVehicles (288)
[2022.05.23-22.19.53:656][294]LogModuleManager: Shutting down and abandoning module LocationServicesBPLibrary (286)
[2022.05.23-22.19.53:656][294]LogModuleManager: Shutting down and abandoning module ActorSequence (284)
[2022.05.23-22.19.53:656][294]LogModuleManager: Shutting down and abandoning module UdpMessaging (282)
[2022.05.23-22.19.53:757][294]LogModuleManager: Shutting down and abandoning module TcpMessaging (280)
[2022.05.23-22.19.54:058][294]LogModuleManager: Shutting down and abandoning module MagicLeapIdentity (278)
[2022.05.23-22.19.54:058][294]LogModuleManager: Shutting down and abandoning module MagicLeapSecureStorage (276)
[2022.05.23-22.19.54:058][294]LogModuleManager: Shutting down and abandoning module MagicLeapHandTracking (274)
[2022.05.23-22.19.54:102][294]LogModuleManager: Shutting down and abandoning module MagicLeapEyeTracker (272)
[2022.05.23-22.19.54:102][294]LogModuleManager: Shutting down and abandoning module MagicLeapController (270)
[2022.05.23-22.19.54:330][294]LogSlate: Slate User Destroyed.  User Index 0, Is Virtual User: 0
[2022.05.23-22.19.54:330][294]LogModuleManager: Shutting down and abandoning module MagicLeapAR (268)
[2022.05.23-22.19.54:350][294]LogModuleManager: Shutting down and abandoning module AugmentedReality (267)
[2022.05.23-22.19.54:351][294]LogModuleManager: Shutting down and abandoning module GameplayTagsEditor (264)
[2022.05.23-22.19.54:370][294]LogModuleManager: Shutting down and abandoning module FacialAnimationEditor (262)
[2022.05.23-22.19.54:399][294]LogModuleManager: Shutting down and abandoning module FacialAnimation (260)
[2022.05.23-22.19.54:399][294]LogModuleManager: Shutting down and abandoning module DataValidation (258)
[2022.05.23-22.19.54:399][294]LogModuleManager: Shutting down and abandoning module AssetManagerEditor (256)
[2022.05.23-22.19.54:458][294]LogModuleManager: Shutting down and abandoning module LevelEditor (255)
[2022.05.23-22.19.54:732][294]LogModuleManager: Shutting down and abandoning module PixelInspectorModule (254)
[2022.05.23-22.19.54:795][294]LogModuleManager: Shutting down and abandoning module CommonMenuExtensions (252)
[2022.05.23-22.19.54:872][294]LogModuleManager: Shutting down and abandoning module MainFrame (250)
[2022.05.23-22.19.54:873][294]LogModuleManager: Shutting down and abandoning module HotReload (249)
[2022.05.23-22.19.54:889][294]LogModuleManager: Shutting down and abandoning module ContentBrowser (245)
[2022.05.23-22.19.54:926][294]LogModuleManager: Shutting down and abandoning module TreeMap (243)
[2022.05.23-22.19.54:956][294]LogModuleManager: Shutting down and abandoning module AnimationSharing (240)
[2022.05.23-22.19.54:956][294]LogModuleManager: Shutting down and abandoning module LightPropagationVolumeRuntime (238)
[2022.05.23-22.19.54:956][294]LogModuleManager: Shutting down and abandoning module AISupportModule (236)
[2022.05.23-22.19.54:956][294]LogModuleManager: Shutting down and abandoning module Paper2D (234)
[2022.05.23-22.19.54:975][294]LogModuleManager: Shutting down and abandoning module WindowsMoviePlayer (232)
[2022.05.23-22.19.55:094][294]LogModuleManager: Shutting down and abandoning module WebMMoviePlayer (230)
[2022.05.23-22.19.55:094][294]LogModuleManager: Shutting down and abandoning module PacketHandler (228)
[2022.05.23-22.19.55:111][294]LogModuleManager: Shutting down and abandoning module ClothingSystemEditor (226)
[2022.05.23-22.19.55:112][294]LogModuleManager: Shutting down and abandoning module ClothingSystemRuntime (224)
[2022.05.23-22.19.55:204][294]LogModuleManager: Shutting down and abandoning module MediaAssets (222)
[2022.05.23-22.19.55:205][294]LogModuleManager: Shutting down and abandoning module Overlay (220)
[2022.05.23-22.19.55:205][294]LogModuleManager: Shutting down and abandoning module OverlayEditor (219)
[2022.05.23-22.19.55:205][294]LogModuleManager: Shutting down and abandoning module VREditor (216)
[2022.05.23-22.19.55:223][294]LogModuleManager: Shutting down and abandoning module StringTableEditor (214)
[2022.05.23-22.19.55:232][294]LogModuleManager: Shutting down and abandoning module GameplayTasksEditor (212)
[2022.05.23-22.19.55:232][294]LogModuleManager: Shutting down and abandoning module BehaviorTreeEditor (210)
[2022.05.23-22.19.55:383][294]LogModuleManager: Shutting down and abandoning module FunctionalTesting (208)
[2022.05.23-22.19.55:408][294]LogModuleManager: Shutting down and abandoning module CollisionAnalyzer (206)
[2022.05.23-22.19.55:453][294]LogModuleManager: Shutting down and abandoning module WorkspaceMenuStructure (205)
[2022.05.23-22.19.55:664][294]LogModuleManager: Shutting down and abandoning module UMG (202)
[2022.05.23-22.19.55:700][294]LogModuleManager: Shutting down and abandoning module UMGEditor (201)
[2022.05.23-22.19.55:772][294]LogModuleManager: Shutting down and abandoning module Sequencer (200)
[2022.05.23-22.19.56:004][294]LogModuleManager: Shutting down and abandoning module MessageLog (197)
[2022.05.23-22.19.56:004][294]LogModuleManager: Shutting down and abandoning module SlateReflector (192)
[2022.05.23-22.19.56:096][294]LogModuleManager: Shutting down and abandoning module Slate (190)
[2022.05.23-22.19.56:096][294]LogModuleManager: Shutting down and abandoning module EditorStyle (188)
[2022.05.23-22.19.56:225][294]LogModuleManager: Shutting down and abandoning module UnrealEd (186)
[2022.05.23-22.19.56:245][294]LogModuleManager: Shutting down and abandoning module MRMesh (184)
[2022.05.23-22.19.56:245][294]LogModuleManager: Shutting down and abandoning module SourceCodeAccess (182)
[2022.05.23-22.19.56:269][294]LogModuleManager: Shutting down and abandoning module HeadMountedDisplay (180)
[2022.05.23-22.19.56:282][294]LogModuleManager: Shutting down and abandoning module XAudio2 (178)
[2022.05.23-22.19.56:282][294]LogModuleManager: Shutting down and abandoning module Networking (176)
[2022.05.23-22.19.56:282][294]LogModuleManager: Shutting down and abandoning module Core (174)
[2022.05.23-22.19.56:282][294]LogModuleManager: Shutting down and abandoning module KismetCompiler (172)
[2022.05.23-22.19.56:282][294]LogModuleManager: Shutting down and abandoning module MeshUtilities (170)
[2022.05.23-22.19.56:330][294]LogModuleManager: Shutting down and abandoning module MeshMergeUtilities (169)
[2022.05.23-22.19.56:355][294]LogModuleManager: Shutting down and abandoning module MeshReductionInterface (168)
[2022.05.23-22.19.56:364][294]LogModuleManager: Shutting down and abandoning module SkeletalMeshReduction (167)
[2022.05.23-22.19.56:381][294]LogModuleManager: Shutting down and abandoning module ProxyLODMeshReduction (165)
[2022.05.23-22.19.56:496][294]LogModuleManager: Shutting down and abandoning module QuadricMeshReduction (163)
[2022.05.23-22.19.56:512][294]LogModuleManager: Shutting down and abandoning module MaterialBaking (159)
[2022.05.23-22.19.56:595][294]LogModuleManager: Shutting down and abandoning module DerivedDataCache (154)
[2022.05.23-22.19.56:673][294]LogDerivedDataCache: Shutdown
[2022.05.23-22.19.56:673][294]LogModuleManager: Shutting down and abandoning module XGEController (152)
[2022.05.23-22.19.56:765][294]LogModuleManager: Shutting down and abandoning module TargetPlatform (150)
[2022.05.23-22.19.56:801][294]LogModuleManager: Shutting down and abandoning module VulkanShaderFormat (149)
[2022.05.23-22.19.56:855][294]LogModuleManager: Shutting down and abandoning module ShaderFormatVectorVM (147)
[2022.05.23-22.19.56:949][294]LogModuleManager: Shutting down and abandoning module ShaderFormatOpenGL (145)
[2022.05.23-22.19.56:988][294]LogModuleManager: Shutting down and abandoning module ShaderFormatD3D (143)
[2022.05.23-22.19.56:999][294]LogModuleManager: Shutting down and abandoning module MetalShaderFormat (141)
[2022.05.23-22.19.57:015][294]LogModuleManager: Shutting down and abandoning module TextureFormatUncompressed (139)
[2022.05.23-22.19.57:045][294]LogModuleManager: Shutting down and abandoning module TextureFormatPVR (137)
[2022.05.23-22.19.57:045][294]LogModuleManager: Shutting down and abandoning module TextureFormatDXT (135)
[2022.05.23-22.19.57:047][294]LogModuleManager: Shutting down and abandoning module TextureFormatIntelISPCTexComp (133)
[2022.05.23-22.19.57:130][294]LogModuleManager: Shutting down and abandoning module TextureFormatASTC (131)
[2022.05.23-22.19.57:131][294]LogModuleManager: Shutting down and abandoning module ImageWrapper (130)
[2022.05.23-22.19.57:131][294]LogModuleManager: Shutting down and abandoning module TextureFormatAndroid (127)
[2022.05.23-22.19.57:131][294]LogModuleManager: Shutting down and abandoning module AudioFormatOpus (125)
[2022.05.23-22.19.57:139][294]LogModuleManager: Shutting down and abandoning module AudioFormatOgg (123)
[2022.05.23-22.19.57:147][294]LogModuleManager: Shutting down and abandoning module AudioFormatADPCM (121)
[2022.05.23-22.19.57:180][294]LogModuleManager: Shutting down and abandoning module LuminTargetPlatform (119)
[2022.05.23-22.19.58:659][294]LogModuleManager: Shutting down and abandoning module LinuxTargetPlatform (117)
[2022.05.23-22.19.58:674][294]LogModuleManager: Shutting down and abandoning module LinuxServerTargetPlatform (115)
[2022.05.23-22.19.58:677][294]LogModuleManager: Shutting down and abandoning module LinuxNoEditorTargetPlatform (113)
[2022.05.23-22.19.58:677][294]LogModuleManager: Shutting down and abandoning module LinuxClientTargetPlatform (111)
[2022.05.23-22.19.58:687][294]LogModuleManager: Shutting down and abandoning module TVOSTargetPlatform (109)
[2022.05.23-22.19.59:453][294]LogModuleManager: Shutting down and abandoning module Messaging (107)
[2022.05.23-22.19.59:453][294]LogModuleManager: Shutting down and abandoning module IOSTargetPlatform (105)
[2022.05.23-22.19.59:832][294]LogModuleManager: Shutting down and abandoning module HTML5TargetPlatform (103)
[2022.05.23-22.19.59:861][294]LogModuleManager: Shutting down and abandoning module AndroidTargetPlatform (101)
[2022.05.23-22.20.01:071][294]LogModuleManager: Shutting down and abandoning module WindowsTargetPlatform (99)
[2022.05.23-22.20.01:086][294]LogModuleManager: Shutting down and abandoning module WindowsServerTargetPlatform (97)
[2022.05.23-22.20.01:116][294]LogModuleManager: Shutting down and abandoning module WindowsNoEditorTargetPlatform (95)
[2022.05.23-22.20.01:129][294]LogModuleManager: Shutting down and abandoning module WindowsClientTargetPlatform (93)
[2022.05.23-22.20.01:150][294]LogModuleManager: Shutting down and abandoning module MacTargetPlatform (91)
[2022.05.23-22.20.01:195][294]LogModuleManager: Shutting down and abandoning module MacServerTargetPlatform (89)
[2022.05.23-22.20.01:259][294]LogModuleManager: Shutting down and abandoning module MacNoEditorTargetPlatform (87)
[2022.05.23-22.20.01:282][294]LogModuleManager: Shutting down and abandoning module MacClientTargetPlatform (85)
[2022.05.23-22.20.01:324][294]LogModuleManager: Shutting down and abandoning module AllDesktopTargetPlatform (83)
[2022.05.23-22.20.01:351][294]LogModuleManager: Shutting down and abandoning module InputCore (80)
[2022.05.23-22.20.01:351][294]LogModuleManager: Shutting down and abandoning module Settings (78)
[2022.05.23-22.20.01:370][294]LogModuleManager: Shutting down and abandoning module DirectoryWatcher (76)
[2022.05.23-22.20.01:672][294]LogModuleManager: Shutting down and abandoning module PhysXCooking (74)
[2022.05.23-22.20.01:691][294]LogModuleManager: Shutting down and abandoning module SteamVR (72)
[2022.05.23-22.20.01:691][294]LogHMD: Freeing OpenVRDLLHandle.
[2022.05.23-22.20.01:691][294]LogModuleManager: Shutting down and abandoning module OculusHMD (70)
[2022.05.23-22.20.01:714][294]LogModuleManager: Shutting down and abandoning module ExampleDeviceProfileSelector (68)
[2022.05.23-22.20.01:714][294]LogModuleManager: Shutting down and abandoning module LauncherChunkInstaller (66)
[2022.05.23-22.20.01:714][294]LogModuleManager: Shutting down and abandoning module OnlineBlueprintSupport (64)
[2022.05.23-22.20.01:714][294]LogModuleManager: Shutting down and abandoning module OnlineSubsystem (60)
[2022.05.23-22.20.01:883][294]LogModuleManager: Shutting down and abandoning module XMPP (55)
[2022.05.23-22.20.01:965][294]LogModuleManager: Shutting down and abandoning module WebSockets (54)
[2022.05.23-22.20.02:452][294]LogModuleManager: Shutting down and abandoning module HTTP (51)
[2022.05.23-22.20.02:452][294]LogHttp: Display: Http module shutting down, but needs to wait on 1 outstanding Http requests:
[2022.05.23-22.20.02:452][294]LogHttp: Display: 	verb=[POST] url=[https://datarouter.ol.epicgames.com/datarouter/api/v1/public/data?SessionID=%7BDC73E913-4871-7A52-AEDC-42B9C2CAF6A8%7D&AppID=UEEditor.Rocket.Release&AppVersion=4.22.0-5660361%2B%2B%2BUE4%2BRelease-4.22&UserID=c7f6e53a46d6f42f2b11e7bfc89925ce%7Cd1e8de5257fd4791841550c52874b473%7C51ed53e2-c7bf-49e5-b5df-38ef365f1d22&AppEnvironment=datacollector-binary&UploadType=eteventstream] status=Processing
[2022.05.23-22.20.02:642][294]LogModuleManager: Shutting down and abandoning module SSL (50)
[2022.05.23-22.20.02:980][294]LogModuleManager: Shutting down and abandoning module WmfMedia (46)
[2022.05.23-22.20.03:172][294]LogModuleManager: Shutting down and abandoning module Media (45)
[2022.05.23-22.20.03:232][294]LogModuleManager: Shutting down and abandoning module MagicLeap (42)
[2022.05.23-22.20.03:256][294]LogModuleManager: Shutting down and abandoning module DatasmithContent (40)
[2022.05.23-22.20.03:275][294]LogModuleManager: Shutting down and abandoning module AnimationModifiers (38)
[2022.05.23-22.20.03:305][294]LogModuleManager: Shutting down and abandoning module PropertyEditor (37)
[2022.05.23-22.20.03:478][294]LogModuleManager: Shutting down and abandoning module AudioEditor (34)
[2022.05.23-22.20.03:577][294]LogModuleManager: Shutting down and abandoning module TextureCompressor (32)
[2022.05.23-22.20.03:670][294]LogModuleManager: Shutting down and abandoning module RenderCore (30)
[2022.05.23-22.20.03:670][294]LogModuleManager: Shutting down and abandoning module Landscape (28)
[2022.05.23-22.20.03:670][294]LogModuleManager: Shutting down and abandoning module SlateRHIRenderer (26)
[2022.05.23-22.20.03:813][294]LogModuleManager: Shutting down and abandoning module OpenGLDrv (24)
[2022.05.23-22.20.03:893][294]LogModuleManager: Shutting down and abandoning module D3D11RHI (22)
[2022.05.23-22.20.03:893][294]LogModuleManager: Shutting down and abandoning module AnimGraphRuntime (20)
[2022.05.23-22.20.03:893][294]LogModuleManager: Shutting down and abandoning module Renderer (18)
[2022.05.23-22.20.03:905][294]LogModuleManager: Shutting down and abandoning module Engine (16)
[2022.05.23-22.20.03:905][294]LogModuleManager: Shutting down and abandoning module CoreUObject (14)
[2022.05.23-22.20.03:905][294]LogModuleManager: Shutting down and abandoning module NetworkFile (12)
[2022.05.23-22.20.03:925][294]LogModuleManager: Shutting down and abandoning module CookedIterativeFile (10)
[2022.05.23-22.20.03:925][294]LogModuleManager: Shutting down and abandoning module StreamingFile (8)
[2022.05.23-22.20.03:940][294]LogModuleManager: Shutting down and abandoning module SandboxFile (6)
[2022.05.23-22.20.03:944][294]LogModuleManager: Shutting down and abandoning module PakFile (4)
[2022.05.23-22.20.03:975][294]LogModuleManager: Shutting down and abandoning module RSA (3)
[2022.05.23-22.20.04:231][294]LogExit: Exiting.
[2022.05.23-22.20.04:911][294]Log file closed, 05/24/22 00:20:04
