Log file open, 06/09/22 12:28:18
LogWindows: Failed to load 'aqProf.dll' (GetLastError=126)
LogWindows: File 'aqProf.dll' does not exist
LogWindows: Failed to load 'VtuneApi.dll' (GetLastError=126)
LogWindows: File 'VtuneApi.dll' does not exist
LogWindows: Failed to load 'VtuneApi32e.dll' (GetLastError=126)
LogWindows: File 'VtuneApi32e.dll' does not exist
LogConsoleResponse: Display: Failed to find resolution value strings in scalability ini. Falling back to default.
LogInit: Display: Running engine for game: TanksMiniGame
LogPakFile: Registered encryption key '00000000000000000000000000000000': 0 pak files mounted, 0 remain pending
LogPlatformFile: Not using cached read wrapper
LogTaskGraph: Started task graph with 5 named threads and 11 total threads with 3 sets of task threads.
LogStats: Stats thread started at 0.198942
LogD3D11RHI: Loaded GFSDK_Aftermath_Lib.x64.dll
LogWindows: Failed to load '../../../Engine/Binaries/ThirdParty/libsndfile/Win64/libsndfile-1.dll' (GetLastError=126)
LogWindows: File '../../../Engine/Binaries/ThirdParty/libsndfile/Win64/libsndfile-1.dll' does not exist
LogAudioMixer: Display: Failed to load Sound File dll
LogAudioEditor: Display: LibSoundFile failed to load. Importing audio will not work correctly.
LogICUInternationalization: ICU TimeZone Detection - Raw Offset: +1:00, Platform Override: ''
LogPluginManager: Mounting plugin Paper2D
LogPluginManager: Mounting plugin AISupport
LogPluginManager: Mounting plugin LightPropagationVolume
LogPluginManager: Mounting plugin ActorLayerUtilities
LogPluginManager: Mounting plugin AnimationSharing
LogPluginManager: Mounting plugin CLionSourceCodeAccess
LogPluginManager: Mounting plugin CodeLiteSourceCodeAccess
LogPluginManager: Mounting plugin GitSourceControl
LogPluginManager: Mounting plugin KDevelopSourceCodeAccess
LogPluginManager: Mounting plugin NullSourceCodeAccess
LogPluginManager: Mounting plugin PerforceSourceControl
LogPluginManager: Mounting plugin SubversionSourceControl
LogPluginManager: Mounting plugin UObjectPlugin
LogPluginManager: Mounting plugin VisualStudioCodeSourceCodeAccess
LogPluginManager: Mounting plugin VisualStudioSourceCodeAccess
LogPluginManager: Mounting plugin XCodeSourceCodeAccess
LogPluginManager: Mounting plugin AssetManagerEditor
LogPluginManager: Mounting plugin CryptoKeys
LogPluginManager: Mounting plugin DataValidation
LogPluginManager: Mounting plugin EditorScriptingUtilities
LogPluginManager: Mounting plugin FacialAnimation
LogPluginManager: Mounting plugin GameplayTagsEditor
LogPluginManager: Mounting plugin GLTFImporter
LogPluginManager: Mounting plugin MacGraphicsSwitching
LogPluginManager: Mounting plugin MaterialAnalyzer
LogPluginManager: Mounting plugin MeshEditor
LogPluginManager: Mounting plugin MobileLauncherProfileWizard
LogPluginManager: Mounting plugin PluginBrowser
LogPluginManager: Mounting plugin SpeedTreeImporter
LogPluginManager: Mounting plugin DatasmithContent
LogPluginManager: Mounting plugin VariantManagerContent
LogPluginManager: Mounting plugin AlembicImporter
LogPluginManager: Mounting plugin AppleImageUtils
LogPluginManager: Mounting plugin AppleVision
LogPluginManager: Mounting plugin BackChannel
LogPluginManager: Mounting plugin BlastPlugin
LogPluginManager: Mounting plugin ChaosSolverPlugin
LogPluginManager: Mounting plugin CharacterAI
LogPluginManager: Mounting plugin GeometryCache
LogPluginManager: Mounting plugin GeometryCollectionPlugin
LogPluginManager: Mounting plugin HTML5Networking
LogPluginManager: Mounting plugin ProxyLODPlugin
LogPluginManager: Mounting plugin SkeletalReduction
LogPluginManager: Mounting plugin MagicLeap
LogPluginManager: Mounting plugin MagicLeapMedia
LogPluginManager: Mounting plugin AndroidMedia
LogPluginManager: Mounting plugin AvfMedia
LogPluginManager: Mounting plugin ImgMedia
LogPluginManager: Mounting plugin LinearTimecode
LogPluginManager: Mounting plugin MediaCompositing
LogPluginManager: Mounting plugin MediaPlayerEditor
LogPluginManager: Mounting plugin WebMMedia
LogPluginManager: Mounting plugin WmfMedia
LogPluginManager: Mounting plugin TcpMessaging
LogPluginManager: Mounting plugin UdpMessaging
LogPluginManager: Mounting plugin ActorSequence
LogPluginManager: Mounting plugin LevelSequenceEditor
LogPluginManager: Mounting plugin MatineeToLevelSequence
LogPluginManager: Mounting plugin NetcodeUnitTest
LogPluginManager: Mounting plugin NUTUnrealEngine4
LogPluginManager: Mounting plugin OnlineSubsystemGooglePlay
LogPluginManager: Mounting plugin OnlineSubsystemIOS
LogPluginManager: Mounting plugin OnlineSubsystem
LogPluginManager: Mounting plugin OnlineSubsystemNull
LogPluginManager: Mounting plugin OnlineSubsystemUtils
LogPluginManager: Mounting plugin LauncherChunkInstaller
LogPluginManager: Mounting plugin AndroidDeviceProfileSelector
LogPluginManager: Mounting plugin AndroidMoviePlayer
LogPluginManager: Mounting plugin AndroidPermission
LogPluginManager: Mounting plugin AppleMoviePlayer
LogPluginManager: Mounting plugin ArchVisCharacter
LogPluginManager: Mounting plugin AudioCapture
LogPluginManager: Mounting plugin CableComponent
LogPluginManager: Mounting plugin CustomMeshComponent
LogPluginManager: Mounting plugin EditableMesh
LogPluginManager: Mounting plugin ExampleDeviceProfileSelector
LogPluginManager: Mounting plugin Firebase
LogPluginManager: Mounting plugin GoogleCloudMessaging
LogPluginManager: Mounting plugin IOSDeviceProfileSelector
LogPluginManager: Mounting plugin LinuxDeviceProfileSelector
LogPluginManager: Mounting plugin LocationServicesBPLibrary
LogPluginManager: Mounting plugin MobilePatchingUtils
LogPluginManager: Mounting plugin OculusVR
LogPluginManager: Mounting plugin PhysXVehicles
LogPluginManager: Mounting plugin ProceduralMeshComponent
LogPluginManager: Mounting plugin RuntimePhysXCooking
LogPluginManager: Mounting plugin SignificanceManager
LogPluginManager: Mounting plugin SteamVR
LogPluginManager: Mounting plugin WebMMoviePlayer
LogPluginManager: Mounting plugin WindowsMoviePlayer
LogPluginManager: Mounting plugin DatasmithCADImporter
LogPluginManager: Mounting plugin DatasmithDataPrepEditor
LogPluginManager: Mounting plugin DatasmithFBXImporter
LogPluginManager: Mounting plugin DatasmithGLTFImporter
LogPluginManager: Mounting plugin DatasmithImporter
LogPluginManager: Mounting plugin MDLImporter
LogPluginManager: Mounting plugin StaticMeshEditorExtension
LogPluginManager: Mounting plugin VariantManager
LogInit: Warning: Incompatible or missing module: TanksMiniGame
Running E:/UE_4.22/Engine/Binaries/DotNET/UnrealBuildTool.exe Development Win64 -Project="E:/GitHub/UnrealProjects/Tanks/TanksGame/TanksMiniGame/TanksMiniGame.uproject" -TargetType=Editor -Progress -NoHotReloadFromIDE
Using 'git status' to determine working set for adaptive non-unity build (E:\GitHub\UnrealProjects\Tanks\TanksGame).
Creating makefile for TanksMiniGameEditor (no existing makefile)
@progress push 5%
Parsing headers for TanksMiniGameEditor
  Running UnrealHeaderTool "E:\GitHub\UnrealProjects\Tanks\TanksGame\TanksMiniGame\TanksMiniGame.uproject" "E:\GitHub\UnrealProjects\Tanks\TanksGame\TanksMiniGame\Intermediate\Build\Win64\TanksMiniGameEditor\Development\TanksMiniGameEditor.uhtmanifest" -LogCmds="loginit warning, logexit warning, logdatabase error" -Unattended -WarningsAsErrors -installed
Reflection code generated for TanksMiniGameEditor in 15,8924957 seconds
@progress pop
Using Visual Studio 2019 14.29.30133 toolchain (C:\Program Files (x86)\Microsoft Visual Studio\2019\Community\VC\Tools\MSVC\14.29.30133) and Windows 10.0.16299.0 SDK (C:\Program Files (x86)\Windows Kits\10).
Building 23 actions with 4 processes...
  @progress 'Compiling C++ source code...' 0%
  @progress 'Compiling C++ source code...' 4%
  [1/23] Default.rc2
  @progress 'Compiling C++ source code...' 9%
  [2/23] SharedPCH.Engine.cpp
  @progress 'Compiling C++ source code...' 13%
  [3/23] MiniTanksPlayerController.cpp
  @progress 'Compiling C++ source code...' 17%
  [4/23] Tank.cpp
  @progress 'Compiling C++ source code...' 22%
  [5/23] HealthComponent.cpp
  @progress 'Compiling C++ source code...' 26%
  [6/23] BasePawn.cpp
  @progress 'Compiling C++ source code...' 30%
  [7/23] Projectile.cpp
  @progress 'Compiling C++ source code...' 35%
  [8/23] TanksMiniGame.cpp
  @progress 'Compiling C++ source code...' 39%
  [9/23] TanksMiniGameGameModeBase.cpp
  @progress 'Compiling C++ source code...' 43%
  [10/23] BasePawn.gen.cpp
  @progress 'Compiling C++ source code...' 48%
  [11/23] MiniTanksPlayerController.gen.cpp
  @progress 'Compiling C++ source code...' 52%
  [12/23] TanksMiniGameGameMode.cpp
  @progress 'Compiling C++ source code...' 57%
  [13/23] Tank.gen.cpp
  @progress 'Compiling C++ source code...' 61%
  [14/23] Projectile.gen.cpp
  @progress 'Compiling C++ source code...' 65%
  [15/23] TanksMiniGame.init.gen.cpp
  @progress 'Compiling C++ source code...' 70%
  [16/23] TanksMiniGameGameMode.gen.cpp
  @progress 'Compiling C++ source code...' 74%
  [17/23] Tower.gen.cpp
  @progress 'Compiling C++ source code...' 78%
  [18/23] TanksMiniGameGameModeBase.gen.cpp
  @progress 'Compiling C++ source code...' 83%
  [19/23] HealthComponent.gen.cpp
  @progress 'Compiling C++ source code...' 87%
  [20/23] Tower.cpp
  @progress 'Compiling C++ source code...' 91%
  [21/23] UE4Editor-TanksMiniGame.lib
     Trwa tworzenie biblioteki E:\GitHub\UnrealProjects\Tanks\TanksGame\TanksMiniGame\Intermediate\Build\Win64\UE4Editor\Development\TanksMiniGame\UE4Editor-TanksMiniGame.lib i obiektu E:\GitHub\UnrealProjects\Tanks\TanksGame\TanksMiniGame\Intermediate\Build\Win64\UE4Editor\Development\TanksMiniGame\UE4Editor-TanksMiniGame.exp
  @progress 'Compiling C++ source code...' 96%
  [22/23] UE4Editor-TanksMiniGame.dll
     Trwa tworzenie biblioteki E:\GitHub\UnrealProjects\Tanks\TanksGame\TanksMiniGame\Intermediate\Build\Win64\UE4Editor\Development\TanksMiniGame\UE4Editor-TanksMiniGame.suppressed.lib i obiektu E:\GitHub\UnrealProjects\Tanks\TanksGame\TanksMiniGame\Intermediate\Build\Win64\UE4Editor\Development\TanksMiniGame\UE4Editor-TanksMiniGame.suppressed.exp
  @progress 'Compiling C++ source code...' 100%
  [23/23] TanksMiniGameEditor.target
Total time in Parallel executor: 143,14 seconds
Total execution time: 217,20 seconds
LogInit: Using libcurl 7.55.1-DEV
LogInit:  - built for x86_64-pc-win32
LogInit:  - supports SSL with OpenSSL/1.1.1
LogInit:  - supports HTTP deflate (compression) using libz 1.2.8
LogInit:  - other features:
LogInit:      CURL_VERSION_SSL
LogInit:      CURL_VERSION_LIBZ
LogInit:      CURL_VERSION_IPV6
LogInit:      CURL_VERSION_ASYNCHDNS
LogInit:      CURL_VERSION_LARGEFILE
LogInit:      CURL_VERSION_IDN
LogInit:  CurlRequestOptions (configurable via config and command line):
LogInit:  - bVerifyPeer = true  - Libcurl will verify peer certificate
LogInit:  - bUseHttpProxy = false  - Libcurl will NOT use HTTP proxy
LogInit:  - bDontReuseConnections = false  - Libcurl will reuse connections
LogInit:  - MaxHostConnections = 16  - Libcurl will limit the number of connections to a host
LogInit:  - LocalHostAddr = Default
LogInit:  - BufferSize = 65536
LogInit: WinSock: version 1.1 (2.2), MaxSocks=32767, MaxUdp=65467
LogInit: Build: ++UE4+Release-4.22-CL-5660361
LogInit: Engine Version: 4.22.0-5660361+++UE4+Release-4.22
LogInit: Compatible Engine Version: 4.22.0-5660361+++UE4+Release-4.22
LogInit: Net CL: 5660361
LogInit: OS: Windows 8.1 (), CPU:        Intel(R) Core(TM) i3-3227U CPU @ 1.90GHz, GPU: Intel(R) HD Graphics 4000
LogInit: Compiled (64-bit): Mar 31 2019 02:05:09
LogInit: Compiled with Visual C++: 19.16.27025.01
LogInit: Build Configuration: Development
LogInit: Branch Name: ++UE4+Release-4.22
LogInit: Command Line: 
LogInit: Base Directory: E:/UE_4.22/Engine/Binaries/Win64/
LogInit: Installed Engine Build: 1
LogDevObjectVersion: Number of dev versions registered: 23
LogDevObjectVersion:   Dev-Blueprints (B0D832E4-1F89-4F0D-ACCF-7EB736FD4AA2): 10
LogDevObjectVersion:   Dev-Build (E1C64328-A22C-4D53-A36C-8E866417BD8C): 0
LogDevObjectVersion:   Dev-Core (375EC13C-06E4-48FB-B500-84F0262A717E): 3
LogDevObjectVersion:   Dev-Editor (E4B068ED-F494-42E9-A231-DA0B2E46BB41): 30
LogDevObjectVersion:   Dev-Framework (CFFC743F-43B0-4480-9391-14DF171D2073): 35
LogDevObjectVersion:   Dev-Mobile (B02B49B5-BB20-44E9-A304-32B752E40360): 2
LogDevObjectVersion:   Dev-Networking (A4E4105C-59A1-49B5-A7C5-40C4547EDFEE): 0
LogDevObjectVersion:   Dev-Online (39C831C9-5AE6-47DC-9A44-9C173E1C8E7C): 0
LogDevObjectVersion:   Dev-Physics (78F01B33-EBEA-4F98-B9B4-84EACCB95AA2): 0
LogDevObjectVersion:   Dev-Platform (6631380F-2D4D-43E0-8009-CF276956A95A): 0
LogDevObjectVersion:   Dev-Rendering (12F88B9F-8875-4AFC-A67C-D90C383ABD29): 28
LogDevObjectVersion:   Dev-Sequencer (7B5AE74C-D270-4C10-A958-57980B212A5A): 11
LogDevObjectVersion:   Dev-VR (D7296918-1DD6-4BDD-9DE2-64A83CC13884): 2
LogDevObjectVersion:   Dev-LoadTimes (C2A15278-BFE7-4AFE-6C17-90FF531DF755): 1
LogDevObjectVersion:   Private-Geometry (6EACA3D4-40EC-4CC1-B786-8BED09428FC5): 3
LogDevObjectVersion:   Dev-AnimPhys (29E575DD-E0A3-4627-9D10-D276232CDCEA): 17
LogDevObjectVersion:   Dev-Anim (AF43A65D-7FD3-4947-9873-3E8ED9C1BB05): 2
LogDevObjectVersion:   Dev-ReflectionCapture (6B266CEC-1EC7-4B8F-A30B-E4D90942FC07): 1
LogDevObjectVersion:   Dev-Automation (0DF73D61-A23F-47EA-B727-89E90C41499A): 1
LogDevObjectVersion:   FortniteMain (601D1886-AC64-4F84-AA16-D3DE0DEAC7D6): 25
LogDevObjectVersion:   Dev-Enterprise (9DFFBCD6-494F-0158-E221-12823C92A888): 6
LogDevObjectVersion:   Dev-Niagara (F2AED0AC-9AFE-416F-8664-AA7FFA26D6FC): 1
LogDevObjectVersion:   Dev-Destruction (174F1F0B-B4C6-45A5-B13F-2EE8D0FB917D): 2
LogInit: Presizing for max 16777216 objects, including 0 objects not considered by GC, pre-allocating 0 bytes for permanent pool.
LogInit: Object subsystem initialized
LogConfig: Setting CVar [[con.DebugEarlyDefault:1]]
LogConfig: Setting CVar [[r.setres:1280x720]]
[2022.06.09-10.32.07:796][  0]LogConfig: Setting CVar [[r.VSync:0]]
[2022.06.09-10.32.07:796][  0]LogConfig: Setting CVar [[r.RHICmdBypass:0]]
[2022.06.09-10.32.07:796][  0]LogConfig: Applying CVar settings from Section [/Script/Engine.RendererSettings] File [E:/GitHub/UnrealProjects/Tanks/TanksGame/TanksMiniGame/Saved/Config/Windows/Engine.ini]
[2022.06.09-10.32.07:796][  0]LogConfig: Setting CVar [[r.GPUCrashDebugging:0]]
[2022.06.09-10.32.07:796][  0]LogConfig: Setting CVar [[r.DefaultFeature.AutoExposure.ExtendDefaultLuminanceRange:1]]
[2022.06.09-10.32.07:796][  0]LogConfig: Applying CVar settings from Section [/Script/Engine.RendererOverrideSettings] File [E:/GitHub/UnrealProjects/Tanks/TanksGame/TanksMiniGame/Saved/Config/Windows/Engine.ini]
[2022.06.09-10.32.07:796][  0]LogConfig: Applying CVar settings from Section [/Script/Engine.StreamingSettings] File [E:/GitHub/UnrealProjects/Tanks/TanksGame/TanksMiniGame/Saved/Config/Windows/Engine.ini]
[2022.06.09-10.32.07:796][  0]LogConfig: Setting CVar [[s.MinBulkDataSizeForAsyncLoading:131072]]
[2022.06.09-10.32.07:796][  0]LogConfig: Setting CVar [[s.AsyncLoadingThreadEnabled:0]]
[2022.06.09-10.32.07:796][  0]LogConfig: Setting CVar [[s.EventDrivenLoaderEnabled:1]]
[2022.06.09-10.32.07:796][  0]LogConfig: Setting CVar [[s.WarnIfTimeLimitExceeded:0]]
[2022.06.09-10.32.07:796][  0]LogConfig: Setting CVar [[s.TimeLimitExceededMultiplier:1.5]]
[2022.06.09-10.32.07:796][  0]LogConfig: Setting CVar [[s.TimeLimitExceededMinTime:0.005]]
[2022.06.09-10.32.07:796][  0]LogConfig: Setting CVar [[s.UseBackgroundLevelStreaming:1]]
[2022.06.09-10.32.07:796][  0]LogConfig: Setting CVar [[s.PriorityAsyncLoadingExtraTime:15.0]]
[2022.06.09-10.32.07:796][  0]LogConfig: Setting CVar [[s.LevelStreamingActorsUpdateTimeLimit:5.0]]
[2022.06.09-10.32.07:796][  0]LogConfig: Setting CVar [[s.PriorityLevelStreamingActorsUpdateExtraTime:5.0]]
[2022.06.09-10.32.07:796][  0]LogConfig: Setting CVar [[s.LevelStreamingComponentsRegistrationGranularity:10]]
[2022.06.09-10.32.07:796][  0]LogConfig: Setting CVar [[s.UnregisterComponentsTimeLimit:1.0]]
[2022.06.09-10.32.07:796][  0]LogConfig: Setting CVar [[s.LevelStreamingComponentsUnregistrationGranularity:5]]
[2022.06.09-10.32.07:796][  0]LogConfig: Applying CVar settings from Section [/Script/Engine.GarbageCollectionSettings] File [E:/GitHub/UnrealProjects/Tanks/TanksGame/TanksMiniGame/Saved/Config/Windows/Engine.ini]
[2022.06.09-10.32.07:796][  0]LogConfig: Setting CVar [[gc.MaxObjectsNotConsideredByGC:1]]
[2022.06.09-10.32.07:796][  0]LogConfig: Setting CVar [[gc.SizeOfPermanentObjectPool:0]]
[2022.06.09-10.32.07:796][  0]LogConfig: Setting CVar [[gc.FlushStreamingOnGC:0]]
[2022.06.09-10.32.07:796][  0]LogConfig: Setting CVar [[gc.NumRetriesBeforeForcingGC:10]]
[2022.06.09-10.32.07:796][  0]LogConfig: Setting CVar [[gc.AllowParallelGC:1]]
[2022.06.09-10.32.07:796][  0]LogConfig: Setting CVar [[gc.TimeBetweenPurgingPendingKillObjects:61.1]]
[2022.06.09-10.32.07:796][  0]LogConfig: Setting CVar [[gc.MaxObjectsInEditor:16777216]]
[2022.06.09-10.32.07:796][  0]LogConfig: Setting CVar [[gc.IncrementalBeginDestroyEnabled:1]]
[2022.06.09-10.32.07:796][  0]LogConfig: Setting CVar [[gc.CreateGCClusters:1]]
[2022.06.09-10.32.07:796][  0]LogConfig: Setting CVar [[gc.MinGCClusterSize:5]]
[2022.06.09-10.32.07:796][  0]LogConfig: Setting CVar [[gc.ActorClusteringEnabled:0]]
[2022.06.09-10.32.07:796][  0]LogConfig: Setting CVar [[gc.BlueprintClusteringEnabled:0]]
[2022.06.09-10.32.07:796][  0]LogConfig: Setting CVar [[gc.UseDisregardForGCOnDedicatedServers:0]]
[2022.06.09-10.32.07:796][  0]LogConfig: Applying CVar settings from Section [/Script/Engine.NetworkSettings] File [E:/GitHub/UnrealProjects/Tanks/TanksGame/TanksMiniGame/Saved/Config/Windows/Engine.ini]
[2022.06.09-10.32.07:796][  0]LogConfig: Applying CVar settings from Section [/Script/UnrealEd.CookerSettings] File [E:/GitHub/UnrealProjects/Tanks/TanksGame/TanksMiniGame/Saved/Config/Windows/Engine.ini]
[2022.06.09-10.32.07:874][  0]LogConfig: Applying CVar settings from Section [ViewDistanceQuality@3] File [E:/GitHub/UnrealProjects/Tanks/TanksGame/TanksMiniGame/Saved/Config/Windows/Scalability.ini]
[2022.06.09-10.32.07:874][  0]LogConfig: Setting CVar [[r.SkeletalMeshLODBias:0]]
[2022.06.09-10.32.07:874][  0]LogConfig: Setting CVar [[r.ViewDistanceScale:1.0]]
[2022.06.09-10.32.07:874][  0]LogConfig: Applying CVar settings from Section [AntiAliasingQuality@3] File [E:/GitHub/UnrealProjects/Tanks/TanksGame/TanksMiniGame/Saved/Config/Windows/Scalability.ini]
[2022.06.09-10.32.07:874][  0]LogConfig: Setting CVar [[r.PostProcessAAQuality:4]]
[2022.06.09-10.32.07:874][  0]LogConfig: Applying CVar settings from Section [ShadowQuality@3] File [E:/GitHub/UnrealProjects/Tanks/TanksGame/TanksMiniGame/Saved/Config/Windows/Scalability.ini]
[2022.06.09-10.32.07:874][  0]LogConfig: Setting CVar [[r.LightFunctionQuality:1]]
[2022.06.09-10.32.07:874][  0]LogConfig: Setting CVar [[r.ShadowQuality:5]]
[2022.06.09-10.32.07:874][  0]LogConfig: Setting CVar [[r.Shadow.CSM.MaxCascades:10]]
[2022.06.09-10.32.07:874][  0]LogConfig: Setting CVar [[r.Shadow.MaxResolution:2048]]
[2022.06.09-10.32.07:874][  0]LogConfig: Setting CVar [[r.Shadow.MaxCSMResolution:2048]]
[2022.06.09-10.32.07:874][  0]LogConfig: Setting CVar [[r.Shadow.RadiusThreshold:0.01]]
[2022.06.09-10.32.07:874][  0]LogConfig: Setting CVar [[r.Shadow.DistanceScale:1.0]]
[2022.06.09-10.32.07:874][  0]LogConfig: Setting CVar [[r.Shadow.CSM.TransitionScale:1.0]]
[2022.06.09-10.32.07:874][  0]LogConfig: Setting CVar [[r.Shadow.PreShadowResolutionFactor:1.0]]
[2022.06.09-10.32.07:874][  0]LogConfig: Setting CVar [[r.DistanceFieldShadowing:1]]
[2022.06.09-10.32.07:874][  0]LogConfig: Setting CVar [[r.DistanceFieldAO:1]]
[2022.06.09-10.32.07:874][  0]LogConfig: Setting CVar [[r.AOQuality:2]]
[2022.06.09-10.32.07:874][  0]LogConfig: Setting CVar [[r.VolumetricFog:1]]
[2022.06.09-10.32.07:874][  0]LogConfig: Setting CVar [[r.VolumetricFog.GridPixelSize:8]]
[2022.06.09-10.32.07:874][  0]LogConfig: Setting CVar [[r.VolumetricFog.GridSizeZ:128]]
[2022.06.09-10.32.07:874][  0]LogConfig: Setting CVar [[r.VolumetricFog.HistoryMissSupersampleCount:4]]
[2022.06.09-10.32.07:874][  0]LogConfig: Setting CVar [[r.LightMaxDrawDistanceScale:1]]
[2022.06.09-10.32.07:874][  0]LogConfig: Setting CVar [[r.CapsuleShadows:1]]
[2022.06.09-10.32.07:874][  0]LogConfig: Applying CVar settings from Section [PostProcessQuality@3] File [E:/GitHub/UnrealProjects/Tanks/TanksGame/TanksMiniGame/Saved/Config/Windows/Scalability.ini]
[2022.06.09-10.32.07:874][  0]LogConfig: Setting CVar [[r.MotionBlurQuality:4]]
[2022.06.09-10.32.07:874][  0]LogConfig: Setting CVar [[r.AmbientOcclusionMipLevelFactor:0.4]]
[2022.06.09-10.32.07:874][  0]LogConfig: Setting CVar [[r.AmbientOcclusionMaxQuality:100]]
[2022.06.09-10.32.07:874][  0]LogConfig: Setting CVar [[r.AmbientOcclusionLevels:-1]]
[2022.06.09-10.32.07:874][  0]LogConfig: Setting CVar [[r.AmbientOcclusionRadiusScale:1.0]]
[2022.06.09-10.32.07:874][  0]LogConfig: Setting CVar [[r.DepthOfFieldQuality:2]]
[2022.06.09-10.32.07:874][  0]LogConfig: Setting CVar [[r.RenderTargetPoolMin:400]]
[2022.06.09-10.32.07:874][  0]LogConfig: Setting CVar [[r.LensFlareQuality:2]]
[2022.06.09-10.32.07:874][  0]LogConfig: Setting CVar [[r.SceneColorFringeQuality:1]]
[2022.06.09-10.32.07:874][  0]LogConfig: Setting CVar [[r.EyeAdaptationQuality:2]]
[2022.06.09-10.32.07:874][  0]LogConfig: Setting CVar [[r.BloomQuality:5]]
[2022.06.09-10.32.07:874][  0]LogConfig: Setting CVar [[r.FastBlurThreshold:100]]
[2022.06.09-10.32.07:874][  0]LogConfig: Setting CVar [[r.Upscale.Quality:3]]
[2022.06.09-10.32.07:874][  0]LogConfig: Setting CVar [[r.Tonemapper.GrainQuantization:1]]
[2022.06.09-10.32.07:874][  0]LogConfig: Setting CVar [[r.LightShaftQuality:1]]
[2022.06.09-10.32.07:874][  0]LogConfig: Setting CVar [[r.Filter.SizeScale:1]]
[2022.06.09-10.32.07:874][  0]LogConfig: Setting CVar [[r.Tonemapper.Quality:5]]
[2022.06.09-10.32.07:874][  0]LogConfig: Setting CVar [[r.DOF.Gather.AccumulatorQuality:1        ; higher gathering accumulator quality]]
[2022.06.09-10.32.07:874][  0]LogConfig: Setting CVar [[r.DOF.Gather.PostfilterMethod:1          ; Median3x3 postfilering method]]
[2022.06.09-10.32.07:874][  0]LogConfig: Setting CVar [[r.DOF.Gather.EnableBokehSettings:0       ; no bokeh simulation when gathering]]
[2022.06.09-10.32.07:874][  0]LogConfig: Setting CVar [[r.DOF.Gather.RingCount:4                 ; medium number of samples when gathering]]
[2022.06.09-10.32.07:874][  0]LogConfig: Setting CVar [[r.DOF.Scatter.ForegroundCompositing:1    ; additive foreground scattering]]
[2022.06.09-10.32.07:874][  0]LogConfig: Setting CVar [[r.DOF.Scatter.BackgroundCompositing:2    ; additive background scattering]]
[2022.06.09-10.32.07:874][  0]LogConfig: Setting CVar [[r.DOF.Scatter.EnableBokehSettings:1      ; bokeh simulation when scattering]]
[2022.06.09-10.32.07:874][  0]LogConfig: Setting CVar [[r.DOF.Scatter.MaxSpriteRatio:0.1         ; only a maximum of 10% of scattered bokeh]]
[2022.06.09-10.32.07:874][  0]LogConfig: Setting CVar [[r.DOF.Recombine.Quality:1                ; cheap slight out of focus]]
[2022.06.09-10.32.07:874][  0]LogConfig: Setting CVar [[r.DOF.Recombine.EnableBokehSettings:0    ; no bokeh simulation on slight out of focus]]
[2022.06.09-10.32.07:874][  0]LogConfig: Setting CVar [[r.DOF.TemporalAAQuality:1                ; more stable temporal accumulation]]
[2022.06.09-10.32.07:874][  0]LogConfig: Setting CVar [[r.DOF.Kernel.MaxForegroundRadius:0.025]]
[2022.06.09-10.32.07:874][  0]LogConfig: Setting CVar [[r.DOF.Kernel.MaxBackgroundRadius:0.025]]
[2022.06.09-10.32.07:874][  0]LogConfig: Applying CVar settings from Section [TextureQuality@3] File [E:/GitHub/UnrealProjects/Tanks/TanksGame/TanksMiniGame/Saved/Config/Windows/Scalability.ini]
[2022.06.09-10.32.07:874][  0]LogConfig: Setting CVar [[r.Streaming.MipBias:0]]
[2022.06.09-10.32.07:874][  0]LogConfig: Setting CVar [[r.Streaming.AmortizeCPUToGPUCopy:0]]
[2022.06.09-10.32.07:874][  0]LogConfig: Setting CVar [[r.Streaming.MaxNumTexturesToStreamPerFrame:0]]
[2022.06.09-10.32.07:874][  0]LogConfig: Setting CVar [[r.Streaming.Boost:1]]
[2022.06.09-10.32.07:874][  0]LogConfig: Setting CVar [[r.MaxAnisotropy:8]]
[2022.06.09-10.32.07:874][  0]LogConfig: Setting CVar [[r.Streaming.LimitPoolSizeToVRAM:0]]
[2022.06.09-10.32.07:874][  0]LogConfig: Setting CVar [[r.Streaming.PoolSize:1000]]
[2022.06.09-10.32.07:874][  0]LogConfig: Setting CVar [[r.Streaming.MaxEffectiveScreenSize:0]]
[2022.06.09-10.32.07:874][  0]LogConfig: Applying CVar settings from Section [EffectsQuality@3] File [E:/GitHub/UnrealProjects/Tanks/TanksGame/TanksMiniGame/Saved/Config/Windows/Scalability.ini]
[2022.06.09-10.32.07:874][  0]LogConfig: Setting CVar [[r.TranslucencyLightingVolumeDim:64]]
[2022.06.09-10.32.07:874][  0]LogConfig: Setting CVar [[r.RefractionQuality:2]]
[2022.06.09-10.32.07:874][  0]LogConfig: Setting CVar [[r.SSR.Quality:3]]
[2022.06.09-10.32.07:874][  0]LogConfig: Setting CVar [[r.SceneColorFormat:4]]
[2022.06.09-10.32.07:874][  0]LogConfig: Setting CVar [[r.DetailMode:2]]
[2022.06.09-10.32.07:874][  0]LogConfig: Setting CVar [[r.TranslucencyVolumeBlur:1]]
[2022.06.09-10.32.07:874][  0]LogConfig: Setting CVar [[r.MaterialQualityLevel:1 ; High quality]]
[2022.06.09-10.32.07:874][  0]LogConfig: Setting CVar [[r.SSS.Scale:1]]
[2022.06.09-10.32.07:874][  0]LogConfig: Setting CVar [[r.SSS.SampleSet:2]]
[2022.06.09-10.32.07:874][  0]LogConfig: Setting CVar [[r.SSS.Quality:1]]
[2022.06.09-10.32.07:874][  0]LogConfig: Setting CVar [[r.SSS.HalfRes:1]]
[2022.06.09-10.32.07:874][  0]LogConfig: Setting CVar [[r.EmitterSpawnRateScale:1.0]]
[2022.06.09-10.32.07:874][  0]LogConfig: Setting CVar [[r.ParticleLightQuality:2]]
[2022.06.09-10.32.07:874][  0]LogConfig: Applying CVar settings from Section [FoliageQuality@3] File [E:/GitHub/UnrealProjects/Tanks/TanksGame/TanksMiniGame/Saved/Config/Windows/Scalability.ini]
[2022.06.09-10.32.07:874][  0]LogConfig: Setting CVar [[foliage.DensityScale:1.0]]
[2022.06.09-10.32.07:874][  0]LogConfig: Setting CVar [[grass.DensityScale:1.0]]
[2022.06.09-10.32.07:890][  0]LogInit: Selected Device Profile: [Windows]
[2022.06.09-10.32.07:890][  0]LogInit: Applying CVar settings loaded from the selected device profile: [Windows]
[2022.06.09-10.32.08:108][  0]LogHAL: Display: Platform has ~ 4 GB [4080635904 / 4294967296 / 4], which maps to Smallest [LargestMinGB=32, LargerMinGB=12, DefaultMinGB=8, SmallerMinGB=6, SmallestMinGB=0)
[2022.06.09-10.32.08:124][  0]LogConfig: Setting CVar [[r.Vulkan.UseRealUBs:0		; Required until we fix HLR fall-out]]
[2022.06.09-10.32.08:124][  0]LogInit: Going up to parent DeviceProfile []
[2022.06.09-10.32.08:124][  0]LogConfig: Applying CVar settings from Section [ViewDistanceQuality@0] File [E:/GitHub/UnrealProjects/Tanks/TanksGame/TanksMiniGame/Saved/Config/Windows/Scalability.ini]
[2022.06.09-10.32.08:124][  0]LogConfig: Setting CVar [[r.SkeletalMeshLODBias:2]]
[2022.06.09-10.32.08:124][  0]LogConfig: Setting CVar [[r.ViewDistanceScale:0.4]]
[2022.06.09-10.32.08:124][  0]LogConfig: Applying CVar settings from Section [AntiAliasingQuality@0] File [E:/GitHub/UnrealProjects/Tanks/TanksGame/TanksMiniGame/Saved/Config/Windows/Scalability.ini]
[2022.06.09-10.32.08:124][  0]LogConfig: Setting CVar [[r.PostProcessAAQuality:0]]
[2022.06.09-10.32.08:124][  0]LogConfig: Applying CVar settings from Section [ShadowQuality@0] File [E:/GitHub/UnrealProjects/Tanks/TanksGame/TanksMiniGame/Saved/Config/Windows/Scalability.ini]
[2022.06.09-10.32.08:124][  0]LogConfig: Setting CVar [[r.LightFunctionQuality:0]]
[2022.06.09-10.32.08:124][  0]LogConfig: Setting CVar [[r.ShadowQuality:0]]
[2022.06.09-10.32.08:124][  0]LogConfig: Setting CVar [[r.Shadow.CSM.MaxCascades:1]]
[2022.06.09-10.32.08:124][  0]LogConfig: Setting CVar [[r.Shadow.MaxResolution:512]]
[2022.06.09-10.32.08:124][  0]LogConfig: Setting CVar [[r.Shadow.MaxCSMResolution:512]]
[2022.06.09-10.32.08:124][  0]LogConfig: Setting CVar [[r.Shadow.RadiusThreshold:0.06]]
[2022.06.09-10.32.08:124][  0]LogConfig: Setting CVar [[r.Shadow.DistanceScale:0.6]]
[2022.06.09-10.32.08:124][  0]LogConfig: Setting CVar [[r.Shadow.CSM.TransitionScale:0]]
[2022.06.09-10.32.08:124][  0]LogConfig: Setting CVar [[r.Shadow.PreShadowResolutionFactor:0.5]]
[2022.06.09-10.32.08:124][  0]LogConfig: Setting CVar [[r.DistanceFieldShadowing:0]]
[2022.06.09-10.32.08:124][  0]LogConfig: Setting CVar [[r.DistanceFieldAO:0]]
[2022.06.09-10.32.08:124][  0]LogConfig: Setting CVar [[r.VolumetricFog:0]]
[2022.06.09-10.32.08:124][  0]LogConfig: Setting CVar [[r.LightMaxDrawDistanceScale:0]]
[2022.06.09-10.32.08:124][  0]LogConfig: Setting CVar [[r.CapsuleShadows:0]]
[2022.06.09-10.32.08:124][  0]LogConfig: Applying CVar settings from Section [PostProcessQuality@0] File [E:/GitHub/UnrealProjects/Tanks/TanksGame/TanksMiniGame/Saved/Config/Windows/Scalability.ini]
[2022.06.09-10.32.08:124][  0]LogConfig: Setting CVar [[r.MotionBlurQuality:0]]
[2022.06.09-10.32.08:124][  0]LogConfig: Setting CVar [[r.AmbientOcclusionMipLevelFactor:1.0]]
[2022.06.09-10.32.08:124][  0]LogConfig: Setting CVar [[r.AmbientOcclusionMaxQuality:0]]
[2022.06.09-10.32.08:124][  0]LogConfig: Setting CVar [[r.AmbientOcclusionLevels:0]]
[2022.06.09-10.32.08:124][  0]LogConfig: Setting CVar [[r.AmbientOcclusionRadiusScale:1.2]]
[2022.06.09-10.32.08:124][  0]LogConfig: Setting CVar [[r.DepthOfFieldQuality:0]]
[2022.06.09-10.32.08:124][  0]LogConfig: Setting CVar [[r.RenderTargetPoolMin:300]]
[2022.06.09-10.32.08:124][  0]LogConfig: Setting CVar [[r.LensFlareQuality:0]]
[2022.06.09-10.32.08:124][  0]LogConfig: Setting CVar [[r.SceneColorFringeQuality:0]]
[2022.06.09-10.32.08:124][  0]LogConfig: Setting CVar [[r.EyeAdaptationQuality:0]]
[2022.06.09-10.32.08:124][  0]LogConfig: Setting CVar [[r.BloomQuality:4]]
[2022.06.09-10.32.08:124][  0]LogConfig: Setting CVar [[r.FastBlurThreshold:0]]
[2022.06.09-10.32.08:124][  0]LogConfig: Setting CVar [[r.Upscale.Quality:1]]
[2022.06.09-10.32.08:124][  0]LogConfig: Setting CVar [[r.Tonemapper.GrainQuantization:0]]
[2022.06.09-10.32.08:124][  0]LogConfig: Setting CVar [[r.LightShaftQuality:0]]
[2022.06.09-10.32.08:124][  0]LogConfig: Setting CVar [[r.Filter.SizeScale:0.6]]
[2022.06.09-10.32.08:124][  0]LogConfig: Setting CVar [[r.Tonemapper.Quality:0]]
[2022.06.09-10.32.08:124][  0]LogConfig: Applying CVar settings from Section [TextureQuality@0] File [E:/GitHub/UnrealProjects/Tanks/TanksGame/TanksMiniGame/Saved/Config/Windows/Scalability.ini]
[2022.06.09-10.32.08:124][  0]LogConfig: Setting CVar [[r.Streaming.MipBias:16]]
[2022.06.09-10.32.08:124][  0]LogConfig: Setting CVar [[r.Streaming.AmortizeCPUToGPUCopy:1]]
[2022.06.09-10.32.08:124][  0]LogConfig: Setting CVar [[r.Streaming.MaxNumTexturesToStreamPerFrame:1]]
[2022.06.09-10.32.08:124][  0]LogConfig: Setting CVar [[r.Streaming.Boost:0.3]]
[2022.06.09-10.32.08:124][  0]LogConfig: Setting CVar [[r.MaxAnisotropy:0]]
[2022.06.09-10.32.08:124][  0]LogConfig: Setting CVar [[r.Streaming.LimitPoolSizeToVRAM:1]]
[2022.06.09-10.32.08:124][  0]LogConfig: Setting CVar [[r.Streaming.PoolSize:400]]
[2022.06.09-10.32.08:124][  0]LogConfig: Setting CVar [[r.Streaming.MaxEffectiveScreenSize:0]]
[2022.06.09-10.32.08:124][  0]LogConfig: Applying CVar settings from Section [EffectsQuality@0] File [E:/GitHub/UnrealProjects/Tanks/TanksGame/TanksMiniGame/Saved/Config/Windows/Scalability.ini]
[2022.06.09-10.32.08:124][  0]LogConfig: Setting CVar [[r.TranslucencyLightingVolumeDim:24]]
[2022.06.09-10.32.08:124][  0]LogConfig: Setting CVar [[r.RefractionQuality:0]]
[2022.06.09-10.32.08:124][  0]LogConfig: Setting CVar [[r.SSR.Quality:0]]
[2022.06.09-10.32.08:124][  0]LogConfig: Setting CVar [[r.SceneColorFormat:3]]
[2022.06.09-10.32.08:124][  0]LogConfig: Setting CVar [[r.DetailMode:0]]
[2022.06.09-10.32.08:124][  0]LogConfig: Setting CVar [[r.TranslucencyVolumeBlur:0]]
[2022.06.09-10.32.08:124][  0]LogConfig: Setting CVar [[r.MaterialQualityLevel:0 ; Low quality]]
[2022.06.09-10.32.08:124][  0]LogConfig: Setting CVar [[r.SSS.Scale:0]]
[2022.06.09-10.32.08:124][  0]LogConfig: Setting CVar [[r.SSS.SampleSet:0]]
[2022.06.09-10.32.08:124][  0]LogConfig: Setting CVar [[r.SSS.Quality:0]]
[2022.06.09-10.32.08:124][  0]LogConfig: Setting CVar [[r.SSS.HalfRes:1]]
[2022.06.09-10.32.08:124][  0]LogConfig: Setting CVar [[r.EmitterSpawnRateScale:0.125]]
[2022.06.09-10.32.08:124][  0]LogConfig: Setting CVar [[r.ParticleLightQuality:0]]
[2022.06.09-10.32.08:124][  0]LogConfig: Applying CVar settings from Section [FoliageQuality@0] File [E:/GitHub/UnrealProjects/Tanks/TanksGame/TanksMiniGame/Saved/Config/Windows/Scalability.ini]
[2022.06.09-10.32.08:124][  0]LogConfig: Setting CVar [[foliage.DensityScale:0]]
[2022.06.09-10.32.08:124][  0]LogConfig: Setting CVar [[grass.DensityScale:0]]
[2022.06.09-10.32.08:124][  0]LogConfig: Applying CVar settings from Section [Startup] File [../../../Engine/Config/ConsoleVariables.ini]
[2022.06.09-10.32.08:155][  0]LogConfig: Setting CVar [[net.UseAdaptiveNetUpdateFrequency:0]]
[2022.06.09-10.32.08:155][  0]LogConfig: Setting CVar [[p.chaos.AllowCreatePhysxBodies:1]]
[2022.06.09-10.32.08:155][  0]LogConfig: Applying CVar settings from Section [ConsoleVariables] File [E:/GitHub/UnrealProjects/Tanks/TanksGame/TanksMiniGame/Saved/Config/Windows/Engine.ini]
[2022.06.09-10.32.08:289][  0]LogInit: Computer: SONNY
[2022.06.09-10.32.08:289][  0]LogInit: User: SonnyFixit
[2022.06.09-10.32.08:289][  0]LogInit: CPU Page size=4096, Cores=2
[2022.06.09-10.32.08:289][  0]LogInit: High frequency timer resolution =1.851267 MHz
[2022.06.09-10.32.08:306][  0]LogMemory: Memory total: Physical=3.8GB (4GB approx)
[2022.06.09-10.32.08:306][  0]LogMemory: Platform Memory Stats for Windows
[2022.06.09-10.32.08:306][  0]LogMemory: Process Physical Memory: 96.79 MB used, 96.79 MB peak
[2022.06.09-10.32.08:306][  0]LogMemory: Process Virtual Memory: 84.02 MB used, 84.02 MB peak
[2022.06.09-10.32.08:306][  0]LogMemory: Physical Memory: 1909.52 MB used,  1982.08 MB free, 3891.60 MB total
[2022.06.09-10.32.08:306][  0]LogMemory: Virtual Memory: 497.97 MB used,  134217232.00 MB free, 134217728.00 MB total
[2022.06.09-10.32.11:006][  0]LogInit: Using OS detected language (pl-PL).
[2022.06.09-10.32.11:006][  0]LogInit: Using OS detected locale (pl-PL).
[2022.06.09-10.32.11:054][  0]LogTextLocalizationManager: No specific localization for 'pl-PL' exists, so the 'pl' localization will be used.
[2022.06.09-10.32.11:065][  0]LogTextLocalizationResource: LocRes '../../../Engine/Content/Localization/Editor/pl/Editor.locres' could not be opened for reading!
[2022.06.09-10.32.11:065][  0]LogTextLocalizationResource: LocRes '../../../Engine/Content/Localization/EditorTutorials/pl/EditorTutorials.locres' could not be opened for reading!
[2022.06.09-10.32.11:065][  0]LogTextLocalizationResource: LocRes '../../../Engine/Content/Localization/Keywords/pl/Keywords.locres' could not be opened for reading!
[2022.06.09-10.32.11:065][  0]LogTextLocalizationResource: LocRes '../../../Engine/Content/Localization/Category/pl/Category.locres' could not be opened for reading!
[2022.06.09-10.32.11:066][  0]LogTextLocalizationResource: LocRes '../../../Engine/Content/Localization/ToolTips/pl/ToolTips.locres' could not be opened for reading!
[2022.06.09-10.32.11:066][  0]LogTextLocalizationResource: LocRes '../../../Engine/Content/Localization/PropertyNames/pl/PropertyNames.locres' could not be opened for reading!
[2022.06.09-10.32.11:066][  0]LogTextLocalizationResource: LocRes '../../../Engine/Content/Localization/Engine/pl/Engine.locres' could not be opened for reading!
[2022.06.09-10.32.11:299][  0]LogInit: Setting process to per monitor DPI aware
[2022.06.09-10.32.12:295][  0]LogSlate: New Slate User Created.  User Index 0, Is Virtual User: 0
[2022.06.09-10.32.12:295][  0]LogSlate: Slate User Registered.  User Index 0, Is Virtual User: 0
[2022.06.09-10.32.17:877][  0]LogHMD: Failed to initialize OpenVR with code 110
[2022.06.09-10.32.17:877][  0]LogD3D11RHI: D3D11 adapters:
[2022.06.09-10.32.19:390][  0]LogD3D11RHI:    0. 'NVIDIA GeForce 710M' (Feature Level 11_0)
[2022.06.09-10.32.19:390][  0]LogD3D11RHI:       963/0/1945 MB DedicatedVideo/DedicatedSystem/SharedSystem, Outputs:1, VendorId:0x10de
[2022.06.09-10.32.19:423][  0]LogD3D11RHI:    1. 'NVIDIA GeForce 710M' (Feature Level 11_0)
[2022.06.09-10.32.19:423][  0]LogD3D11RHI:       963/0/1945 MB DedicatedVideo/DedicatedSystem/SharedSystem, Outputs:0, VendorId:0x10de
[2022.06.09-10.32.19:449][  0]LogD3D11RHI:    2. 'Microsoft Basic Render Driver' (Feature Level 11_0)
[2022.06.09-10.32.19:449][  0]LogD3D11RHI:       963/0/1945 MB DedicatedVideo/DedicatedSystem/SharedSystem, Outputs:0, VendorId:0x1414
[2022.06.09-10.32.19:449][  0]LogD3D11RHI: Chosen D3D11 Adapter: 0
[2022.06.09-10.32.19:662][  0]LogD3D11RHI: Creating new Direct3DDevice
[2022.06.09-10.32.19:663][  0]LogD3D11RHI:     GPU DeviceId: 0x1140 (for the marketing name, search the web for "GPU Device Id")
[2022.06.09-10.32.19:671][  0]LogWindows: EnumDisplayDevices:
[2022.06.09-10.32.19:671][  0]LogWindows:    0. 'Intel(R) HD Graphics 4000' (P:1 D:1)
[2022.06.09-10.32.19:671][  0]LogWindows:    1. 'Intel(R) HD Graphics 4000' (P:0 D:0)
[2022.06.09-10.32.19:672][  0]LogWindows:    2. 'Intel(R) HD Graphics 4000' (P:0 D:0)
[2022.06.09-10.32.19:672][  0]LogWindows:    3. 'NVIDIA GeForce 710M' (P:0 D:0)
[2022.06.09-10.32.19:672][  0]LogWindows: DebugString: PrimaryIsNotTheChoosenAdapter PrimaryIsNotTheChoosenAdapter PrimaryIsNotTheChoosenAdapter 
[2022.06.09-10.32.19:672][  0]LogD3D11RHI:     Adapter Name: NVIDIA GeForce 710M
[2022.06.09-10.32.19:673][  0]LogD3D11RHI:   Driver Version: 391.35 (internal:23.21.13.9135, unified:391.35)
[2022.06.09-10.32.19:673][  0]LogD3D11RHI:      Driver Date: 3-23-2018
[2022.06.09-10.32.19:673][  0]LogRHI: Texture pool is 674 MB (70% of 963 MB)
[2022.06.09-10.32.19:774][  0]LogD3D11RHI: Display: Timestamp queries are currently disabled on this hardware due to instability. Realtime GPU stats will not be available. You can override this behaviour by setting r.NVIDIATimestampWorkaround to 0
[2022.06.09-10.32.19:795][  0]LogD3D11RHI: Async texture creation enabled
[2022.06.09-10.32.20:390][  0]LogRendererCore: FGlobalReadBuffer::InitRHI
[2022.06.09-10.32.20:423][  0]LogRendererCore: FGlobalReadBuffer::InitRHI
[2022.06.09-10.32.20:423][  0]LogRendererCore: FGlobalReadBuffer::InitRHI
[2022.06.09-10.32.20:583][  0]LogD3D11RHI: GPU Timing Frequency: 1000.000000 (Debug: 2 2)
[2022.06.09-10.32.21:960][  0]LogTemp: Display: Module 'AllDesktopTargetPlatform' loaded TargetPlatform 'AllDesktop'
[2022.06.09-10.32.22:007][  0]LogTemp: Display: Module 'MacClientTargetPlatform' loaded TargetPlatform 'MacClient'
[2022.06.09-10.32.22:059][  0]LogTemp: Display: Module 'MacNoEditorTargetPlatform' loaded TargetPlatform 'MacNoEditor'
[2022.06.09-10.32.22:111][  0]LogTemp: Display: Module 'MacServerTargetPlatform' loaded TargetPlatform 'MacServer'
[2022.06.09-10.32.22:344][  0]LogTemp: Display: Module 'MacTargetPlatform' loaded TargetPlatform 'Mac'
[2022.06.09-10.32.22:400][  0]LogTemp: Display: Module 'WindowsClientTargetPlatform' loaded TargetPlatform 'WindowsClient'
[2022.06.09-10.32.22:447][  0]LogTemp: Display: Module 'WindowsNoEditorTargetPlatform' loaded TargetPlatform 'WindowsNoEditor'
[2022.06.09-10.32.22:489][  0]LogTemp: Display: Module 'WindowsServerTargetPlatform' loaded TargetPlatform 'WindowsServer'
[2022.06.09-10.32.22:548][  0]LogTemp: Display: Module 'WindowsTargetPlatform' loaded TargetPlatform 'Windows'
[2022.06.09-10.32.22:764][  0]LogTemp: Display: Module 'AndroidTargetPlatform' loaded TargetPlatform 'Android'
[2022.06.09-10.32.22:764][  0]LogTemp: Display: Module 'AndroidTargetPlatform' loaded TargetPlatform 'Android_ASTC'
[2022.06.09-10.32.22:764][  0]LogTemp: Display: Module 'AndroidTargetPlatform' loaded TargetPlatform 'Android_ATC'
[2022.06.09-10.32.22:764][  0]LogTemp: Display: Module 'AndroidTargetPlatform' loaded TargetPlatform 'Android_DXT'
[2022.06.09-10.32.22:764][  0]LogTemp: Display: Module 'AndroidTargetPlatform' loaded TargetPlatform 'Android_ETC1'
[2022.06.09-10.32.22:764][  0]LogTemp: Display: Module 'AndroidTargetPlatform' loaded TargetPlatform 'Android_ETC1a'
[2022.06.09-10.32.22:764][  0]LogTemp: Display: Module 'AndroidTargetPlatform' loaded TargetPlatform 'Android_ETC2'
[2022.06.09-10.32.22:764][  0]LogTemp: Display: Module 'AndroidTargetPlatform' loaded TargetPlatform 'Android_PVRTC'
[2022.06.09-10.32.22:764][  0]LogTemp: Display: Module 'AndroidTargetPlatform' loaded TargetPlatform 'AndroidClient'
[2022.06.09-10.32.22:764][  0]LogTemp: Display: Module 'AndroidTargetPlatform' loaded TargetPlatform 'Android_ASTCClient'
[2022.06.09-10.32.22:764][  0]LogTemp: Display: Module 'AndroidTargetPlatform' loaded TargetPlatform 'Android_ATCClient'
[2022.06.09-10.32.22:764][  0]LogTemp: Display: Module 'AndroidTargetPlatform' loaded TargetPlatform 'Android_DXTClient'
[2022.06.09-10.32.22:764][  0]LogTemp: Display: Module 'AndroidTargetPlatform' loaded TargetPlatform 'Android_ETC1Client'
[2022.06.09-10.32.22:764][  0]LogTemp: Display: Module 'AndroidTargetPlatform' loaded TargetPlatform 'Android_ETC1aClient'
[2022.06.09-10.32.22:764][  0]LogTemp: Display: Module 'AndroidTargetPlatform' loaded TargetPlatform 'Android_ETC2Client'
[2022.06.09-10.32.22:764][  0]LogTemp: Display: Module 'AndroidTargetPlatform' loaded TargetPlatform 'Android_PVRTCClient'
[2022.06.09-10.32.22:764][  0]LogTemp: Display: Module 'AndroidTargetPlatform' loaded TargetPlatform 'Android_Multi'
[2022.06.09-10.32.22:765][  0]LogTemp: Display: Module 'AndroidTargetPlatform' loaded TargetPlatform 'Android_MultiClient'
[2022.06.09-10.32.22:777][  0]LogTemp: Display: Module 'HTML5TargetPlatform' loaded TargetPlatform 'HTML5'
[2022.06.09-10.32.22:943][  0]LogTemp: Display: Module 'IOSTargetPlatform' loaded TargetPlatform 'IOSClient'
[2022.06.09-10.32.22:943][  0]LogTemp: Display: Module 'IOSTargetPlatform' loaded TargetPlatform 'IOS'
[2022.06.09-10.32.23:044][  0]LogTemp: Display: Module 'TVOSTargetPlatform' loaded TargetPlatform 'TVOSClient'
[2022.06.09-10.32.23:044][  0]LogTemp: Display: Module 'TVOSTargetPlatform' loaded TargetPlatform 'TVOS'
[2022.06.09-10.32.23:107][  0]LogTemp: Display: Module 'LinuxClientTargetPlatform' loaded TargetPlatform 'LinuxClient'
[2022.06.09-10.32.23:133][  0]LogTemp: Display: Module 'LinuxNoEditorTargetPlatform' loaded TargetPlatform 'LinuxNoEditor'
[2022.06.09-10.32.23:161][  0]LogTemp: Display: Module 'LinuxServerTargetPlatform' loaded TargetPlatform 'LinuxServer'
[2022.06.09-10.32.23:201][  0]LogTemp: Display: Module 'LinuxTargetPlatform' loaded TargetPlatform 'Linux'
[2022.06.09-10.32.23:303][  0]LogTemp: Display: Module 'LuminTargetPlatform' loaded TargetPlatform 'Lumin'
[2022.06.09-10.32.23:303][  0]LogTemp: Display: Module 'LuminTargetPlatform' loaded TargetPlatform 'LuminClient'
[2022.06.09-10.32.23:303][  0]LogTargetPlatformManager: Display: Building Assets For Windows
[2022.06.09-10.32.23:885][  0]LogAudioDebug: Display: Lib vorbis DLL was dynamically loaded.
[2022.06.09-10.32.26:318][  0]LogShaderCompilers: Guid format shader working directory is -12 characters bigger than the processId version (../../../../GitHub/UnrealProjects/Tanks/TanksGame/TanksMiniGame/Intermediate/Shaders/WorkingDirectory/1240/).
[2022.06.09-10.32.26:319][  0]LogShaderCompilers: Cleaned the shader compiler working directory 'C:/Users/SonnyFixit/AppData/Local/Temp/UnrealShaderWorkingDir/0C842EBC463D908198DF84A044650B25/'.
[2022.06.09-10.32.26:360][  0]LogXGEController: Cannot use XGE Controller as Incredibuild is not installed on this machine.
[2022.06.09-10.32.26:361][  0]LogShaderCompilers: Cannot use XGE Shader Compiler as Incredibuild is not installed on this machine.
[2022.06.09-10.32.26:361][  0]LogShaderCompilers: Display: Using Local Shader Compiler.
[2022.06.09-10.32.33:588][  0]LogDerivedDataCache: Display: Max Cache Size: 512 MB
[2022.06.09-10.32.34:839][  0]LogDerivedDataCache: Loaded boot cache 1.25s 72MB C:/Users/SonnyFixit/AppData/Local/UnrealEngine/4.22/DerivedDataCache/Boot.ddc.
[2022.06.09-10.32.34:839][  0]LogDerivedDataCache: Display: Loaded Boot cache: C:/Users/SonnyFixit/AppData/Local/UnrealEngine/4.22/DerivedDataCache/Boot.ddc
[2022.06.09-10.32.34:839][  0]LogDerivedDataCache: FDerivedDataBackendGraph:  Pak pak cache file ../../../../GitHub/UnrealProjects/Tanks/TanksGame/TanksMiniGame/DerivedDataCache/DDC.ddp not found, will not use a pak cache.
[2022.06.09-10.32.34:839][  0]LogDerivedDataCache: Unable to find inner node Pak for hierarchical cache Hierarchy.
[2022.06.09-10.32.34:839][  0]LogDerivedDataCache: FDerivedDataBackendGraph:  CompressedPak pak cache file ../../../../GitHub/UnrealProjects/Tanks/TanksGame/TanksMiniGame/DerivedDataCache/Compressed.ddp not found, will not use a pak cache.
[2022.06.09-10.32.34:839][  0]LogDerivedDataCache: Unable to find inner node CompressedPak for hierarchical cache Hierarchy.
[2022.06.09-10.32.35:012][  0]LogDerivedDataCache: Display: Pak cache opened for reading ../../../Engine/DerivedDataCache/Compressed.ddp.
[2022.06.09-10.32.35:189][  0]LogDerivedDataCache: Display: Pak cache opened for reading ../../../Enterprise/DerivedDataCache/Compressed.ddp.
[2022.06.09-10.32.35:202][  0]LogDerivedDataCache: Using Local data cache path C:/Users/SonnyFixit/AppData/Local/UnrealEngine/Common/DerivedDataCache: Writable
[2022.06.09-10.32.35:202][  0]LogDerivedDataCache: Shared data cache path not found in *engine.ini, will not use an Shared cache.
[2022.06.09-10.32.35:202][  0]LogDerivedDataCache: Unable to find inner node Shared for hierarchical cache Hierarchy.
[2022.06.09-10.32.35:450][  0]LogMaterial: Verifying Global Shaders for PCD3D_SM5
[2022.06.09-10.32.35:620][  0]LogSlate: Using FreeType 2.6.0
[2022.06.09-10.32.35:698][  0]LogSlate: SlateFontServices - WITH_FREETYPE: 1, WITH_HARFBUZZ: 1
[2022.06.09-10.32.37:805][  0]LogAssetRegistry: FAssetRegistry took 0.0497 seconds to start up
[2022.06.09-10.32.54:837][  0]LogInit: Selected Device Profile: [Windows]
[2022.06.09-10.33.01:004][  0]LogMeshReduction: Using QuadricMeshReduction for automatic static mesh reduction
[2022.06.09-10.33.01:004][  0]LogMeshReduction: Using SimplygonMeshReduction for automatic skeletal mesh reduction
[2022.06.09-10.33.01:004][  0]LogMeshReduction: Using ProxyLODMeshReduction for automatic mesh merging
[2022.06.09-10.33.01:004][  0]LogMeshReduction: No distributed automatic mesh merging module available
[2022.06.09-10.33.01:036][  0]LogMeshMerging: No distributed automatic mesh merging module available
[2022.06.09-10.33.02:400][  0]LogNetVersion: TanksMiniGame 1.0.0, NetCL: 5660361, EngineNetVer: 10, GameNetVer: 0 (Checksum: 1412442164)
[2022.06.09-10.33.14:268][  0]LogPackageLocalizationCache: Processed 16 localized package path(s) for 1 prioritized culture(s) in 0.168848 seconds
[2022.06.09-10.33.14:282][  0]LogUObjectArray: 42205 objects as part of root set at end of initial load.
[2022.06.09-10.33.14:282][  0]LogUObjectAllocator: 7325032 out of 0 bytes used by permanent object pool.
[2022.06.09-10.33.14:282][  0]LogUObjectArray: CloseDisregardForGC: 0/0 objects in disregard for GC pool
[2022.06.09-10.33.52:366][  0]LogTcpMessaging: Initializing TcpMessaging bridge
[2022.06.09-10.33.52:440][  0]LogUdpMessaging: Initializing bridge on interface 0.0.0.0:0 to multicast group 230.0.0.1:6666.
[2022.06.09-10.33.53:798][  0]SourceControl: Source control is disabled
[2022.06.09-10.33.53:826][  0]SourceControl: Source control is disabled
[2022.06.09-10.33.54:034][  0]SourceControl: Source control is disabled
[2022.06.09-10.33.54:071][  0]SourceControl: Source control is disabled
[2022.06.09-10.33.58:143][  0]LogAndroidPermission: UAndroidPermissionCallbackProxy::GetInstance
[2022.06.09-10.33.58:711][  0]LogOcInput: OculusInput pre-init called
[2022.06.09-10.34.10:267][  0]LogEngine: Initializing Engine...
[2022.06.09-10.34.10:298][  0]LogHMD: Failed to initialize OpenVR with code 110
[2022.06.09-10.34.10:321][  0]LogStats: UGameplayTagsManager::InitializeManager -  0.001 s
[2022.06.09-10.34.11:177][  0]LogInit: Initializing FReadOnlyCVARCache
[2022.06.09-10.34.12:194][  0]LogAIModule: Creating AISystem for world Untitled
[2022.06.09-10.34.12:593][  0]LogInit: XAudio2 using 'Speakers (Realtek High Definition Audio)' : 2 channels at 48 kHz using 32 bits per sample (channel mask 0x3)
[2022.06.09-10.34.13:490][  0]LogInit: FAudioDevice initialized.
[2022.06.09-10.34.13:496][  0]LogNetVersion: Set ProjectVersion to 1.0.0.0. Version Checksum will be recalculated on next use.
[2022.06.09-10.34.13:816][  0]LogDerivedDataCache: Saved boot cache 0.32s 72MB C:/Users/SonnyFixit/AppData/Local/UnrealEngine/4.22/DerivedDataCache/Boot.ddc.
[2022.06.09-10.34.13:838][  0]LogInit: Texture streaming: Enabled
[2022.06.09-10.34.14:314][  0]LogEngineSessionManager: EngineSessionManager initialized
[2022.06.09-10.34.14:830][  0]LogInit: Transaction tracking system initialized
[2022.06.09-10.34.15:579][  0]BlueprintLog: New page: Editor Load
[2022.06.09-10.34.18:529][  0]LocalizationService: Localization service is disabled
[2022.06.09-10.34.25:639][  0]LogFileCache: Scanning file cache for directory 'E:/GitHub/UnrealProjects/Tanks/TanksGame/TanksMiniGame/Content/' took 0.03s
[2022.06.09-10.34.25:639][  0]LogCook: Display: Max memory allowance for cook 16384mb min free memory 0mb
[2022.06.09-10.34.25:680][  0]LogCook: Display: Mobile HDR setting 1
[2022.06.09-10.34.33:614][  0]SourceControl: Source control is disabled
[2022.06.09-10.34.33:680][  0]Cmd: MAP LOAD FILE="../../../../GitHub/UnrealProjects/Tanks/TanksGame/TanksMiniGame/Content/Maps/Main.umap" TEMPLATE=0 SHOWPROGRESS=1 FEATURELEVEL=3
[2022.06.09-10.34.33:755][  0]LightingResults: New page: Lighting Build
[2022.06.09-10.34.34:054][  0]MapCheck: New page: Map Check
[2022.06.09-10.34.34:055][  0]LightingResults: New page: Lighting Build
[2022.06.09-10.34.35:146][  0]LogUObjectHash: Compacting FUObjectHashTables data took  19.79ms
[2022.06.09-10.34.39:450][  0]LogAIModule: Creating AISystem for world Main
[2022.06.09-10.34.41:371][  0]LogEditorServer: Finished looking for orphan Actors (0.000 secs)
[2022.06.09-10.34.41:699][  0]LogUObjectHash: Compacting FUObjectHashTables data took   4.40ms
[2022.06.09-10.34.41:709][  0]Cmd: MAP CHECKDEP NOCLEARLOG
[2022.06.09-10.34.41:831][  0]MapCheck: Map check complete: 0 Error(s), 0 Warning(s), took 13,428ms to complete.
[2022.06.09-10.34.41:831][  0]LogFileHelpers: Loading map 'Main' took 8.188
[2022.06.09-10.34.45:191][  0]LogSlate: Updating window title bar state: overlay mode, drag disabled, window buttons hidden, title bar hidden
[2022.06.09-10.34.45:270][  0]LogSlate: Updating window title bar state: overlay mode, drag disabled, window buttons hidden, title bar hidden
[2022.06.09-10.34.45:286][  0]LogSlate: Updating window title bar state: overlay mode, drag disabled, window buttons hidden, title bar hidden
[2022.06.09-10.34.45:302][  0]LogSlate: Updating window title bar state: overlay mode, drag disabled, window buttons hidden, title bar hidden
[2022.06.09-10.34.45:650][  0]LogCollectionManager: Loaded 0 collections in 0.002175 seconds
[2022.06.09-10.34.46:090][  0]LogFileCache: Scanning file cache for directory 'E:/GitHub/UnrealProjects/Tanks/TanksGame/TanksMiniGame/Saved/Collections/' took 0.01s
[2022.06.09-10.34.46:090][  0]LogFileCache: Scanning file cache for directory 'E:/GitHub/UnrealProjects/Tanks/TanksGame/TanksMiniGame/Content/Developers/SonnyFixit/Collections/' took 0.01s
[2022.06.09-10.34.46:090][  0]LogFileCache: Scanning file cache for directory 'E:/GitHub/UnrealProjects/Tanks/TanksGame/TanksMiniGame/Content/Collections/' took 0.00s
[2022.06.09-10.34.46:090][  0]LogCollectionManager: Rebuilt the GUID cache for 0 collections in 0.000001 seconds
[2022.06.09-10.34.46:231][  0]LogContentBrowser: Native class hierarchy populated in 0.0848 seconds. Added 2872 classes and 728 folders.
[2022.06.09-10.34.46:510][  0]LogContentBrowser: Native class hierarchy updated for 'WidgetCarousel' in 0.0006 seconds. Added 0 classes and 0 folders.
[2022.06.09-10.34.46:608][  0]LogPakFile: Registered encryption key '00000000000000000000000000000000': 0 pak files mounted, 0 remain pending
[2022.06.09-10.34.46:779][  0]LogPakFile: Registered encryption key '00000000000000000000000000000000': 0 pak files mounted, 0 remain pending
[2022.06.09-10.34.46:860][  0]LogPakFile: Registered encryption key '00000000000000000000000000000000': 0 pak files mounted, 0 remain pending
[2022.06.09-10.34.46:983][  0]LogPakFile: Registered encryption key '00000000000000000000000000000000': 0 pak files mounted, 0 remain pending
[2022.06.09-10.34.47:006][  0]LogPakFile: Registered encryption key '00000000000000000000000000000000': 0 pak files mounted, 0 remain pending
[2022.06.09-10.34.47:027][  0]LogPakFile: Registered encryption key '00000000000000000000000000000000': 0 pak files mounted, 0 remain pending
[2022.06.09-10.34.47:037][  0]LogPakFile: Registered encryption key '00000000000000000000000000000000': 0 pak files mounted, 0 remain pending
[2022.06.09-10.34.47:066][  0]LogPakFile: Registered encryption key '00000000000000000000000000000000': 0 pak files mounted, 0 remain pending
[2022.06.09-10.34.47:086][  0]LogPakFile: Registered encryption key '00000000000000000000000000000000': 0 pak files mounted, 0 remain pending
[2022.06.09-10.34.47:137][  0]LogPakFile: Registered encryption key '00000000000000000000000000000000': 0 pak files mounted, 0 remain pending
[2022.06.09-10.34.47:226][  0]LogPakFile: Registered encryption key '00000000000000000000000000000000': 0 pak files mounted, 0 remain pending
[2022.06.09-10.34.47:246][  0]LogPakFile: Registered encryption key '00000000000000000000000000000000': 0 pak files mounted, 0 remain pending
[2022.06.09-10.34.47:257][  0]LogPakFile: Registered encryption key '00000000000000000000000000000000': 0 pak files mounted, 0 remain pending
[2022.06.09-10.34.47:288][  0]LogPakFile: Registered encryption key '00000000000000000000000000000000': 0 pak files mounted, 0 remain pending
[2022.06.09-10.34.47:312][  0]LogPakFile: Registered encryption key '00000000000000000000000000000000': 0 pak files mounted, 0 remain pending
[2022.06.09-10.34.47:328][  0]LogPakFile: Registered encryption key '00000000000000000000000000000000': 0 pak files mounted, 0 remain pending
[2022.06.09-10.34.47:423][  0]LogPakFile: Registered encryption key '00000000000000000000000000000000': 0 pak files mounted, 0 remain pending
[2022.06.09-10.34.47:481][  0]LogPakFile: Registered encryption key '00000000000000000000000000000000': 0 pak files mounted, 0 remain pending
[2022.06.09-10.34.47:509][  0]LogPakFile: Registered encryption key '00000000000000000000000000000000': 0 pak files mounted, 0 remain pending
[2022.06.09-10.34.47:552][  0]LogPakFile: Registered encryption key '00000000000000000000000000000000': 0 pak files mounted, 0 remain pending
[2022.06.09-10.34.47:578][  0]LogPakFile: Registered encryption key '00000000000000000000000000000000': 0 pak files mounted, 0 remain pending
[2022.06.09-10.34.47:603][  0]LogPakFile: Registered encryption key '00000000000000000000000000000000': 0 pak files mounted, 0 remain pending
[2022.06.09-10.34.47:629][  0]LogPakFile: Registered encryption key '00000000000000000000000000000000': 0 pak files mounted, 0 remain pending
[2022.06.09-10.34.47:657][  0]LogPakFile: Registered encryption key '00000000000000000000000000000000': 0 pak files mounted, 0 remain pending
[2022.06.09-10.34.47:737][  0]LogPakFile: Registered encryption key '00000000000000000000000000000000': 0 pak files mounted, 0 remain pending
[2022.06.09-10.34.47:768][  0]LogPakFile: Registered encryption key '00000000000000000000000000000000': 0 pak files mounted, 0 remain pending
[2022.06.09-10.34.47:803][  0]LogPakFile: Registered encryption key '00000000000000000000000000000000': 0 pak files mounted, 0 remain pending
[2022.06.09-10.34.47:835][  0]LogPakFile: Registered encryption key '00000000000000000000000000000000': 0 pak files mounted, 0 remain pending
[2022.06.09-10.34.49:306][  0]LogContentBrowser: Native class hierarchy updated for 'AddContentDialog' in 0.0006 seconds. Added 0 classes and 0 folders.
[2022.06.09-10.34.49:407][  0]LogContentBrowser: Native class hierarchy updated for 'SceneOutliner' in 0.0007 seconds. Added 1 classes and 0 folders.
[2022.06.09-10.34.50:690][  0]LogSlate: Took 0.028231 seconds to synchronously load lazily loaded font '../../../Engine/Content/Slate/Fonts/Roboto-Regular.ttf' (155K)
[2022.06.09-10.34.51:041][  0]LogSlate: Took 0.025312 seconds to synchronously load lazily loaded font '../../../Engine/Content/Slate/Fonts/Roboto-Bold.ttf' (160K)
[2022.06.09-10.34.51:318][  0]LogSlate: Took 0.043580 seconds to synchronously load lazily loaded font '../../../Engine/Content/Editor/Slate/Fonts/FontAwesome.ttf' (139K)
[2022.06.09-10.34.52:669][  0]LogRenderer: Reallocating scene render targets to support 856x372 Format 9 NumSamples 1 (Frame:1).
[2022.06.09-10.34.55:888][  0]LogContentBrowser: Native class hierarchy updated for 'HierarchicalLODOutliner' in 0.0006 seconds. Added 0 classes and 0 folders.
[2022.06.09-10.34.55:888][  0]LogLoad: (Engine Initialization) Total time: 399.66 seconds
[2022.06.09-10.34.55:888][  0]LogLoad: (Engine Initialization) Total Blueprint compile time: 0.00 seconds
[2022.06.09-10.34.56:404][  0]LogContentStreaming: Texture pool size now 400 MB
[2022.06.09-10.34.56:847][  0]LogSlate: Took 0.039368 seconds to synchronously load lazily loaded font '../../../Engine/Content/Slate/Fonts/Roboto-Light.ttf' (167K)
[2022.06.09-10.34.58:734][  4]LogAssetRegistry: Asset discovery search completed in 140.9535 seconds
[2022.06.09-10.34.59:091][  4]LogCollectionManager: Rebuilt the object cache for 0 collections in 0.000001 seconds (found 0 objects)
[2022.06.09-10.34.59:091][  4]LogCollectionManager: Fixed up redirectors for 0 collections in 0.012076 seconds (updated 0 objects)
[2022.06.09-10.35.16:419][293]LogSlate: FSceneViewport::OnFocusLost() reason 0
[2022.06.09-10.35.18:356][400]LogSlate: Took 0.000259 seconds to synchronously load lazily loaded font '../../../Engine/Content/Slate/Fonts/Roboto-Light.ttf' (167K)
[2022.06.09-10.35.18:381][400]LogAssetEditorManager: Opening Asset editor for Class /Script/TanksMiniGame.BasePawn
[2022.06.09-10.41.19:936][909]LogUnrealEdMisc: Warning: Heartbeat event firing too frequently (0.000 sec). This should never happen. Something is wrong with the timer delegate!
[2022.06.09-10.41.19:936][909]LogUnrealEdMisc: Warning: Heartbeat event firing too frequently (0.000 sec). This should never happen. Something is wrong with the timer delegate!
[2022.06.09-10.41.19:936][909]LogUnrealEdMisc: Warning: Heartbeat event firing too frequently (0.000 sec). This should never happen. Something is wrong with the timer delegate!
[2022.06.09-10.41.19:936][909]LogUnrealEdMisc: Warning: Heartbeat event firing too frequently (0.000 sec). This should never happen. Something is wrong with the timer delegate!
[2022.06.09-10.41.56:208][ 17]LogUnrealEdMisc: Warning: Heartbeat event firing too frequently (36.273 sec). This should never happen. Something is wrong with the timer delegate!
[2022.06.09-10.45.06:768][818]LogAssetEditorManager: Opening Asset editor for Class /Script/TanksMiniGame.BasePawn
[2022.06.09-10.47.04:413][217]LogUObjectHash: Compacting FUObjectHashTables data took   1.86ms
[2022.06.09-10.47.08:486][217]LogSlate: Window 'TanksMiniGame - Unreal Editor' being destroyed
[2022.06.09-10.47.08:669][217]LogWindowsTextInputMethodSystem: Display: IME system now deactivated.
[2022.06.09-10.47.19:277][218]Cmd: QUIT_EDITOR
[2022.06.09-10.47.21:185][218]LogExit: Preparing to exit.
[2022.06.09-10.47.27:544][218]LogExit: Editor shut down
[2022.06.09-10.47.27:544][218]LogExit: Transaction tracking system shut down
[2022.06.09-10.47.40:197][218]LogExit: Object subsystem successfully closed.
[2022.06.09-10.47.41:701][218]LogShaderCompilers: Display: Shaders left to compile 0
[2022.06.09-10.47.41:868][218]LogD3D11RHI: Shutdown
[2022.06.09-10.47.41:868][218]LogD3D11RHI: CleanupD3DDevice
[2022.06.09-10.47.42:061][218]LogRendererCore: FGlobalReadBuffer::ReleaseRHI
[2022.06.09-10.47.42:062][218]LogRendererCore: FGlobalDynamicReadBuffer::Cleanup()
[2022.06.09-10.47.42:138][218]LogRendererCore: FGlobalReadBuffer::ReleaseRHI
[2022.06.09-10.47.42:138][218]LogRendererCore: FGlobalDynamicReadBuffer::Cleanup()
[2022.06.09-10.47.42:138][218]LogRendererCore: FGlobalReadBuffer::ReleaseRHI
[2022.06.09-10.47.42:139][218]LogRendererCore: FGlobalDynamicReadBuffer::Cleanup()
[2022.06.09-10.47.42:743][218]LogD3D11RHI: ~FD3D11DynamicRHI
[2022.06.09-10.47.49:270][218]LogModuleManager: Shutting down and abandoning module HierarchicalLODOutliner (686)
[2022.06.09-10.47.49:270][218]LogModuleManager: Shutting down and abandoning module SceneOutliner (684)
[2022.06.09-10.47.49:270][218]LogModuleManager: Shutting down and abandoning module AddContentDialog (682)
[2022.06.09-10.47.49:436][218]LogModuleManager: Shutting down and abandoning module WidgetCarousel (681)
[2022.06.09-10.47.49:436][218]LogModuleManager: Shutting down and abandoning module EditorWidgets (678)
[2022.06.09-10.47.49:436][218]LogModuleManager: Shutting down and abandoning module CollectionManager (676)
[2022.06.09-10.47.49:478][218]LogModuleManager: Shutting down and abandoning module StatsViewer (674)
[2022.06.09-10.47.49:535][218]LogModuleManager: Shutting down and abandoning module FoliageEdit (672)
[2022.06.09-10.47.49:562][218]LogModuleManager: Shutting down and abandoning module LandscapeEditor (670)
[2022.06.09-10.47.49:744][218]LogModuleManager: Shutting down and abandoning module MeshPaintMode (668)
[2022.06.09-10.47.49:782][218]LogModuleManager: Shutting down and abandoning module SceneDepthPickerMode (666)
[2022.06.09-10.47.49:782][218]LogModuleManager: Shutting down and abandoning module ActorPickerMode (664)
[2022.06.09-10.47.49:782][218]LogModuleManager: Shutting down and abandoning module GeometryMode (662)
[2022.06.09-10.47.49:782][218]LogModuleManager: Shutting down and abandoning module TextureAlignMode (660)
[2022.06.09-10.47.49:782][218]LogModuleManager: Shutting down and abandoning module BspMode (658)
[2022.06.09-10.47.49:835][218]LogModuleManager: Shutting down and abandoning module PIEPreviewDeviceProfileSelector (656)
[2022.06.09-10.47.50:077][218]LogModuleManager: Shutting down and abandoning module SequenceRecorderSections (654)
[2022.06.09-10.47.50:077][218]LogModuleManager: Shutting down and abandoning module AutomationWorker (652)
[2022.06.09-10.47.50:112][218]LogModuleManager: Shutting down and abandoning module DatasmithFBXImporter (650)
[2022.06.09-10.47.50:164][218]LogModuleManager: Shutting down and abandoning module DatasmithDeltaGenImporter (648)
[2022.06.09-10.47.50:232][218]LogModuleManager: Shutting down and abandoning module DatasmithVREDImporter (646)
[2022.06.09-10.47.50:232][218]LogModuleManager: Shutting down and abandoning module OculusMR (644)
[2022.06.09-10.47.50:232][218]LogModuleManager: Shutting down and abandoning module AudioCaptureEditor (642)
[2022.06.09-10.47.50:294][218]LogModuleManager: Shutting down and abandoning module MatineeToLevelSequence (640)
[2022.06.09-10.47.50:419][218]LogModuleManager: Shutting down and abandoning module LevelSequenceEditor (638)
[2022.06.09-10.47.50:596][218]LogModuleManager: Shutting down and abandoning module PlacementMode (637)
[2022.06.09-10.47.50:596][218]LogModuleManager: Shutting down and abandoning module MaterialEditor (636)
[2022.06.09-10.47.50:910][218]LogModuleManager: Shutting down and abandoning module ActorSequenceEditor (632)
[2022.06.09-10.47.50:968][218]LogModuleManager: Shutting down and abandoning module WmfMediaFactory (630)
[2022.06.09-10.47.50:968][218]LogModuleManager: Shutting down and abandoning module WmfMediaEditor (628)
[2022.06.09-10.47.50:968][218]LogModuleManager: Shutting down and abandoning module WebMMediaFactory (626)
[2022.06.09-10.47.50:968][218]LogModuleManager: Shutting down and abandoning module WebMMediaEditor (624)
[2022.06.09-10.47.50:968][218]LogModuleManager: Shutting down and abandoning module WebMMedia (622)
[2022.06.09-10.47.51:072][218]LogModuleManager: Shutting down and abandoning module MediaPlayerEditor (620)
[2022.06.09-10.47.51:184][218]LogModuleManager: Shutting down and abandoning module MediaCompositingEditor (618)
[2022.06.09-10.47.51:229][218]LogModuleManager: Shutting down and abandoning module SequenceRecorder (617)
[2022.06.09-10.47.51:229][218]LogModuleManager: Shutting down and abandoning module OpenExrWrapper (614)
[2022.06.09-10.47.51:229][218]LogModuleManager: Shutting down and abandoning module ImgMediaFactory (612)
[2022.06.09-10.47.51:229][218]LogModuleManager: Shutting down and abandoning module ImgMediaEditor (610)
[2022.06.09-10.47.51:229][218]LogModuleManager: Shutting down and abandoning module AvfMediaFactory (608)
[2022.06.09-10.47.51:229][218]LogModuleManager: Shutting down and abandoning module AvfMediaEditor (606)
[2022.06.09-10.47.51:229][218]LogModuleManager: Shutting down and abandoning module AndroidMediaFactory (604)
[2022.06.09-10.47.51:229][218]LogModuleManager: Shutting down and abandoning module AndroidMediaEditor (602)
[2022.06.09-10.47.51:229][218]LogModuleManager: Shutting down and abandoning module MagicLeapCameraPreviewFactory (600)
[2022.06.09-10.47.51:229][218]LogModuleManager: Shutting down and abandoning module MagicLeapMediaCodecFactory (598)
[2022.06.09-10.47.51:229][218]LogModuleManager: Shutting down and abandoning module MagicLeapMediaFactory (596)
[2022.06.09-10.47.51:229][218]LogModuleManager: Shutting down and abandoning module MagicLeapMediaEditor (594)
[2022.06.09-10.47.51:229][218]LogModuleManager: Shutting down and abandoning module CharacterAI (592)
[2022.06.09-10.47.51:229][218]LogModuleManager: Shutting down and abandoning module SmartSnapping (590)
[2022.06.09-10.47.51:229][218]LogModuleManager: Shutting down and abandoning module SessionServices (588)
[2022.06.09-10.47.51:229][218]LogModuleManager: Shutting down and abandoning module MeshPaint (586)
[2022.06.09-10.47.51:256][218]LogModuleManager: Shutting down and abandoning module ViewportSnapping (584)
[2022.06.09-10.47.51:256][218]LogModuleManager: Shutting down and abandoning module ViewportInteraction (582)
[2022.06.09-10.47.51:256][218]LogModuleManager: Shutting down and abandoning module ClothPainter (580)
[2022.06.09-10.47.51:303][218]LogModuleManager: Shutting down and abandoning module SkeletalMeshEditor (579)
[2022.06.09-10.47.51:538][218]LogModuleManager: Shutting down and abandoning module LogVisualizer (576)
[2022.06.09-10.47.51:637][218]LogModuleManager: Shutting down and abandoning module IntroTutorials (574)
[2022.06.09-10.47.51:782][218]LogModuleManager: Shutting down and abandoning module GameProjectGeneration (573)
[2022.06.09-10.47.51:871][218]LogModuleManager: Shutting down and abandoning module LuminPlatformEditor (570)
[2022.06.09-10.47.51:871][218]LogModuleManager: Shutting down and abandoning module IOSPlatformEditor (568)
[2022.06.09-10.47.51:871][218]LogModuleManager: Shutting down and abandoning module HTML5PlatformEditor (566)
[2022.06.09-10.47.51:871][218]LogModuleManager: Shutting down and abandoning module AndroidPlatformEditor (564)
[2022.06.09-10.47.51:895][218]LogModuleManager: Shutting down and abandoning module AndroidDeviceDetection (563)
[2022.06.09-10.47.52:787][218]LogModuleManager: Shutting down and abandoning module WindowsPlatformEditor (560)
[2022.06.09-10.47.52:787][218]LogModuleManager: Shutting down and abandoning module LuminRuntimeSettings (558)
[2022.06.09-10.47.52:787][218]LogModuleManager: Shutting down and abandoning module IOSRuntimeSettings (556)
[2022.06.09-10.47.52:787][218]LogModuleManager: Shutting down and abandoning module AndroidRuntimeSettings (554)
[2022.06.09-10.47.52:787][218]LogModuleManager: Shutting down and abandoning module TimeManagementEditor (552)
[2022.06.09-10.47.52:787][218]LogModuleManager: Shutting down and abandoning module InputBindingEditor (550)
[2022.06.09-10.47.52:841][218]LogModuleManager: Shutting down and abandoning module MergeActors (548)
[2022.06.09-10.47.52:985][218]LogModuleManager: Shutting down and abandoning module LocalizationDashboard (546)
[2022.06.09-10.47.53:086][218]LogModuleManager: Shutting down and abandoning module LocalizationService (545)
[2022.06.09-10.47.53:112][218]LogModuleManager: Shutting down and abandoning module HardwareTargeting (542)
[2022.06.09-10.47.53:112][218]LogModuleManager: Shutting down and abandoning module DeviceProfileEditor (540)
[2022.06.09-10.47.53:154][218]LogModuleManager: Shutting down and abandoning module UndoHistory (538)
[2022.06.09-10.47.53:214][218]LogModuleManager: Shutting down and abandoning module XmlParser (536)
[2022.06.09-10.47.53:245][218]LogModuleManager: Shutting down and abandoning module Blutility (534)
[2022.06.09-10.47.53:368][218]LogModuleManager: Shutting down and abandoning module ProjectSettingsViewer (532)
[2022.06.09-10.47.53:368][218]LogModuleManager: Shutting down and abandoning module ProjectTargetPlatformEditor (531)
[2022.06.09-10.47.53:368][218]LogModuleManager: Shutting down and abandoning module EditorSettingsViewer (528)
[2022.06.09-10.47.53:368][218]LogModuleManager: Shutting down and abandoning module SettingsEditor (526)
[2022.06.09-10.47.53:428][218]LogModuleManager: Shutting down and abandoning module ProjectLauncher (524)
[2022.06.09-10.47.53:486][218]LogModuleManager: Shutting down and abandoning module SessionFrontend (522)
[2022.06.09-10.47.53:540][218]LogModuleManager: Shutting down and abandoning module ProfilerClient (520)
[2022.06.09-10.47.53:568][218]LogModuleManager: Shutting down and abandoning module DeviceManager (518)
[2022.06.09-10.47.53:749][218]LogModuleManager: Shutting down and abandoning module TargetDeviceServices (517)
[2022.06.09-10.47.53:861][218]LogModuleManager: Shutting down and abandoning module AutomationController (514)
[2022.06.09-10.47.54:026][218]LogModuleManager: Shutting down and abandoning module AutomationWindow (512)
[2022.06.09-10.47.54:101][218]LogModuleManager: Shutting down and abandoning module Layers (510)
[2022.06.09-10.47.54:353][218]LogModuleManager: Shutting down and abandoning module ComponentVisualizers (508)
[2022.06.09-10.47.54:353][218]LogModuleManager: Shutting down and abandoning module DetailCustomizations (506)
[2022.06.09-10.47.54:521][218]LogModuleManager: Shutting down and abandoning module PackagesDialog (504)
[2022.06.09-10.47.54:600][218]LogModuleManager: Shutting down and abandoning module AnimationBlueprintEditor (502)
[2022.06.09-10.47.54:912][218]LogModuleManager: Shutting down and abandoning module Persona (500)
[2022.06.09-10.47.55:074][218]LogModuleManager: Shutting down and abandoning module AnimGraph (499)
[2022.06.09-10.47.55:074][218]LogModuleManager: Shutting down and abandoning module Kismet (496)
[2022.06.09-10.47.55:404][218]LogModuleManager: Shutting down and abandoning module GraphEditor (494)
[2022.06.09-10.47.55:702][218]LogModuleManager: Shutting down and abandoning module ClassViewer (492)
[2022.06.09-10.47.55:703][218]LogModuleManager: Shutting down and abandoning module Toolbox (490)
[2022.06.09-10.47.55:703][218]LogModuleManager: Shutting down and abandoning module ModuleUI (488)
[2022.06.09-10.47.55:737][218]LogModuleManager: Shutting down and abandoning module MovieSceneTools (486)
[2022.06.09-10.47.55:737][218]LogModuleManager: Shutting down and abandoning module OutputLog (484)
[2022.06.09-10.47.55:737][218]LogModuleManager: Shutting down and abandoning module GammaUI (482)
[2022.06.09-10.47.55:798][218]LogModuleManager: Shutting down and abandoning module Documentation (480)
[2022.06.09-10.47.55:798][218]LogModuleManager: Shutting down and abandoning module LiveCoding (478)
[2022.06.09-10.47.55:831][218]LogModuleManager: Shutting down and abandoning module LevelSequence (476)
[2022.06.09-10.47.55:831][218]LogModuleManager: Shutting down and abandoning module MovieSceneTracks (474)
[2022.06.09-10.47.55:831][218]LogModuleManager: Shutting down and abandoning module MovieScene (472)
[2022.06.09-10.47.55:860][218]LogModuleManager: Shutting down and abandoning module StreamingPauseRendering (470)
[2022.06.09-10.47.55:908][218]LogModuleManager: Shutting down and abandoning module LauncherPlatform (468)
[2022.06.09-10.47.55:908][218]LogModuleManager: Shutting down and abandoning module AnalyticsET (466)
[2022.06.09-10.47.55:908][218]LogModuleManager: Shutting down and abandoning module PortalServices (464)
[2022.06.09-10.47.55:908][218]LogModuleManager: Shutting down and abandoning module PortalRpc (462)
[2022.06.09-10.47.55:908][218]LogModuleManager: Shutting down and abandoning module MessagingRpc (460)
[2022.06.09-10.47.55:908][218]LogModuleManager: Shutting down and abandoning module AIModule (458)
[2022.06.09-10.47.56:068][218]LogModuleManager: Shutting down and abandoning module GameplayDebugger (457)
[2022.06.09-10.47.56:085][218]LogModuleManager: Shutting down and abandoning module AITestSuite (455)
[2022.06.09-10.47.56:119][218]LogModuleManager: Shutting down and abandoning module NavigationSystem (453)
[2022.06.09-10.47.56:119][218]LogModuleManager: Shutting down and abandoning module ImageWriteQueue (450)
[2022.06.09-10.47.56:123][218]LogModuleManager: Shutting down and abandoning module ProfilerService (448)
[2022.06.09-10.47.56:312][218]LogModuleManager: Shutting down and abandoning module TaskGraph (446)
[2022.06.09-10.47.56:447][218]LogModuleManager: Shutting down and abandoning module DatasmithCADImporter (444)
[2022.06.09-10.47.56:448][218]LogModuleManager: Shutting down and abandoning module VariantManager (442)
[2022.06.09-10.47.56:581][218]LogModuleManager: Shutting down and abandoning module StaticMeshEditorExtension (440)
[2022.06.09-10.47.56:581][218]LogModuleManager: Shutting down and abandoning module StaticMeshEditor (439)
[2022.06.09-10.47.56:762][218]LogModuleManager: Shutting down and abandoning module AdvancedPreviewScene (438)
[2022.06.09-10.47.56:762][218]LogModuleManager: Shutting down and abandoning module MeshProcessingLibrary (435)
[2022.06.09-10.47.56:821][218]LogModuleManager: Shutting down and abandoning module MDLImporter (432)
[2022.06.09-10.47.56:892][218]LogModuleManager: Shutting down and abandoning module DatasmithGLTFImporter (430)
[2022.06.09-10.47.57:037][218]LogModuleManager: Shutting down and abandoning module DatasmithImporter (429)
[2022.06.09-10.47.57:374][218]LogModuleManager: Shutting down and abandoning module DatasmithDataPrepLibraries (426)
[2022.06.09-10.47.57:414][218]LogModuleManager: Shutting down and abandoning module DatasmithDataPrepEditor (424)
[2022.06.09-10.47.57:644][218]LogModuleManager: Shutting down and abandoning module SteamVRController (422)
[2022.06.09-10.47.57:644][218]LogModuleManager: Shutting down and abandoning module ProceduralMeshComponentEditor (420)
[2022.06.09-10.47.57:678][218]LogModuleManager: Shutting down and abandoning module ProceduralMeshComponent (418)
[2022.06.09-10.47.57:715][218]LogModuleManager: Shutting down and abandoning module OculusEditor (416)
[2022.06.09-10.47.57:765][218]LogModuleManager: Shutting down and abandoning module OculusInput (414)
[2022.06.09-10.47.57:765][218]LogModuleManager: Shutting down and abandoning module MobilePatchingUtils (412)
[2022.06.09-10.47.57:765][218]LogModuleManager: Shutting down and abandoning module EditableMesh (410)
[2022.06.09-10.47.57:781][218]LogModuleManager: Shutting down and abandoning module CustomMeshComponent (408)
[2022.06.09-10.47.57:781][218]LogModuleManager: Shutting down and abandoning module CableComponent (406)
[2022.06.09-10.47.57:818][218]LogModuleManager: Shutting down and abandoning module AudioCapture (404)
[2022.06.09-10.47.57:818][218]LogModuleManager: Shutting down and abandoning module ArchVisCharacter (402)
[2022.06.09-10.47.57:818][218]LogModuleManager: Shutting down and abandoning module AndroidPermission (400)
[2022.06.09-10.47.57:818][218]LogModuleManager: Shutting down and abandoning module NUTUnrealEngine4 (398)
[2022.06.09-10.47.57:897][218]LogModuleManager: Shutting down and abandoning module NetcodeUnitTest (396)
[2022.06.09-10.47.58:007][218]LogModuleManager: Shutting down and abandoning module MediaCompositing (394)
[2022.06.09-10.47.58:007][218]LogModuleManager: Shutting down and abandoning module LinearTimecode (392)
[2022.06.09-10.47.58:007][218]LogModuleManager: Shutting down and abandoning module ImgMedia (390)
[2022.06.09-10.47.58:007][218]LogModuleManager: Shutting down and abandoning module MagicLeapHelperVulkan (388)
[2022.06.09-10.47.58:007][218]LogModuleManager: Shutting down and abandoning module MagicLeapHelperOpenGL (386)
[2022.06.09-10.47.58:079][218]LogModuleManager: Shutting down and abandoning module MagicLeapAudio (384)
[2022.06.09-10.47.58:113][218]LogModuleManager: Shutting down and abandoning module HTML5Networking (382)
[2022.06.09-10.47.58:113][218]LogModuleManager: Shutting down and abandoning module GeometryCollectionEditor (380)
[2022.06.09-10.47.58:231][218]LogModuleManager: Shutting down and abandoning module GeometryCollectionExampleCore (378)
[2022.06.09-10.47.58:317][218]LogModuleManager: Shutting down and abandoning module GeometryCacheTracks (376)
[2022.06.09-10.47.58:317][218]LogModuleManager: Shutting down and abandoning module GeometryCacheSequencer (374)
[2022.06.09-10.47.58:317][218]LogModuleManager: Shutting down and abandoning module ChaosSolverEditor (372)
[2022.06.09-10.47.58:317][218]LogModuleManager: Shutting down and abandoning module BlastAuthoring (370)
[2022.06.09-10.47.58:317][218]LogModuleManager: Shutting down and abandoning module BackChannel (368)
[2022.06.09-10.47.58:367][218]LogModuleManager: Shutting down and abandoning module AppleVision (366)
[2022.06.09-10.47.58:368][218]LogModuleManager: Shutting down and abandoning module AppleImageUtilsBlueprintSupport (364)
[2022.06.09-10.47.58:368][218]LogModuleManager: Shutting down and abandoning module AppleImageUtils (362)
[2022.06.09-10.47.58:368][218]LogModuleManager: Shutting down and abandoning module AlembicImporter (360)
[2022.06.09-10.47.58:368][218]LogModuleManager: Shutting down and abandoning module AlembicLibrary (359)
[2022.06.09-10.47.58:368][218]LogModuleManager: Shutting down and abandoning module GeometryCache (358)
[2022.06.09-10.47.58:368][218]LogModuleManager: Shutting down and abandoning module GeometryCacheEd (357)
[2022.06.09-10.47.58:368][218]LogModuleManager: Shutting down and abandoning module VariantManagerContent (352)
[2022.06.09-10.47.58:368][218]LogModuleManager: Shutting down and abandoning module DatasmithContentEditor (350)
[2022.06.09-10.47.58:368][218]LogModuleManager: Shutting down and abandoning module SpeedTreeImporter (348)
[2022.06.09-10.47.58:368][218]LogModuleManager: Shutting down and abandoning module PluginBrowser (346)
[2022.06.09-10.47.58:662][218]LogModuleManager: Shutting down and abandoning module MobileLauncherProfileWizard (344)
[2022.06.09-10.47.58:707][218]LogModuleManager: Shutting down and abandoning module PolygonModeling (342)
[2022.06.09-10.47.58:707][218]LogModuleManager: Shutting down and abandoning module MeshEditor (340)
[2022.06.09-10.47.58:707][218]LogModuleManager: Shutting down and abandoning module MaterialAnalyzer (338)
[2022.06.09-10.47.58:749][218]LogModuleManager: Shutting down and abandoning module GLTFImporter (336)
[2022.06.09-10.47.58:796][218]LogModuleManager: Shutting down and abandoning module EditorScriptingUtilities (334)
[2022.06.09-10.47.58:796][218]LogModuleManager: Shutting down and abandoning module CryptoKeysOpenSSL (332)
[2022.06.09-10.47.58:796][218]LogModuleManager: Shutting down and abandoning module CryptoKeys (330)
[2022.06.09-10.47.58:796][218]LogModuleManager: Shutting down and abandoning module VisualStudioSourceCodeAccess (328)
[2022.06.09-10.47.58:796][218]LogModuleManager: Shutting down and abandoning module VisualStudioCodeSourceCodeAccess (326)
[2022.06.09-10.47.58:796][218]LogModuleManager: Shutting down and abandoning module UObjectPlugin (324)
[2022.06.09-10.47.58:796][218]LogModuleManager: Shutting down and abandoning module SubversionSourceControl (322)
[2022.06.09-10.47.58:886][218]LogModuleManager: Shutting down and abandoning module PerforceSourceControl (320)
[2022.06.09-10.47.59:041][218]LogModuleManager: Shutting down and abandoning module GitSourceControl (318)
[2022.06.09-10.47.59:071][218]LogModuleManager: Shutting down and abandoning module SourceControl (317)
[2022.06.09-10.47.59:096][218]LogModuleManager: Shutting down and abandoning module CLionSourceCodeAccess (314)
[2022.06.09-10.47.59:096][218]LogModuleManager: Shutting down and abandoning module AnimationSharingEd (312)
[2022.06.09-10.47.59:096][218]LogModuleManager: Shutting down and abandoning module ActorLayerUtilitiesEditor (310)
[2022.06.09-10.47.59:096][218]LogModuleManager: Shutting down and abandoning module ActorLayerUtilities (308)
[2022.06.09-10.47.59:096][218]LogModuleManager: Shutting down and abandoning module LightPropagationVolumeEditor (306)
[2022.06.09-10.47.59:096][218]LogModuleManager: Shutting down and abandoning module PaperTiledImporter (304)
[2022.06.09-10.47.59:096][218]LogModuleManager: Shutting down and abandoning module PaperSpriteSheetImporter (302)
[2022.06.09-10.47.59:096][218]LogModuleManager: Shutting down and abandoning module Paper2DEditor (300)
[2022.06.09-10.47.59:260][218]LogModuleManager: Shutting down and abandoning module TanksMiniGame (298)
[2022.06.09-10.47.59:260][218]LogModuleManager: Shutting down and abandoning module SignificanceManager (296)
[2022.06.09-10.47.59:260][218]LogModuleManager: Shutting down and abandoning module RuntimePhysXCooking (294)
[2022.06.09-10.47.59:260][218]LogModuleManager: Shutting down and abandoning module PhysXVehiclesEditor (292)
[2022.06.09-10.47.59:260][218]LogModuleManager: Shutting down and abandoning module PhysXVehicles (290)
[2022.06.09-10.47.59:260][218]LogModuleManager: Shutting down and abandoning module LocationServicesBPLibrary (288)
[2022.06.09-10.47.59:260][218]LogModuleManager: Shutting down and abandoning module ActorSequence (286)
[2022.06.09-10.47.59:261][218]LogModuleManager: Shutting down and abandoning module UdpMessaging (284)
[2022.06.09-10.47.59:362][218]LogModuleManager: Shutting down and abandoning module TcpMessaging (282)
[2022.06.09-10.47.59:535][218]LogModuleManager: Shutting down and abandoning module MagicLeapIdentity (280)
[2022.06.09-10.47.59:535][218]LogModuleManager: Shutting down and abandoning module MagicLeapSecureStorage (278)
[2022.06.09-10.47.59:535][218]LogModuleManager: Shutting down and abandoning module MagicLeapHandTracking (276)
[2022.06.09-10.47.59:562][218]LogModuleManager: Shutting down and abandoning module MagicLeapEyeTracker (274)
[2022.06.09-10.47.59:562][218]LogModuleManager: Shutting down and abandoning module MagicLeapController (272)
[2022.06.09-10.47.59:584][218]LogSlate: Slate User Destroyed.  User Index 0, Is Virtual User: 0
[2022.06.09-10.47.59:584][218]LogModuleManager: Shutting down and abandoning module MagicLeapAR (270)
[2022.06.09-10.47.59:584][218]LogModuleManager: Shutting down and abandoning module AugmentedReality (269)
[2022.06.09-10.47.59:584][218]LogModuleManager: Shutting down and abandoning module GameplayTagsEditor (266)
[2022.06.09-10.47.59:650][218]LogModuleManager: Shutting down and abandoning module FacialAnimationEditor (264)
[2022.06.09-10.47.59:650][218]LogModuleManager: Shutting down and abandoning module FacialAnimation (262)
[2022.06.09-10.47.59:650][218]LogModuleManager: Shutting down and abandoning module DataValidation (260)
[2022.06.09-10.47.59:650][218]LogModuleManager: Shutting down and abandoning module AssetManagerEditor (258)
[2022.06.09-10.47.59:748][218]LogModuleManager: Shutting down and abandoning module LevelEditor (257)
[2022.06.09-10.47.59:846][218]LogModuleManager: Shutting down and abandoning module PixelInspectorModule (256)
[2022.06.09-10.47.59:901][218]LogModuleManager: Shutting down and abandoning module CommonMenuExtensions (254)
[2022.06.09-10.47.59:901][218]LogModuleManager: Shutting down and abandoning module MainFrame (252)
[2022.06.09-10.47.59:902][218]LogModuleManager: Shutting down and abandoning module HotReload (251)
[2022.06.09-10.47.59:970][218]LogModuleManager: Shutting down and abandoning module ContentBrowser (247)
[2022.06.09-10.47.59:971][218]LogModuleManager: Shutting down and abandoning module TreeMap (245)
[2022.06.09-10.48.00:014][218]LogModuleManager: Shutting down and abandoning module AnimationSharing (242)
[2022.06.09-10.48.00:014][218]LogModuleManager: Shutting down and abandoning module LightPropagationVolumeRuntime (240)
[2022.06.09-10.48.00:014][218]LogModuleManager: Shutting down and abandoning module AISupportModule (238)
[2022.06.09-10.48.00:014][218]LogModuleManager: Shutting down and abandoning module Paper2D (236)
[2022.06.09-10.48.00:056][218]LogModuleManager: Shutting down and abandoning module WindowsMoviePlayer (234)
[2022.06.09-10.48.00:139][218]LogModuleManager: Shutting down and abandoning module WebMMoviePlayer (232)
[2022.06.09-10.48.00:170][218]LogModuleManager: Shutting down and abandoning module PacketHandler (230)
[2022.06.09-10.48.00:170][218]LogModuleManager: Shutting down and abandoning module ClothingSystemEditor (228)
[2022.06.09-10.48.00:170][218]LogModuleManager: Shutting down and abandoning module ClothingSystemRuntime (226)
[2022.06.09-10.48.00:273][218]LogModuleManager: Shutting down and abandoning module MediaAssets (224)
[2022.06.09-10.48.00:273][218]LogModuleManager: Shutting down and abandoning module Overlay (222)
[2022.06.09-10.48.00:273][218]LogModuleManager: Shutting down and abandoning module OverlayEditor (221)
[2022.06.09-10.48.00:273][218]LogModuleManager: Shutting down and abandoning module VREditor (218)
[2022.06.09-10.48.00:337][218]LogModuleManager: Shutting down and abandoning module StringTableEditor (216)
[2022.06.09-10.48.00:475][218]LogModuleManager: Shutting down and abandoning module GameplayTasksEditor (214)
[2022.06.09-10.48.00:476][218]LogModuleManager: Shutting down and abandoning module BehaviorTreeEditor (212)
[2022.06.09-10.48.00:674][218]LogModuleManager: Shutting down and abandoning module FunctionalTesting (210)
[2022.06.09-10.48.00:754][218]LogModuleManager: Shutting down and abandoning module CollisionAnalyzer (208)
[2022.06.09-10.48.00:840][218]LogModuleManager: Shutting down and abandoning module WorkspaceMenuStructure (207)
[2022.06.09-10.48.00:882][218]LogModuleManager: Shutting down and abandoning module UMG (204)
[2022.06.09-10.48.00:918][218]LogModuleManager: Shutting down and abandoning module UMGEditor (203)
[2022.06.09-10.48.01:100][218]LogModuleManager: Shutting down and abandoning module Sequencer (202)
[2022.06.09-10.48.01:486][218]LogModuleManager: Shutting down and abandoning module MessageLog (199)
[2022.06.09-10.48.01:486][218]LogModuleManager: Shutting down and abandoning module SlateReflector (194)
[2022.06.09-10.48.01:744][218]LogModuleManager: Shutting down and abandoning module Slate (192)
[2022.06.09-10.48.01:744][218]LogModuleManager: Shutting down and abandoning module EditorStyle (190)
[2022.06.09-10.48.01:747][218]LogModuleManager: Shutting down and abandoning module UnrealEd (188)
[2022.06.09-10.48.01:790][218]LogModuleManager: Shutting down and abandoning module MRMesh (186)
[2022.06.09-10.48.01:790][218]LogModuleManager: Shutting down and abandoning module SourceCodeAccess (184)
[2022.06.09-10.48.01:790][218]LogModuleManager: Shutting down and abandoning module HeadMountedDisplay (182)
[2022.06.09-10.48.01:790][218]LogModuleManager: Shutting down and abandoning module XAudio2 (180)
[2022.06.09-10.48.01:790][218]LogModuleManager: Shutting down and abandoning module Networking (178)
[2022.06.09-10.48.01:791][218]LogModuleManager: Shutting down and abandoning module Core (176)
[2022.06.09-10.48.01:791][218]LogModuleManager: Shutting down and abandoning module KismetCompiler (174)
[2022.06.09-10.48.01:791][218]LogModuleManager: Shutting down and abandoning module MeshUtilities (172)
[2022.06.09-10.48.01:791][218]LogModuleManager: Shutting down and abandoning module MeshMergeUtilities (171)
[2022.06.09-10.48.01:879][218]LogModuleManager: Shutting down and abandoning module MeshReductionInterface (170)
[2022.06.09-10.48.01:879][218]LogModuleManager: Shutting down and abandoning module SkeletalMeshReduction (169)
[2022.06.09-10.48.01:917][218]LogModuleManager: Shutting down and abandoning module ProxyLODMeshReduction (167)
[2022.06.09-10.48.02:044][218]LogModuleManager: Shutting down and abandoning module QuadricMeshReduction (165)
[2022.06.09-10.48.02:080][218]LogModuleManager: Shutting down and abandoning module MaterialBaking (161)
[2022.06.09-10.48.02:097][218]LogModuleManager: Shutting down and abandoning module DerivedDataCache (156)
[2022.06.09-10.48.02:161][218]LogDerivedDataCache: Shutdown
[2022.06.09-10.48.02:161][218]LogModuleManager: Shutting down and abandoning module XGEController (154)
[2022.06.09-10.48.02:199][218]LogModuleManager: Shutting down and abandoning module TargetPlatform (152)
[2022.06.09-10.48.02:258][218]LogModuleManager: Shutting down and abandoning module VulkanShaderFormat (151)
[2022.06.09-10.48.02:371][218]LogModuleManager: Shutting down and abandoning module ShaderFormatVectorVM (149)
[2022.06.09-10.48.02:408][218]LogModuleManager: Shutting down and abandoning module ShaderFormatOpenGL (147)
[2022.06.09-10.48.02:458][218]LogModuleManager: Shutting down and abandoning module ShaderFormatD3D (145)
[2022.06.09-10.48.02:491][218]LogModuleManager: Shutting down and abandoning module MetalShaderFormat (143)
[2022.06.09-10.48.02:539][218]LogModuleManager: Shutting down and abandoning module TextureFormatUncompressed (141)
[2022.06.09-10.48.02:539][218]LogModuleManager: Shutting down and abandoning module TextureFormatPVR (139)
[2022.06.09-10.48.02:539][218]LogModuleManager: Shutting down and abandoning module TextureFormatDXT (137)
[2022.06.09-10.48.02:586][218]LogModuleManager: Shutting down and abandoning module TextureFormatIntelISPCTexComp (135)
[2022.06.09-10.48.02:665][218]LogModuleManager: Shutting down and abandoning module TextureFormatASTC (133)
[2022.06.09-10.48.02:665][218]LogModuleManager: Shutting down and abandoning module ImageWrapper (132)
[2022.06.09-10.48.02:665][218]LogModuleManager: Shutting down and abandoning module TextureFormatAndroid (129)
[2022.06.09-10.48.02:665][218]LogModuleManager: Shutting down and abandoning module AudioFormatOpus (127)
[2022.06.09-10.48.02:710][218]LogModuleManager: Shutting down and abandoning module AudioFormatOgg (125)
[2022.06.09-10.48.02:710][218]LogModuleManager: Shutting down and abandoning module AudioFormatADPCM (123)
[2022.06.09-10.48.02:739][218]LogModuleManager: Shutting down and abandoning module LuminTargetPlatform (121)
[2022.06.09-10.48.02:799][218]LogModuleManager: Shutting down and abandoning module LinuxTargetPlatform (119)
[2022.06.09-10.48.02:799][218]LogModuleManager: Shutting down and abandoning module LinuxServerTargetPlatform (117)
[2022.06.09-10.48.02:852][218]LogModuleManager: Shutting down and abandoning module LinuxNoEditorTargetPlatform (115)
[2022.06.09-10.48.02:879][218]LogModuleManager: Shutting down and abandoning module LinuxClientTargetPlatform (113)
[2022.06.09-10.48.02:909][218]LogModuleManager: Shutting down and abandoning module TVOSTargetPlatform (111)
[2022.06.09-10.48.02:910][218]LogModuleManager: Shutting down and abandoning module Messaging (109)
[2022.06.09-10.48.02:910][218]LogModuleManager: Shutting down and abandoning module IOSTargetPlatform (107)
[2022.06.09-10.48.02:912][218]LogModuleManager: Shutting down and abandoning module HTML5TargetPlatform (105)
[2022.06.09-10.48.02:912][218]LogModuleManager: Shutting down and abandoning module AndroidTargetPlatform (103)
[2022.06.09-10.48.02:920][218]LogModuleManager: Shutting down and abandoning module WindowsTargetPlatform (101)
[2022.06.09-10.48.02:920][218]LogModuleManager: Shutting down and abandoning module WindowsServerTargetPlatform (99)
[2022.06.09-10.48.02:920][218]LogModuleManager: Shutting down and abandoning module WindowsNoEditorTargetPlatform (97)
[2022.06.09-10.48.02:920][218]LogModuleManager: Shutting down and abandoning module WindowsClientTargetPlatform (95)
[2022.06.09-10.48.02:920][218]LogModuleManager: Shutting down and abandoning module MacTargetPlatform (93)
[2022.06.09-10.48.02:920][218]LogModuleManager: Shutting down and abandoning module MacServerTargetPlatform (91)
[2022.06.09-10.48.02:920][218]LogModuleManager: Shutting down and abandoning module MacNoEditorTargetPlatform (89)
[2022.06.09-10.48.02:920][218]LogModuleManager: Shutting down and abandoning module MacClientTargetPlatform (87)
[2022.06.09-10.48.02:920][218]LogModuleManager: Shutting down and abandoning module AllDesktopTargetPlatform (85)
[2022.06.09-10.48.02:921][218]LogModuleManager: Shutting down and abandoning module InputCore (82)
[2022.06.09-10.48.02:921][218]LogModuleManager: Shutting down and abandoning module Settings (80)
[2022.06.09-10.48.02:921][218]LogModuleManager: Shutting down and abandoning module DirectoryWatcher (78)
[2022.06.09-10.48.02:921][218]LogModuleManager: Shutting down and abandoning module PhysXCooking (76)
[2022.06.09-10.48.02:921][218]LogModuleManager: Shutting down and abandoning module SteamVR (74)
[2022.06.09-10.48.03:007][218]LogHMD: Freeing OpenVRDLLHandle.
[2022.06.09-10.48.03:008][218]LogModuleManager: Shutting down and abandoning module OculusHMD (72)
[2022.06.09-10.48.03:045][218]LogModuleManager: Shutting down and abandoning module ExampleDeviceProfileSelector (70)
[2022.06.09-10.48.03:045][218]LogModuleManager: Shutting down and abandoning module LauncherChunkInstaller (68)
[2022.06.09-10.48.03:046][218]LogModuleManager: Shutting down and abandoning module OnlineBlueprintSupport (66)
[2022.06.09-10.48.03:046][218]LogModuleManager: Shutting down and abandoning module OnlineSubsystem (62)
[2022.06.09-10.48.03:224][218]LogModuleManager: Shutting down and abandoning module XMPP (57)
[2022.06.09-10.48.03:395][218]LogModuleManager: Shutting down and abandoning module WebSockets (56)
[2022.06.09-10.48.03:876][218]LogModuleManager: Shutting down and abandoning module HTTP (53)
[2022.06.09-10.48.03:876][218]LogHttp: Display: Http module shutting down, but needs to wait on 1 outstanding Http requests:
[2022.06.09-10.48.03:876][218]LogHttp: Display: 	verb=[POST] url=[https://datarouter.ol.epicgames.com/datarouter/api/v1/public/data?SessionID=%7B4ED8522A-411A-45F5-C8CC-F2A611861C2D%7D&AppID=UEEditor.Rocket.Release&AppVersion=4.22.0-5660361%2B%2B%2BUE4%2BRelease-4.22&UserID=c7f6e53a46d6f42f2b11e7bfc89925ce%7Cd1e8de5257fd4791841550c52874b473%7C51ed53e2-c7bf-49e5-b5df-38ef365f1d22&AppEnvironment=datacollector-binary&UploadType=eteventstream] status=Processing
[2022.06.09-10.48.03:902][218]LogModuleManager: Shutting down and abandoning module SSL (52)
[2022.06.09-10.48.03:904][218]LogModuleManager: Shutting down and abandoning module WmfMedia (48)
[2022.06.09-10.48.04:093][218]LogModuleManager: Shutting down and abandoning module Media (47)
[2022.06.09-10.48.04:100][218]LogModuleManager: Shutting down and abandoning module MagicLeap (44)
[2022.06.09-10.48.04:187][218]LogModuleManager: Shutting down and abandoning module DatasmithContent (42)
[2022.06.09-10.48.04:188][218]LogModuleManager: Shutting down and abandoning module DesktopPlatform (40)
[2022.06.09-10.48.04:254][218]LogModuleManager: Shutting down and abandoning module AnimationModifiers (38)
[2022.06.09-10.48.04:314][218]LogModuleManager: Shutting down and abandoning module PropertyEditor (37)
[2022.06.09-10.48.04:385][218]LogModuleManager: Shutting down and abandoning module AudioEditor (34)
[2022.06.09-10.48.04:670][218]LogModuleManager: Shutting down and abandoning module TextureCompressor (32)
[2022.06.09-10.48.04:856][218]LogModuleManager: Shutting down and abandoning module RenderCore (30)
[2022.06.09-10.48.04:856][218]LogModuleManager: Shutting down and abandoning module Landscape (28)
[2022.06.09-10.48.04:893][218]LogModuleManager: Shutting down and abandoning module SlateRHIRenderer (26)
[2022.06.09-10.48.04:930][218]LogModuleManager: Shutting down and abandoning module OpenGLDrv (24)
[2022.06.09-10.48.05:046][218]LogModuleManager: Shutting down and abandoning module D3D11RHI (22)
[2022.06.09-10.48.05:046][218]LogModuleManager: Shutting down and abandoning module AnimGraphRuntime (20)
[2022.06.09-10.48.05:072][218]LogModuleManager: Shutting down and abandoning module Renderer (18)
[2022.06.09-10.48.05:180][218]LogModuleManager: Shutting down and abandoning module Engine (16)
[2022.06.09-10.48.05:180][218]LogModuleManager: Shutting down and abandoning module CoreUObject (14)
[2022.06.09-10.48.05:180][218]LogModuleManager: Shutting down and abandoning module NetworkFile (12)
[2022.06.09-10.48.05:244][218]LogModuleManager: Shutting down and abandoning module CookedIterativeFile (10)
[2022.06.09-10.48.05:245][218]LogModuleManager: Shutting down and abandoning module StreamingFile (8)
[2022.06.09-10.48.05:245][218]LogModuleManager: Shutting down and abandoning module SandboxFile (6)
[2022.06.09-10.48.05:245][218]LogModuleManager: Shutting down and abandoning module PakFile (4)
[2022.06.09-10.48.05:281][218]LogModuleManager: Shutting down and abandoning module RSA (3)
[2022.06.09-10.48.05:496][218]LogExit: Exiting.
[2022.06.09-10.48.05:574][218]Log file closed, 06/09/22 12:48:05
