Log file open, 06/09/22 12:51:21
LogWindows: Failed to load 'aqProf.dll' (GetLastError=126)
LogWindows: File 'aqProf.dll' does not exist
LogWindows: Failed to load 'VtuneApi.dll' (GetLastError=126)
LogWindows: File 'VtuneApi.dll' does not exist
LogWindows: Failed to load 'VtuneApi32e.dll' (GetLastError=126)
LogWindows: File 'VtuneApi32e.dll' does not exist
LogConsoleResponse: Display: Failed to find resolution value strings in scalability ini. Falling back to default.
LogInit: Display: Running engine for game: TanksMiniGame
LogPakFile: Registered encryption key '00000000000000000000000000000000': 0 pak files mounted, 0 remain pending
LogPlatformFile: Not using cached read wrapper
LogTaskGraph: Started task graph with 5 named threads and 11 total threads with 3 sets of task threads.
LogStats: Stats thread started at 0.200397
LogD3D11RHI: Loaded GFSDK_Aftermath_Lib.x64.dll
LogWindows: Failed to load '../../../Engine/Binaries/ThirdParty/libsndfile/Win64/libsndfile-1.dll' (GetLastError=126)
LogWindows: File '../../../Engine/Binaries/ThirdParty/libsndfile/Win64/libsndfile-1.dll' does not exist
LogAudioMixer: Display: Failed to load Sound File dll
LogAudioEditor: Display: LibSoundFile failed to load. Importing audio will not work correctly.
LogICUInternationalization: ICU TimeZone Detection - Raw Offset: +1:00, Platform Override: ''
LogPluginManager: Mounting plugin Paper2D
LogPluginManager: Mounting plugin AISupport
LogPluginManager: Mounting plugin LightPropagationVolume
LogPluginManager: Mounting plugin ActorLayerUtilities
LogPluginManager: Mounting plugin AnimationSharing
LogPluginManager: Mounting plugin CLionSourceCodeAccess
LogPluginManager: Mounting plugin CodeLiteSourceCodeAccess
LogPluginManager: Mounting plugin GitSourceControl
LogPluginManager: Mounting plugin KDevelopSourceCodeAccess
LogPluginManager: Mounting plugin NullSourceCodeAccess
LogPluginManager: Mounting plugin PerforceSourceControl
LogPluginManager: Mounting plugin SubversionSourceControl
LogPluginManager: Mounting plugin UObjectPlugin
LogPluginManager: Mounting plugin VisualStudioCodeSourceCodeAccess
LogPluginManager: Mounting plugin VisualStudioSourceCodeAccess
LogPluginManager: Mounting plugin XCodeSourceCodeAccess
LogPluginManager: Mounting plugin AssetManagerEditor
LogPluginManager: Mounting plugin CryptoKeys
LogPluginManager: Mounting plugin DataValidation
LogPluginManager: Mounting plugin EditorScriptingUtilities
LogPluginManager: Mounting plugin FacialAnimation
LogPluginManager: Mounting plugin GameplayTagsEditor
LogPluginManager: Mounting plugin GLTFImporter
LogPluginManager: Mounting plugin MacGraphicsSwitching
LogPluginManager: Mounting plugin MaterialAnalyzer
LogPluginManager: Mounting plugin MeshEditor
LogPluginManager: Mounting plugin MobileLauncherProfileWizard
LogPluginManager: Mounting plugin PluginBrowser
LogPluginManager: Mounting plugin SpeedTreeImporter
LogPluginManager: Mounting plugin DatasmithContent
LogPluginManager: Mounting plugin VariantManagerContent
LogPluginManager: Mounting plugin AlembicImporter
LogPluginManager: Mounting plugin AppleImageUtils
LogPluginManager: Mounting plugin AppleVision
LogPluginManager: Mounting plugin BackChannel
LogPluginManager: Mounting plugin BlastPlugin
LogPluginManager: Mounting plugin ChaosSolverPlugin
LogPluginManager: Mounting plugin CharacterAI
LogPluginManager: Mounting plugin GeometryCache
LogPluginManager: Mounting plugin GeometryCollectionPlugin
LogPluginManager: Mounting plugin HTML5Networking
LogPluginManager: Mounting plugin ProxyLODPlugin
LogPluginManager: Mounting plugin SkeletalReduction
LogPluginManager: Mounting plugin MagicLeap
LogPluginManager: Mounting plugin MagicLeapMedia
LogPluginManager: Mounting plugin AndroidMedia
LogPluginManager: Mounting plugin AvfMedia
LogPluginManager: Mounting plugin ImgMedia
LogPluginManager: Mounting plugin LinearTimecode
LogPluginManager: Mounting plugin MediaCompositing
LogPluginManager: Mounting plugin MediaPlayerEditor
LogPluginManager: Mounting plugin WebMMedia
LogPluginManager: Mounting plugin WmfMedia
LogPluginManager: Mounting plugin TcpMessaging
LogPluginManager: Mounting plugin UdpMessaging
LogPluginManager: Mounting plugin ActorSequence
LogPluginManager: Mounting plugin LevelSequenceEditor
LogPluginManager: Mounting plugin MatineeToLevelSequence
LogPluginManager: Mounting plugin NetcodeUnitTest
LogPluginManager: Mounting plugin NUTUnrealEngine4
LogPluginManager: Mounting plugin OnlineSubsystemGooglePlay
LogPluginManager: Mounting plugin OnlineSubsystemIOS
LogPluginManager: Mounting plugin OnlineSubsystem
LogPluginManager: Mounting plugin OnlineSubsystemNull
LogPluginManager: Mounting plugin OnlineSubsystemUtils
LogPluginManager: Mounting plugin LauncherChunkInstaller
LogPluginManager: Mounting plugin AndroidDeviceProfileSelector
LogPluginManager: Mounting plugin AndroidMoviePlayer
LogPluginManager: Mounting plugin AndroidPermission
LogPluginManager: Mounting plugin AppleMoviePlayer
LogPluginManager: Mounting plugin ArchVisCharacter
LogPluginManager: Mounting plugin AudioCapture
LogPluginManager: Mounting plugin CableComponent
LogPluginManager: Mounting plugin CustomMeshComponent
LogPluginManager: Mounting plugin EditableMesh
LogPluginManager: Mounting plugin ExampleDeviceProfileSelector
LogPluginManager: Mounting plugin Firebase
LogPluginManager: Mounting plugin GoogleCloudMessaging
LogPluginManager: Mounting plugin IOSDeviceProfileSelector
LogPluginManager: Mounting plugin LinuxDeviceProfileSelector
LogPluginManager: Mounting plugin LocationServicesBPLibrary
LogPluginManager: Mounting plugin MobilePatchingUtils
LogPluginManager: Mounting plugin OculusVR
LogPluginManager: Mounting plugin PhysXVehicles
LogPluginManager: Mounting plugin ProceduralMeshComponent
LogPluginManager: Mounting plugin RuntimePhysXCooking
LogPluginManager: Mounting plugin SignificanceManager
LogPluginManager: Mounting plugin SteamVR
LogPluginManager: Mounting plugin WebMMoviePlayer
LogPluginManager: Mounting plugin WindowsMoviePlayer
LogPluginManager: Mounting plugin DatasmithCADImporter
LogPluginManager: Mounting plugin DatasmithDataPrepEditor
LogPluginManager: Mounting plugin DatasmithFBXImporter
LogPluginManager: Mounting plugin DatasmithGLTFImporter
LogPluginManager: Mounting plugin DatasmithImporter
LogPluginManager: Mounting plugin MDLImporter
LogPluginManager: Mounting plugin StaticMeshEditorExtension
LogPluginManager: Mounting plugin VariantManager
LogInit: Using libcurl 7.55.1-DEV
LogInit:  - built for x86_64-pc-win32
LogInit:  - supports SSL with OpenSSL/1.1.1
LogInit:  - supports HTTP deflate (compression) using libz 1.2.8
LogInit:  - other features:
LogInit:      CURL_VERSION_SSL
LogInit:      CURL_VERSION_LIBZ
LogInit:      CURL_VERSION_IPV6
LogInit:      CURL_VERSION_ASYNCHDNS
LogInit:      CURL_VERSION_LARGEFILE
LogInit:      CURL_VERSION_IDN
LogInit:  CurlRequestOptions (configurable via config and command line):
LogInit:  - bVerifyPeer = true  - Libcurl will verify peer certificate
LogInit:  - bUseHttpProxy = false  - Libcurl will NOT use HTTP proxy
LogInit:  - bDontReuseConnections = false  - Libcurl will reuse connections
LogInit:  - MaxHostConnections = 16  - Libcurl will limit the number of connections to a host
LogInit:  - LocalHostAddr = Default
LogInit:  - BufferSize = 65536
LogInit: WinSock: version 1.1 (2.2), MaxSocks=32767, MaxUdp=65467
LogInit: Build: ++UE4+Release-4.22-CL-5660361
LogInit: Engine Version: 4.22.0-5660361+++UE4+Release-4.22
LogInit: Compatible Engine Version: 4.22.0-5660361+++UE4+Release-4.22
LogInit: Net CL: 5660361
LogInit: OS: Windows 8.1 (), CPU:        Intel(R) Core(TM) i3-3227U CPU @ 1.90GHz, GPU: Intel(R) HD Graphics 4000
LogInit: Compiled (64-bit): Mar 31 2019 02:05:09
LogInit: Compiled with Visual C++: 19.16.27025.01
LogInit: Build Configuration: Development
LogInit: Branch Name: ++UE4+Release-4.22
LogInit: Command Line: 
LogInit: Base Directory: E:/UE_4.22/Engine/Binaries/Win64/
LogInit: Installed Engine Build: 1
LogDevObjectVersion: Number of dev versions registered: 23
LogDevObjectVersion:   Dev-Blueprints (B0D832E4-1F89-4F0D-ACCF-7EB736FD4AA2): 10
LogDevObjectVersion:   Dev-Build (E1C64328-A22C-4D53-A36C-8E866417BD8C): 0
LogDevObjectVersion:   Dev-Core (375EC13C-06E4-48FB-B500-84F0262A717E): 3
LogDevObjectVersion:   Dev-Editor (E4B068ED-F494-42E9-A231-DA0B2E46BB41): 30
LogDevObjectVersion:   Dev-Framework (CFFC743F-43B0-4480-9391-14DF171D2073): 35
LogDevObjectVersion:   Dev-Mobile (B02B49B5-BB20-44E9-A304-32B752E40360): 2
LogDevObjectVersion:   Dev-Networking (A4E4105C-59A1-49B5-A7C5-40C4547EDFEE): 0
LogDevObjectVersion:   Dev-Online (39C831C9-5AE6-47DC-9A44-9C173E1C8E7C): 0
LogDevObjectVersion:   Dev-Physics (78F01B33-EBEA-4F98-B9B4-84EACCB95AA2): 0
LogDevObjectVersion:   Dev-Platform (6631380F-2D4D-43E0-8009-CF276956A95A): 0
LogDevObjectVersion:   Dev-Rendering (12F88B9F-8875-4AFC-A67C-D90C383ABD29): 28
LogDevObjectVersion:   Dev-Sequencer (7B5AE74C-D270-4C10-A958-57980B212A5A): 11
LogDevObjectVersion:   Dev-VR (D7296918-1DD6-4BDD-9DE2-64A83CC13884): 2
LogDevObjectVersion:   Dev-LoadTimes (C2A15278-BFE7-4AFE-6C17-90FF531DF755): 1
LogDevObjectVersion:   Private-Geometry (6EACA3D4-40EC-4CC1-B786-8BED09428FC5): 3
LogDevObjectVersion:   Dev-AnimPhys (29E575DD-E0A3-4627-9D10-D276232CDCEA): 17
LogDevObjectVersion:   Dev-Anim (AF43A65D-7FD3-4947-9873-3E8ED9C1BB05): 2
LogDevObjectVersion:   Dev-ReflectionCapture (6B266CEC-1EC7-4B8F-A30B-E4D90942FC07): 1
LogDevObjectVersion:   Dev-Automation (0DF73D61-A23F-47EA-B727-89E90C41499A): 1
LogDevObjectVersion:   FortniteMain (601D1886-AC64-4F84-AA16-D3DE0DEAC7D6): 25
LogDevObjectVersion:   Dev-Enterprise (9DFFBCD6-494F-0158-E221-12823C92A888): 6
LogDevObjectVersion:   Dev-Niagara (F2AED0AC-9AFE-416F-8664-AA7FFA26D6FC): 1
LogDevObjectVersion:   Dev-Destruction (174F1F0B-B4C6-45A5-B13F-2EE8D0FB917D): 2
LogInit: Presizing for max 16777216 objects, including 0 objects not considered by GC, pre-allocating 0 bytes for permanent pool.
LogInit: Object subsystem initialized
LogConfig: Setting CVar [[con.DebugEarlyDefault:1]]
LogConfig: Setting CVar [[r.setres:1280x720]]
[2022.06.09-10.51.21:678][  0]LogConfig: Setting CVar [[r.VSync:0]]
[2022.06.09-10.51.21:678][  0]LogConfig: Setting CVar [[r.RHICmdBypass:0]]
[2022.06.09-10.51.21:678][  0]LogConfig: Applying CVar settings from Section [/Script/Engine.RendererSettings] File [E:/GitHub/UnrealProjects/Tanks/TanksGame/TanksMiniGame/Saved/Config/Windows/Engine.ini]
[2022.06.09-10.51.21:678][  0]LogConfig: Setting CVar [[r.GPUCrashDebugging:0]]
[2022.06.09-10.51.21:678][  0]LogConfig: Setting CVar [[r.DefaultFeature.AutoExposure.ExtendDefaultLuminanceRange:1]]
[2022.06.09-10.51.21:678][  0]LogConfig: Applying CVar settings from Section [/Script/Engine.RendererOverrideSettings] File [E:/GitHub/UnrealProjects/Tanks/TanksGame/TanksMiniGame/Saved/Config/Windows/Engine.ini]
[2022.06.09-10.51.21:678][  0]LogConfig: Applying CVar settings from Section [/Script/Engine.StreamingSettings] File [E:/GitHub/UnrealProjects/Tanks/TanksGame/TanksMiniGame/Saved/Config/Windows/Engine.ini]
[2022.06.09-10.51.21:678][  0]LogConfig: Setting CVar [[s.MinBulkDataSizeForAsyncLoading:131072]]
[2022.06.09-10.51.21:678][  0]LogConfig: Setting CVar [[s.AsyncLoadingThreadEnabled:0]]
[2022.06.09-10.51.21:678][  0]LogConfig: Setting CVar [[s.EventDrivenLoaderEnabled:1]]
[2022.06.09-10.51.21:678][  0]LogConfig: Setting CVar [[s.WarnIfTimeLimitExceeded:0]]
[2022.06.09-10.51.21:678][  0]LogConfig: Setting CVar [[s.TimeLimitExceededMultiplier:1.5]]
[2022.06.09-10.51.21:678][  0]LogConfig: Setting CVar [[s.TimeLimitExceededMinTime:0.005]]
[2022.06.09-10.51.21:678][  0]LogConfig: Setting CVar [[s.UseBackgroundLevelStreaming:1]]
[2022.06.09-10.51.21:678][  0]LogConfig: Setting CVar [[s.PriorityAsyncLoadingExtraTime:15.0]]
[2022.06.09-10.51.21:678][  0]LogConfig: Setting CVar [[s.LevelStreamingActorsUpdateTimeLimit:5.0]]
[2022.06.09-10.51.21:678][  0]LogConfig: Setting CVar [[s.PriorityLevelStreamingActorsUpdateExtraTime:5.0]]
[2022.06.09-10.51.21:678][  0]LogConfig: Setting CVar [[s.LevelStreamingComponentsRegistrationGranularity:10]]
[2022.06.09-10.51.21:678][  0]LogConfig: Setting CVar [[s.UnregisterComponentsTimeLimit:1.0]]
[2022.06.09-10.51.21:678][  0]LogConfig: Setting CVar [[s.LevelStreamingComponentsUnregistrationGranularity:5]]
[2022.06.09-10.51.21:679][  0]LogConfig: Applying CVar settings from Section [/Script/Engine.GarbageCollectionSettings] File [E:/GitHub/UnrealProjects/Tanks/TanksGame/TanksMiniGame/Saved/Config/Windows/Engine.ini]
[2022.06.09-10.51.21:679][  0]LogConfig: Setting CVar [[gc.MaxObjectsNotConsideredByGC:1]]
[2022.06.09-10.51.21:679][  0]LogConfig: Setting CVar [[gc.SizeOfPermanentObjectPool:0]]
[2022.06.09-10.51.21:679][  0]LogConfig: Setting CVar [[gc.FlushStreamingOnGC:0]]
[2022.06.09-10.51.21:679][  0]LogConfig: Setting CVar [[gc.NumRetriesBeforeForcingGC:10]]
[2022.06.09-10.51.21:679][  0]LogConfig: Setting CVar [[gc.AllowParallelGC:1]]
[2022.06.09-10.51.21:679][  0]LogConfig: Setting CVar [[gc.TimeBetweenPurgingPendingKillObjects:61.1]]
[2022.06.09-10.51.21:679][  0]LogConfig: Setting CVar [[gc.MaxObjectsInEditor:16777216]]
[2022.06.09-10.51.21:679][  0]LogConfig: Setting CVar [[gc.IncrementalBeginDestroyEnabled:1]]
[2022.06.09-10.51.21:679][  0]LogConfig: Setting CVar [[gc.CreateGCClusters:1]]
[2022.06.09-10.51.21:679][  0]LogConfig: Setting CVar [[gc.MinGCClusterSize:5]]
[2022.06.09-10.51.21:679][  0]LogConfig: Setting CVar [[gc.ActorClusteringEnabled:0]]
[2022.06.09-10.51.21:679][  0]LogConfig: Setting CVar [[gc.BlueprintClusteringEnabled:0]]
[2022.06.09-10.51.21:679][  0]LogConfig: Setting CVar [[gc.UseDisregardForGCOnDedicatedServers:0]]
[2022.06.09-10.51.21:679][  0]LogConfig: Applying CVar settings from Section [/Script/Engine.NetworkSettings] File [E:/GitHub/UnrealProjects/Tanks/TanksGame/TanksMiniGame/Saved/Config/Windows/Engine.ini]
[2022.06.09-10.51.21:679][  0]LogConfig: Applying CVar settings from Section [/Script/UnrealEd.CookerSettings] File [E:/GitHub/UnrealProjects/Tanks/TanksGame/TanksMiniGame/Saved/Config/Windows/Engine.ini]
[2022.06.09-10.51.21:681][  0]LogConfig: Applying CVar settings from Section [ViewDistanceQuality@3] File [E:/GitHub/UnrealProjects/Tanks/TanksGame/TanksMiniGame/Saved/Config/Windows/Scalability.ini]
[2022.06.09-10.51.21:681][  0]LogConfig: Setting CVar [[r.SkeletalMeshLODBias:0]]
[2022.06.09-10.51.21:681][  0]LogConfig: Setting CVar [[r.ViewDistanceScale:1.0]]
[2022.06.09-10.51.21:681][  0]LogConfig: Applying CVar settings from Section [AntiAliasingQuality@3] File [E:/GitHub/UnrealProjects/Tanks/TanksGame/TanksMiniGame/Saved/Config/Windows/Scalability.ini]
[2022.06.09-10.51.21:681][  0]LogConfig: Setting CVar [[r.PostProcessAAQuality:4]]
[2022.06.09-10.51.21:681][  0]LogConfig: Applying CVar settings from Section [ShadowQuality@3] File [E:/GitHub/UnrealProjects/Tanks/TanksGame/TanksMiniGame/Saved/Config/Windows/Scalability.ini]
[2022.06.09-10.51.21:681][  0]LogConfig: Setting CVar [[r.LightFunctionQuality:1]]
[2022.06.09-10.51.21:681][  0]LogConfig: Setting CVar [[r.ShadowQuality:5]]
[2022.06.09-10.51.21:681][  0]LogConfig: Setting CVar [[r.Shadow.CSM.MaxCascades:10]]
[2022.06.09-10.51.21:681][  0]LogConfig: Setting CVar [[r.Shadow.MaxResolution:2048]]
[2022.06.09-10.51.21:681][  0]LogConfig: Setting CVar [[r.Shadow.MaxCSMResolution:2048]]
[2022.06.09-10.51.21:681][  0]LogConfig: Setting CVar [[r.Shadow.RadiusThreshold:0.01]]
[2022.06.09-10.51.21:681][  0]LogConfig: Setting CVar [[r.Shadow.DistanceScale:1.0]]
[2022.06.09-10.51.21:681][  0]LogConfig: Setting CVar [[r.Shadow.CSM.TransitionScale:1.0]]
[2022.06.09-10.51.21:681][  0]LogConfig: Setting CVar [[r.Shadow.PreShadowResolutionFactor:1.0]]
[2022.06.09-10.51.21:681][  0]LogConfig: Setting CVar [[r.DistanceFieldShadowing:1]]
[2022.06.09-10.51.21:681][  0]LogConfig: Setting CVar [[r.DistanceFieldAO:1]]
[2022.06.09-10.51.21:681][  0]LogConfig: Setting CVar [[r.AOQuality:2]]
[2022.06.09-10.51.21:681][  0]LogConfig: Setting CVar [[r.VolumetricFog:1]]
[2022.06.09-10.51.21:681][  0]LogConfig: Setting CVar [[r.VolumetricFog.GridPixelSize:8]]
[2022.06.09-10.51.21:682][  0]LogConfig: Setting CVar [[r.VolumetricFog.GridSizeZ:128]]
[2022.06.09-10.51.21:682][  0]LogConfig: Setting CVar [[r.VolumetricFog.HistoryMissSupersampleCount:4]]
[2022.06.09-10.51.21:682][  0]LogConfig: Setting CVar [[r.LightMaxDrawDistanceScale:1]]
[2022.06.09-10.51.21:682][  0]LogConfig: Setting CVar [[r.CapsuleShadows:1]]
[2022.06.09-10.51.21:682][  0]LogConfig: Applying CVar settings from Section [PostProcessQuality@3] File [E:/GitHub/UnrealProjects/Tanks/TanksGame/TanksMiniGame/Saved/Config/Windows/Scalability.ini]
[2022.06.09-10.51.21:682][  0]LogConfig: Setting CVar [[r.MotionBlurQuality:4]]
[2022.06.09-10.51.21:682][  0]LogConfig: Setting CVar [[r.AmbientOcclusionMipLevelFactor:0.4]]
[2022.06.09-10.51.21:682][  0]LogConfig: Setting CVar [[r.AmbientOcclusionMaxQuality:100]]
[2022.06.09-10.51.21:682][  0]LogConfig: Setting CVar [[r.AmbientOcclusionLevels:-1]]
[2022.06.09-10.51.21:682][  0]LogConfig: Setting CVar [[r.AmbientOcclusionRadiusScale:1.0]]
[2022.06.09-10.51.21:682][  0]LogConfig: Setting CVar [[r.DepthOfFieldQuality:2]]
[2022.06.09-10.51.21:682][  0]LogConfig: Setting CVar [[r.RenderTargetPoolMin:400]]
[2022.06.09-10.51.21:682][  0]LogConfig: Setting CVar [[r.LensFlareQuality:2]]
[2022.06.09-10.51.21:682][  0]LogConfig: Setting CVar [[r.SceneColorFringeQuality:1]]
[2022.06.09-10.51.21:682][  0]LogConfig: Setting CVar [[r.EyeAdaptationQuality:2]]
[2022.06.09-10.51.21:682][  0]LogConfig: Setting CVar [[r.BloomQuality:5]]
[2022.06.09-10.51.21:682][  0]LogConfig: Setting CVar [[r.FastBlurThreshold:100]]
[2022.06.09-10.51.21:682][  0]LogConfig: Setting CVar [[r.Upscale.Quality:3]]
[2022.06.09-10.51.21:682][  0]LogConfig: Setting CVar [[r.Tonemapper.GrainQuantization:1]]
[2022.06.09-10.51.21:682][  0]LogConfig: Setting CVar [[r.LightShaftQuality:1]]
[2022.06.09-10.51.21:682][  0]LogConfig: Setting CVar [[r.Filter.SizeScale:1]]
[2022.06.09-10.51.21:682][  0]LogConfig: Setting CVar [[r.Tonemapper.Quality:5]]
[2022.06.09-10.51.21:682][  0]LogConfig: Setting CVar [[r.DOF.Gather.AccumulatorQuality:1        ; higher gathering accumulator quality]]
[2022.06.09-10.51.21:682][  0]LogConfig: Setting CVar [[r.DOF.Gather.PostfilterMethod:1          ; Median3x3 postfilering method]]
[2022.06.09-10.51.21:682][  0]LogConfig: Setting CVar [[r.DOF.Gather.EnableBokehSettings:0       ; no bokeh simulation when gathering]]
[2022.06.09-10.51.21:682][  0]LogConfig: Setting CVar [[r.DOF.Gather.RingCount:4                 ; medium number of samples when gathering]]
[2022.06.09-10.51.21:682][  0]LogConfig: Setting CVar [[r.DOF.Scatter.ForegroundCompositing:1    ; additive foreground scattering]]
[2022.06.09-10.51.21:682][  0]LogConfig: Setting CVar [[r.DOF.Scatter.BackgroundCompositing:2    ; additive background scattering]]
[2022.06.09-10.51.21:682][  0]LogConfig: Setting CVar [[r.DOF.Scatter.EnableBokehSettings:1      ; bokeh simulation when scattering]]
[2022.06.09-10.51.21:682][  0]LogConfig: Setting CVar [[r.DOF.Scatter.MaxSpriteRatio:0.1         ; only a maximum of 10% of scattered bokeh]]
[2022.06.09-10.51.21:682][  0]LogConfig: Setting CVar [[r.DOF.Recombine.Quality:1                ; cheap slight out of focus]]
[2022.06.09-10.51.21:682][  0]LogConfig: Setting CVar [[r.DOF.Recombine.EnableBokehSettings:0    ; no bokeh simulation on slight out of focus]]
[2022.06.09-10.51.21:682][  0]LogConfig: Setting CVar [[r.DOF.TemporalAAQuality:1                ; more stable temporal accumulation]]
[2022.06.09-10.51.21:682][  0]LogConfig: Setting CVar [[r.DOF.Kernel.MaxForegroundRadius:0.025]]
[2022.06.09-10.51.21:682][  0]LogConfig: Setting CVar [[r.DOF.Kernel.MaxBackgroundRadius:0.025]]
[2022.06.09-10.51.21:682][  0]LogConfig: Applying CVar settings from Section [TextureQuality@3] File [E:/GitHub/UnrealProjects/Tanks/TanksGame/TanksMiniGame/Saved/Config/Windows/Scalability.ini]
[2022.06.09-10.51.21:682][  0]LogConfig: Setting CVar [[r.Streaming.MipBias:0]]
[2022.06.09-10.51.21:682][  0]LogConfig: Setting CVar [[r.Streaming.AmortizeCPUToGPUCopy:0]]
[2022.06.09-10.51.21:682][  0]LogConfig: Setting CVar [[r.Streaming.MaxNumTexturesToStreamPerFrame:0]]
[2022.06.09-10.51.21:682][  0]LogConfig: Setting CVar [[r.Streaming.Boost:1]]
[2022.06.09-10.51.21:682][  0]LogConfig: Setting CVar [[r.MaxAnisotropy:8]]
[2022.06.09-10.51.21:683][  0]LogConfig: Setting CVar [[r.Streaming.LimitPoolSizeToVRAM:0]]
[2022.06.09-10.51.21:683][  0]LogConfig: Setting CVar [[r.Streaming.PoolSize:1000]]
[2022.06.09-10.51.21:683][  0]LogConfig: Setting CVar [[r.Streaming.MaxEffectiveScreenSize:0]]
[2022.06.09-10.51.21:683][  0]LogConfig: Applying CVar settings from Section [EffectsQuality@3] File [E:/GitHub/UnrealProjects/Tanks/TanksGame/TanksMiniGame/Saved/Config/Windows/Scalability.ini]
[2022.06.09-10.51.21:683][  0]LogConfig: Setting CVar [[r.TranslucencyLightingVolumeDim:64]]
[2022.06.09-10.51.21:683][  0]LogConfig: Setting CVar [[r.RefractionQuality:2]]
[2022.06.09-10.51.21:683][  0]LogConfig: Setting CVar [[r.SSR.Quality:3]]
[2022.06.09-10.51.21:683][  0]LogConfig: Setting CVar [[r.SceneColorFormat:4]]
[2022.06.09-10.51.21:683][  0]LogConfig: Setting CVar [[r.DetailMode:2]]
[2022.06.09-10.51.21:683][  0]LogConfig: Setting CVar [[r.TranslucencyVolumeBlur:1]]
[2022.06.09-10.51.21:683][  0]LogConfig: Setting CVar [[r.MaterialQualityLevel:1 ; High quality]]
[2022.06.09-10.51.21:683][  0]LogConfig: Setting CVar [[r.SSS.Scale:1]]
[2022.06.09-10.51.21:683][  0]LogConfig: Setting CVar [[r.SSS.SampleSet:2]]
[2022.06.09-10.51.21:683][  0]LogConfig: Setting CVar [[r.SSS.Quality:1]]
[2022.06.09-10.51.21:683][  0]LogConfig: Setting CVar [[r.SSS.HalfRes:1]]
[2022.06.09-10.51.21:683][  0]LogConfig: Setting CVar [[r.EmitterSpawnRateScale:1.0]]
[2022.06.09-10.51.21:683][  0]LogConfig: Setting CVar [[r.ParticleLightQuality:2]]
[2022.06.09-10.51.21:683][  0]LogConfig: Applying CVar settings from Section [FoliageQuality@3] File [E:/GitHub/UnrealProjects/Tanks/TanksGame/TanksMiniGame/Saved/Config/Windows/Scalability.ini]
[2022.06.09-10.51.21:683][  0]LogConfig: Setting CVar [[foliage.DensityScale:1.0]]
[2022.06.09-10.51.21:683][  0]LogConfig: Setting CVar [[grass.DensityScale:1.0]]
[2022.06.09-10.51.21:683][  0]LogInit: Selected Device Profile: [Windows]
[2022.06.09-10.51.21:683][  0]LogInit: Applying CVar settings loaded from the selected device profile: [Windows]
[2022.06.09-10.51.21:707][  0]LogHAL: Display: Platform has ~ 4 GB [4080635904 / 4294967296 / 4], which maps to Smallest [LargestMinGB=32, LargerMinGB=12, DefaultMinGB=8, SmallerMinGB=6, SmallestMinGB=0)
[2022.06.09-10.51.21:707][  0]LogConfig: Setting CVar [[r.Vulkan.UseRealUBs:0		; Required until we fix HLR fall-out]]
[2022.06.09-10.51.21:707][  0]LogInit: Going up to parent DeviceProfile []
[2022.06.09-10.51.21:707][  0]LogConfig: Applying CVar settings from Section [ViewDistanceQuality@0] File [E:/GitHub/UnrealProjects/Tanks/TanksGame/TanksMiniGame/Saved/Config/Windows/Scalability.ini]
[2022.06.09-10.51.21:707][  0]LogConfig: Setting CVar [[r.SkeletalMeshLODBias:2]]
[2022.06.09-10.51.21:707][  0]LogConfig: Setting CVar [[r.ViewDistanceScale:0.4]]
[2022.06.09-10.51.21:707][  0]LogConfig: Applying CVar settings from Section [AntiAliasingQuality@0] File [E:/GitHub/UnrealProjects/Tanks/TanksGame/TanksMiniGame/Saved/Config/Windows/Scalability.ini]
[2022.06.09-10.51.21:707][  0]LogConfig: Setting CVar [[r.PostProcessAAQuality:0]]
[2022.06.09-10.51.21:707][  0]LogConfig: Applying CVar settings from Section [ShadowQuality@0] File [E:/GitHub/UnrealProjects/Tanks/TanksGame/TanksMiniGame/Saved/Config/Windows/Scalability.ini]
[2022.06.09-10.51.21:707][  0]LogConfig: Setting CVar [[r.LightFunctionQuality:0]]
[2022.06.09-10.51.21:707][  0]LogConfig: Setting CVar [[r.ShadowQuality:0]]
[2022.06.09-10.51.21:707][  0]LogConfig: Setting CVar [[r.Shadow.CSM.MaxCascades:1]]
[2022.06.09-10.51.21:707][  0]LogConfig: Setting CVar [[r.Shadow.MaxResolution:512]]
[2022.06.09-10.51.21:707][  0]LogConfig: Setting CVar [[r.Shadow.MaxCSMResolution:512]]
[2022.06.09-10.51.21:707][  0]LogConfig: Setting CVar [[r.Shadow.RadiusThreshold:0.06]]
[2022.06.09-10.51.21:707][  0]LogConfig: Setting CVar [[r.Shadow.DistanceScale:0.6]]
[2022.06.09-10.51.21:707][  0]LogConfig: Setting CVar [[r.Shadow.CSM.TransitionScale:0]]
[2022.06.09-10.51.21:707][  0]LogConfig: Setting CVar [[r.Shadow.PreShadowResolutionFactor:0.5]]
[2022.06.09-10.51.21:707][  0]LogConfig: Setting CVar [[r.DistanceFieldShadowing:0]]
[2022.06.09-10.51.21:707][  0]LogConfig: Setting CVar [[r.DistanceFieldAO:0]]
[2022.06.09-10.51.21:707][  0]LogConfig: Setting CVar [[r.VolumetricFog:0]]
[2022.06.09-10.51.21:707][  0]LogConfig: Setting CVar [[r.LightMaxDrawDistanceScale:0]]
[2022.06.09-10.51.21:707][  0]LogConfig: Setting CVar [[r.CapsuleShadows:0]]
[2022.06.09-10.51.21:707][  0]LogConfig: Applying CVar settings from Section [PostProcessQuality@0] File [E:/GitHub/UnrealProjects/Tanks/TanksGame/TanksMiniGame/Saved/Config/Windows/Scalability.ini]
[2022.06.09-10.51.21:708][  0]LogConfig: Setting CVar [[r.MotionBlurQuality:0]]
[2022.06.09-10.51.21:708][  0]LogConfig: Setting CVar [[r.AmbientOcclusionMipLevelFactor:1.0]]
[2022.06.09-10.51.21:708][  0]LogConfig: Setting CVar [[r.AmbientOcclusionMaxQuality:0]]
[2022.06.09-10.51.21:708][  0]LogConfig: Setting CVar [[r.AmbientOcclusionLevels:0]]
[2022.06.09-10.51.21:708][  0]LogConfig: Setting CVar [[r.AmbientOcclusionRadiusScale:1.2]]
[2022.06.09-10.51.21:708][  0]LogConfig: Setting CVar [[r.DepthOfFieldQuality:0]]
[2022.06.09-10.51.21:708][  0]LogConfig: Setting CVar [[r.RenderTargetPoolMin:300]]
[2022.06.09-10.51.21:708][  0]LogConfig: Setting CVar [[r.LensFlareQuality:0]]
[2022.06.09-10.51.21:708][  0]LogConfig: Setting CVar [[r.SceneColorFringeQuality:0]]
[2022.06.09-10.51.21:708][  0]LogConfig: Setting CVar [[r.EyeAdaptationQuality:0]]
[2022.06.09-10.51.21:708][  0]LogConfig: Setting CVar [[r.BloomQuality:4]]
[2022.06.09-10.51.21:708][  0]LogConfig: Setting CVar [[r.FastBlurThreshold:0]]
[2022.06.09-10.51.21:708][  0]LogConfig: Setting CVar [[r.Upscale.Quality:1]]
[2022.06.09-10.51.21:708][  0]LogConfig: Setting CVar [[r.Tonemapper.GrainQuantization:0]]
[2022.06.09-10.51.21:708][  0]LogConfig: Setting CVar [[r.LightShaftQuality:0]]
[2022.06.09-10.51.21:708][  0]LogConfig: Setting CVar [[r.Filter.SizeScale:0.6]]
[2022.06.09-10.51.21:708][  0]LogConfig: Setting CVar [[r.Tonemapper.Quality:0]]
[2022.06.09-10.51.21:708][  0]LogConfig: Applying CVar settings from Section [TextureQuality@0] File [E:/GitHub/UnrealProjects/Tanks/TanksGame/TanksMiniGame/Saved/Config/Windows/Scalability.ini]
[2022.06.09-10.51.21:708][  0]LogConfig: Setting CVar [[r.Streaming.MipBias:16]]
[2022.06.09-10.51.21:708][  0]LogConfig: Setting CVar [[r.Streaming.AmortizeCPUToGPUCopy:1]]
[2022.06.09-10.51.21:708][  0]LogConfig: Setting CVar [[r.Streaming.MaxNumTexturesToStreamPerFrame:1]]
[2022.06.09-10.51.21:708][  0]LogConfig: Setting CVar [[r.Streaming.Boost:0.3]]
[2022.06.09-10.51.21:708][  0]LogConfig: Setting CVar [[r.MaxAnisotropy:0]]
[2022.06.09-10.51.21:708][  0]LogConfig: Setting CVar [[r.Streaming.LimitPoolSizeToVRAM:1]]
[2022.06.09-10.51.21:708][  0]LogConfig: Setting CVar [[r.Streaming.PoolSize:400]]
[2022.06.09-10.51.21:708][  0]LogConfig: Setting CVar [[r.Streaming.MaxEffectiveScreenSize:0]]
[2022.06.09-10.51.21:708][  0]LogConfig: Applying CVar settings from Section [EffectsQuality@0] File [E:/GitHub/UnrealProjects/Tanks/TanksGame/TanksMiniGame/Saved/Config/Windows/Scalability.ini]
[2022.06.09-10.51.21:708][  0]LogConfig: Setting CVar [[r.TranslucencyLightingVolumeDim:24]]
[2022.06.09-10.51.21:708][  0]LogConfig: Setting CVar [[r.RefractionQuality:0]]
[2022.06.09-10.51.21:708][  0]LogConfig: Setting CVar [[r.SSR.Quality:0]]
[2022.06.09-10.51.21:708][  0]LogConfig: Setting CVar [[r.SceneColorFormat:3]]
[2022.06.09-10.51.21:708][  0]LogConfig: Setting CVar [[r.DetailMode:0]]
[2022.06.09-10.51.21:708][  0]LogConfig: Setting CVar [[r.TranslucencyVolumeBlur:0]]
[2022.06.09-10.51.21:708][  0]LogConfig: Setting CVar [[r.MaterialQualityLevel:0 ; Low quality]]
[2022.06.09-10.51.21:708][  0]LogConfig: Setting CVar [[r.SSS.Scale:0]]
[2022.06.09-10.51.21:708][  0]LogConfig: Setting CVar [[r.SSS.SampleSet:0]]
[2022.06.09-10.51.21:708][  0]LogConfig: Setting CVar [[r.SSS.Quality:0]]
[2022.06.09-10.51.21:708][  0]LogConfig: Setting CVar [[r.SSS.HalfRes:1]]
[2022.06.09-10.51.21:708][  0]LogConfig: Setting CVar [[r.EmitterSpawnRateScale:0.125]]
[2022.06.09-10.51.21:708][  0]LogConfig: Setting CVar [[r.ParticleLightQuality:0]]
[2022.06.09-10.51.21:708][  0]LogConfig: Applying CVar settings from Section [FoliageQuality@0] File [E:/GitHub/UnrealProjects/Tanks/TanksGame/TanksMiniGame/Saved/Config/Windows/Scalability.ini]
[2022.06.09-10.51.21:708][  0]LogConfig: Setting CVar [[foliage.DensityScale:0]]
[2022.06.09-10.51.21:709][  0]LogConfig: Setting CVar [[grass.DensityScale:0]]
[2022.06.09-10.51.21:709][  0]LogConfig: Applying CVar settings from Section [Startup] File [../../../Engine/Config/ConsoleVariables.ini]
[2022.06.09-10.51.21:709][  0]LogConfig: Setting CVar [[net.UseAdaptiveNetUpdateFrequency:0]]
[2022.06.09-10.51.21:709][  0]LogConfig: Setting CVar [[p.chaos.AllowCreatePhysxBodies:1]]
[2022.06.09-10.51.21:709][  0]LogConfig: Applying CVar settings from Section [ConsoleVariables] File [E:/GitHub/UnrealProjects/Tanks/TanksGame/TanksMiniGame/Saved/Config/Windows/Engine.ini]
[2022.06.09-10.51.21:709][  0]LogInit: Computer: SONNY
[2022.06.09-10.51.21:709][  0]LogInit: User: SonnyFixit
[2022.06.09-10.51.21:709][  0]LogInit: CPU Page size=4096, Cores=2
[2022.06.09-10.51.21:709][  0]LogInit: High frequency timer resolution =1.851267 MHz
[2022.06.09-10.51.21:710][  0]LogMemory: Memory total: Physical=3.8GB (4GB approx)
[2022.06.09-10.51.21:710][  0]LogMemory: Platform Memory Stats for Windows
[2022.06.09-10.51.21:710][  0]LogMemory: Process Physical Memory: 95.26 MB used, 95.26 MB peak
[2022.06.09-10.51.21:710][  0]LogMemory: Process Virtual Memory: 91.84 MB used, 91.84 MB peak
[2022.06.09-10.51.21:710][  0]LogMemory: Physical Memory: 2348.94 MB used,  1542.66 MB free, 3891.60 MB total
[2022.06.09-10.51.21:710][  0]LogMemory: Virtual Memory: 490.52 MB used,  134217240.00 MB free, 134217728.00 MB total
[2022.06.09-10.51.21:743][  0]LogInit: Using OS detected language (pl-PL).
[2022.06.09-10.51.21:743][  0]LogInit: Using OS detected locale (pl-PL).
[2022.06.09-10.51.21:744][  0]LogTextLocalizationManager: No specific localization for 'pl-PL' exists, so the 'pl' localization will be used.
[2022.06.09-10.51.21:745][  0]LogTextLocalizationResource: LocRes '../../../Engine/Content/Localization/Editor/pl/Editor.locres' could not be opened for reading!
[2022.06.09-10.51.21:745][  0]LogTextLocalizationResource: LocRes '../../../Engine/Content/Localization/EditorTutorials/pl/EditorTutorials.locres' could not be opened for reading!
[2022.06.09-10.51.21:745][  0]LogTextLocalizationResource: LocRes '../../../Engine/Content/Localization/Keywords/pl/Keywords.locres' could not be opened for reading!
[2022.06.09-10.51.21:745][  0]LogTextLocalizationResource: LocRes '../../../Engine/Content/Localization/Category/pl/Category.locres' could not be opened for reading!
[2022.06.09-10.51.21:745][  0]LogTextLocalizationResource: LocRes '../../../Engine/Content/Localization/ToolTips/pl/ToolTips.locres' could not be opened for reading!
[2022.06.09-10.51.21:746][  0]LogTextLocalizationResource: LocRes '../../../Engine/Content/Localization/PropertyNames/pl/PropertyNames.locres' could not be opened for reading!
[2022.06.09-10.51.21:746][  0]LogTextLocalizationResource: LocRes '../../../Engine/Content/Localization/Engine/pl/Engine.locres' could not be opened for reading!
[2022.06.09-10.51.21:747][  0]LogInit: Setting process to per monitor DPI aware
[2022.06.09-10.51.21:781][  0]LogSlate: New Slate User Created.  User Index 0, Is Virtual User: 0
[2022.06.09-10.51.21:781][  0]LogSlate: Slate User Registered.  User Index 0, Is Virtual User: 0
[2022.06.09-10.51.22:142][  0]LogHMD: Failed to initialize OpenVR with code 110
[2022.06.09-10.51.22:142][  0]LogD3D11RHI: D3D11 adapters:
[2022.06.09-10.51.22:183][  0]LogD3D11RHI:    0. 'NVIDIA GeForce 710M' (Feature Level 11_0)
[2022.06.09-10.51.22:183][  0]LogD3D11RHI:       963/0/1945 MB DedicatedVideo/DedicatedSystem/SharedSystem, Outputs:1, VendorId:0x10de
[2022.06.09-10.51.22:215][  0]LogD3D11RHI:    1. 'NVIDIA GeForce 710M' (Feature Level 11_0)
[2022.06.09-10.51.22:215][  0]LogD3D11RHI:       963/0/1945 MB DedicatedVideo/DedicatedSystem/SharedSystem, Outputs:0, VendorId:0x10de
[2022.06.09-10.51.22:217][  0]LogD3D11RHI:    2. 'Microsoft Basic Render Driver' (Feature Level 11_0)
[2022.06.09-10.51.22:217][  0]LogD3D11RHI:       963/0/1945 MB DedicatedVideo/DedicatedSystem/SharedSystem, Outputs:0, VendorId:0x1414
[2022.06.09-10.51.22:217][  0]LogD3D11RHI: Chosen D3D11 Adapter: 0
[2022.06.09-10.51.22:231][  0]LogD3D11RHI: Creating new Direct3DDevice
[2022.06.09-10.51.22:231][  0]LogD3D11RHI:     GPU DeviceId: 0x1140 (for the marketing name, search the web for "GPU Device Id")
[2022.06.09-10.51.22:231][  0]LogWindows: EnumDisplayDevices:
[2022.06.09-10.51.22:231][  0]LogWindows:    0. 'Intel(R) HD Graphics 4000' (P:1 D:1)
[2022.06.09-10.51.22:232][  0]LogWindows:    1. 'Intel(R) HD Graphics 4000' (P:0 D:0)
[2022.06.09-10.51.22:232][  0]LogWindows:    2. 'Intel(R) HD Graphics 4000' (P:0 D:0)
[2022.06.09-10.51.22:233][  0]LogWindows:    3. 'NVIDIA GeForce 710M' (P:0 D:0)
[2022.06.09-10.51.22:233][  0]LogWindows: DebugString: PrimaryIsNotTheChoosenAdapter PrimaryIsNotTheChoosenAdapter PrimaryIsNotTheChoosenAdapter 
[2022.06.09-10.51.22:233][  0]LogD3D11RHI:     Adapter Name: NVIDIA GeForce 710M
[2022.06.09-10.51.22:233][  0]LogD3D11RHI:   Driver Version: 391.35 (internal:23.21.13.9135, unified:391.35)
[2022.06.09-10.51.22:233][  0]LogD3D11RHI:      Driver Date: 3-23-2018
[2022.06.09-10.51.22:233][  0]LogRHI: Texture pool is 674 MB (70% of 963 MB)
[2022.06.09-10.51.22:258][  0]LogD3D11RHI: Display: Timestamp queries are currently disabled on this hardware due to instability. Realtime GPU stats will not be available. You can override this behaviour by setting r.NVIDIATimestampWorkaround to 0
[2022.06.09-10.51.22:258][  0]LogD3D11RHI: Async texture creation enabled
[2022.06.09-10.51.22:265][  0]LogRendererCore: FGlobalReadBuffer::InitRHI
[2022.06.09-10.51.22:266][  0]LogRendererCore: FGlobalReadBuffer::InitRHI
[2022.06.09-10.51.22:266][  0]LogRendererCore: FGlobalReadBuffer::InitRHI
[2022.06.09-10.51.22:282][  0]LogD3D11RHI: GPU Timing Frequency: 1000.000000 (Debug: 2 2)
[2022.06.09-10.51.22:825][  0]LogTemp: Display: Module 'AllDesktopTargetPlatform' loaded TargetPlatform 'AllDesktop'
[2022.06.09-10.51.22:851][  0]LogTemp: Display: Module 'MacClientTargetPlatform' loaded TargetPlatform 'MacClient'
[2022.06.09-10.51.22:884][  0]LogTemp: Display: Module 'MacNoEditorTargetPlatform' loaded TargetPlatform 'MacNoEditor'
[2022.06.09-10.51.22:910][  0]LogTemp: Display: Module 'MacServerTargetPlatform' loaded TargetPlatform 'MacServer'
[2022.06.09-10.51.22:937][  0]LogTemp: Display: Module 'MacTargetPlatform' loaded TargetPlatform 'Mac'
[2022.06.09-10.51.22:964][  0]LogTemp: Display: Module 'WindowsClientTargetPlatform' loaded TargetPlatform 'WindowsClient'
[2022.06.09-10.51.22:990][  0]LogTemp: Display: Module 'WindowsNoEditorTargetPlatform' loaded TargetPlatform 'WindowsNoEditor'
[2022.06.09-10.51.23:017][  0]LogTemp: Display: Module 'WindowsServerTargetPlatform' loaded TargetPlatform 'WindowsServer'
[2022.06.09-10.51.23:029][  0]LogTemp: Display: Module 'WindowsTargetPlatform' loaded TargetPlatform 'Windows'
[2022.06.09-10.51.23:193][  0]LogTemp: Display: Module 'AndroidTargetPlatform' loaded TargetPlatform 'Android'
[2022.06.09-10.51.23:193][  0]LogTemp: Display: Module 'AndroidTargetPlatform' loaded TargetPlatform 'Android_ASTC'
[2022.06.09-10.51.23:193][  0]LogTemp: Display: Module 'AndroidTargetPlatform' loaded TargetPlatform 'Android_ATC'
[2022.06.09-10.51.23:193][  0]LogTemp: Display: Module 'AndroidTargetPlatform' loaded TargetPlatform 'Android_DXT'
[2022.06.09-10.51.23:193][  0]LogTemp: Display: Module 'AndroidTargetPlatform' loaded TargetPlatform 'Android_ETC1'
[2022.06.09-10.51.23:193][  0]LogTemp: Display: Module 'AndroidTargetPlatform' loaded TargetPlatform 'Android_ETC1a'
[2022.06.09-10.51.23:193][  0]LogTemp: Display: Module 'AndroidTargetPlatform' loaded TargetPlatform 'Android_ETC2'
[2022.06.09-10.51.23:193][  0]LogTemp: Display: Module 'AndroidTargetPlatform' loaded TargetPlatform 'Android_PVRTC'
[2022.06.09-10.51.23:193][  0]LogTemp: Display: Module 'AndroidTargetPlatform' loaded TargetPlatform 'AndroidClient'
[2022.06.09-10.51.23:193][  0]LogTemp: Display: Module 'AndroidTargetPlatform' loaded TargetPlatform 'Android_ASTCClient'
[2022.06.09-10.51.23:193][  0]LogTemp: Display: Module 'AndroidTargetPlatform' loaded TargetPlatform 'Android_ATCClient'
[2022.06.09-10.51.23:193][  0]LogTemp: Display: Module 'AndroidTargetPlatform' loaded TargetPlatform 'Android_DXTClient'
[2022.06.09-10.51.23:193][  0]LogTemp: Display: Module 'AndroidTargetPlatform' loaded TargetPlatform 'Android_ETC1Client'
[2022.06.09-10.51.23:193][  0]LogTemp: Display: Module 'AndroidTargetPlatform' loaded TargetPlatform 'Android_ETC1aClient'
[2022.06.09-10.51.23:193][  0]LogTemp: Display: Module 'AndroidTargetPlatform' loaded TargetPlatform 'Android_ETC2Client'
[2022.06.09-10.51.23:193][  0]LogTemp: Display: Module 'AndroidTargetPlatform' loaded TargetPlatform 'Android_PVRTCClient'
[2022.06.09-10.51.23:193][  0]LogTemp: Display: Module 'AndroidTargetPlatform' loaded TargetPlatform 'Android_Multi'
[2022.06.09-10.51.23:193][  0]LogTemp: Display: Module 'AndroidTargetPlatform' loaded TargetPlatform 'Android_MultiClient'
[2022.06.09-10.51.23:195][  0]LogTemp: Display: Module 'HTML5TargetPlatform' loaded TargetPlatform 'HTML5'
[2022.06.09-10.51.23:271][  0]LogTemp: Display: Module 'IOSTargetPlatform' loaded TargetPlatform 'IOSClient'
[2022.06.09-10.51.23:272][  0]LogTemp: Display: Module 'IOSTargetPlatform' loaded TargetPlatform 'IOS'
[2022.06.09-10.51.23:320][  0]LogTemp: Display: Module 'TVOSTargetPlatform' loaded TargetPlatform 'TVOSClient'
[2022.06.09-10.51.23:320][  0]LogTemp: Display: Module 'TVOSTargetPlatform' loaded TargetPlatform 'TVOS'
[2022.06.09-10.51.23:345][  0]LogTemp: Display: Module 'LinuxClientTargetPlatform' loaded TargetPlatform 'LinuxClient'
[2022.06.09-10.51.23:369][  0]LogTemp: Display: Module 'LinuxNoEditorTargetPlatform' loaded TargetPlatform 'LinuxNoEditor'
[2022.06.09-10.51.23:400][  0]LogTemp: Display: Module 'LinuxServerTargetPlatform' loaded TargetPlatform 'LinuxServer'
[2022.06.09-10.51.23:429][  0]LogTemp: Display: Module 'LinuxTargetPlatform' loaded TargetPlatform 'Linux'
[2022.06.09-10.51.23:516][  0]LogTemp: Display: Module 'LuminTargetPlatform' loaded TargetPlatform 'Lumin'
[2022.06.09-10.51.23:516][  0]LogTemp: Display: Module 'LuminTargetPlatform' loaded TargetPlatform 'LuminClient'
[2022.06.09-10.51.23:517][  0]LogTargetPlatformManager: Display: Building Assets For Windows
[2022.06.09-10.51.23:530][  0]LogAudioDebug: Display: Lib vorbis DLL was dynamically loaded.
[2022.06.09-10.51.23:605][  0]LogShaderCompilers: Guid format shader working directory is -12 characters bigger than the processId version (../../../../GitHub/UnrealProjects/Tanks/TanksGame/TanksMiniGame/Intermediate/Shaders/WorkingDirectory/4992/).
[2022.06.09-10.51.23:605][  0]LogShaderCompilers: Cleaned the shader compiler working directory 'C:/Users/SonnyFixit/AppData/Local/Temp/UnrealShaderWorkingDir/44CEEF9B4FA296025F5AB58B4AB7FE7A/'.
[2022.06.09-10.51.23:608][  0]LogXGEController: Cannot use XGE Controller as Incredibuild is not installed on this machine.
[2022.06.09-10.51.23:608][  0]LogShaderCompilers: Cannot use XGE Shader Compiler as Incredibuild is not installed on this machine.
[2022.06.09-10.51.23:608][  0]LogShaderCompilers: Display: Using Local Shader Compiler.
[2022.06.09-10.51.24:716][  0]LogDerivedDataCache: Display: Max Cache Size: 512 MB
[2022.06.09-10.51.24:831][  0]LogDerivedDataCache: Loaded boot cache 0.11s 72MB C:/Users/SonnyFixit/AppData/Local/UnrealEngine/4.22/DerivedDataCache/Boot.ddc.
[2022.06.09-10.51.24:831][  0]LogDerivedDataCache: Display: Loaded Boot cache: C:/Users/SonnyFixit/AppData/Local/UnrealEngine/4.22/DerivedDataCache/Boot.ddc
[2022.06.09-10.51.24:831][  0]LogDerivedDataCache: FDerivedDataBackendGraph:  Pak pak cache file ../../../../GitHub/UnrealProjects/Tanks/TanksGame/TanksMiniGame/DerivedDataCache/DDC.ddp not found, will not use a pak cache.
[2022.06.09-10.51.24:831][  0]LogDerivedDataCache: Unable to find inner node Pak for hierarchical cache Hierarchy.
[2022.06.09-10.51.24:831][  0]LogDerivedDataCache: FDerivedDataBackendGraph:  CompressedPak pak cache file ../../../../GitHub/UnrealProjects/Tanks/TanksGame/TanksMiniGame/DerivedDataCache/Compressed.ddp not found, will not use a pak cache.
[2022.06.09-10.51.24:832][  0]LogDerivedDataCache: Unable to find inner node CompressedPak for hierarchical cache Hierarchy.
[2022.06.09-10.51.24:855][  0]LogDerivedDataCache: Display: Pak cache opened for reading ../../../Engine/DerivedDataCache/Compressed.ddp.
[2022.06.09-10.51.24:861][  0]LogDerivedDataCache: Display: Pak cache opened for reading ../../../Enterprise/DerivedDataCache/Compressed.ddp.
[2022.06.09-10.51.24:874][  0]LogDerivedDataCache: Using Local data cache path C:/Users/SonnyFixit/AppData/Local/UnrealEngine/Common/DerivedDataCache: Writable
[2022.06.09-10.51.24:874][  0]LogDerivedDataCache: Shared data cache path not found in *engine.ini, will not use an Shared cache.
[2022.06.09-10.51.24:874][  0]LogDerivedDataCache: Unable to find inner node Shared for hierarchical cache Hierarchy.
[2022.06.09-10.51.24:920][  0]LogMaterial: Verifying Global Shaders for PCD3D_SM5
[2022.06.09-10.51.24:923][  0]LogSlate: Using FreeType 2.6.0
[2022.06.09-10.51.24:923][  0]LogSlate: SlateFontServices - WITH_FREETYPE: 1, WITH_HARFBUZZ: 1
[2022.06.09-10.51.25:064][  0]LogAssetRegistry: FAssetRegistry took 0.0456 seconds to start up
[2022.06.09-10.51.25:790][  0]LogInit: Selected Device Profile: [Windows]
[2022.06.09-10.51.25:889][  0]LogMeshReduction: Using QuadricMeshReduction for automatic static mesh reduction
[2022.06.09-10.51.25:889][  0]LogMeshReduction: Using SimplygonMeshReduction for automatic skeletal mesh reduction
[2022.06.09-10.51.25:890][  0]LogMeshReduction: Using ProxyLODMeshReduction for automatic mesh merging
[2022.06.09-10.51.25:890][  0]LogMeshReduction: No distributed automatic mesh merging module available
[2022.06.09-10.51.25:890][  0]LogMeshMerging: No distributed automatic mesh merging module available
[2022.06.09-10.51.26:075][  0]LogNetVersion: TanksMiniGame 1.0.0, NetCL: 5660361, EngineNetVer: 10, GameNetVer: 0 (Checksum: 1412442164)
[2022.06.09-10.51.26:845][  0]LogPackageLocalizationCache: Processed 16 localized package path(s) for 1 prioritized culture(s) in 0.085575 seconds
[2022.06.09-10.51.26:857][  0]LogUObjectArray: 42205 objects as part of root set at end of initial load.
[2022.06.09-10.51.26:858][  0]LogUObjectAllocator: 7325032 out of 0 bytes used by permanent object pool.
[2022.06.09-10.51.26:858][  0]LogUObjectArray: CloseDisregardForGC: 0/0 objects in disregard for GC pool
[2022.06.09-10.51.28:293][  0]LogTcpMessaging: Initializing TcpMessaging bridge
[2022.06.09-10.51.28:308][  0]LogUdpMessaging: Initializing bridge on interface 0.0.0.0:0 to multicast group 230.0.0.1:6666.
[2022.06.09-10.51.28:504][  0]SourceControl: Source control is disabled
[2022.06.09-10.51.28:504][  0]SourceControl: Source control is disabled
[2022.06.09-10.51.28:508][  0]SourceControl: Source control is disabled
[2022.06.09-10.51.28:509][  0]SourceControl: Source control is disabled
[2022.06.09-10.51.29:089][  0]LogAndroidPermission: UAndroidPermissionCallbackProxy::GetInstance
[2022.06.09-10.51.29:146][  0]LogOcInput: OculusInput pre-init called
[2022.06.09-10.51.34:299][  0]LogEngine: Initializing Engine...
[2022.06.09-10.51.34:300][  0]LogHMD: Failed to initialize OpenVR with code 110
[2022.06.09-10.51.34:303][  0]LogStats: UGameplayTagsManager::InitializeManager -  0.000 s
[2022.06.09-10.51.34:734][  0]LogInit: Initializing FReadOnlyCVARCache
[2022.06.09-10.51.34:757][  0]LogAIModule: Creating AISystem for world Untitled
[2022.06.09-10.51.34:784][  0]LogInit: XAudio2 using 'Speakers (Realtek High Definition Audio)' : 2 channels at 48 kHz using 32 bits per sample (channel mask 0x3)
[2022.06.09-10.51.34:935][  0]LogInit: FAudioDevice initialized.
[2022.06.09-10.51.34:935][  0]LogNetVersion: Set ProjectVersion to 1.0.0.0. Version Checksum will be recalculated on next use.
[2022.06.09-10.51.35:249][  0]LogDerivedDataCache: Saved boot cache 0.31s 72MB C:/Users/SonnyFixit/AppData/Local/UnrealEngine/4.22/DerivedDataCache/Boot.ddc.
[2022.06.09-10.51.35:388][  0]LogInit: Texture streaming: Enabled
[2022.06.09-10.51.35:414][  0]LogEngineSessionManager: EngineSessionManager initialized
[2022.06.09-10.51.35:439][  0]LogInit: Transaction tracking system initialized
[2022.06.09-10.51.35:476][  0]BlueprintLog: New page: Editor Load
[2022.06.09-10.51.35:597][  0]LocalizationService: Localization service is disabled
[2022.06.09-10.51.37:108][  0]LogFileCache: Scanning file cache for directory 'E:/GitHub/UnrealProjects/Tanks/TanksGame/TanksMiniGame/Content/' took 0.01s
[2022.06.09-10.51.37:108][  0]LogCook: Display: Max memory allowance for cook 16384mb min free memory 0mb
[2022.06.09-10.51.37:108][  0]LogCook: Display: Mobile HDR setting 1
[2022.06.09-10.51.39:661][  0]SourceControl: Source control is disabled
[2022.06.09-10.51.39:662][  0]Cmd: MAP LOAD FILE="../../../../GitHub/UnrealProjects/Tanks/TanksGame/TanksMiniGame/Content/Maps/Main.umap" TEMPLATE=0 SHOWPROGRESS=1 FEATURELEVEL=3
[2022.06.09-10.51.39:662][  0]LightingResults: New page: Lighting Build
[2022.06.09-10.51.39:666][  0]MapCheck: New page: Map Check
[2022.06.09-10.51.39:666][  0]LightingResults: New page: Lighting Build
[2022.06.09-10.51.39:707][  0]LogUObjectHash: Compacting FUObjectHashTables data took   3.47ms
[2022.06.09-10.51.40:021][  0]LogAIModule: Creating AISystem for world Main
[2022.06.09-10.51.40:032][  0]LogEditorServer: Finished looking for orphan Actors (0.000 secs)
[2022.06.09-10.51.40:084][  0]LogUObjectHash: Compacting FUObjectHashTables data took   4.37ms
[2022.06.09-10.51.40:084][  0]Cmd: MAP CHECKDEP NOCLEARLOG
[2022.06.09-10.51.40:085][  0]MapCheck: Map check complete: 0 Error(s), 0 Warning(s), took 0,174ms to complete.
[2022.06.09-10.51.40:085][  0]LogFileHelpers: Loading map 'Main' took 0.422
[2022.06.09-10.51.40:228][  0]LogSlate: Updating window title bar state: overlay mode, drag disabled, window buttons hidden, title bar hidden
[2022.06.09-10.51.40:242][  0]LogSlate: Updating window title bar state: overlay mode, drag disabled, window buttons hidden, title bar hidden
[2022.06.09-10.51.40:257][  0]LogSlate: Updating window title bar state: overlay mode, drag disabled, window buttons hidden, title bar hidden
[2022.06.09-10.51.40:271][  0]LogSlate: Updating window title bar state: overlay mode, drag disabled, window buttons hidden, title bar hidden
[2022.06.09-10.51.40:280][  0]LogCollectionManager: Loaded 0 collections in 0.002348 seconds
[2022.06.09-10.51.40:311][  0]LogFileCache: Scanning file cache for directory 'E:/GitHub/UnrealProjects/Tanks/TanksGame/TanksMiniGame/Saved/Collections/' took 0.01s
[2022.06.09-10.51.40:311][  0]LogFileCache: Scanning file cache for directory 'E:/GitHub/UnrealProjects/Tanks/TanksGame/TanksMiniGame/Content/Developers/SonnyFixit/Collections/' took 0.01s
[2022.06.09-10.51.40:311][  0]LogFileCache: Scanning file cache for directory 'E:/GitHub/UnrealProjects/Tanks/TanksGame/TanksMiniGame/Content/Collections/' took 0.00s
[2022.06.09-10.51.40:311][  0]LogCollectionManager: Rebuilt the GUID cache for 0 collections in 0.000001 seconds
[2022.06.09-10.51.40:330][  0]LogContentBrowser: Native class hierarchy populated in 0.0191 seconds. Added 2872 classes and 728 folders.
[2022.06.09-10.51.40:340][  0]LogContentBrowser: Native class hierarchy updated for 'WidgetCarousel' in 0.0005 seconds. Added 0 classes and 0 folders.
[2022.06.09-10.51.40:342][  0]LogPakFile: Registered encryption key '00000000000000000000000000000000': 0 pak files mounted, 0 remain pending
[2022.06.09-10.51.40:343][  0]LogPakFile: Registered encryption key '00000000000000000000000000000000': 0 pak files mounted, 0 remain pending
[2022.06.09-10.51.40:344][  0]LogPakFile: Registered encryption key '00000000000000000000000000000000': 0 pak files mounted, 0 remain pending
[2022.06.09-10.51.40:345][  0]LogPakFile: Registered encryption key '00000000000000000000000000000000': 0 pak files mounted, 0 remain pending
[2022.06.09-10.51.40:345][  0]LogPakFile: Registered encryption key '00000000000000000000000000000000': 0 pak files mounted, 0 remain pending
[2022.06.09-10.51.40:346][  0]LogPakFile: Registered encryption key '00000000000000000000000000000000': 0 pak files mounted, 0 remain pending
[2022.06.09-10.51.40:347][  0]LogPakFile: Registered encryption key '00000000000000000000000000000000': 0 pak files mounted, 0 remain pending
[2022.06.09-10.51.40:348][  0]LogPakFile: Registered encryption key '00000000000000000000000000000000': 0 pak files mounted, 0 remain pending
[2022.06.09-10.51.40:348][  0]LogPakFile: Registered encryption key '00000000000000000000000000000000': 0 pak files mounted, 0 remain pending
[2022.06.09-10.51.40:349][  0]LogPakFile: Registered encryption key '00000000000000000000000000000000': 0 pak files mounted, 0 remain pending
[2022.06.09-10.51.40:350][  0]LogPakFile: Registered encryption key '00000000000000000000000000000000': 0 pak files mounted, 0 remain pending
[2022.06.09-10.51.40:351][  0]LogPakFile: Registered encryption key '00000000000000000000000000000000': 0 pak files mounted, 0 remain pending
[2022.06.09-10.51.40:352][  0]LogPakFile: Registered encryption key '00000000000000000000000000000000': 0 pak files mounted, 0 remain pending
[2022.06.09-10.51.40:353][  0]LogPakFile: Registered encryption key '00000000000000000000000000000000': 0 pak files mounted, 0 remain pending
[2022.06.09-10.51.40:353][  0]LogPakFile: Registered encryption key '00000000000000000000000000000000': 0 pak files mounted, 0 remain pending
[2022.06.09-10.51.40:354][  0]LogPakFile: Registered encryption key '00000000000000000000000000000000': 0 pak files mounted, 0 remain pending
[2022.06.09-10.51.40:355][  0]LogPakFile: Registered encryption key '00000000000000000000000000000000': 0 pak files mounted, 0 remain pending
[2022.06.09-10.51.40:356][  0]LogPakFile: Registered encryption key '00000000000000000000000000000000': 0 pak files mounted, 0 remain pending
[2022.06.09-10.51.40:356][  0]LogPakFile: Registered encryption key '00000000000000000000000000000000': 0 pak files mounted, 0 remain pending
[2022.06.09-10.51.40:357][  0]LogPakFile: Registered encryption key '00000000000000000000000000000000': 0 pak files mounted, 0 remain pending
[2022.06.09-10.51.40:358][  0]LogPakFile: Registered encryption key '00000000000000000000000000000000': 0 pak files mounted, 0 remain pending
[2022.06.09-10.51.40:358][  0]LogPakFile: Registered encryption key '00000000000000000000000000000000': 0 pak files mounted, 0 remain pending
[2022.06.09-10.51.40:359][  0]LogPakFile: Registered encryption key '00000000000000000000000000000000': 0 pak files mounted, 0 remain pending
[2022.06.09-10.51.40:360][  0]LogPakFile: Registered encryption key '00000000000000000000000000000000': 0 pak files mounted, 0 remain pending
[2022.06.09-10.51.40:361][  0]LogPakFile: Registered encryption key '00000000000000000000000000000000': 0 pak files mounted, 0 remain pending
[2022.06.09-10.51.40:362][  0]LogPakFile: Registered encryption key '00000000000000000000000000000000': 0 pak files mounted, 0 remain pending
[2022.06.09-10.51.40:362][  0]LogPakFile: Registered encryption key '00000000000000000000000000000000': 0 pak files mounted, 0 remain pending
[2022.06.09-10.51.40:363][  0]LogPakFile: Registered encryption key '00000000000000000000000000000000': 0 pak files mounted, 0 remain pending
[2022.06.09-10.51.40:411][  0]LogContentBrowser: Native class hierarchy updated for 'AddContentDialog' in 0.0006 seconds. Added 0 classes and 0 folders.
[2022.06.09-10.51.40:419][  0]LogContentBrowser: Native class hierarchy updated for 'SceneOutliner' in 0.0006 seconds. Added 1 classes and 0 folders.
[2022.06.09-10.51.40:443][  0]LogSlate: Took 0.000293 seconds to synchronously load lazily loaded font '../../../Engine/Content/Slate/Fonts/Roboto-Regular.ttf' (155K)
[2022.06.09-10.51.40:450][  0]LogSlate: Took 0.000878 seconds to synchronously load lazily loaded font '../../../Engine/Content/Slate/Fonts/Roboto-Bold.ttf' (160K)
[2022.06.09-10.51.40:465][  0]LogSlate: Took 0.000308 seconds to synchronously load lazily loaded font '../../../Engine/Content/Editor/Slate/Fonts/FontAwesome.ttf' (139K)
[2022.06.09-10.51.40:591][  0]LogRenderer: Reallocating scene render targets to support 856x372 Format 9 NumSamples 1 (Frame:1).
[2022.06.09-10.51.40:681][  0]LogSlate: Took 0.000254 seconds to synchronously load lazily loaded font '../../../Engine/Content/Slate/Fonts/Roboto-Light.ttf' (167K)
[2022.06.09-10.51.40:915][  0]LogContentBrowser: Native class hierarchy updated for 'HierarchicalLODOutliner' in 0.0006 seconds. Added 0 classes and 0 folders.
[2022.06.09-10.51.40:915][  0]LogLoad: (Engine Initialization) Total time: 21.75 seconds
[2022.06.09-10.51.40:915][  0]LogLoad: (Engine Initialization) Total Blueprint compile time: 0.00 seconds
[2022.06.09-10.51.40:983][  0]LogContentStreaming: Texture pool size now 400 MB
[2022.06.09-10.51.41:049][  1]LogAssetRegistry: Asset discovery search completed in 16.0082 seconds
[2022.06.09-10.51.41:053][  1]LogCollectionManager: Rebuilt the object cache for 0 collections in 0.000001 seconds (found 0 objects)
[2022.06.09-10.51.41:053][  1]LogCollectionManager: Fixed up redirectors for 0 collections in 0.000132 seconds (updated 0 objects)
[2022.06.09-10.51.45:140][187]LogSlate: FSceneViewport::OnFocusLost() reason 2
[2022.06.09-10.51.46:304][252]LogTemp: Repeating last play command: Selected Viewport
[2022.06.09-10.51.46:401][252]LogBlueprintUserMessages: Early PlayInEditor Detection: Level '/Game/Maps/Main.Main:PersistentLevel' has LevelScriptBlueprint '/Game/Maps/Main.Main:PersistentLevel.Main' with GeneratedClass '/Game/Maps/Main.Main_C' with ClassGeneratedBy '/Game/Maps/Main.Main:PersistentLevel.Main'
[2022.06.09-10.51.46:445][252]LogPlayLevel: PlayLevel: No blueprints needed recompiling
[2022.06.09-10.51.46:608][252]PIE: New page: PIE session: Main (9 cze 2022, 14:51:46)
[2022.06.09-10.51.46:753][252]LogPlayLevel: Creating play world package: /Game/Maps/UEDPIE_0_Main
[2022.06.09-10.51.46:825][252]LogPlayLevel: PIE: StaticDuplicateObject took: (0.072128s)
[2022.06.09-10.51.46:826][252]LogAIModule: Creating AISystem for world Main
[2022.06.09-10.51.46:826][252]LogPlayLevel: PIE: World Init took: (0.001045s)
[2022.06.09-10.51.46:826][252]LogPlayLevel: PIE: Created PIE world by copying editor world from /Game/Maps/Main.Main to /Game/Maps/UEDPIE_0_Main.Main (0.073751s)
[2022.06.09-10.51.46:865][252]LogUObjectHash: Compacting FUObjectHashTables data took   2.51ms
[2022.06.09-10.51.46:949][252]LogInit: XAudio2 using 'Speakers (Realtek High Definition Audio)' : 2 channels at 48 kHz using 32 bits per sample (channel mask 0x3)
[2022.06.09-10.51.46:961][252]LogInit: FAudioDevice initialized.
[2022.06.09-10.51.47:045][252]LogSlate: FSceneViewport::OnFocusLost() reason 2
[2022.06.09-10.51.47:890][252]LogLoad: Game class is 'BP_TanksMiniGameMode_C'
[2022.06.09-10.51.48:074][252]LogWorld: Bringing World /Game/Maps/UEDPIE_0_Main.Main up for play (max tick rate 60) at 2022.06.09-12.51.48
[2022.06.09-10.51.48:342][252]LogWorld: Bringing up level for play took: 0.284929
[2022.06.09-10.51.48:621][252]LogContentBrowser: Native class hierarchy updated for 'MovieSceneCapture' in 0.0008 seconds. Added 20 classes and 0 folders.
[2022.06.09-10.51.48:871][252]PIE: Play in editor start time for /Game/Maps/UEDPIE_0_Main 2,216
[2022.06.09-10.51.48:871][252]LogBlueprintUserMessages: Late PlayInEditor Detection: Level '/Game/Maps/Main.Main:PersistentLevel' has LevelScriptBlueprint '/Game/Maps/Main.Main:PersistentLevel.Main' with GeneratedClass '/Game/Maps/Main.Main_C' with ClassGeneratedBy '/Game/Maps/Main.Main:PersistentLevel.Main'
[2022.06.09-10.51.54:386][552]LogBlueprintUserMessages: Early EndPlayMap Detection: Level '/Game/Maps/Main.Main:PersistentLevel' has LevelScriptBlueprint '/Game/Maps/Main.Main:PersistentLevel.Main' with GeneratedClass '/Game/Maps/Main.Main_C' with ClassGeneratedBy '/Game/Maps/Main.Main:PersistentLevel.Main'
[2022.06.09-10.51.54:432][552]LogSlate: Updating window title bar state: overlay mode, drag disabled, window buttons hidden, title bar hidden
[2022.06.09-10.51.54:524][552]LogPlayLevel: Display: Shutting down PIE online subsystems
[2022.06.09-10.51.54:524][552]LogBlueprintUserMessages: Late EndPlayMap Detection: Level '/Game/Maps/Main.Main:PersistentLevel' has LevelScriptBlueprint '/Game/Maps/Main.Main:PersistentLevel.Main' with GeneratedClass '/Game/Maps/Main.Main_C' with ClassGeneratedBy '/Game/Maps/Main.Main:PersistentLevel.Main'
[2022.06.09-10.51.54:586][552]LogSlate: Updating window title bar state: overlay mode, drag disabled, window buttons hidden, title bar hidden
[2022.06.09-10.51.54:594][552]LogUObjectHash: Compacting FUObjectHashTables data took   4.54ms
[2022.06.09-10.51.54:675][553]LogPlayLevel: Display: Destroying online subsystem :Context_1
[2022.06.09-10.51.59:253][825]LogSlate: Took 0.000251 seconds to synchronously load lazily loaded font '../../../Engine/Content/Slate/Fonts/Roboto-Light.ttf' (167K)
[2022.06.09-10.51.59:264][825]LogAssetEditorManager: Opening Asset editor for Class /Script/TanksMiniGame.BasePawn
[2022.06.09-10.54.32:727][263]LogSlate: FSceneViewport::OnFocusLost() reason 0
[2022.06.09-10.59.41:733][195]LogSlate: FSceneViewport::OnFocusLost() reason 0
[2022.06.09-10.59.52:125][553]LogAssetEditorManager: Opening Asset editor for Class /Script/TanksMiniGame.BasePawn
[2022.06.09-11.02.13:343][660]LogUnrealEdMisc: Warning: Heartbeat event firing too frequently (0.000 sec). This should never happen. Something is wrong with the timer delegate!
[2022.06.09-11.02.41:110][728]LogUnrealEdMisc: Warning: Heartbeat event firing too frequently (27.795 sec). This should never happen. Something is wrong with the timer delegate!
[2022.06.09-11.12.10:564][508]LogSlate: FSceneViewport::OnFocusLost() reason 0
[2022.06.09-11.13.04:420][608]LogSlate: FSceneViewport::OnFocusLost() reason 0
[2022.06.09-11.13.50:519][613]LogUnrealEdMisc: Warning: Heartbeat event firing too frequently (52.248 sec). This should never happen. Something is wrong with the timer delegate!
[2022.06.09-11.14.56:406][292]LogAssetEditorManager: Opening Asset editor for Blueprint /Game/Blueprints/Pawns/BP_PawnTank.BP_PawnTank
[2022.06.09-11.16.32:619][292]LogContentBrowser: Native class hierarchy updated for 'BlueprintGraph' in 0.5293 seconds. Added 121 classes and 0 folders.
[2022.06.09-11.17.17:296][292]LogSlate: Took 0.268870 seconds to synchronously load lazily loaded font '../../../Engine/Content/Slate/Fonts/Roboto-BoldCondensed.ttf' (158K)
[2022.06.09-11.17.27:433][293]LogUnrealEdMisc: Warning: Heartbeat event firing too frequently (0.000 sec). This should never happen. Something is wrong with the timer delegate!
[2022.06.09-11.17.41:147][555]LogUnrealEdMisc: Warning: Heartbeat event firing too frequently (13.714 sec). This should never happen. Something is wrong with the timer delegate!
[2022.06.09-11.19.00:952][924]BlueprintLog: New page: Compile BP_PawnTank
[2022.06.09-11.19.11:257][924]LogUObjectHash: Compacting FUObjectHashTables data took 168.92ms
[2022.06.09-11.19.16:864][109]LogSlate: Window 'BP_PawnTank' being destroyed
[2022.06.09-11.19.16:867][109]LogSlate: Window 'BP_PawnTank' being destroyed
[2022.06.09-11.19.23:416][109]LogSlate: FSceneViewport::OnFocusLost() reason 2
[2022.06.09-11.19.31:278][395]LogEditorViewport: Clicking on Actor (LMB): StaticMeshActor (Floor)
[2022.06.09-11.19.48:870][468]LogSlate: FSceneViewport::OnFocusLost() reason 0
[2022.06.09-11.19.53:209][473]Candidate modules for hot reload:
[2022.06.09-11.19.53:209][473]  TanksMiniGame
[2022.06.09-11.19.53:432][473]Launching UnrealBuildTool... [E:/UE_4.22/Engine/Binaries/DotNET/UnrealBuildTool.exe  -ModuleWithSuffix=TanksMiniGame,3318 Win64 Development -TargetType=Editor -Project="E:/GitHub/UnrealProjects/Tanks/TanksGame/TanksMiniGame/TanksMiniGame.uproject" "E:/GitHub/UnrealProjects/Tanks/TanksGame/TanksMiniGame/TanksMiniGame.uproject"  -IgnoreJunk]
[2022.06.09-11.21.03:680][473]Warning: Starting HotReload took 73.8s.
[2022.06.09-11.21.03:793][473]LogEditorViewport: Clicking on Actor (LMB): StaticMeshActor (Floor)
[2022.06.09-11.21.40:946][364]LogUnrealEdMisc: Warning: Heartbeat event firing too frequently (34.315 sec). This should never happen. Something is wrong with the timer delegate!
[2022.06.09-11.41.28:276][  3]LogSlate: FSceneViewport::OnFocusLost() reason 0
[2022.06.09-11.44.24:133][882]CompilerResultsLog: New page: Compilation - 9 cze 2022, 15:44:23
[2022.06.09-11.44.24:228][882]CompilerResultsLog: Using 'git status' to determine working set for adaptive non-unity build (E:\GitHub\UnrealProjects\Tanks\TanksGame).
[2022.06.09-11.44.24:228][882]CompilerResultsLog: Creating makefile for TanksMiniGameEditor (no existing makefile)
[2022.06.09-11.44.24:228][882]CompilerResultsLog: Parsing headers for TanksMiniGameEditor
[2022.06.09-11.44.24:228][882]CompilerResultsLog:   Running UnrealHeaderTool "E:\GitHub\UnrealProjects\Tanks\TanksGame\TanksMiniGame\TanksMiniGame.uproject" "E:\GitHub\UnrealProjects\Tanks\TanksGame\TanksMiniGame\Intermediate\Build\Win64\TanksMiniGameEditor\Development\TanksMiniGameEditor.uhtmanifest" -LogCmds="loginit warning, logexit warning, logdatabase error" -Unattended -WarningsAsErrors -installed
[2022.06.09-11.44.24:228][882]CompilerResultsLog: Reflection code generated for TanksMiniGameEditor in 383,7213427 seconds
[2022.06.09-11.44.24:228][882]CompilerResultsLog: Using Visual Studio 2019 14.29.30133 toolchain (C:\Program Files (x86)\Microsoft Visual Studio\2019\Community\VC\Tools\MSVC\14.29.30133) and Windows 10.0.16299.0 SDK (C:\Program Files (x86)\Windows Kits\10).
[2022.06.09-11.44.24:228][882]CompilerResultsLog: Building 8 actions with 4 processes...
[2022.06.09-11.44.24:228][882]CompilerResultsLog:   [1/8] Tank.gen.cpp
[2022.06.09-11.44.24:228][882]CompilerResultsLog:   [2/8] Tank.cpp
[2022.06.09-11.44.24:228][882]CompilerResultsLog:   [3/8] TanksMiniGameGameMode.cpp
[2022.06.09-11.44.24:228][882]CompilerResultsLog:   [4/8] TanksMiniGame.init.gen.cpp
[2022.06.09-11.44.24:228][882]CompilerResultsLog:   [5/8] Tower.cpp
[2022.06.09-11.44.24:228][882]CompilerResultsLog:   [6/8] UE4Editor-TanksMiniGame-3318.lib
[2022.06.09-11.44.24:228][882]CompilerResultsLog:      Trwa tworzenie biblioteki E:\GitHub\UnrealProjects\Tanks\TanksGame\TanksMiniGame\Intermediate\Build\Win64\UE4Editor\Development\TanksMiniGame\UE4Editor-TanksMiniGame-3318.lib i obiektu E:\GitHub\UnrealProjects\Tanks\TanksGame\TanksMiniGame\Intermediate\Build\Win64\UE4Editor\Development\TanksMiniGame\UE4Editor-TanksMiniGame-3318.exp
[2022.06.09-11.44.24:228][882]CompilerResultsLog:   [7/8] UE4Editor-TanksMiniGame-3318.dll
[2022.06.09-11.44.24:228][882]CompilerResultsLog:      Trwa tworzenie biblioteki E:\GitHub\UnrealProjects\Tanks\TanksGame\TanksMiniGame\Intermediate\Build\Win64\UE4Editor\Development\TanksMiniGame\UE4Editor-TanksMiniGame-3318.suppressed.lib i obiektu E:\GitHub\UnrealProjects\Tanks\TanksGame\TanksMiniGame\Intermediate\Build\Win64\UE4Editor\Development\TanksMiniGame\UE4Editor-TanksMiniGame-3318.suppressed.exp
[2022.06.09-11.44.24:228][882]CompilerResultsLog:   [8/8] TanksMiniGameEditor.target
[2022.06.09-11.44.24:229][882]CompilerResultsLog: Total time in Parallel executor: 830,14 seconds
[2022.06.09-11.44.24:247][882]CompilerResultsLog: Total execution time: 1384,29 seconds
[2022.06.09-11.44.24:247][882]LogMainFrame: MainFrame: Module compiling took 1471.715 seconds
[2022.06.09-11.44.29:709][882]LogUObjectHash: Compacting FUObjectHashTables data took 268.09ms
[2022.06.09-11.44.31:027][882]LogClass: Could not find existing class Tank in package /Script/TanksMiniGame for HotReload, assuming new class
[2022.06.09-11.44.31:722][882]LogHotReload: Re-instancing Tank after hot-reload.
[2022.06.09-11.44.35:924][882]LogContentBrowser: Native class hierarchy updated for 'TanksMiniGame' in 0.2976 seconds. Added 8 classes and 2 folders.
[2022.06.09-11.44.35:942][882]Display: HotReload successful (2 functions remapped  0 scriptstructs remapped)
[2022.06.09-11.44.36:574][882]LogUObjectHash: Compacting FUObjectHashTables data took   5.62ms
[2022.06.09-11.44.37:500][882]LogContentBrowser: Native class hierarchy populated in 0.3957 seconds. Added 2872 classes and 728 folders.
[2022.06.09-11.44.37:701][882]Display: HotReload took 1487.8s.
[2022.06.09-11.46.58:985][949]LogSlate: FSceneViewport::OnFocusLost() reason 0
[2022.06.09-11.46.59:411][956]LogAssetEditorManager: Opening Asset editor for Blueprint /Game/Blueprints/Pawns/BP_PawnTank.BP_PawnTank
[2022.06.09-11.47.16:292][397]LogSlate: Took 0.215808 seconds to synchronously load lazily loaded font '../../../Engine/Content/Slate/Fonts/Roboto-Italic.ttf' (157K)
[2022.06.09-11.47.20:758][517]LogSlate: Window 'BP_PawnTank' being destroyed
[2022.06.09-11.47.20:776][517]LogSlate: Window 'BP_PawnTank' being destroyed
[2022.06.09-11.47.21:964][519]LogSlate: FSceneViewport::OnFocusLost() reason 2
[2022.06.09-11.47.25:563][675]LogSlate: FSceneViewport::OnFocusLost() reason 2
[2022.06.09-11.47.25:627][675]Running E:/UE_4.22/Engine/Binaries/DotNET/UnrealBuildTool.exe  -projectfiles -project="E:/GitHub/UnrealProjects/Tanks/TanksGame/TanksMiniGame/TanksMiniGame.uproject" -game -rocket -progress
[2022.06.09-11.47.26:672][675]Discovering modules, targets and source code for project...
[2022.06.09-11.47.40:922][675]Binding IntelliSense data...
[2022.06.09-11.47.43:060][675]WARNING: Exception while generating include data for UE4Editor: Could not find definition for module 'Distorm' (referenced via allmodules option -> LiveCodingServer.Build.cs)
[2022.06.09-11.47.43:876][675]Binding IntelliSense data... 100%
[2022.06.09-11.47.43:876][675]Writing project files...
[2022.06.09-11.47.49:602][675]Writing project files... 100%
[2022.06.09-11.48.41:224][ 90]LogUnrealEdMisc: Warning: Heartbeat event firing too frequently (51.391 sec). This should never happen. Something is wrong with the timer delegate!
[2022.06.09-11.51.06:966][636]LogSlate: FSceneViewport::OnFocusLost() reason 0
[2022.06.09-11.51.07:471][642]LogUObjectHash: Compacting FUObjectHashTables data took  12.00ms
[2022.06.09-11.51.08:214][642]LogSlate: Window 'TanksMiniGame - Unreal Editor' being destroyed
[2022.06.09-11.51.08:307][642]LogWindowsTextInputMethodSystem: Display: IME system now deactivated.
[2022.06.09-11.51.35:183][643]Cmd: QUIT_EDITOR
